09-29-2020 @ 15:35:10 - Process Payment Response : request
09-29-2020 @ 15:35:10 - Array
(
    [type] => request
    [ver] => 230
    [txntype] => PAYMENT
    [charset] => UTF-8
    [statusurl] => https://www.seoulperlife.com/wc-api/WC_Gateway_Eximbay_Easypay?type=status
    [returnurl] => https://www.seoulperlife.com/wc-api/WC_Gateway_Eximbay_Easypay?type=return
    [rescode] => 
    [resmsg] => 
    [mid] => 2C3CBCF133
    [ref] => 170908_200929_063510
    [ostype] => P
    [displaytype] => P
    [cur] => JPY
    [amt] => 4150
    [shop] => SEOUL LIFE
    [buyer] => 테스트테스트
    [email] => test111@gmail.com
    [tel] => 12301
    [lang] => JP
    [paymethod] => 
    [item_0_product] => 【ハグ】Hug ハグ インテンス クリーム 100ml
    [param1] => https://www.seoulperlife.com/checkout/
    [param2] => 
    [param3] => 
    [autoclose] => Y
    [tokenBilling] => N
    [woocommerce-login-nonce] => 
    [_wpnonce] => 
    [woocommerce-reset-password-nonce] => 
)

09-29-2020 @ 15:35:16 - Process Payment Response : status
09-29-2020 @ 15:35:16 - Array
(
    [type] => status
    [baserate] => 
    [cur] => JPY
    [shipTo_lastName] => 
    [resdt] => 20200929153516
    [foreignrate] => 
    [mid] => 2C3CBCF133
    [amt] => 4150
    [shipTo_state] => 
    [accesscountry] => MY
    [ref] => 170908_200929_063510
    [paymethod] => P006
    [shipTo_city] => 
    [shipTo_street1] => 
    [shipTo_postalCode] => 
    [shipTo_country] => 
    [email] => test111@gmail.com
    [ver] => 230
    [foreignamt] => 
    [basecur] => 
    [dccrate] => 
    [transid] => 2C3CBCF13320200929000001
    [shipTo_firstName] => 
    [paymentURL] => 
    [shipTo_phoneNumber] => 
    [param3] => 
    [resmsg] => パラメータチェックエラー。「telNo」12301|Decline
    [param1] => https://www.seoulperlife.com/checkout/
    [rescode] => E1001
    [param2] => 
    [fgkey] => 645ED30727E72C05BF539360BBC30E303544AA4810AEF211A9050613567C7D2D
    [txntype] => PAYMENT
    [foreigncur] => 
    [baseamt] => 
    [status] => Registered
    [woocommerce-login-nonce] => 
    [_wpnonce] => 
    [woocommerce-reset-password-nonce] => 
)

09-29-2020 @ 16:31:44 - Process Payment Response : request
09-29-2020 @ 16:31:44 - Array
(
    [type] => request
    [ver] => 230
    [txntype] => PAYMENT
    [charset] => UTF-8
    [statusurl] => https://www.seoulperlife.com/wc-api/WC_Gateway_Eximbay_Easypay?type=status
    [returnurl] => https://www.seoulperlife.com/wc-api/WC_Gateway_Eximbay_Easypay?type=return
    [rescode] => 
    [resmsg] => 
    [mid] => 2C3CBCF133
    [ref] => 170910_200929_073143
    [ostype] => P
    [displaytype] => P
    [cur] => JPY
    [amt] => 1230
    [shop] => SEOUL LIFE
    [buyer] => 奈々水樹
    [email] => karhell4@naver.com
    [tel] => 01049209431
    [lang] => JP
    [paymethod] => 
    [item_0_product] => 【メディヒール】MEDIHEAL Teatree ティーツリーケアソリューション2ステップマスク REX 5枚
    [param1] => https://www.seoulperlife.com/checkout/
    [param2] => 
    [param3] => 
    [autoclose] => Y
    [tokenBilling] => N
    [woocommerce-login-nonce] => 
    [_wpnonce] => 
    [woocommerce-reset-password-nonce] => 
)

09-29-2020 @ 16:32:01 - Process Payment Response : status
09-29-2020 @ 16:32:01 - Array
(
    [type] => status
    [baserate] => 
    [cur] => JPY
    [shipTo_lastName] => 
    [resdt] => 20200929163201
    [foreignrate] => 
    [mid] => 2C3CBCF133
    [amt] => 1230
    [shipTo_state] => 
    [accesscountry] => KR
    [ref] => 170910_200929_073143
    [paymethod] => P006
    [shipTo_city] => 
    [shipTo_street1] => 
    [shipTo_postalCode] => 
    [shipTo_country] => 
    [email] => karhell4@naver.com
    [ver] => 230
    [foreignamt] => 
    [basecur] => 
    [dccrate] => 
    [transid] => 2C3CBCF13320200929000002
    [shipTo_firstName] => 
    [paymentURL] => https://www5.econ.ne.jp/pay/p_paymain.aspx?odrno=778a84757c8187847588857577877f8605
    [shipTo_phoneNumber] => 
    [param3] => 
    [resmsg] => Success!!
    [param1] => https://www.seoulperlife.com/checkout/
    [rescode] => 0000
    [param2] => 
    [fgkey] => B4305977B52534D64B192AFF3F6FD210BFC0E5E93B6B8128855529B2F7B622B5
    [txntype] => PAYMENT
    [foreigncur] => 
    [baseamt] => 
    [status] => Registered
    [woocommerce-login-nonce] => 
    [_wpnonce] => 
    [woocommerce-reset-password-nonce] => 
)

09-29-2020 @ 16:32:05 - Process Payment Response : return
09-29-2020 @ 16:32:05 - Array
(
    [type] => return
    [baserate] => 
    [cur] => JPY
    [shipTo_lastName] => 
    [resdt] => 20200929163201
    [foreignrate] => 
    [mid] => 2C3CBCF133
    [amt] => 1230
    [shipTo_state] => 
    [accesscountry] => KR
    [ref] => 170910_200929_073143
    [paymethod] => P006
    [shipTo_city] => 
    [shipTo_street1] => 
    [shipTo_postalCode] => 
    [shipTo_country] => 
    [email] => karhell4@naver.com
    [ver] => 230
    [foreignamt] => 
    [basecur] => 
    [dccrate] => 
    [transid] => 2C3CBCF13320200929000002
    [shipTo_firstName] => 
    [paymentURL] => https://www5.econ.ne.jp/pay/p_paymain.aspx?odrno=778a84757c8187847588857577877f8605
    [shipTo_phoneNumber] => 
    [param3] => 
    [resmsg] => Success!!
    [param1] => https://www.seoulperlife.com/checkout/
    [rescode] => 0000
    [param2] => 
    [fgkey] => B4305977B52534D64B192AFF3F6FD210BFC0E5E93B6B8128855529B2F7B622B5
    [txntype] => PAYMENT
    [foreigncur] => 
    [baseamt] => 
    [status] => Registered
    [woocommerce-login-nonce] => 
    [_wpnonce] => 
    [woocommerce-reset-password-nonce] => 
)

09-29-2020 @ 16:32:06 - Process Payment Response : finish
09-29-2020 @ 16:32:06 - Array
(
    [type] => finish
    [baserate] => 
    [cur] => JPY
    [shipTo_lastName] => 
    [resdt] => 20200929163201
    [foreignrate] => 
    [mid] => 2C3CBCF133
    [amt] => 1230
    [shipTo_state] => 
    [accesscountry] => KR
    [ref] => 170910_200929_073143
    [paymethod] => P006
    [shipTo_city] => 
    [shipTo_street1] => 
    [shipTo_postalCode] => 
    [shipTo_country] => 
    [email] => karhell4@naver.com
    [ver] => 230
    [foreignamt] => 
    [basecur] => 
    [dccrate] => 
    [transid] => 2C3CBCF13320200929000002
    [shipTo_firstName] => 
    [paymentURL] => https://www5.econ.ne.jp/pay/p_paymain.aspx?odrno=778a84757c8187847588857577877f8605
    [shipTo_phoneNumber] => 
    [param3] => 
    [resmsg] => Success!!
    [param1] => https://www.seoulperlife.com/checkout/
    [rescode] => 0000
    [param2] => 
    [fgkey] => B4305977B52534D64B192AFF3F6FD210BFC0E5E93B6B8128855529B2F7B622B5
    [txntype] => PAYMENT
    [foreigncur] => 
    [baseamt] => 
    [status] => Registered
    [woocommerce-reset-password-nonce] => 
    [woocommerce-login-nonce] => 
    [_wpnonce] => 
)

09-29-2020 @ 23:05:27 - Process Payment Response : status
09-29-2020 @ 23:05:27 - Array
(
    [type] => status
    [baserate] => 
    [cur] => JPY
    [shipTo_lastName] => 
    [resdt] => 20200929230527
    [foreignrate] => 
    [mid] => 2C3CBCF133
    [amt] => 5031.0
    [shipTo_state] => 
    [accesscountry] => JP
    [ref] => 170770_200926_012526
    [paymethod] => P006
    [shipTo_city] => 
    [shipTo_street1] => 
    [shipTo_postalCode] => 
    [shipTo_country] => 
    [email] => sakura.apple1026@au.com
    [ver] => 230
    [foreignamt] => 
    [basecur] => 
    [dccrate] => 
    [transid] => 2C3CBCF13320200926000003
    [shipTo_firstName] => 
    [paymentURL] => 
    [shipTo_phoneNumber] => 
    [param3] => 
    [resmsg] => Success!!
    [param1] => https://www.seoulperlife.com/checkout/
    [rescode] => 0000
    [param2] => 
    [fgkey] => 4D2DB4CB795823FCAEA3990DB961C994D8A33AB65EF427D19B57D90C2672F0A8
    [txntype] => PAYMENT
    [foreigncur] => 
    [baseamt] => 
    [status] => Sale
    [woocommerce-login-nonce] => 
    [_wpnonce] => 
    [woocommerce-reset-password-nonce] => 
)

