09-06-2020 @ 00:48:21 - Process Payment Response : request
09-06-2020 @ 00:48:21 - Array
(
    [type] => request
    [ver] => 230
    [txntype] => PAYMENT
    [charset] => UTF-8
    [statusurl] => http://www.seoulperlife.com/wc-api/WC_Gateway_Eximbay_Easypay?type=status
    [returnurl] => http://www.seoulperlife.com/wc-api/WC_Gateway_Eximbay_Easypay?type=return
    [rescode] => 
    [resmsg] => 
    [mid] => 2C3CBCF133
    [ref] => 167364_200905_034820
    [ostype] => M
    [displaytype] => P
    [cur] => JPY
    [amt] => 1530
    [shop] => SEOUL LIFE
    [buyer] => 181h1hwh2v2
    [email] => q3eee@wwee.com
    [tel] => 11144422
    [lang] => JP
    [paymethod] => 
    [item_0_product] => 【メディヒール】N.M.F アクアリング アンプルマスク 27ml 10枚+2枚プレゼント
    [param1] => http://www.seoulperlife.com/checkout/
    [param2] => 
    [param3] => 
    [autoclose] => Y
    [tokenBilling] => N
    [woocommerce-login-nonce] => 
    [_wpnonce] => 
    [woocommerce-reset-password-nonce] => 
)

