10-30-2020 @ 17:39:56 - Process Payment Response : request
10-30-2020 @ 17:39:56 - Array
(
    [type] => request
    [ver] => 230
    [txntype] => PAYMENT
    [charset] => UTF-8
    [statusurl] => https://www.seoulperlife.com/wc-api/WC_Gateway_Eximbay_Easypay?type=status
    [returnurl] => https://www.seoulperlife.com/wc-api/WC_Gateway_Eximbay_Easypay?type=return
    [rescode] => 
    [resmsg] => 
    [mid] => 2C3CBCF133
    [ref] => 172782_201030_083955
    [ostype] => M
    [displaytype] => P
    [cur] => JPY
    [amt] => 4710
    [shop] => SEOUL LIFE
    [buyer] => 中村清美
    [email] => kiiirakiiira@yahoo.co.jp
    [tel] => 08012771544
    [lang] => JP
    [paymethod] => 
    [item_0_product] => 【ジ オーディナリー】The Ordinary カフェインソルーション 5％ + EGCG 30ml 외 3건
    [param1] => https://www.seoulperlife.com/checkout/
    [param2] => 
    [param3] => 
    [autoclose] => Y
    [tokenBilling] => N
    [woocommerce-login-nonce] => 
    [_wpnonce] => 
    [woocommerce-reset-password-nonce] => 
)

10-30-2020 @ 17:40:03 - Process Payment Response : status
10-30-2020 @ 17:40:03 - Array
(
    [type] => status
    [baserate] => 
    [cur] => JPY
    [shipTo_lastName] => 
    [resdt] => 20201030174002
    [foreignrate] => 
    [mid] => 2C3CBCF133
    [amt] => 4710
    [shipTo_state] => 
    [accesscountry] => JP
    [ref] => 172782_201030_083955
    [paymethod] => P006
    [shipTo_city] => 
    [shipTo_street1] => 
    [shipTo_postalCode] => 
    [shipTo_country] => 
    [email] => kiiirakiiira@yahoo.co.jp
    [ver] => 230
    [foreignamt] => 
    [basecur] => 
    [dccrate] => 
    [transid] => 2C3CBCF13320201030000002
    [shipTo_firstName] => 
    [paymentURL] => https://www5.econ.ne.jp/pay/p_paymain.aspx?odrno=867773807e87758884757481848b778c07
    [shipTo_phoneNumber] => 
    [param3] => 
    [resmsg] => success!
    [param1] => https://www.seoulperlife.com/checkout/
    [rescode] => 0000
    [param2] => 
    [fgkey] => BCEF7AAF5C2445183747046B8C86F5257582876F81D1144B02DD1A6BC7263264
    [txntype] => PAYMENT
    [foreigncur] => 
    [baseamt] => 
    [status] => Registered
    [woocommerce-login-nonce] => 
    [_wpnonce] => 
    [woocommerce-reset-password-nonce] => 
)

10-30-2020 @ 17:40:09 - Process Payment Response : return
10-30-2020 @ 17:40:09 - Array
(
    [type] => return
    [baserate] => 
    [cur] => JPY
    [shipTo_lastName] => 
    [resdt] => 20201030174002
    [foreignrate] => 
    [mid] => 2C3CBCF133
    [amt] => 4710
    [shipTo_state] => 
    [accesscountry] => JP
    [ref] => 172782_201030_083955
    [paymethod] => P006
    [shipTo_city] => 
    [shipTo_street1] => 
    [shipTo_postalCode] => 
    [shipTo_country] => 
    [email] => kiiirakiiira@yahoo.co.jp
    [ver] => 230
    [foreignamt] => 
    [basecur] => 
    [dccrate] => 
    [transid] => 2C3CBCF13320201030000002
    [shipTo_firstName] => 
    [paymentURL] => https://www5.econ.ne.jp/pay/p_paymain.aspx?odrno=867773807e87758884757481848b778c07
    [shipTo_phoneNumber] => 
    [param3] => 
    [resmsg] => success!
    [param1] => https://www.seoulperlife.com/checkout/
    [rescode] => 0000
    [param2] => 
    [fgkey] => BCEF7AAF5C2445183747046B8C86F5257582876F81D1144B02DD1A6BC7263264
    [txntype] => PAYMENT
    [foreigncur] => 
    [baseamt] => 
    [status] => Registered
    [woocommerce-login-nonce] => 
    [_wpnonce] => 
    [woocommerce-reset-password-nonce] => 
)

10-30-2020 @ 17:40:09 - Process Payment Response : finish
10-30-2020 @ 17:40:09 - Array
(
    [type] => finish
    [baserate] => 
    [cur] => JPY
    [shipTo_lastName] => 
    [resdt] => 20201030174002
    [foreignrate] => 
    [mid] => 2C3CBCF133
    [amt] => 4710
    [shipTo_state] => 
    [accesscountry] => JP
    [ref] => 172782_201030_083955
    [paymethod] => P006
    [shipTo_city] => 
    [shipTo_street1] => 
    [shipTo_postalCode] => 
    [shipTo_country] => 
    [email] => kiiirakiiira@yahoo.co.jp
    [ver] => 230
    [foreignamt] => 
    [basecur] => 
    [dccrate] => 
    [transid] => 2C3CBCF13320201030000002
    [shipTo_firstName] => 
    [paymentURL] => https://www5.econ.ne.jp/pay/p_paymain.aspx?odrno=867773807e87758884757481848b778c07
    [shipTo_phoneNumber] => 
    [param3] => 
    [resmsg] => success!
    [param1] => https://www.seoulperlife.com/checkout/
    [rescode] => 0000
    [param2] => 
    [fgkey] => BCEF7AAF5C2445183747046B8C86F5257582876F81D1144B02DD1A6BC7263264
    [txntype] => PAYMENT
    [foreigncur] => 
    [baseamt] => 
    [status] => Registered
    [woocommerce-reset-password-nonce] => 
    [woocommerce-login-nonce] => 
    [_wpnonce] => 
)

10-31-2020 @ 03:13:18 - Process Payment Response : request
10-31-2020 @ 03:13:18 - Array
(
    [type] => request
    [ver] => 230
    [txntype] => PAYMENT
    [charset] => UTF-8
    [statusurl] => https://www.seoulperlife.com/wc-api/WC_Gateway_Eximbay_Easypay?type=status
    [returnurl] => https://www.seoulperlife.com/wc-api/WC_Gateway_Eximbay_Easypay?type=return
    [rescode] => 
    [resmsg] => 
    [mid] => 2C3CBCF133
    [ref] => 172785_201030_061317
    [ostype] => M
    [displaytype] => P
    [cur] => JPY
    [amt] => 1590
    [shop] => SEOUL LIFE
    [buyer] => 遠藤真樹
    [email] => yuruducky@docomo.ne.jp
    [tel] => 09055039401
    [lang] => JP
    [paymethod] => 
    [item_0_product] => 【ジ オーディナリー】The Ordinary グリコール酸7％+トーニングソリューション 240ml
    [param1] => https://www.seoulperlife.com/checkout/
    [param2] => 
    [param3] => 
    [autoclose] => Y
    [tokenBilling] => N
    [woocommerce-login-nonce] => 
    [_wpnonce] => 
    [woocommerce-reset-password-nonce] => 
)

10-31-2020 @ 03:13:48 - Process Payment Response : status
10-31-2020 @ 03:13:48 - Array
(
    [type] => status
    [baserate] => 
    [cur] => JPY
    [shipTo_lastName] => 
    [resdt] => 20201031031348
    [foreignrate] => 
    [mid] => 2C3CBCF133
    [amt] => 1590
    [shipTo_state] => 
    [accesscountry] => JP
    [ref] => 172785_201030_061317
    [paymethod] => P006
    [shipTo_city] => 
    [shipTo_street1] => 
    [shipTo_postalCode] => 
    [shipTo_country] => 
    [email] => yuruducky@docomo.ne.jp
    [ver] => 230
    [foreignamt] => 
    [basecur] => 
    [dccrate] => 
    [transid] => 2C3CBCF13320201031000001
    [shipTo_firstName] => 
    [paymentURL] => https://www5.econ.ne.jp/pay/smt/index.aspx?odrno=77757f7f8478898475737f7e8c7b8c8c00
    [shipTo_phoneNumber] => 
    [param3] => 
    [resmsg] => success!
    [param1] => https://www.seoulperlife.com/checkout/
    [rescode] => 0000
    [param2] => 
    [fgkey] => 7829B27539D342B4D8B299F619F95F76C94ADAFDB2FD5F2CE9EDD50DF5050792
    [txntype] => PAYMENT
    [foreigncur] => 
    [baseamt] => 
    [status] => Registered
    [woocommerce-login-nonce] => 
    [_wpnonce] => 
    [woocommerce-reset-password-nonce] => 
)

10-31-2020 @ 03:13:54 - Process Payment Response : return
10-31-2020 @ 03:13:54 - Array
(
    [type] => return
    [baserate] => 
    [cur] => JPY
    [shipTo_lastName] => 
    [resdt] => 20201031031348
    [foreignrate] => 
    [mid] => 2C3CBCF133
    [amt] => 1590
    [shipTo_state] => 
    [accesscountry] => JP
    [ref] => 172785_201030_061317
    [paymethod] => P006
    [shipTo_city] => 
    [shipTo_street1] => 
    [shipTo_postalCode] => 
    [shipTo_country] => 
    [email] => yuruducky@docomo.ne.jp
    [ver] => 230
    [foreignamt] => 
    [basecur] => 
    [dccrate] => 
    [transid] => 2C3CBCF13320201031000001
    [shipTo_firstName] => 
    [paymentURL] => https://www5.econ.ne.jp/pay/smt/index.aspx?odrno=77757f7f8478898475737f7e8c7b8c8c00
    [shipTo_phoneNumber] => 
    [param3] => 
    [resmsg] => success!
    [param1] => https://www.seoulperlife.com/checkout/
    [rescode] => 0000
    [param2] => 
    [fgkey] => 7829B27539D342B4D8B299F619F95F76C94ADAFDB2FD5F2CE9EDD50DF5050792
    [txntype] => PAYMENT
    [foreigncur] => 
    [baseamt] => 
    [status] => Registered
    [woocommerce-login-nonce] => 
    [_wpnonce] => 
    [woocommerce-reset-password-nonce] => 
)

10-31-2020 @ 03:13:54 - Process Payment Response : finish
10-31-2020 @ 03:13:54 - Array
(
    [type] => finish
    [baserate] => 
    [cur] => JPY
    [shipTo_lastName] => 
    [resdt] => 20201031031348
    [foreignrate] => 
    [mid] => 2C3CBCF133
    [amt] => 1590
    [shipTo_state] => 
    [accesscountry] => JP
    [ref] => 172785_201030_061317
    [paymethod] => P006
    [shipTo_city] => 
    [shipTo_street1] => 
    [shipTo_postalCode] => 
    [shipTo_country] => 
    [email] => yuruducky@docomo.ne.jp
    [ver] => 230
    [foreignamt] => 
    [basecur] => 
    [dccrate] => 
    [transid] => 2C3CBCF13320201031000001
    [shipTo_firstName] => 
    [paymentURL] => https://www5.econ.ne.jp/pay/smt/index.aspx?odrno=77757f7f8478898475737f7e8c7b8c8c00
    [shipTo_phoneNumber] => 
    [param3] => 
    [resmsg] => success!
    [param1] => https://www.seoulperlife.com/checkout/
    [rescode] => 0000
    [param2] => 
    [fgkey] => 7829B27539D342B4D8B299F619F95F76C94ADAFDB2FD5F2CE9EDD50DF5050792
    [txntype] => PAYMENT
    [foreigncur] => 
    [baseamt] => 
    [status] => Registered
    [woocommerce-reset-password-nonce] => 
    [woocommerce-login-nonce] => 
    [_wpnonce] => 
)

