09-24-2020 @ 15:31:28 - Process Payment Response : request
09-24-2020 @ 15:31:28 - Array
(
    [type] => request
    [ver] => 230
    [txntype] => PAYMENT
    [charset] => UTF-8
    [statusurl] => https://www.seoulperlife.com/wc-api/WC_Gateway_Eximbay_Easypay?type=status
    [returnurl] => https://www.seoulperlife.com/wc-api/WC_Gateway_Eximbay_Easypay?type=return
    [rescode] => 
    [resmsg] => 
    [mid] => 2C3CBCF133
    [ref] => 170490_200924_063128
    [ostype] => M
    [displaytype] => P
    [cur] => JPY
    [amt] => 2053
    [shop] => SEOUL LIFE
    [buyer] => 久住青央
    [email] => AkusumiO@icloud.com
    [tel] => 08021517020
    [lang] => JP
    [paymethod] => 
    [item_0_product] => 【エチュードハウス】ETUDE HOUSE プレイカラーアイズミニ ハーシー - オレオ 외 1건
    [param1] => https://www.seoulperlife.com/checkout/
    [param2] => 
    [param3] => 
    [autoclose] => Y
    [tokenBilling] => N
    [woocommerce-login-nonce] => 
    [_wpnonce] => 
    [woocommerce-reset-password-nonce] => 
)

09-24-2020 @ 15:31:51 - Process Payment Response : status
09-24-2020 @ 15:31:51 - Array
(
    [type] => status
    [baserate] => 
    [cur] => JPY
    [shipTo_lastName] => 
    [resdt] => 20200924153151
    [foreignrate] => 
    [mid] => 2C3CBCF133
    [amt] => 2053
    [shipTo_state] => 
    [accesscountry] => JP
    [ref] => 170490_200924_063128
    [paymethod] => P006
    [shipTo_city] => 
    [shipTo_street1] => 
    [shipTo_postalCode] => 
    [shipTo_country] => 
    [email] => AkusumiO@icloud.com
    [ver] => 230
    [foreignamt] => 
    [basecur] => 
    [dccrate] => 
    [transid] => 2C3CBCF13320200924000001
    [shipTo_firstName] => 
    [paymentURL] => https://www5.econ.ne.jp/pay/p_paymain.aspx?odrno=808675888d77777f7e8475918c787c8203
    [shipTo_phoneNumber] => 
    [param3] => 
    [resmsg] => success!
    [param1] => https://www.seoulperlife.com/checkout/
    [rescode] => 0000
    [param2] => 
    [fgkey] => BCDA61EFB705C7C34FBC5B8E30BC4ED4136CCE23B15FEC9CF87F2CE77950D17E
    [txntype] => PAYMENT
    [foreigncur] => 
    [baseamt] => 
    [status] => Registered
    [woocommerce-login-nonce] => 
    [_wpnonce] => 
    [woocommerce-reset-password-nonce] => 
)

09-24-2020 @ 15:31:57 - Process Payment Response : return
09-24-2020 @ 15:31:57 - Array
(
    [type] => return
    [baserate] => 
    [cur] => JPY
    [shipTo_lastName] => 
    [resdt] => 20200924153151
    [foreignrate] => 
    [mid] => 2C3CBCF133
    [amt] => 2053
    [shipTo_state] => 
    [accesscountry] => JP
    [ref] => 170490_200924_063128
    [paymethod] => P006
    [shipTo_city] => 
    [shipTo_street1] => 
    [shipTo_postalCode] => 
    [shipTo_country] => 
    [email] => AkusumiO@icloud.com
    [ver] => 230
    [foreignamt] => 
    [basecur] => 
    [dccrate] => 
    [transid] => 2C3CBCF13320200924000001
    [shipTo_firstName] => 
    [paymentURL] => https://www5.econ.ne.jp/pay/p_paymain.aspx?odrno=808675888d77777f7e8475918c787c8203
    [shipTo_phoneNumber] => 
    [param3] => 
    [resmsg] => success!
    [param1] => https://www.seoulperlife.com/checkout/
    [rescode] => 0000
    [param2] => 
    [fgkey] => BCDA61EFB705C7C34FBC5B8E30BC4ED4136CCE23B15FEC9CF87F2CE77950D17E
    [txntype] => PAYMENT
    [foreigncur] => 
    [baseamt] => 
    [status] => Registered
    [woocommerce-login-nonce] => 
    [_wpnonce] => 
    [woocommerce-reset-password-nonce] => 
)

09-24-2020 @ 15:31:57 - Process Payment Response : finish
09-24-2020 @ 15:31:57 - Array
(
    [type] => finish
    [baserate] => 
    [cur] => JPY
    [shipTo_lastName] => 
    [resdt] => 20200924153151
    [foreignrate] => 
    [mid] => 2C3CBCF133
    [amt] => 2053
    [shipTo_state] => 
    [accesscountry] => JP
    [ref] => 170490_200924_063128
    [paymethod] => P006
    [shipTo_city] => 
    [shipTo_street1] => 
    [shipTo_postalCode] => 
    [shipTo_country] => 
    [email] => AkusumiO@icloud.com
    [ver] => 230
    [foreignamt] => 
    [basecur] => 
    [dccrate] => 
    [transid] => 2C3CBCF13320200924000001
    [shipTo_firstName] => 
    [paymentURL] => https://www5.econ.ne.jp/pay/p_paymain.aspx?odrno=808675888d77777f7e8475918c787c8203
    [shipTo_phoneNumber] => 
    [param3] => 
    [resmsg] => success!
    [param1] => https://www.seoulperlife.com/checkout/
    [rescode] => 0000
    [param2] => 
    [fgkey] => BCDA61EFB705C7C34FBC5B8E30BC4ED4136CCE23B15FEC9CF87F2CE77950D17E
    [txntype] => PAYMENT
    [foreigncur] => 
    [baseamt] => 
    [status] => Registered
    [woocommerce-reset-password-nonce] => 
    [woocommerce-login-nonce] => 
    [_wpnonce] => 
)

09-24-2020 @ 21:25:44 - Process Payment Response : request
09-24-2020 @ 21:25:44 - Array
(
    [type] => request
    [ver] => 230
    [txntype] => PAYMENT
    [charset] => UTF-8
    [statusurl] => https://www.seoulperlife.com/wc-api/WC_Gateway_Eximbay_Easypay?type=status
    [returnurl] => https://www.seoulperlife.com/wc-api/WC_Gateway_Eximbay_Easypay?type=return
    [rescode] => 
    [resmsg] => 
    [mid] => 2C3CBCF133
    [ref] => 170593_200924_122543
    [ostype] => M
    [displaytype] => P
    [cur] => JPY
    [amt] => 13458
    [shop] => SEOUL LIFE
    [buyer] => 榊原小百合
    [email] => sayu-sa@ezweb.ne.jp
    [tel] => 09083330816
    [lang] => JP
    [paymethod] => 
    [item_0_product] => 【ミジャンセン】MISEENSCENE パーフェクトセラムクリームエッセンス 80ml 외 11건
    [param1] => https://www.seoulperlife.com/checkout/
    [param2] => 
    [param3] => 
    [autoclose] => Y
    [tokenBilling] => N
    [woocommerce-login-nonce] => 
    [_wpnonce] => 
    [woocommerce-reset-password-nonce] => 
)

09-24-2020 @ 21:26:59 - Process Payment Response : status
09-24-2020 @ 21:26:59 - Array
(
    [type] => status
    [baserate] => 
    [cur] => JPY
    [shipTo_lastName] => 
    [resdt] => 20200924212659
    [foreignrate] => 
    [mid] => 2C3CBCF133
    [amt] => 13458
    [shipTo_state] => 
    [accesscountry] => JP
    [ref] => 170593_200924_122543
    [paymethod] => P006
    [shipTo_city] => 
    [shipTo_street1] => 
    [shipTo_postalCode] => 
    [shipTo_country] => 
    [email] => sayu-sa@ezweb.ne.jp
    [ver] => 230
    [foreignamt] => 
    [basecur] => 
    [dccrate] => 
    [transid] => 2C3CBCF13320200924000002
    [shipTo_firstName] => 
    [paymentURL] => https://www5.econ.ne.jp/pay/smt/index.aspx?odrno=867788847e75837e84758a84787c887f04
    [shipTo_phoneNumber] => 
    [param3] => 
    [resmsg] => success!
    [param1] => https://www.seoulperlife.com/checkout/
    [rescode] => 0000
    [param2] => 
    [fgkey] => D66A1C818517276E6A221B79F9F10B760E8FEA69FEF1CF111A89877ED88789A5
    [txntype] => PAYMENT
    [foreigncur] => 
    [baseamt] => 
    [status] => Registered
    [woocommerce-login-nonce] => 
    [_wpnonce] => 
    [woocommerce-reset-password-nonce] => 
)

09-24-2020 @ 21:27:05 - Process Payment Response : return
09-24-2020 @ 21:27:05 - Array
(
    [type] => return
    [baserate] => 
    [cur] => JPY
    [shipTo_lastName] => 
    [resdt] => 20200924212659
    [foreignrate] => 
    [mid] => 2C3CBCF133
    [amt] => 13458
    [shipTo_state] => 
    [accesscountry] => JP
    [ref] => 170593_200924_122543
    [paymethod] => P006
    [shipTo_city] => 
    [shipTo_street1] => 
    [shipTo_postalCode] => 
    [shipTo_country] => 
    [email] => sayu-sa@ezweb.ne.jp
    [ver] => 230
    [foreignamt] => 
    [basecur] => 
    [dccrate] => 
    [transid] => 2C3CBCF13320200924000002
    [shipTo_firstName] => 
    [paymentURL] => https://www5.econ.ne.jp/pay/smt/index.aspx?odrno=867788847e75837e84758a84787c887f04
    [shipTo_phoneNumber] => 
    [param3] => 
    [resmsg] => success!
    [param1] => https://www.seoulperlife.com/checkout/
    [rescode] => 0000
    [param2] => 
    [fgkey] => D66A1C818517276E6A221B79F9F10B760E8FEA69FEF1CF111A89877ED88789A5
    [txntype] => PAYMENT
    [foreigncur] => 
    [baseamt] => 
    [status] => Registered
    [woocommerce-login-nonce] => 
    [_wpnonce] => 
    [woocommerce-reset-password-nonce] => 
)

09-24-2020 @ 21:27:05 - Process Payment Response : finish
09-24-2020 @ 21:27:05 - Array
(
    [type] => finish
    [baserate] => 
    [cur] => JPY
    [shipTo_lastName] => 
    [resdt] => 20200924212659
    [foreignrate] => 
    [mid] => 2C3CBCF133
    [amt] => 13458
    [shipTo_state] => 
    [accesscountry] => JP
    [ref] => 170593_200924_122543
    [paymethod] => P006
    [shipTo_city] => 
    [shipTo_street1] => 
    [shipTo_postalCode] => 
    [shipTo_country] => 
    [email] => sayu-sa@ezweb.ne.jp
    [ver] => 230
    [foreignamt] => 
    [basecur] => 
    [dccrate] => 
    [transid] => 2C3CBCF13320200924000002
    [shipTo_firstName] => 
    [paymentURL] => https://www5.econ.ne.jp/pay/smt/index.aspx?odrno=867788847e75837e84758a84787c887f04
    [shipTo_phoneNumber] => 
    [param3] => 
    [resmsg] => success!
    [param1] => https://www.seoulperlife.com/checkout/
    [rescode] => 0000
    [param2] => 
    [fgkey] => D66A1C818517276E6A221B79F9F10B760E8FEA69FEF1CF111A89877ED88789A5
    [txntype] => PAYMENT
    [foreigncur] => 
    [baseamt] => 
    [status] => Registered
    [woocommerce-reset-password-nonce] => 
    [woocommerce-login-nonce] => 
    [_wpnonce] => 
)

09-24-2020 @ 21:36:45 - Process Payment Response : return
09-24-2020 @ 21:36:45 - Array
(
    [type] => return
    [baserate] => 
    [cur] => JPY
    [shipTo_lastName] => 
    [resdt] => 20200924212659
    [foreignrate] => 
    [mid] => 2C3CBCF133
    [amt] => 13458
    [shipTo_state] => 
    [accesscountry] => JP
    [ref] => 170593_200924_122543
    [paymethod] => P006
    [shipTo_city] => 
    [shipTo_street1] => 
    [shipTo_postalCode] => 
    [shipTo_country] => 
    [email] => sayu-sa@ezweb.ne.jp
    [ver] => 230
    [foreignamt] => 
    [basecur] => 
    [dccrate] => 
    [transid] => 2C3CBCF13320200924000002
    [shipTo_firstName] => 
    [paymentURL] => https://www5.econ.ne.jp/pay/smt/index.aspx?odrno=867788847e75837e84758a84787c887f04
    [shipTo_phoneNumber] => 
    [param3] => 
    [resmsg] => success!
    [param1] => https://www.seoulperlife.com/checkout/
    [rescode] => 0000
    [param2] => 
    [fgkey] => D66A1C818517276E6A221B79F9F10B760E8FEA69FEF1CF111A89877ED88789A5
    [txntype] => PAYMENT
    [foreigncur] => 
    [baseamt] => 
    [status] => Registered
    [woocommerce-login-nonce] => 
    [_wpnonce] => 
    [woocommerce-reset-password-nonce] => 
)

