09-25-2020 @ 10:04:07 - Process Payment Response : request
09-25-2020 @ 10:04:07 - Array
(
    [type] => request
    [ver] => 230
    [txntype] => PAYMENT
    [charset] => UTF-8
    [statusurl] => https://www.seoulperlife.com/wc-api/WC_Gateway_Eximbay_Easypay?type=status
    [returnurl] => https://www.seoulperlife.com/wc-api/WC_Gateway_Eximbay_Easypay?type=return
    [rescode] => 
    [resmsg] => 
    [mid] => 2C3CBCF133
    [ref] => 170594_200925_010405
    [ostype] => M
    [displaytype] => P
    [cur] => JPY
    [amt] => 4896
    [shop] => SEOUL LIFE
    [buyer] => 武田佳奈
    [email] => pikochuuu-8dai@softbank.ne.jp
    [tel] => 09030839666
    [lang] => JP
    [paymethod] => 
    [item_0_product] => 【CNP ラボラトリー 】CNP Laboratory インビジブルピーリングブースター 100ml - ブースターcnp21941 외 2건
    [param1] => https://www.seoulperlife.com/checkout/
    [param2] => 
    [param3] => 
    [autoclose] => Y
    [tokenBilling] => N
    [woocommerce-login-nonce] => 
    [_wpnonce] => 
    [woocommerce-reset-password-nonce] => 
)

09-25-2020 @ 10:04:30 - Process Payment Response : status
09-25-2020 @ 10:04:30 - Array
(
    [type] => status
    [baserate] => 
    [cur] => JPY
    [shipTo_lastName] => 
    [resdt] => 20200925100429
    [foreignrate] => 
    [mid] => 2C3CBCF133
    [amt] => 13458.0
    [shipTo_state] => 
    [accesscountry] => JP
    [ref] => 170593_200924_122543
    [paymethod] => P006
    [shipTo_city] => 
    [shipTo_street1] => 
    [shipTo_postalCode] => 
    [shipTo_country] => 
    [email] => sayu-sa@ezweb.ne.jp
    [ver] => 230
    [foreignamt] => 
    [basecur] => 
    [dccrate] => 
    [transid] => 2C3CBCF13320200924000002
    [shipTo_firstName] => 
    [paymentURL] => 
    [shipTo_phoneNumber] => 
    [param3] => 
    [resmsg] => Success!!
    [param1] => https://www.seoulperlife.com/checkout/
    [rescode] => 0000
    [param2] => 
    [fgkey] => B1165BD72C5D8AC153E807CFDEE473E888A0DA371F500FCCE977D225294C468B
    [txntype] => PAYMENT
    [foreigncur] => 
    [baseamt] => 
    [status] => Sale
    [woocommerce-login-nonce] => 
    [_wpnonce] => 
    [woocommerce-reset-password-nonce] => 
)

09-25-2020 @ 10:05:34 - Process Payment Response : status
09-25-2020 @ 10:05:34 - Array
(
    [type] => status
    [baserate] => 
    [cur] => JPY
    [shipTo_lastName] => 
    [resdt] => 20200925100429
    [foreignrate] => 
    [mid] => 2C3CBCF133
    [amt] => 13458.0
    [shipTo_state] => 
    [accesscountry] => JP
    [ref] => 170593_200924_122543
    [paymethod] => P006
    [shipTo_city] => 
    [shipTo_street1] => 
    [shipTo_postalCode] => 
    [shipTo_country] => 
    [email] => sayu-sa@ezweb.ne.jp
    [ver] => 230
    [foreignamt] => 
    [basecur] => 
    [dccrate] => 
    [transid] => 2C3CBCF13320200924000002
    [shipTo_firstName] => 
    [paymentURL] => 
    [shipTo_phoneNumber] => 
    [param3] => 
    [resmsg] => Success!!
    [param1] => https://www.seoulperlife.com/checkout/
    [rescode] => 0000
    [param2] => 
    [fgkey] => B1165BD72C5D8AC153E807CFDEE473E888A0DA371F500FCCE977D225294C468B
    [txntype] => PAYMENT
    [foreigncur] => 
    [baseamt] => 
    [status] => Sale
    [woocommerce-login-nonce] => 
    [_wpnonce] => 
    [woocommerce-reset-password-nonce] => 
)

09-25-2020 @ 10:05:43 - Process Payment Response : return
09-25-2020 @ 10:05:43 - Array
(
    [type] => return
    [baserate] => 
    [cur] => JPY
    [shipTo_lastName] => 
    [resdt] => 
    [foreignrate] => 
    [mid] => 2C3CBCF133
    [amt] => 4896
    [shipTo_state] => 
    [accesscountry] => JP
    [ref] => 170594_200925_010405
    [paymethod] => 
    [shipTo_city] => 
    [shipTo_street1] => 
    [shipTo_postalCode] => 
    [shipTo_country] => 
    [email] => pikochuuu-8dai@softbank.ne.jp
    [ver] => 230
    [foreignamt] => 
    [basecur] => 
    [dccrate] => 
    [transid] => 
    [shipTo_firstName] => 
    [paymentURL] => 
    [shipTo_phoneNumber] => 
    [param3] => 
    [resmsg] => 決済がキャンセルされました. 
    [param1] => https://www.seoulperlife.com/checkout/
    [rescode] => XXXX
    [param2] => 
    [fgkey] => 11C200C33D343BCB0A23A8F7F675E224C2CF42C1ABB251D74363AB83E616DE5C
    [txntype] => PAYMENT
    [foreigncur] => 
    [baseamt] => 
    [status] => 
    [woocommerce-login-nonce] => 
    [_wpnonce] => 
    [woocommerce-reset-password-nonce] => 
)

09-25-2020 @ 10:05:43 - Process Payment Response : finish
09-25-2020 @ 10:05:43 - Array
(
    [type] => finish
    [baserate] => 
    [cur] => JPY
    [shipTo_lastName] => 
    [resdt] => 
    [foreignrate] => 
    [mid] => 2C3CBCF133
    [amt] => 4896
    [shipTo_state] => 
    [accesscountry] => JP
    [ref] => 170594_200925_010405
    [paymethod] => 
    [shipTo_city] => 
    [shipTo_street1] => 
    [shipTo_postalCode] => 
    [shipTo_country] => 
    [email] => pikochuuu-8dai@softbank.ne.jp
    [ver] => 230
    [foreignamt] => 
    [basecur] => 
    [dccrate] => 
    [transid] => 
    [shipTo_firstName] => 
    [paymentURL] => 
    [shipTo_phoneNumber] => 
    [param3] => 
    [resmsg] => 決済がキャンセルされました. 
    [param1] => https://www.seoulperlife.com/checkout/
    [rescode] => XXXX
    [param2] => 
    [fgkey] => 11C200C33D343BCB0A23A8F7F675E224C2CF42C1ABB251D74363AB83E616DE5C
    [txntype] => PAYMENT
    [foreigncur] => 
    [baseamt] => 
    [status] => 
    [woocommerce-reset-password-nonce] => 
    [woocommerce-login-nonce] => 
    [_wpnonce] => 
)

09-25-2020 @ 19:05:43 - Process Payment Response : status
09-25-2020 @ 19:05:43 - Array
(
    [type] => status
    [baserate] => 
    [cur] => JPY
    [shipTo_lastName] => 
    [resdt] => 20200925190542
    [foreignrate] => 
    [mid] => 2C3CBCF133
    [amt] => 2053.0
    [shipTo_state] => 
    [accesscountry] => JP
    [ref] => 170490_200924_063128
    [paymethod] => P006
    [shipTo_city] => 
    [shipTo_street1] => 
    [shipTo_postalCode] => 
    [shipTo_country] => 
    [email] => AkusumiO@icloud.com
    [ver] => 230
    [foreignamt] => 
    [basecur] => 
    [dccrate] => 
    [transid] => 2C3CBCF13320200924000001
    [shipTo_firstName] => 
    [paymentURL] => 
    [shipTo_phoneNumber] => 
    [param3] => 
    [resmsg] => Success!!
    [param1] => https://www.seoulperlife.com/checkout/
    [rescode] => 0000
    [param2] => 
    [fgkey] => C458285F873D14D4E5A2AC4E661ABC28E8D871C77CCE297205A3A4B20F8B2345
    [txntype] => PAYMENT
    [foreigncur] => 
    [baseamt] => 
    [status] => Sale
    [woocommerce-login-nonce] => 
    [_wpnonce] => 
    [woocommerce-reset-password-nonce] => 
)

09-25-2020 @ 22:05:21 - Process Payment Response : status
09-25-2020 @ 22:05:21 - Array
(
    [type] => status
    [baserate] => 
    [cur] => JPY
    [shipTo_lastName] => 
    [resdt] => 20200925220520
    [foreignrate] => 
    [mid] => 2C3CBCF133
    [amt] => 4680.0
    [shipTo_state] => 
    [accesscountry] => JP
    [ref] => 170177_200923_104307
    [paymethod] => P006
    [shipTo_city] => 
    [shipTo_street1] => 
    [shipTo_postalCode] => 
    [shipTo_country] => 
    [email] => sato.momoka.1018@gmail.com
    [ver] => 230
    [foreignamt] => 
    [basecur] => 
    [dccrate] => 
    [transid] => 2C3CBCF13320200923000009
    [shipTo_firstName] => 
    [paymentURL] => 
    [shipTo_phoneNumber] => 
    [param3] => 
    [resmsg] => Success!!
    [param1] => https://www.seoulperlife.com/checkout/
    [rescode] => 0000
    [param2] => 
    [fgkey] => 5C37410A41895B50545304251725C7BF40C07E24D1FE8C188D82EBEE8DAA25EA
    [txntype] => PAYMENT
    [foreigncur] => 
    [baseamt] => 
    [status] => Sale
    [woocommerce-login-nonce] => 
    [_wpnonce] => 
    [woocommerce-reset-password-nonce] => 
)

