11-07-2020 @ 10:37:25 - Process Payment Response : request
11-07-2020 @ 10:37:25 - Array
(
    [type] => request
    [ver] => 230
    [txntype] => PAYMENT
    [charset] => UTF-8
    [statusurl] => https://www.seoulperlife.com/wc-api/WC_Gateway_Eximbay_Easypay?type=status
    [returnurl] => https://www.seoulperlife.com/wc-api/WC_Gateway_Eximbay_Easypay?type=return
    [rescode] => 
    [resmsg] => 
    [mid] => 2C3CBCF133
    [ref] => 173009_201107_013723
    [ostype] => M
    [displaytype] => P
    [cur] => JPY
    [amt] => 7572
    [shop] => SEOUL LIFE
    [buyer] => 小夜子遠藤
    [email] => gouhitsugi@gmail.com
    [tel] => 08085547986
    [lang] => JP
    [paymethod] => 
    [item_0_product] => 【ラ ロッシュ ポゼ】LA ROCHE POSAY UVイデア XL ティント (UVA/UVBバリア 肌トーン補正ティント 日焼け止めクリーム) 30ml 외 4건
    [param1] => https://www.seoulperlife.com/checkout/
    [param2] => 
    [param3] => 
    [autoclose] => Y
    [tokenBilling] => N
    [woocommerce-login-nonce] => 
    [_wpnonce] => 
    [woocommerce-reset-password-nonce] => 
)

11-07-2020 @ 10:37:36 - Process Payment Response : status
11-07-2020 @ 10:37:36 - Array
(
    [type] => status
    [baserate] => 
    [cur] => JPY
    [shipTo_lastName] => 
    [resdt] => 20201107103736
    [foreignrate] => 
    [mid] => 2C3CBCF133
    [amt] => 7572
    [shipTo_state] => 
    [accesscountry] => JP
    [ref] => 173009_201107_013723
    [paymethod] => P006
    [shipTo_city] => 
    [shipTo_street1] => 
    [shipTo_postalCode] => 
    [shipTo_country] => 
    [email] => gouhitsugi@gmail.com
    [ver] => 230
    [foreignamt] => 
    [basecur] => 
    [dccrate] => 
    [transid] => 2C3CBCF13320201107000001
    [shipTo_firstName] => 
    [paymentURL] => https://www5.econ.ne.jp/pay/p_paymain.aspx?odrno=867788857673867e84758888767a877f04
    [shipTo_phoneNumber] => 
    [param3] => 
    [resmsg] => success!
    [param1] => https://www.seoulperlife.com/checkout/
    [rescode] => 0000
    [param2] => 
    [fgkey] => 9E27D3B700BB8F2510F57B7164A028A583FB941D0B1800015DF0CA082F9BAED3
    [txntype] => PAYMENT
    [foreigncur] => 
    [baseamt] => 
    [status] => Registered
    [woocommerce-login-nonce] => 
    [_wpnonce] => 
    [woocommerce-reset-password-nonce] => 
)

11-07-2020 @ 10:37:42 - Process Payment Response : return
11-07-2020 @ 10:37:42 - Array
(
    [type] => return
    [baserate] => 
    [cur] => JPY
    [shipTo_lastName] => 
    [resdt] => 20201107103736
    [foreignrate] => 
    [mid] => 2C3CBCF133
    [amt] => 7572
    [shipTo_state] => 
    [accesscountry] => JP
    [ref] => 173009_201107_013723
    [paymethod] => P006
    [shipTo_city] => 
    [shipTo_street1] => 
    [shipTo_postalCode] => 
    [shipTo_country] => 
    [email] => gouhitsugi@gmail.com
    [ver] => 230
    [foreignamt] => 
    [basecur] => 
    [dccrate] => 
    [transid] => 2C3CBCF13320201107000001
    [shipTo_firstName] => 
    [paymentURL] => https://www5.econ.ne.jp/pay/p_paymain.aspx?odrno=867788857673867e84758888767a877f04
    [shipTo_phoneNumber] => 
    [param3] => 
    [resmsg] => success!
    [param1] => https://www.seoulperlife.com/checkout/
    [rescode] => 0000
    [param2] => 
    [fgkey] => 9E27D3B700BB8F2510F57B7164A028A583FB941D0B1800015DF0CA082F9BAED3
    [txntype] => PAYMENT
    [foreigncur] => 
    [baseamt] => 
    [status] => Registered
    [woocommerce-login-nonce] => 
    [_wpnonce] => 
    [woocommerce-reset-password-nonce] => 
)

11-07-2020 @ 10:37:43 - Process Payment Response : finish
11-07-2020 @ 10:37:43 - Array
(
    [type] => finish
    [baserate] => 
    [cur] => JPY
    [shipTo_lastName] => 
    [resdt] => 20201107103736
    [foreignrate] => 
    [mid] => 2C3CBCF133
    [amt] => 7572
    [shipTo_state] => 
    [accesscountry] => JP
    [ref] => 173009_201107_013723
    [paymethod] => P006
    [shipTo_city] => 
    [shipTo_street1] => 
    [shipTo_postalCode] => 
    [shipTo_country] => 
    [email] => gouhitsugi@gmail.com
    [ver] => 230
    [foreignamt] => 
    [basecur] => 
    [dccrate] => 
    [transid] => 2C3CBCF13320201107000001
    [shipTo_firstName] => 
    [paymentURL] => https://www5.econ.ne.jp/pay/p_paymain.aspx?odrno=867788857673867e84758888767a877f04
    [shipTo_phoneNumber] => 
    [param3] => 
    [resmsg] => success!
    [param1] => https://www.seoulperlife.com/checkout/
    [rescode] => 0000
    [param2] => 
    [fgkey] => 9E27D3B700BB8F2510F57B7164A028A583FB941D0B1800015DF0CA082F9BAED3
    [txntype] => PAYMENT
    [foreigncur] => 
    [baseamt] => 
    [status] => Registered
    [woocommerce-reset-password-nonce] => 
    [woocommerce-login-nonce] => 
    [_wpnonce] => 
)

11-07-2020 @ 13:19:30 - Process Payment Response : request
11-07-2020 @ 13:19:30 - Array
(
    [type] => request
    [ver] => 230
    [txntype] => PAYMENT
    [charset] => UTF-8
    [statusurl] => https://www.seoulperlife.com/wc-api/WC_Gateway_Eximbay_Easypay?type=status
    [returnurl] => https://www.seoulperlife.com/wc-api/WC_Gateway_Eximbay_Easypay?type=return
    [rescode] => 
    [resmsg] => 
    [mid] => 2C3CBCF133
    [ref] => 173010_201107_041929
    [ostype] => P
    [displaytype] => P
    [cur] => JPY
    [amt] => 4540
    [shop] => SEOUL LIFE
    [buyer] => 紀子山本
    [email] => aa2355882@gmail.com
    [tel] => 09054374575
    [lang] => JP
    [paymethod] => 
    [item_0_product] => 【メディヒール】MEDIHEAL Teatree ティーツリーケアソリューション2ステップマスク REX 5枚 외 6건
    [param1] => https://www.seoulperlife.com/checkout/
    [param2] => 
    [param3] => 
    [autoclose] => Y
    [tokenBilling] => N
    [woocommerce-login-nonce] => 
    [_wpnonce] => 
    [woocommerce-reset-password-nonce] => 
)

11-07-2020 @ 13:19:48 - Process Payment Response : status
11-07-2020 @ 13:19:48 - Array
(
    [type] => status
    [baserate] => 
    [cur] => JPY
    [shipTo_lastName] => 
    [resdt] => 20201107131947
    [foreignrate] => 
    [mid] => 2C3CBCF133
    [amt] => 4540
    [shipTo_state] => 
    [accesscountry] => JP
    [ref] => 173010_201107_041929
    [paymethod] => P006
    [shipTo_city] => 
    [shipTo_street1] => 
    [shipTo_postalCode] => 
    [shipTo_country] => 
    [email] => aa2355882@gmail.com
    [ver] => 230
    [foreignamt] => 
    [basecur] => 
    [dccrate] => 
    [transid] => 2C3CBCF13320201107000002
    [shipTo_firstName] => 
    [paymentURL] => https://www5.econ.ne.jp/pay/p_paymain.aspx?odrno=75817e8576888b75737f7e8a7b8a887701
    [shipTo_phoneNumber] => 
    [param3] => 
    [resmsg] => Success!!
    [param1] => https://www.seoulperlife.com/checkout/
    [rescode] => 0000
    [param2] => 
    [fgkey] => 920AAFCA1269950CDC2C716E84550A985D72DA8E29B15DE9C8C110E47FCD87EC
    [txntype] => PAYMENT
    [foreigncur] => 
    [baseamt] => 
    [status] => Registered
    [woocommerce-login-nonce] => 
    [_wpnonce] => 
    [woocommerce-reset-password-nonce] => 
)

11-07-2020 @ 13:19:55 - Process Payment Response : return
11-07-2020 @ 13:19:55 - Array
(
    [type] => return
    [baserate] => 
    [cur] => JPY
    [shipTo_lastName] => 
    [resdt] => 20201107131947
    [foreignrate] => 
    [mid] => 2C3CBCF133
    [amt] => 4540
    [shipTo_state] => 
    [accesscountry] => JP
    [ref] => 173010_201107_041929
    [paymethod] => P006
    [shipTo_city] => 
    [shipTo_street1] => 
    [shipTo_postalCode] => 
    [shipTo_country] => 
    [email] => aa2355882@gmail.com
    [ver] => 230
    [foreignamt] => 
    [basecur] => 
    [dccrate] => 
    [transid] => 2C3CBCF13320201107000002
    [shipTo_firstName] => 
    [paymentURL] => https://www5.econ.ne.jp/pay/p_paymain.aspx?odrno=75817e8576888b75737f7e8a7b8a887701
    [shipTo_phoneNumber] => 
    [param3] => 
    [resmsg] => Success!!
    [param1] => https://www.seoulperlife.com/checkout/
    [rescode] => 0000
    [param2] => 
    [fgkey] => 920AAFCA1269950CDC2C716E84550A985D72DA8E29B15DE9C8C110E47FCD87EC
    [txntype] => PAYMENT
    [foreigncur] => 
    [baseamt] => 
    [status] => Registered
    [woocommerce-login-nonce] => 
    [_wpnonce] => 
    [woocommerce-reset-password-nonce] => 
)

11-07-2020 @ 13:19:56 - Process Payment Response : finish
11-07-2020 @ 13:19:56 - Array
(
    [type] => finish
    [baserate] => 
    [cur] => JPY
    [shipTo_lastName] => 
    [resdt] => 20201107131947
    [foreignrate] => 
    [mid] => 2C3CBCF133
    [amt] => 4540
    [shipTo_state] => 
    [accesscountry] => JP
    [ref] => 173010_201107_041929
    [paymethod] => P006
    [shipTo_city] => 
    [shipTo_street1] => 
    [shipTo_postalCode] => 
    [shipTo_country] => 
    [email] => aa2355882@gmail.com
    [ver] => 230
    [foreignamt] => 
    [basecur] => 
    [dccrate] => 
    [transid] => 2C3CBCF13320201107000002
    [shipTo_firstName] => 
    [paymentURL] => https://www5.econ.ne.jp/pay/p_paymain.aspx?odrno=75817e8576888b75737f7e8a7b8a887701
    [shipTo_phoneNumber] => 
    [param3] => 
    [resmsg] => Success!!
    [param1] => https://www.seoulperlife.com/checkout/
    [rescode] => 0000
    [param2] => 
    [fgkey] => 920AAFCA1269950CDC2C716E84550A985D72DA8E29B15DE9C8C110E47FCD87EC
    [txntype] => PAYMENT
    [foreigncur] => 
    [baseamt] => 
    [status] => Registered
    [woocommerce-reset-password-nonce] => 
    [woocommerce-login-nonce] => 
    [_wpnonce] => 
)

11-07-2020 @ 23:05:12 - Process Payment Response : status
11-07-2020 @ 23:05:12 - Array
(
    [type] => status
    [baserate] => 
    [cur] => JPY
    [shipTo_lastName] => 
    [resdt] => 20201107230512
    [foreignrate] => 
    [mid] => 2C3CBCF133
    [amt] => 6662.0
    [shipTo_state] => 
    [accesscountry] => JP
    [ref] => 172895_201103_033209
    [paymethod] => P006
    [shipTo_city] => 
    [shipTo_street1] => 
    [shipTo_postalCode] => 
    [shipTo_country] => 
    [email] => kaai.nishida@gmail.com
    [ver] => 230
    [foreignamt] => 
    [basecur] => 
    [dccrate] => 
    [transid] => 2C3CBCF13320201104000001
    [shipTo_firstName] => 
    [paymentURL] => 
    [shipTo_phoneNumber] => 
    [param3] => 
    [resmsg] => Success!!
    [param1] => https://www.seoulperlife.com/checkout/
    [rescode] => 0000
    [param2] => 
    [fgkey] => EAD9B56A9E17D3A2935E4CAF10AF8EAEA31E60ECAF2569075BAC2E9A7B9BAF61
    [txntype] => PAYMENT
    [foreigncur] => 
    [baseamt] => 
    [status] => Sale
    [woocommerce-login-nonce] => 
    [_wpnonce] => 
    [woocommerce-reset-password-nonce] => 
)

