11-08-2020 @ 11:30:53 - Process Payment Response : request
11-08-2020 @ 11:30:53 - Array
(
    [type] => request
    [ver] => 230
    [txntype] => PAYMENT
    [charset] => UTF-8
    [statusurl] => https://www.seoulperlife.com/wc-api/WC_Gateway_Eximbay_Easypay?type=status
    [returnurl] => https://www.seoulperlife.com/wc-api/WC_Gateway_Eximbay_Easypay?type=return
    [rescode] => 
    [resmsg] => 
    [mid] => 2C3CBCF133
    [ref] => 173011_201108_023053
    [ostype] => M
    [displaytype] => P
    [cur] => JPY
    [amt] => 5630
    [shop] => SEOUL LIFE
    [buyer] => 彩純西村
    [email] => azurin.134@icloud.com
    [tel] => 08040525515
    [lang] => JP
    [paymethod] => 
    [item_0_product] => 【グーダル】goodal グーダル グリーンタンジェリンビタCクリームインテンス企画セット 本品 50ml + セラム 5ml + クリーム 5ml 외 1건
    [param1] => https://www.seoulperlife.com/checkout/
    [param2] => 
    [param3] => 
    [autoclose] => Y
    [tokenBilling] => N
    [woocommerce-login-nonce] => 
    [_wpnonce] => 
    [woocommerce-reset-password-nonce] => 
)

11-08-2020 @ 11:31:52 - Process Payment Response : status
11-08-2020 @ 11:31:52 - Array
(
    [type] => status
    [baserate] => 
    [cur] => JPY
    [shipTo_lastName] => 
    [resdt] => 20201108113151
    [foreignrate] => 
    [mid] => 2C3CBCF133
    [amt] => 5630
    [shipTo_state] => 
    [accesscountry] => JP
    [ref] => 173011_201108_023053
    [paymethod] => P006
    [shipTo_city] => 
    [shipTo_street1] => 
    [shipTo_postalCode] => 
    [shipTo_country] => 
    [email] => azurin.134@icloud.com
    [ver] => 230
    [foreignamt] => 
    [basecur] => 
    [dccrate] => 
    [transid] => 2C3CBCF13320201108000001
    [shipTo_firstName] => 
    [paymentURL] => https://www5.econ.ne.jp/pay/p_paymain.aspx?odrno=778a8476747f8684758884787982868c05
    [shipTo_phoneNumber] => 
    [param3] => 
    [resmsg] => success!
    [param1] => https://www.seoulperlife.com/checkout/
    [rescode] => 0000
    [param2] => 
    [fgkey] => 88B5444050C1364A00A0F81472C437B8D1E83A0C6C4493D74CD7209977D19E4F
    [txntype] => PAYMENT
    [foreigncur] => 
    [baseamt] => 
    [status] => Registered
    [woocommerce-login-nonce] => 
    [_wpnonce] => 
    [woocommerce-reset-password-nonce] => 
)

11-08-2020 @ 11:31:59 - Process Payment Response : return
11-08-2020 @ 11:31:59 - Array
(
    [type] => return
    [baserate] => 
    [cur] => JPY
    [shipTo_lastName] => 
    [resdt] => 20201108113151
    [foreignrate] => 
    [mid] => 2C3CBCF133
    [amt] => 5630
    [shipTo_state] => 
    [accesscountry] => JP
    [ref] => 173011_201108_023053
    [paymethod] => P006
    [shipTo_city] => 
    [shipTo_street1] => 
    [shipTo_postalCode] => 
    [shipTo_country] => 
    [email] => azurin.134@icloud.com
    [ver] => 230
    [foreignamt] => 
    [basecur] => 
    [dccrate] => 
    [transid] => 2C3CBCF13320201108000001
    [shipTo_firstName] => 
    [paymentURL] => https://www5.econ.ne.jp/pay/p_paymain.aspx?odrno=778a8476747f8684758884787982868c05
    [shipTo_phoneNumber] => 
    [param3] => 
    [resmsg] => success!
    [param1] => https://www.seoulperlife.com/checkout/
    [rescode] => 0000
    [param2] => 
    [fgkey] => 88B5444050C1364A00A0F81472C437B8D1E83A0C6C4493D74CD7209977D19E4F
    [txntype] => PAYMENT
    [foreigncur] => 
    [baseamt] => 
    [status] => Registered
    [woocommerce-login-nonce] => 
    [_wpnonce] => 
    [woocommerce-reset-password-nonce] => 
)

11-08-2020 @ 11:31:59 - Process Payment Response : finish
11-08-2020 @ 11:31:59 - Array
(
    [type] => finish
    [baserate] => 
    [cur] => JPY
    [shipTo_lastName] => 
    [resdt] => 20201108113151
    [foreignrate] => 
    [mid] => 2C3CBCF133
    [amt] => 5630
    [shipTo_state] => 
    [accesscountry] => JP
    [ref] => 173011_201108_023053
    [paymethod] => P006
    [shipTo_city] => 
    [shipTo_street1] => 
    [shipTo_postalCode] => 
    [shipTo_country] => 
    [email] => azurin.134@icloud.com
    [ver] => 230
    [foreignamt] => 
    [basecur] => 
    [dccrate] => 
    [transid] => 2C3CBCF13320201108000001
    [shipTo_firstName] => 
    [paymentURL] => https://www5.econ.ne.jp/pay/p_paymain.aspx?odrno=778a8476747f8684758884787982868c05
    [shipTo_phoneNumber] => 
    [param3] => 
    [resmsg] => success!
    [param1] => https://www.seoulperlife.com/checkout/
    [rescode] => 0000
    [param2] => 
    [fgkey] => 88B5444050C1364A00A0F81472C437B8D1E83A0C6C4493D74CD7209977D19E4F
    [txntype] => PAYMENT
    [foreigncur] => 
    [baseamt] => 
    [status] => Registered
    [woocommerce-reset-password-nonce] => 
    [woocommerce-login-nonce] => 
    [_wpnonce] => 
)

11-08-2020 @ 13:05:18 - Process Payment Response : status
11-08-2020 @ 13:05:18 - Array
(
    [type] => status
    [baserate] => 
    [cur] => JPY
    [shipTo_lastName] => 
    [resdt] => 20201108130517
    [foreignrate] => 
    [mid] => 2C3CBCF133
    [amt] => 8780.0
    [shipTo_state] => 
    [accesscountry] => JP
    [ref] => 172992_201105_114138
    [paymethod] => P006
    [shipTo_city] => 
    [shipTo_street1] => 
    [shipTo_postalCode] => 
    [shipTo_country] => 
    [email] => kakadango98@gmail.com
    [ver] => 230
    [foreignamt] => 
    [basecur] => 
    [dccrate] => 
    [transid] => 2C3CBCF13320201106000001
    [shipTo_firstName] => 
    [paymentURL] => 
    [shipTo_phoneNumber] => 
    [param3] => 
    [resmsg] => Success!!
    [param1] => https://www.seoulperlife.com/checkout/
    [rescode] => 0000
    [param2] => 
    [fgkey] => BFB0C50FB7593580CF1B2021EAA8D033487EC4B3E1B760BEE4569B4C0BEA1560
    [txntype] => PAYMENT
    [foreigncur] => 
    [baseamt] => 
    [status] => Sale
    [woocommerce-login-nonce] => 
    [_wpnonce] => 
    [woocommerce-reset-password-nonce] => 
)

11-08-2020 @ 15:05:34 - Process Payment Response : status
11-08-2020 @ 15:05:34 - Array
(
    [type] => status
    [baserate] => 
    [cur] => JPY
    [shipTo_lastName] => 
    [resdt] => 20201108150534
    [foreignrate] => 
    [mid] => 2C3CBCF133
    [amt] => 7572.0
    [shipTo_state] => 
    [accesscountry] => JP
    [ref] => 173009_201107_013723
    [paymethod] => P006
    [shipTo_city] => 
    [shipTo_street1] => 
    [shipTo_postalCode] => 
    [shipTo_country] => 
    [email] => gouhitsugi@gmail.com
    [ver] => 230
    [foreignamt] => 
    [basecur] => 
    [dccrate] => 
    [transid] => 2C3CBCF13320201107000001
    [shipTo_firstName] => 
    [paymentURL] => 
    [shipTo_phoneNumber] => 
    [param3] => 
    [resmsg] => Success!!
    [param1] => https://www.seoulperlife.com/checkout/
    [rescode] => 0000
    [param2] => 
    [fgkey] => DB7D3C2186B7C301F33CD22883501032117249A73D074667C17ABEF89C1D6C20
    [txntype] => PAYMENT
    [foreigncur] => 
    [baseamt] => 
    [status] => Sale
    [woocommerce-login-nonce] => 
    [_wpnonce] => 
    [woocommerce-reset-password-nonce] => 
)

11-08-2020 @ 15:07:34 - Process Payment Response : request
11-08-2020 @ 15:07:34 - Array
(
    [type] => request
    [ver] => 230
    [txntype] => PAYMENT
    [charset] => UTF-8
    [statusurl] => https://www.seoulperlife.com/wc-api/WC_Gateway_Eximbay_Easypay?type=status
    [returnurl] => https://www.seoulperlife.com/wc-api/WC_Gateway_Eximbay_Easypay?type=return
    [rescode] => 
    [resmsg] => 
    [mid] => 2C3CBCF133
    [ref] => 173012_201108_060733
    [ostype] => M
    [displaytype] => P
    [cur] => JPY
    [amt] => 5130
    [shop] => SEOUL LIFE
    [buyer] => 愛莉滝川
    [email] => airi2002_09@yahoo.co.jp
    [tel] => 09044020483
    [lang] => JP
    [paymethod] => 
    [item_0_product] => 【クリオ】CLIO キルカバーアンプルクッション(19AD)企画セット4種 - 003リネン 외 3건
    [param1] => https://www.seoulperlife.com/checkout/
    [param2] => 
    [param3] => 
    [autoclose] => Y
    [tokenBilling] => N
    [woocommerce-login-nonce] => 
    [_wpnonce] => 
    [woocommerce-reset-password-nonce] => 
)

11-08-2020 @ 15:09:08 - Process Payment Response : status
11-08-2020 @ 15:09:08 - Array
(
    [type] => status
    [baserate] => 
    [cur] => JPY
    [dm_reject] => 
    [cardno1] => 5296
    [resdt] => 20201108150906
    [cardno4] => 1015
    [foreignrate] => 
    [mid] => 2C3CBCF133
    [amt] => 5130
    [accesscountry] => JP
    [ref] => 173012_201108_060733
    [paymethod] => P102
    [dm_review] => 
    [email] => airi2002_09@yahoo.co.jp
    [ver] => 230
    [foreignamt] => 
    [basecur] => 
    [dccrate] => 
    [transid] => 2C3CBCF13320201108000002
    [dm_decision] => ACCEPT
    [param3] => 
    [resmsg] => Success!!
    [cardholder] => HIDETSUGUTAKIKAWA
    [param1] => https://www.seoulperlife.com/checkout/
    [rescode] => 0000
    [param2] => 
    [authcode] => 402892
    [fgkey] => 8D71E21C96F1A31E6697BED05FBDD7D0AD62FC7475CA96ED6494CAAB00C48471
    [txntype] => PAYMENT
    [foreigncur] => 
    [payto] => KRP*EXIMBAY
    [baseamt] => 
    [woocommerce-login-nonce] => 
    [_wpnonce] => 
    [woocommerce-reset-password-nonce] => 
)

11-08-2020 @ 15:09:14 - Process Payment Response : return
11-08-2020 @ 15:09:14 - Array
(
    [type] => return
    [baserate] => 
    [cur] => JPY
    [dm_reject] => 
    [cardno1] => 5296
    [resdt] => 20201108150906
    [cardno4] => 1015
    [foreignrate] => 
    [mid] => 2C3CBCF133
    [amt] => 5130
    [accesscountry] => JP
    [ref] => 173012_201108_060733
    [paymethod] => P102
    [dm_review] => 
    [email] => airi2002_09@yahoo.co.jp
    [ver] => 230
    [foreignamt] => 
    [basecur] => 
    [dccrate] => 
    [transid] => 2C3CBCF13320201108000002
    [dm_decision] => ACCEPT
    [param3] => 
    [resmsg] => Success!!
    [cardholder] => HIDETSUGUTAKIKAWA
    [param1] => https://www.seoulperlife.com/checkout/
    [rescode] => 0000
    [param2] => 
    [authcode] => 402892
    [fgkey] => 8D71E21C96F1A31E6697BED05FBDD7D0AD62FC7475CA96ED6494CAAB00C48471
    [txntype] => PAYMENT
    [foreigncur] => 
    [payto] => KRP*EXIMBAY
    [baseamt] => 
    [woocommerce-login-nonce] => 
    [_wpnonce] => 
    [woocommerce-reset-password-nonce] => 
)

11-08-2020 @ 15:09:14 - Process Payment Response : finish
11-08-2020 @ 15:09:14 - Array
(
    [type] => finish
    [baserate] => 
    [cur] => JPY
    [dm_reject] => 
    [cardno1] => 5296
    [resdt] => 20201108150906
    [cardno4] => 1015
    [foreignrate] => 
    [mid] => 2C3CBCF133
    [amt] => 5130
    [accesscountry] => JP
    [ref] => 173012_201108_060733
    [paymethod] => P102
    [dm_review] => 
    [email] => airi2002_09@yahoo.co.jp
    [ver] => 230
    [foreignamt] => 
    [basecur] => 
    [dccrate] => 
    [transid] => 2C3CBCF13320201108000002
    [dm_decision] => ACCEPT
    [param3] => 
    [resmsg] => Success!!
    [cardholder] => HIDETSUGUTAKIKAWA
    [param1] => https://www.seoulperlife.com/checkout/
    [rescode] => 0000
    [param2] => 
    [authcode] => 402892
    [fgkey] => 8D71E21C96F1A31E6697BED05FBDD7D0AD62FC7475CA96ED6494CAAB00C48471
    [txntype] => PAYMENT
    [foreigncur] => 
    [payto] => KRP*EXIMBAY
    [baseamt] => 
    [woocommerce-reset-password-nonce] => 
    [woocommerce-login-nonce] => 
    [_wpnonce] => 
)

11-08-2020 @ 21:05:42 - Process Payment Response : status
11-08-2020 @ 21:05:42 - Array
(
    [type] => status
    [baserate] => 
    [cur] => JPY
    [shipTo_lastName] => 
    [resdt] => 20201108210541
    [foreignrate] => 
    [mid] => 2C3CBCF133
    [amt] => 4540.0
    [shipTo_state] => 
    [accesscountry] => JP
    [ref] => 173010_201107_041929
    [paymethod] => P006
    [shipTo_city] => 
    [shipTo_street1] => 
    [shipTo_postalCode] => 
    [shipTo_country] => 
    [email] => aa2355882@gmail.com
    [ver] => 230
    [foreignamt] => 
    [basecur] => 
    [dccrate] => 
    [transid] => 2C3CBCF13320201107000002
    [shipTo_firstName] => 
    [paymentURL] => 
    [shipTo_phoneNumber] => 
    [param3] => 
    [resmsg] => Success!!
    [param1] => https://www.seoulperlife.com/checkout/
    [rescode] => 0000
    [param2] => 
    [fgkey] => 24A6E3714AADCA2864BE88B1D8E8D677B74D61F0374D685D6D7FF5D2AF36E0E5
    [txntype] => PAYMENT
    [foreigncur] => 
    [baseamt] => 
    [status] => Sale
    [woocommerce-login-nonce] => 
    [_wpnonce] => 
    [woocommerce-reset-password-nonce] => 
)

