09-23-2020 @ 01:24:26 - Process Payment Response : request
09-23-2020 @ 01:24:26 - Array
(
    [type] => request
    [ver] => 230
    [txntype] => PAYMENT
    [charset] => UTF-8
    [statusurl] => https://www.seoulperlife.com/wc-api/WC_Gateway_Eximbay_Easypay?type=status
    [returnurl] => https://www.seoulperlife.com/wc-api/WC_Gateway_Eximbay_Easypay?type=return
    [rescode] => 
    [resmsg] => 
    [mid] => 2C3CBCF133
    [ref] => 169844_200922_042425
    [ostype] => M
    [displaytype] => P
    [cur] => JPY
    [amt] => 4985
    [shop] => SEOUL LIFE
    [buyer] => 千星大久保
    [email] => chisei0110@ezweb.ne.jp
    [tel] => 08037320110
    [lang] => JP
    [paymethod] => 
    [item_0_product] => 【グーダル】goodal グリーン タンジェリン ビタCトナーパッド 70枚 외 4건
    [param1] => https://www.seoulperlife.com/checkout/
    [param2] => 
    [param3] => 
    [autoclose] => Y
    [tokenBilling] => N
    [woocommerce-login-nonce] => 
    [_wpnonce] => 
    [woocommerce-reset-password-nonce] => 
)

09-23-2020 @ 01:26:56 - Process Payment Response : status
09-23-2020 @ 01:26:56 - Array
(
    [type] => status
    [baserate] => 
    [cur] => JPY
    [dm_reject] => 
    [cardno1] => 3973
    [resdt] => 20200923012656
    [cardno4] => 3578
    [foreignrate] => 
    [mid] => 2C3CBCF133
    [amt] => 4985
    [accesscountry] => JP
    [ref] => 169844_200922_042425
    [paymethod] => P101
    [dm_review] => 
    [email] => chisei0110@ezweb.ne.jp
    [ver] => 230
    [foreignamt] => 
    [basecur] => 
    [dccrate] => 
    [transid] => 2C3CBCF13320200923000001
    [dm_decision] => REJECT
    [param3] => 
    [resmsg] => The account number is invalid.
    [cardholder] => CHISEIOKUBo
    [param1] => https://www.seoulperlife.com/checkout/
    [rescode] => D231
    [param2] => 
    [authcode] => 
    [fgkey] => E50E6795C8D88F0E0DA18D06E4574154806304A795BEBD9560E9CBA41CE98E30
    [txntype] => PAYMENT
    [foreigncur] => 
    [payto] => KRP*EXIMBAY
    [baseamt] => 
    [woocommerce-login-nonce] => 
    [_wpnonce] => 
    [woocommerce-reset-password-nonce] => 
)

09-23-2020 @ 01:27:00 - Process Payment Response : return
09-23-2020 @ 01:27:00 - Array
(
    [type] => return
    [baserate] => 
    [cur] => JPY
    [dm_reject] => 
    [cardno1] => 3973
    [resdt] => 20200923012656
    [cardno4] => 3578
    [foreignrate] => 
    [mid] => 2C3CBCF133
    [amt] => 4985
    [accesscountry] => JP
    [ref] => 169844_200922_042425
    [paymethod] => P101
    [dm_review] => 
    [email] => chisei0110@ezweb.ne.jp
    [ver] => 230
    [foreignamt] => 
    [basecur] => 
    [dccrate] => 
    [transid] => 2C3CBCF13320200923000001
    [dm_decision] => REJECT
    [param3] => 
    [resmsg] => The account number is invalid.
    [cardholder] => CHISEIOKUBo
    [param1] => https://www.seoulperlife.com/checkout/
    [rescode] => D231
    [param2] => 
    [authcode] => 
    [fgkey] => E50E6795C8D88F0E0DA18D06E4574154806304A795BEBD9560E9CBA41CE98E30
    [txntype] => PAYMENT
    [foreigncur] => 
    [payto] => KRP*EXIMBAY
    [baseamt] => 
    [woocommerce-login-nonce] => 
    [_wpnonce] => 
    [woocommerce-reset-password-nonce] => 
)

09-23-2020 @ 01:27:00 - Process Payment Response : finish
09-23-2020 @ 01:27:00 - Array
(
    [type] => finish
    [baserate] => 
    [cur] => JPY
    [dm_reject] => 
    [cardno1] => 3973
    [resdt] => 20200923012656
    [cardno4] => 3578
    [foreignrate] => 
    [mid] => 2C3CBCF133
    [amt] => 4985
    [accesscountry] => JP
    [ref] => 169844_200922_042425
    [paymethod] => P101
    [dm_review] => 
    [email] => chisei0110@ezweb.ne.jp
    [ver] => 230
    [foreignamt] => 
    [basecur] => 
    [dccrate] => 
    [transid] => 2C3CBCF13320200923000001
    [dm_decision] => REJECT
    [param3] => 
    [resmsg] => The account number is invalid.
    [cardholder] => CHISEIOKUBo
    [param1] => https://www.seoulperlife.com/checkout/
    [rescode] => D231
    [param2] => 
    [authcode] => 
    [fgkey] => E50E6795C8D88F0E0DA18D06E4574154806304A795BEBD9560E9CBA41CE98E30
    [txntype] => PAYMENT
    [foreigncur] => 
    [payto] => KRP*EXIMBAY
    [baseamt] => 
    [woocommerce-reset-password-nonce] => 
    [woocommerce-login-nonce] => 
    [_wpnonce] => 
)

09-23-2020 @ 01:27:48 - Process Payment Response : return
09-23-2020 @ 01:27:48 - Array
(
    [type] => return
    [baserate] => 
    [cur] => JPY
    [dm_reject] => 
    [cardno1] => 3973
    [resdt] => 20200923012656
    [cardno4] => 3578
    [foreignrate] => 
    [mid] => 2C3CBCF133
    [amt] => 4985
    [accesscountry] => JP
    [ref] => 169844_200922_042425
    [paymethod] => P101
    [dm_review] => 
    [email] => chisei0110@ezweb.ne.jp
    [ver] => 230
    [foreignamt] => 
    [basecur] => 
    [dccrate] => 
    [transid] => 2C3CBCF13320200923000001
    [dm_decision] => REJECT
    [param3] => 
    [resmsg] => The account number is invalid.
    [cardholder] => CHISEIOKUBo
    [param1] => https://www.seoulperlife.com/checkout/
    [rescode] => D231
    [param2] => 
    [authcode] => 
    [fgkey] => E50E6795C8D88F0E0DA18D06E4574154806304A795BEBD9560E9CBA41CE98E30
    [txntype] => PAYMENT
    [foreigncur] => 
    [payto] => KRP*EXIMBAY
    [baseamt] => 
    [woocommerce-login-nonce] => 
    [_wpnonce] => 
    [woocommerce-reset-password-nonce] => 
)

09-23-2020 @ 01:27:48 - Process Payment Response : finish
09-23-2020 @ 01:27:48 - Array
(
    [type] => finish
    [baserate] => 
    [cur] => JPY
    [dm_reject] => 
    [cardno1] => 3973
    [resdt] => 20200923012656
    [cardno4] => 3578
    [foreignrate] => 
    [mid] => 2C3CBCF133
    [amt] => 4985
    [accesscountry] => JP
    [ref] => 169844_200922_042425
    [paymethod] => P101
    [dm_review] => 
    [email] => chisei0110@ezweb.ne.jp
    [ver] => 230
    [foreignamt] => 
    [basecur] => 
    [dccrate] => 
    [transid] => 2C3CBCF13320200923000001
    [dm_decision] => REJECT
    [param3] => 
    [resmsg] => The account number is invalid.
    [cardholder] => CHISEIOKUBo
    [param1] => https://www.seoulperlife.com/checkout/
    [rescode] => D231
    [param2] => 
    [authcode] => 
    [fgkey] => E50E6795C8D88F0E0DA18D06E4574154806304A795BEBD9560E9CBA41CE98E30
    [txntype] => PAYMENT
    [foreigncur] => 
    [payto] => KRP*EXIMBAY
    [baseamt] => 
    [woocommerce-reset-password-nonce] => 
    [woocommerce-login-nonce] => 
    [_wpnonce] => 
)

09-23-2020 @ 01:29:27 - Process Payment Response : request
09-23-2020 @ 01:29:27 - Array
(
    [type] => request
    [ver] => 230
    [txntype] => PAYMENT
    [charset] => UTF-8
    [statusurl] => https://www.seoulperlife.com/wc-api/WC_Gateway_Eximbay_Easypay?type=status
    [returnurl] => https://www.seoulperlife.com/wc-api/WC_Gateway_Eximbay_Easypay?type=return
    [rescode] => 
    [resmsg] => 
    [mid] => 2C3CBCF133
    [ref] => 169845_200922_042926
    [ostype] => M
    [displaytype] => P
    [cur] => JPY
    [amt] => 5247
    [shop] => SEOUL LIFE
    [buyer] => 千星大久保
    [email] => chisei0110@ezweb.ne.jp
    [tel] => 08037320110
    [lang] => JP
    [paymethod] => 
    [item_0_product] => 【グーダル】goodal グリーン タンジェリン ビタCトナーパッド 70枚 외 4건
    [param1] => https://www.seoulperlife.com/checkout/
    [param2] => 
    [param3] => 
    [autoclose] => Y
    [tokenBilling] => N
    [woocommerce-login-nonce] => 
    [_wpnonce] => 
    [woocommerce-reset-password-nonce] => 
)

09-23-2020 @ 01:30:58 - Process Payment Response : status
09-23-2020 @ 01:30:58 - Array
(
    [type] => status
    [baserate] => 
    [cur] => JPY
    [dm_reject] => 
    [cardno1] => 3573
    [resdt] => 20200923013057
    [cardno4] => 3578
    [foreignrate] => 
    [mid] => 2C3CBCF133
    [amt] => 5247
    [accesscountry] => JP
    [ref] => 169845_200922_042926
    [paymethod] => P104
    [dm_review] => 
    [email] => chisei0110@ezweb.ne.jp
    [ver] => 230
    [foreignamt] => 
    [basecur] => 
    [dccrate] => 
    [transid] => 2C3CBCF13320200923000002
    [dm_decision] => ACCEPT
    [param3] => 
    [resmsg] => Success!!
    [cardholder] => CHISEIOKUBO
    [param1] => https://www.seoulperlife.com/checkout/
    [rescode] => 0000
    [param2] => 
    [authcode] => 565636
    [fgkey] => 76A4A85E0EE10E57DB47937CC1A2FA24DCFC7CBAD5C92FE7869A37154EFE5530
    [txntype] => PAYMENT
    [foreigncur] => 
    [payto] => KRP*EXIMBAY
    [baseamt] => 
    [woocommerce-login-nonce] => 
    [_wpnonce] => 
    [woocommerce-reset-password-nonce] => 
)

09-23-2020 @ 01:31:03 - Process Payment Response : return
09-23-2020 @ 01:31:03 - Array
(
    [type] => return
    [baserate] => 
    [cur] => JPY
    [dm_reject] => 
    [cardno1] => 3573
    [resdt] => 20200923013057
    [cardno4] => 3578
    [foreignrate] => 
    [mid] => 2C3CBCF133
    [amt] => 5247
    [accesscountry] => JP
    [ref] => 169845_200922_042926
    [paymethod] => P104
    [dm_review] => 
    [email] => chisei0110@ezweb.ne.jp
    [ver] => 230
    [foreignamt] => 
    [basecur] => 
    [dccrate] => 
    [transid] => 2C3CBCF13320200923000002
    [dm_decision] => ACCEPT
    [param3] => 
    [resmsg] => Success!!
    [cardholder] => CHISEIOKUBO
    [param1] => https://www.seoulperlife.com/checkout/
    [rescode] => 0000
    [param2] => 
    [authcode] => 565636
    [fgkey] => 76A4A85E0EE10E57DB47937CC1A2FA24DCFC7CBAD5C92FE7869A37154EFE5530
    [txntype] => PAYMENT
    [foreigncur] => 
    [payto] => KRP*EXIMBAY
    [baseamt] => 
    [woocommerce-login-nonce] => 
    [_wpnonce] => 
    [woocommerce-reset-password-nonce] => 
)

09-23-2020 @ 01:31:04 - Process Payment Response : finish
09-23-2020 @ 01:31:04 - Array
(
    [type] => finish
    [baserate] => 
    [cur] => JPY
    [dm_reject] => 
    [cardno1] => 3573
    [resdt] => 20200923013057
    [cardno4] => 3578
    [foreignrate] => 
    [mid] => 2C3CBCF133
    [amt] => 5247
    [accesscountry] => JP
    [ref] => 169845_200922_042926
    [paymethod] => P104
    [dm_review] => 
    [email] => chisei0110@ezweb.ne.jp
    [ver] => 230
    [foreignamt] => 
    [basecur] => 
    [dccrate] => 
    [transid] => 2C3CBCF13320200923000002
    [dm_decision] => ACCEPT
    [param3] => 
    [resmsg] => Success!!
    [cardholder] => CHISEIOKUBO
    [param1] => https://www.seoulperlife.com/checkout/
    [rescode] => 0000
    [param2] => 
    [authcode] => 565636
    [fgkey] => 76A4A85E0EE10E57DB47937CC1A2FA24DCFC7CBAD5C92FE7869A37154EFE5530
    [txntype] => PAYMENT
    [foreigncur] => 
    [payto] => KRP*EXIMBAY
    [baseamt] => 
    [woocommerce-reset-password-nonce] => 
    [woocommerce-login-nonce] => 
    [_wpnonce] => 
)

09-23-2020 @ 02:18:44 - Process Payment Response : request
09-23-2020 @ 02:18:44 - Array
(
    [type] => request
    [ver] => 230
    [txntype] => PAYMENT
    [charset] => UTF-8
    [statusurl] => https://www.seoulperlife.com/wc-api/WC_Gateway_Eximbay_Easypay?type=status
    [returnurl] => https://www.seoulperlife.com/wc-api/WC_Gateway_Eximbay_Easypay?type=return
    [rescode] => 
    [resmsg] => 
    [mid] => 2C3CBCF133
    [ref] => 169846_200922_051844
    [ostype] => M
    [displaytype] => P
    [cur] => JPY
    [amt] => 4015
    [shop] => SEOUL LIFE
    [buyer] => 安永奈津紀
    [email] => seventeen2003@icloud.com
    [tel] => 09019781314
    [lang] => JP
    [paymethod] => 
    [item_0_product] => 【エチュードハウス】ETUDE HOUSE プレイカラーアイズ #カフェインホリック 외 3건
    [param1] => https://www.seoulperlife.com/checkout/
    [param2] => 
    [param3] => 
    [autoclose] => Y
    [tokenBilling] => N
    [woocommerce-login-nonce] => 
    [_wpnonce] => 
    [woocommerce-reset-password-nonce] => 
)

09-23-2020 @ 02:19:04 - Process Payment Response : status
09-23-2020 @ 02:19:04 - Array
(
    [type] => status
    [baserate] => 
    [cur] => JPY
    [shipTo_lastName] => 
    [resdt] => 20200923021903
    [foreignrate] => 
    [mid] => 2C3CBCF133
    [amt] => 4015
    [shipTo_state] => 
    [accesscountry] => JP
    [ref] => 169846_200922_051844
    [paymethod] => P006
    [shipTo_city] => 
    [shipTo_street1] => 
    [shipTo_postalCode] => 
    [shipTo_country] => 
    [email] => seventeen2003@icloud.com
    [ver] => 230
    [foreignamt] => 
    [basecur] => 
    [dccrate] => 
    [transid] => 2C3CBCF13320200923000003
    [shipTo_firstName] => 
    [paymentURL] => https://www5.econ.ne.jp/pay/p_paymain.aspx?odrno=75817e847e8a8775737f7e847b90867501
    [shipTo_phoneNumber] => 
    [param3] => 
    [resmsg] => success!
    [param1] => https://www.seoulperlife.com/checkout/
    [rescode] => 0000
    [param2] => 
    [fgkey] => FA43931EB8AA0DE686072B17D93D9ACB736186734D192D828368952B01CC3C34
    [txntype] => PAYMENT
    [foreigncur] => 
    [baseamt] => 
    [status] => Registered
    [woocommerce-login-nonce] => 
    [_wpnonce] => 
    [woocommerce-reset-password-nonce] => 
)

09-23-2020 @ 02:27:27 - Process Payment Response : request
09-23-2020 @ 02:27:27 - Array
(
    [type] => request
    [ver] => 230
    [txntype] => PAYMENT
    [charset] => UTF-8
    [statusurl] => https://www.seoulperlife.com/wc-api/WC_Gateway_Eximbay_Easypay?type=status
    [returnurl] => https://www.seoulperlife.com/wc-api/WC_Gateway_Eximbay_Easypay?type=return
    [rescode] => 
    [resmsg] => 
    [mid] => 2C3CBCF133
    [ref] => 169847_200922_052727
    [ostype] => M
    [displaytype] => P
    [cur] => JPY
    [amt] => 4015
    [shop] => SEOUL LIFE
    [buyer] => 安永奈津紀
    [email] => seventeen2003@icloud.com
    [tel] => 09019781314
    [lang] => JP
    [paymethod] => 
    [item_0_product] => 【エチュードハウス】ETUDE HOUSE ティア―アイライナー - WH901 외 3건
    [param1] => https://www.seoulperlife.com/checkout/
    [param2] => 
    [param3] => 
    [autoclose] => Y
    [tokenBilling] => N
    [woocommerce-login-nonce] => 
    [_wpnonce] => 
    [woocommerce-reset-password-nonce] => 
)

09-23-2020 @ 02:30:36 - Process Payment Response : status
09-23-2020 @ 02:30:36 - Array
(
    [type] => status
    [baserate] => 
    [cur] => JPY
    [dm_reject] => 
    [cardno1] => 3586
    [resdt] => 20200923023035
    [cardno4] => 0679
    [foreignrate] => 
    [mid] => 2C3CBCF133
    [amt] => 4015
    [accesscountry] => JP
    [ref] => 169847_200922_052727
    [paymethod] => P104
    [dm_review] => 
    [email] => seventeen2003@icloud.com
    [ver] => 230
    [foreignamt] => 
    [basecur] => 
    [dccrate] => 
    [transid] => 2C3CBCF13320200923000004
    [dm_decision] => ACCEPT
    [param3] => 
    [resmsg] => Success!!
    [cardholder] => CHIHARUYASUNAGA
    [param1] => https://www.seoulperlife.com/checkout/
    [rescode] => 0000
    [param2] => 
    [authcode] => 934541
    [fgkey] => A1C4EBE599CAF37EA44E140FBF2EF2A065FD7FCA8BADCF8617B190E3D0896AE3
    [txntype] => PAYMENT
    [foreigncur] => 
    [payto] => KRP*EXIMBAY
    [baseamt] => 
    [woocommerce-login-nonce] => 
    [_wpnonce] => 
    [woocommerce-reset-password-nonce] => 
)

09-23-2020 @ 02:30:42 - Process Payment Response : return
09-23-2020 @ 02:30:42 - Array
(
    [type] => return
    [baserate] => 
    [cur] => JPY
    [dm_reject] => 
    [cardno1] => 3586
    [resdt] => 20200923023035
    [cardno4] => 0679
    [foreignrate] => 
    [mid] => 2C3CBCF133
    [amt] => 4015
    [accesscountry] => JP
    [ref] => 169847_200922_052727
    [paymethod] => P104
    [dm_review] => 
    [email] => seventeen2003@icloud.com
    [ver] => 230
    [foreignamt] => 
    [basecur] => 
    [dccrate] => 
    [transid] => 2C3CBCF13320200923000004
    [dm_decision] => ACCEPT
    [param3] => 
    [resmsg] => Success!!
    [cardholder] => CHIHARUYASUNAGA
    [param1] => https://www.seoulperlife.com/checkout/
    [rescode] => 0000
    [param2] => 
    [authcode] => 934541
    [fgkey] => A1C4EBE599CAF37EA44E140FBF2EF2A065FD7FCA8BADCF8617B190E3D0896AE3
    [txntype] => PAYMENT
    [foreigncur] => 
    [payto] => KRP*EXIMBAY
    [baseamt] => 
    [woocommerce-login-nonce] => 
    [_wpnonce] => 
    [woocommerce-reset-password-nonce] => 
)

09-23-2020 @ 02:30:42 - Process Payment Response : finish
09-23-2020 @ 02:30:42 - Array
(
    [type] => finish
    [baserate] => 
    [cur] => JPY
    [dm_reject] => 
    [cardno1] => 3586
    [resdt] => 20200923023035
    [cardno4] => 0679
    [foreignrate] => 
    [mid] => 2C3CBCF133
    [amt] => 4015
    [accesscountry] => JP
    [ref] => 169847_200922_052727
    [paymethod] => P104
    [dm_review] => 
    [email] => seventeen2003@icloud.com
    [ver] => 230
    [foreignamt] => 
    [basecur] => 
    [dccrate] => 
    [transid] => 2C3CBCF13320200923000004
    [dm_decision] => ACCEPT
    [param3] => 
    [resmsg] => Success!!
    [cardholder] => CHIHARUYASUNAGA
    [param1] => https://www.seoulperlife.com/checkout/
    [rescode] => 0000
    [param2] => 
    [authcode] => 934541
    [fgkey] => A1C4EBE599CAF37EA44E140FBF2EF2A065FD7FCA8BADCF8617B190E3D0896AE3
    [txntype] => PAYMENT
    [foreigncur] => 
    [payto] => KRP*EXIMBAY
    [baseamt] => 
    [woocommerce-reset-password-nonce] => 
    [woocommerce-login-nonce] => 
    [_wpnonce] => 
)

09-23-2020 @ 08:09:37 - Process Payment Response : request
09-23-2020 @ 08:09:37 - Array
(
    [type] => request
    [ver] => 230
    [txntype] => PAYMENT
    [charset] => UTF-8
    [statusurl] => https://www.seoulperlife.com/wc-api/WC_Gateway_Eximbay_Easypay?type=status
    [returnurl] => https://www.seoulperlife.com/wc-api/WC_Gateway_Eximbay_Easypay?type=return
    [rescode] => 
    [resmsg] => 
    [mid] => 2C3CBCF133
    [ref] => 169848_200922_110937
    [ostype] => M
    [displaytype] => P
    [cur] => JPY
    [amt] => 5607
    [shop] => SEOUL LIFE
    [buyer] => 田島佳奈子
    [email] => kanako-ta710@softbank.ne.jp
    [tel] => 08010546077
    [lang] => JP
    [paymethod] => 
    [item_0_product] => 【CNP ラボラトリー 】CNP Laboratory プロポリス エネルギー アンプル35ml - アンプル35mlcnp11721 외 2건
    [param1] => https://www.seoulperlife.com/checkout/
    [param2] => 
    [param3] => 
    [autoclose] => Y
    [tokenBilling] => N
    [woocommerce-login-nonce] => 
    [_wpnonce] => 
    [woocommerce-reset-password-nonce] => 
)

09-23-2020 @ 08:09:45 - Process Payment Response : status
09-23-2020 @ 08:09:45 - Array
(
    [type] => status
    [baserate] => 
    [cur] => JPY
    [shipTo_lastName] => 
    [resdt] => 20200923080944
    [foreignrate] => 
    [mid] => 2C3CBCF133
    [amt] => 5607
    [shipTo_state] => 
    [accesscountry] => JP
    [ref] => 169848_200922_110937
    [paymethod] => P006
    [shipTo_city] => 
    [shipTo_street1] => 
    [shipTo_postalCode] => 
    [shipTo_country] => 
    [email] => kanako-ta710@softbank.ne.jp
    [ver] => 230
    [foreignamt] => 
    [basecur] => 
    [dccrate] => 
    [transid] => 2C3CBCF13320200923000005
    [shipTo_firstName] => 
    [paymentURL] => https://www5.econ.ne.jp/pay/smt/index.aspx?odrno=778a84757c818184758884767a86858805
    [shipTo_phoneNumber] => 
    [param3] => 
    [resmsg] => success!
    [param1] => https://www.seoulperlife.com/checkout/
    [rescode] => 0000
    [param2] => 
    [fgkey] => 6ED039851B1F299F971A03D311E0E6BE4760DE6A879ADE3301797D6AD54B5807
    [txntype] => PAYMENT
    [foreigncur] => 
    [baseamt] => 
    [status] => Registered
    [woocommerce-login-nonce] => 
    [_wpnonce] => 
    [woocommerce-reset-password-nonce] => 
)

09-23-2020 @ 08:09:50 - Process Payment Response : return
09-23-2020 @ 08:09:50 - Array
(
    [type] => return
    [baserate] => 
    [cur] => JPY
    [shipTo_lastName] => 
    [resdt] => 20200923080944
    [foreignrate] => 
    [mid] => 2C3CBCF133
    [amt] => 5607
    [shipTo_state] => 
    [accesscountry] => JP
    [ref] => 169848_200922_110937
    [paymethod] => P006
    [shipTo_city] => 
    [shipTo_street1] => 
    [shipTo_postalCode] => 
    [shipTo_country] => 
    [email] => kanako-ta710@softbank.ne.jp
    [ver] => 230
    [foreignamt] => 
    [basecur] => 
    [dccrate] => 
    [transid] => 2C3CBCF13320200923000005
    [shipTo_firstName] => 
    [paymentURL] => https://www5.econ.ne.jp/pay/smt/index.aspx?odrno=778a84757c818184758884767a86858805
    [shipTo_phoneNumber] => 
    [param3] => 
    [resmsg] => success!
    [param1] => https://www.seoulperlife.com/checkout/
    [rescode] => 0000
    [param2] => 
    [fgkey] => 6ED039851B1F299F971A03D311E0E6BE4760DE6A879ADE3301797D6AD54B5807
    [txntype] => PAYMENT
    [foreigncur] => 
    [baseamt] => 
    [status] => Registered
    [woocommerce-login-nonce] => 
    [_wpnonce] => 
    [woocommerce-reset-password-nonce] => 
)

09-23-2020 @ 08:09:50 - Process Payment Response : finish
09-23-2020 @ 08:09:50 - Array
(
    [type] => finish
    [baserate] => 
    [cur] => JPY
    [shipTo_lastName] => 
    [resdt] => 20200923080944
    [foreignrate] => 
    [mid] => 2C3CBCF133
    [amt] => 5607
    [shipTo_state] => 
    [accesscountry] => JP
    [ref] => 169848_200922_110937
    [paymethod] => P006
    [shipTo_city] => 
    [shipTo_street1] => 
    [shipTo_postalCode] => 
    [shipTo_country] => 
    [email] => kanako-ta710@softbank.ne.jp
    [ver] => 230
    [foreignamt] => 
    [basecur] => 
    [dccrate] => 
    [transid] => 2C3CBCF13320200923000005
    [shipTo_firstName] => 
    [paymentURL] => https://www5.econ.ne.jp/pay/smt/index.aspx?odrno=778a84757c818184758884767a86858805
    [shipTo_phoneNumber] => 
    [param3] => 
    [resmsg] => success!
    [param1] => https://www.seoulperlife.com/checkout/
    [rescode] => 0000
    [param2] => 
    [fgkey] => 6ED039851B1F299F971A03D311E0E6BE4760DE6A879ADE3301797D6AD54B5807
    [txntype] => PAYMENT
    [foreigncur] => 
    [baseamt] => 
    [status] => Registered
    [woocommerce-reset-password-nonce] => 
    [woocommerce-login-nonce] => 
    [_wpnonce] => 
)

09-23-2020 @ 08:10:07 - Process Payment Response : return
09-23-2020 @ 08:10:07 - Array
(
    [type] => return
    [baserate] => 
    [cur] => JPY
    [shipTo_lastName] => 
    [resdt] => 20200923080944
    [foreignrate] => 
    [mid] => 2C3CBCF133
    [amt] => 5607
    [shipTo_state] => 
    [accesscountry] => JP
    [ref] => 169848_200922_110937
    [paymethod] => P006
    [shipTo_city] => 
    [shipTo_street1] => 
    [shipTo_postalCode] => 
    [shipTo_country] => 
    [email] => kanako-ta710@softbank.ne.jp
    [ver] => 230
    [foreignamt] => 
    [basecur] => 
    [dccrate] => 
    [transid] => 2C3CBCF13320200923000005
    [shipTo_firstName] => 
    [paymentURL] => https://www5.econ.ne.jp/pay/smt/index.aspx?odrno=778a84757c818184758884767a86858805
    [shipTo_phoneNumber] => 
    [param3] => 
    [resmsg] => success!
    [param1] => https://www.seoulperlife.com/checkout/
    [rescode] => 0000
    [param2] => 
    [fgkey] => 6ED039851B1F299F971A03D311E0E6BE4760DE6A879ADE3301797D6AD54B5807
    [txntype] => PAYMENT
    [foreigncur] => 
    [baseamt] => 
    [status] => Registered
    [woocommerce-login-nonce] => 
    [_wpnonce] => 
    [woocommerce-reset-password-nonce] => 
)

09-23-2020 @ 08:10:07 - Process Payment Response : finish
09-23-2020 @ 08:10:07 - Array
(
    [type] => finish
    [baserate] => 
    [cur] => JPY
    [shipTo_lastName] => 
    [resdt] => 20200923080944
    [foreignrate] => 
    [mid] => 2C3CBCF133
    [amt] => 5607
    [shipTo_state] => 
    [accesscountry] => JP
    [ref] => 169848_200922_110937
    [paymethod] => P006
    [shipTo_city] => 
    [shipTo_street1] => 
    [shipTo_postalCode] => 
    [shipTo_country] => 
    [email] => kanako-ta710@softbank.ne.jp
    [ver] => 230
    [foreignamt] => 
    [basecur] => 
    [dccrate] => 
    [transid] => 2C3CBCF13320200923000005
    [shipTo_firstName] => 
    [paymentURL] => https://www5.econ.ne.jp/pay/smt/index.aspx?odrno=778a84757c818184758884767a86858805
    [shipTo_phoneNumber] => 
    [param3] => 
    [resmsg] => success!
    [param1] => https://www.seoulperlife.com/checkout/
    [rescode] => 0000
    [param2] => 
    [fgkey] => 6ED039851B1F299F971A03D311E0E6BE4760DE6A879ADE3301797D6AD54B5807
    [txntype] => PAYMENT
    [foreigncur] => 
    [baseamt] => 
    [status] => Registered
    [woocommerce-reset-password-nonce] => 
    [woocommerce-login-nonce] => 
    [_wpnonce] => 
)

