10-18-2020 @ 19:43:56 - Process Payment Response : request
10-18-2020 @ 19:43:56 - Array
(
    [type] => request
    [ver] => 230
    [txntype] => PAYMENT
    [charset] => UTF-8
    [statusurl] => https://www.seoulperlife.com/wc-api/WC_Gateway_Eximbay_Easypay?type=status
    [returnurl] => https://www.seoulperlife.com/wc-api/WC_Gateway_Eximbay_Easypay?type=return
    [rescode] => 
    [resmsg] => 
    [mid] => 2C3CBCF133
    [ref] => 171959_201018_104356
    [ostype] => M
    [displaytype] => P
    [cur] => JPY
    [amt] => 9600
    [shop] => SEOUL LIFE
    [buyer] => 阿草有紀
    [email] => yuki.ond54.love@gmail.com
    [tel] => 08063041707
    [lang] => JP
    [paymethod] => 
    [item_0_product] => 【フロムネイチャー】FROMNATURE ガラクトミセスAGEトリートメントエッセンス4種特別企画セット
    [param1] => https://www.seoulperlife.com/checkout/
    [param2] => 
    [param3] => 
    [autoclose] => Y
    [tokenBilling] => N
    [woocommerce-login-nonce] => 
    [_wpnonce] => 
    [woocommerce-reset-password-nonce] => 
)

10-18-2020 @ 19:44:48 - Process Payment Response : status
10-18-2020 @ 19:44:48 - Array
(
    [type] => status
    [baserate] => 
    [cur] => JPY
    [shipTo_lastName] => 
    [resdt] => 20201018194448
    [foreignrate] => 
    [mid] => 2C3CBCF133
    [amt] => 9600
    [shipTo_state] => 
    [accesscountry] => JP
    [ref] => 171959_201018_104356
    [paymethod] => P006
    [shipTo_city] => 
    [shipTo_street1] => 
    [shipTo_postalCode] => 
    [shipTo_country] => 
    [email] => yuki.ond54.love@gmail.com
    [ver] => 230
    [foreignamt] => 
    [basecur] => 
    [dccrate] => 
    [transid] => 2C3CBCF13320201018000001
    [shipTo_firstName] => 
    [paymentURL] => https://www5.econ.ne.jp/pay/p_paymain.aspx?odrno=8086758984767b7f7e8475918b7d778003
    [shipTo_phoneNumber] => 
    [param3] => 
    [resmsg] => success!
    [param1] => https://www.seoulperlife.com/checkout/
    [rescode] => 0000
    [param2] => 
    [fgkey] => 9AE89A77A0097685E3DEECCF603B8260E9A1B07856855A69AE69735A69A4D9E1
    [txntype] => PAYMENT
    [foreigncur] => 
    [baseamt] => 
    [status] => Registered
    [woocommerce-login-nonce] => 
    [_wpnonce] => 
    [woocommerce-reset-password-nonce] => 
)

10-18-2020 @ 19:44:54 - Process Payment Response : return
10-18-2020 @ 19:44:54 - Array
(
    [type] => return
    [baserate] => 
    [cur] => JPY
    [shipTo_lastName] => 
    [resdt] => 20201018194448
    [foreignrate] => 
    [mid] => 2C3CBCF133
    [amt] => 9600
    [shipTo_state] => 
    [accesscountry] => JP
    [ref] => 171959_201018_104356
    [paymethod] => P006
    [shipTo_city] => 
    [shipTo_street1] => 
    [shipTo_postalCode] => 
    [shipTo_country] => 
    [email] => yuki.ond54.love@gmail.com
    [ver] => 230
    [foreignamt] => 
    [basecur] => 
    [dccrate] => 
    [transid] => 2C3CBCF13320201018000001
    [shipTo_firstName] => 
    [paymentURL] => https://www5.econ.ne.jp/pay/p_paymain.aspx?odrno=8086758984767b7f7e8475918b7d778003
    [shipTo_phoneNumber] => 
    [param3] => 
    [resmsg] => success!
    [param1] => https://www.seoulperlife.com/checkout/
    [rescode] => 0000
    [param2] => 
    [fgkey] => 9AE89A77A0097685E3DEECCF603B8260E9A1B07856855A69AE69735A69A4D9E1
    [txntype] => PAYMENT
    [foreigncur] => 
    [baseamt] => 
    [status] => Registered
    [woocommerce-login-nonce] => 
    [_wpnonce] => 
    [woocommerce-reset-password-nonce] => 
)

10-18-2020 @ 19:44:54 - Process Payment Response : finish
10-18-2020 @ 19:44:54 - Array
(
    [type] => finish
    [baserate] => 
    [cur] => JPY
    [shipTo_lastName] => 
    [resdt] => 20201018194448
    [foreignrate] => 
    [mid] => 2C3CBCF133
    [amt] => 9600
    [shipTo_state] => 
    [accesscountry] => JP
    [ref] => 171959_201018_104356
    [paymethod] => P006
    [shipTo_city] => 
    [shipTo_street1] => 
    [shipTo_postalCode] => 
    [shipTo_country] => 
    [email] => yuki.ond54.love@gmail.com
    [ver] => 230
    [foreignamt] => 
    [basecur] => 
    [dccrate] => 
    [transid] => 2C3CBCF13320201018000001
    [shipTo_firstName] => 
    [paymentURL] => https://www5.econ.ne.jp/pay/p_paymain.aspx?odrno=8086758984767b7f7e8475918b7d778003
    [shipTo_phoneNumber] => 
    [param3] => 
    [resmsg] => success!
    [param1] => https://www.seoulperlife.com/checkout/
    [rescode] => 0000
    [param2] => 
    [fgkey] => 9AE89A77A0097685E3DEECCF603B8260E9A1B07856855A69AE69735A69A4D9E1
    [txntype] => PAYMENT
    [foreigncur] => 
    [baseamt] => 
    [status] => Registered
    [woocommerce-reset-password-nonce] => 
    [woocommerce-login-nonce] => 
    [_wpnonce] => 
)

