10-31-2020 @ 13:35:34 - Process Payment Response : request
10-31-2020 @ 13:35:34 - Array
(
    [type] => request
    [ver] => 230
    [txntype] => PAYMENT
    [charset] => UTF-8
    [statusurl] => https://www.seoulperlife.com/wc-api/WC_Gateway_Eximbay_Easypay?type=status
    [returnurl] => https://www.seoulperlife.com/wc-api/WC_Gateway_Eximbay_Easypay?type=return
    [rescode] => 
    [resmsg] => 
    [mid] => 2C3CBCF133
    [ref] => 172786_201031_043533
    [ostype] => M
    [displaytype] => P
    [cur] => JPY
    [amt] => 5230
    [shop] => SEOUL LIFE
    [buyer] => 高橋聖美
    [email] => xxxazulxxx90@gmail.com
    [tel] => 09054040427
    [lang] => JP
    [paymethod] => 
    [item_0_product] => 【 メディヒール 】MEDIHEAL N.M.F アクアリング エフェクトセラム 55ml 외 3건
    [param1] => https://www.seoulperlife.com/checkout/
    [param2] => 
    [param3] => 
    [autoclose] => Y
    [tokenBilling] => N
    [woocommerce-login-nonce] => 
    [_wpnonce] => 
    [woocommerce-reset-password-nonce] => 
)

10-31-2020 @ 13:36:00 - Process Payment Response : status
10-31-2020 @ 13:36:00 - Array
(
    [type] => status
    [baserate] => 
    [cur] => JPY
    [shipTo_lastName] => 
    [resdt] => 20201031133600
    [foreignrate] => 
    [mid] => 2C3CBCF133
    [amt] => 5230
    [shipTo_state] => 
    [accesscountry] => JP
    [ref] => 172786_201031_043533
    [paymethod] => P006
    [shipTo_city] => 
    [shipTo_street1] => 
    [shipTo_postalCode] => 
    [shipTo_country] => 
    [email] => xxxazulxxx90@gmail.com
    [ver] => 230
    [foreignamt] => 
    [basecur] => 
    [dccrate] => 
    [transid] => 2C3CBCF13320201031000002
    [shipTo_firstName] => 
    [paymentURL] => https://www5.econ.ne.jp/pay/p_paymain.aspx?odrno=867788857576807e8475888a7574868504
    [shipTo_phoneNumber] => 
    [param3] => 
    [resmsg] => success!
    [param1] => https://www.seoulperlife.com/checkout/
    [rescode] => 0000
    [param2] => 
    [fgkey] => EC941F092EC0FC9A1D9E6845A8AA4172B5FFBA0478C44BB4E1AD8A3233180D84
    [txntype] => PAYMENT
    [foreigncur] => 
    [baseamt] => 
    [status] => Registered
    [woocommerce-login-nonce] => 
    [_wpnonce] => 
    [woocommerce-reset-password-nonce] => 
)

10-31-2020 @ 13:36:06 - Process Payment Response : return
10-31-2020 @ 13:36:06 - Array
(
    [type] => return
    [baserate] => 
    [cur] => JPY
    [shipTo_lastName] => 
    [resdt] => 20201031133600
    [foreignrate] => 
    [mid] => 2C3CBCF133
    [amt] => 5230
    [shipTo_state] => 
    [accesscountry] => JP
    [ref] => 172786_201031_043533
    [paymethod] => P006
    [shipTo_city] => 
    [shipTo_street1] => 
    [shipTo_postalCode] => 
    [shipTo_country] => 
    [email] => xxxazulxxx90@gmail.com
    [ver] => 230
    [foreignamt] => 
    [basecur] => 
    [dccrate] => 
    [transid] => 2C3CBCF13320201031000002
    [shipTo_firstName] => 
    [paymentURL] => https://www5.econ.ne.jp/pay/p_paymain.aspx?odrno=867788857576807e8475888a7574868504
    [shipTo_phoneNumber] => 
    [param3] => 
    [resmsg] => success!
    [param1] => https://www.seoulperlife.com/checkout/
    [rescode] => 0000
    [param2] => 
    [fgkey] => EC941F092EC0FC9A1D9E6845A8AA4172B5FFBA0478C44BB4E1AD8A3233180D84
    [txntype] => PAYMENT
    [foreigncur] => 
    [baseamt] => 
    [status] => Registered
    [woocommerce-login-nonce] => 
    [_wpnonce] => 
    [woocommerce-reset-password-nonce] => 
)

10-31-2020 @ 13:36:07 - Process Payment Response : finish
10-31-2020 @ 13:36:07 - Array
(
    [type] => finish
    [baserate] => 
    [cur] => JPY
    [shipTo_lastName] => 
    [resdt] => 20201031133600
    [foreignrate] => 
    [mid] => 2C3CBCF133
    [amt] => 5230
    [shipTo_state] => 
    [accesscountry] => JP
    [ref] => 172786_201031_043533
    [paymethod] => P006
    [shipTo_city] => 
    [shipTo_street1] => 
    [shipTo_postalCode] => 
    [shipTo_country] => 
    [email] => xxxazulxxx90@gmail.com
    [ver] => 230
    [foreignamt] => 
    [basecur] => 
    [dccrate] => 
    [transid] => 2C3CBCF13320201031000002
    [shipTo_firstName] => 
    [paymentURL] => https://www5.econ.ne.jp/pay/p_paymain.aspx?odrno=867788857576807e8475888a7574868504
    [shipTo_phoneNumber] => 
    [param3] => 
    [resmsg] => success!
    [param1] => https://www.seoulperlife.com/checkout/
    [rescode] => 0000
    [param2] => 
    [fgkey] => EC941F092EC0FC9A1D9E6845A8AA4172B5FFBA0478C44BB4E1AD8A3233180D84
    [txntype] => PAYMENT
    [foreigncur] => 
    [baseamt] => 
    [status] => Registered
    [woocommerce-reset-password-nonce] => 
    [woocommerce-login-nonce] => 
    [_wpnonce] => 
)

10-31-2020 @ 14:34:09 - Process Payment Response : request
10-31-2020 @ 14:34:09 - Array
(
    [type] => request
    [ver] => 230
    [txntype] => PAYMENT
    [charset] => UTF-8
    [statusurl] => https://www.seoulperlife.com/wc-api/WC_Gateway_Eximbay_Easypay?type=status
    [returnurl] => https://www.seoulperlife.com/wc-api/WC_Gateway_Eximbay_Easypay?type=return
    [rescode] => 
    [resmsg] => 
    [mid] => 2C3CBCF133
    [ref] => 172787_201031_053409
    [ostype] => M
    [displaytype] => P
    [cur] => JPY
    [amt] => 2830
    [shop] => SEOUL LIFE
    [buyer] => すあんちゃ
    [email] => trathimyxuan0911@gmail.com
    [tel] => 09092420658
    [lang] => JP
    [paymethod] => 
    [item_0_product] => 【ジ オーディナリー】The Ordinary グリコール酸7％+トーニングソリューション 240ml 외 1건
    [param1] => https://www.seoulperlife.com/checkout/
    [param2] => 
    [param3] => 
    [autoclose] => Y
    [tokenBilling] => N
    [woocommerce-login-nonce] => 
    [_wpnonce] => 
    [woocommerce-reset-password-nonce] => 
)

10-31-2020 @ 14:41:36 - Process Payment Response : request
10-31-2020 @ 14:41:36 - Array
(
    [type] => request
    [ver] => 230
    [txntype] => PAYMENT
    [charset] => UTF-8
    [statusurl] => https://www.seoulperlife.com/wc-api/WC_Gateway_Eximbay_Easypay?type=status
    [returnurl] => https://www.seoulperlife.com/wc-api/WC_Gateway_Eximbay_Easypay?type=return
    [rescode] => 
    [resmsg] => 
    [mid] => 2C3CBCF133
    [ref] => 172787_201031_053409
    [ostype] => M
    [displaytype] => P
    [cur] => JPY
    [amt] => 2830
    [shop] => SEOUL LIFE
    [buyer] => すあんちゃ
    [email] => trathimyxuan0911@gmail.com
    [tel] => 09092420658
    [lang] => JP
    [paymethod] => 
    [item_0_product] => 【ジ オーディナリー】The Ordinary グリコール酸7％+トーニングソリューション 240ml 외 1건
    [param1] => https://www.seoulperlife.com/checkout/
    [param2] => 
    [param3] => 
    [autoclose] => Y
    [tokenBilling] => N
    [woocommerce-login-nonce] => 
    [_wpnonce] => 
    [woocommerce-reset-password-nonce] => 
)

10-31-2020 @ 14:41:50 - Process Payment Response : status
10-31-2020 @ 14:41:50 - Array
(
    [type] => status
    [baserate] => 
    [cur] => JPY
    [shipTo_lastName] => 
    [resdt] => 20201031144150
    [foreignrate] => 
    [mid] => 2C3CBCF133
    [amt] => 2830
    [shipTo_state] => 
    [accesscountry] => JP
    [ref] => 172787_201031_053409
    [paymethod] => P006
    [shipTo_city] => 
    [shipTo_street1] => 
    [shipTo_postalCode] => 
    [shipTo_country] => 
    [email] => trathimyxuan0911@gmail.com
    [ver] => 230
    [foreignamt] => 
    [basecur] => 
    [dccrate] => 
    [transid] => 2C3CBCF13320201031000003
    [shipTo_firstName] => 
    [paymentURL] => https://www5.econ.ne.jp/pay/p_paymain.aspx?odrno=8a8675747f8185758884757a8180877b06
    [shipTo_phoneNumber] => 
    [param3] => 
    [resmsg] => success!
    [param1] => https://www.seoulperlife.com/checkout/
    [rescode] => 0000
    [param2] => 
    [fgkey] => BB77F2ABFFBC15DC461803881B421C10699932BDEA6DEF582AB9E75D08978A04
    [txntype] => PAYMENT
    [foreigncur] => 
    [baseamt] => 
    [status] => Registered
    [woocommerce-login-nonce] => 
    [_wpnonce] => 
    [woocommerce-reset-password-nonce] => 
)

10-31-2020 @ 14:41:55 - Process Payment Response : return
10-31-2020 @ 14:41:55 - Array
(
    [type] => return
    [baserate] => 
    [cur] => JPY
    [shipTo_lastName] => 
    [resdt] => 20201031144150
    [foreignrate] => 
    [mid] => 2C3CBCF133
    [amt] => 2830
    [shipTo_state] => 
    [accesscountry] => JP
    [ref] => 172787_201031_053409
    [paymethod] => P006
    [shipTo_city] => 
    [shipTo_street1] => 
    [shipTo_postalCode] => 
    [shipTo_country] => 
    [email] => trathimyxuan0911@gmail.com
    [ver] => 230
    [foreignamt] => 
    [basecur] => 
    [dccrate] => 
    [transid] => 2C3CBCF13320201031000003
    [shipTo_firstName] => 
    [paymentURL] => https://www5.econ.ne.jp/pay/p_paymain.aspx?odrno=8a8675747f8185758884757a8180877b06
    [shipTo_phoneNumber] => 
    [param3] => 
    [resmsg] => success!
    [param1] => https://www.seoulperlife.com/checkout/
    [rescode] => 0000
    [param2] => 
    [fgkey] => BB77F2ABFFBC15DC461803881B421C10699932BDEA6DEF582AB9E75D08978A04
    [txntype] => PAYMENT
    [foreigncur] => 
    [baseamt] => 
    [status] => Registered
    [woocommerce-login-nonce] => 
    [_wpnonce] => 
    [woocommerce-reset-password-nonce] => 
)

10-31-2020 @ 14:41:55 - Process Payment Response : finish
10-31-2020 @ 14:41:55 - Array
(
    [type] => finish
    [baserate] => 
    [cur] => JPY
    [shipTo_lastName] => 
    [resdt] => 20201031144150
    [foreignrate] => 
    [mid] => 2C3CBCF133
    [amt] => 2830
    [shipTo_state] => 
    [accesscountry] => JP
    [ref] => 172787_201031_053409
    [paymethod] => P006
    [shipTo_city] => 
    [shipTo_street1] => 
    [shipTo_postalCode] => 
    [shipTo_country] => 
    [email] => trathimyxuan0911@gmail.com
    [ver] => 230
    [foreignamt] => 
    [basecur] => 
    [dccrate] => 
    [transid] => 2C3CBCF13320201031000003
    [shipTo_firstName] => 
    [paymentURL] => https://www5.econ.ne.jp/pay/p_paymain.aspx?odrno=8a8675747f8185758884757a8180877b06
    [shipTo_phoneNumber] => 
    [param3] => 
    [resmsg] => success!
    [param1] => https://www.seoulperlife.com/checkout/
    [rescode] => 0000
    [param2] => 
    [fgkey] => BB77F2ABFFBC15DC461803881B421C10699932BDEA6DEF582AB9E75D08978A04
    [txntype] => PAYMENT
    [foreigncur] => 
    [baseamt] => 
    [status] => Registered
    [woocommerce-reset-password-nonce] => 
    [woocommerce-login-nonce] => 
    [_wpnonce] => 
)

10-31-2020 @ 18:29:30 - Process Payment Response : request
10-31-2020 @ 18:29:30 - Array
(
    [type] => request
    [ver] => 230
    [txntype] => PAYMENT
    [charset] => UTF-8
    [statusurl] => https://www.seoulperlife.com/wc-api/WC_Gateway_Eximbay_Easypay?type=status
    [returnurl] => https://www.seoulperlife.com/wc-api/WC_Gateway_Eximbay_Easypay?type=return
    [rescode] => 
    [resmsg] => 
    [mid] => 2C3CBCF133
    [ref] => 172788_201031_092929
    [ostype] => M
    [displaytype] => P
    [cur] => JPY
    [amt] => 4500
    [shop] => SEOUL LIFE
    [buyer] => 小柳沙耶
    [email] => saya-starfestival@i.softbank.jp
    [tel] => 08096657141
    [lang] => JP
    [paymethod] => 
    [item_0_product] => 【クリオ】CLIO キルカバーファウンウェアクッションXP企画セット4種 - 002ランジェリー 외 3건
    [param1] => https://www.seoulperlife.com/checkout/
    [param2] => 
    [param3] => 
    [autoclose] => Y
    [tokenBilling] => N
    [woocommerce-login-nonce] => 
    [_wpnonce] => 
    [woocommerce-reset-password-nonce] => 
)

10-31-2020 @ 18:30:20 - Process Payment Response : status
10-31-2020 @ 18:30:20 - Array
(
    [type] => status
    [baserate] => 
    [cur] => JPY
    [shipTo_lastName] => 
    [resdt] => 20201031183020
    [foreignrate] => 
    [mid] => 2C3CBCF133
    [amt] => 4500
    [shipTo_state] => 
    [accesscountry] => JP
    [ref] => 172788_201031_092929
    [paymethod] => P006
    [shipTo_city] => 
    [shipTo_street1] => 
    [shipTo_postalCode] => 
    [shipTo_country] => 
    [email] => saya-starfestival@i.softbank.jp
    [ver] => 230
    [foreignamt] => 
    [basecur] => 
    [dccrate] => 
    [transid] => 2C3CBCF13320201031000004
    [shipTo_firstName] => 
    [paymentURL] => https://www5.econ.ne.jp/pay/p_paymain.aspx?odrno=81808476888776737f7e85768a85797702
    [shipTo_phoneNumber] => 
    [param3] => 
    [resmsg] => success!
    [param1] => https://www.seoulperlife.com/checkout/
    [rescode] => 0000
    [param2] => 
    [fgkey] => 0D54D0B3B29A7D9667BE2A1653DC021D7D7CCAD409418E5C0050D33280DFCCBF
    [txntype] => PAYMENT
    [foreigncur] => 
    [baseamt] => 
    [status] => Registered
    [woocommerce-login-nonce] => 
    [_wpnonce] => 
    [woocommerce-reset-password-nonce] => 
)

10-31-2020 @ 18:30:28 - Process Payment Response : return
10-31-2020 @ 18:30:28 - Array
(
    [type] => return
    [baserate] => 
    [cur] => JPY
    [shipTo_lastName] => 
    [resdt] => 20201031183020
    [foreignrate] => 
    [mid] => 2C3CBCF133
    [amt] => 4500
    [shipTo_state] => 
    [accesscountry] => JP
    [ref] => 172788_201031_092929
    [paymethod] => P006
    [shipTo_city] => 
    [shipTo_street1] => 
    [shipTo_postalCode] => 
    [shipTo_country] => 
    [email] => saya-starfestival@i.softbank.jp
    [ver] => 230
    [foreignamt] => 
    [basecur] => 
    [dccrate] => 
    [transid] => 2C3CBCF13320201031000004
    [shipTo_firstName] => 
    [paymentURL] => https://www5.econ.ne.jp/pay/p_paymain.aspx?odrno=81808476888776737f7e85768a85797702
    [shipTo_phoneNumber] => 
    [param3] => 
    [resmsg] => success!
    [param1] => https://www.seoulperlife.com/checkout/
    [rescode] => 0000
    [param2] => 
    [fgkey] => 0D54D0B3B29A7D9667BE2A1653DC021D7D7CCAD409418E5C0050D33280DFCCBF
    [txntype] => PAYMENT
    [foreigncur] => 
    [baseamt] => 
    [status] => Registered
    [woocommerce-login-nonce] => 
    [_wpnonce] => 
    [woocommerce-reset-password-nonce] => 
)

10-31-2020 @ 18:30:28 - Process Payment Response : finish
10-31-2020 @ 18:30:28 - Array
(
    [type] => finish
    [baserate] => 
    [cur] => JPY
    [shipTo_lastName] => 
    [resdt] => 20201031183020
    [foreignrate] => 
    [mid] => 2C3CBCF133
    [amt] => 4500
    [shipTo_state] => 
    [accesscountry] => JP
    [ref] => 172788_201031_092929
    [paymethod] => P006
    [shipTo_city] => 
    [shipTo_street1] => 
    [shipTo_postalCode] => 
    [shipTo_country] => 
    [email] => saya-starfestival@i.softbank.jp
    [ver] => 230
    [foreignamt] => 
    [basecur] => 
    [dccrate] => 
    [transid] => 2C3CBCF13320201031000004
    [shipTo_firstName] => 
    [paymentURL] => https://www5.econ.ne.jp/pay/p_paymain.aspx?odrno=81808476888776737f7e85768a85797702
    [shipTo_phoneNumber] => 
    [param3] => 
    [resmsg] => success!
    [param1] => https://www.seoulperlife.com/checkout/
    [rescode] => 0000
    [param2] => 
    [fgkey] => 0D54D0B3B29A7D9667BE2A1653DC021D7D7CCAD409418E5C0050D33280DFCCBF
    [txntype] => PAYMENT
    [foreigncur] => 
    [baseamt] => 
    [status] => Registered
    [woocommerce-reset-password-nonce] => 
    [woocommerce-login-nonce] => 
    [_wpnonce] => 
)

11-01-2020 @ 00:44:19 - Process Payment Response : request
11-01-2020 @ 00:44:19 - Array
(
    [type] => request
    [ver] => 230
    [txntype] => PAYMENT
    [charset] => UTF-8
    [statusurl] => https://www.seoulperlife.com/wc-api/WC_Gateway_Eximbay_Easypay?type=status
    [returnurl] => https://www.seoulperlife.com/wc-api/WC_Gateway_Eximbay_Easypay?type=return
    [rescode] => 
    [resmsg] => 
    [mid] => 2C3CBCF133
    [ref] => 172791_201031_034418
    [ostype] => M
    [displaytype] => P
    [cur] => JPY
    [amt] => 4640
    [shop] => SEOUL LIFE
    [buyer] => TranTien
    [email] => pipuniii@gmail.com
    [tel] => 07036252585
    [lang] => JP
    [paymethod] => 
    [item_0_product] => 【ジ オーディナリー】The Ordinary ナイアシンアミド10％+亜鉛1％ 60ml 외 1건
    [param1] => https://www.seoulperlife.com/checkout/
    [param2] => 
    [param3] => 
    [autoclose] => Y
    [tokenBilling] => N
    [woocommerce-login-nonce] => 
    [_wpnonce] => 
    [woocommerce-reset-password-nonce] => 
)

11-01-2020 @ 00:44:40 - Process Payment Response : status
11-01-2020 @ 00:44:40 - Array
(
    [type] => status
    [baserate] => 
    [cur] => JPY
    [shipTo_lastName] => 
    [resdt] => 20201101004440
    [foreignrate] => 
    [mid] => 2C3CBCF133
    [amt] => 4640
    [shipTo_state] => 
    [accesscountry] => JP
    [ref] => 172791_201031_034418
    [paymethod] => P006
    [shipTo_city] => 
    [shipTo_street1] => 
    [shipTo_postalCode] => 
    [shipTo_country] => 
    [email] => pipuniii@gmail.com
    [ver] => 230
    [foreignamt] => 
    [basecur] => 
    [dccrate] => 
    [transid] => 2C3CBCF13320201101000001
    [shipTo_firstName] => 
    [paymentURL] => https://www5.econ.ne.jp/pay/p_paymain.aspx?odrno=867773807f8476888475737f818d758e07
    [shipTo_phoneNumber] => 
    [param3] => 
    [resmsg] => success!
    [param1] => https://www.seoulperlife.com/checkout/
    [rescode] => 0000
    [param2] => 
    [fgkey] => 526B04E9EBA887F83C0DCE704CA017B38CCA70FC2BC0D88459A7C9F418EB7303
    [txntype] => PAYMENT
    [foreigncur] => 
    [baseamt] => 
    [status] => Registered
    [woocommerce-login-nonce] => 
    [_wpnonce] => 
    [woocommerce-reset-password-nonce] => 
)

11-01-2020 @ 00:44:45 - Process Payment Response : return
11-01-2020 @ 00:44:45 - Array
(
    [type] => return
    [baserate] => 
    [cur] => JPY
    [shipTo_lastName] => 
    [resdt] => 20201101004440
    [foreignrate] => 
    [mid] => 2C3CBCF133
    [amt] => 4640
    [shipTo_state] => 
    [accesscountry] => JP
    [ref] => 172791_201031_034418
    [paymethod] => P006
    [shipTo_city] => 
    [shipTo_street1] => 
    [shipTo_postalCode] => 
    [shipTo_country] => 
    [email] => pipuniii@gmail.com
    [ver] => 230
    [foreignamt] => 
    [basecur] => 
    [dccrate] => 
    [transid] => 2C3CBCF13320201101000001
    [shipTo_firstName] => 
    [paymentURL] => https://www5.econ.ne.jp/pay/p_paymain.aspx?odrno=867773807f8476888475737f818d758e07
    [shipTo_phoneNumber] => 
    [param3] => 
    [resmsg] => success!
    [param1] => https://www.seoulperlife.com/checkout/
    [rescode] => 0000
    [param2] => 
    [fgkey] => 526B04E9EBA887F83C0DCE704CA017B38CCA70FC2BC0D88459A7C9F418EB7303
    [txntype] => PAYMENT
    [foreigncur] => 
    [baseamt] => 
    [status] => Registered
    [woocommerce-login-nonce] => 
    [_wpnonce] => 
    [woocommerce-reset-password-nonce] => 
)

11-01-2020 @ 00:44:46 - Process Payment Response : finish
11-01-2020 @ 00:44:46 - Array
(
    [type] => finish
    [baserate] => 
    [cur] => JPY
    [shipTo_lastName] => 
    [resdt] => 20201101004440
    [foreignrate] => 
    [mid] => 2C3CBCF133
    [amt] => 4640
    [shipTo_state] => 
    [accesscountry] => JP
    [ref] => 172791_201031_034418
    [paymethod] => P006
    [shipTo_city] => 
    [shipTo_street1] => 
    [shipTo_postalCode] => 
    [shipTo_country] => 
    [email] => pipuniii@gmail.com
    [ver] => 230
    [foreignamt] => 
    [basecur] => 
    [dccrate] => 
    [transid] => 2C3CBCF13320201101000001
    [shipTo_firstName] => 
    [paymentURL] => https://www5.econ.ne.jp/pay/p_paymain.aspx?odrno=867773807f8476888475737f818d758e07
    [shipTo_phoneNumber] => 
    [param3] => 
    [resmsg] => success!
    [param1] => https://www.seoulperlife.com/checkout/
    [rescode] => 0000
    [param2] => 
    [fgkey] => 526B04E9EBA887F83C0DCE704CA017B38CCA70FC2BC0D88459A7C9F418EB7303
    [txntype] => PAYMENT
    [foreigncur] => 
    [baseamt] => 
    [status] => Registered
    [woocommerce-reset-password-nonce] => 
    [woocommerce-login-nonce] => 
    [_wpnonce] => 
)

11-01-2020 @ 05:44:33 - Process Payment Response : request
11-01-2020 @ 05:44:33 - Array
(
    [type] => request
    [ver] => 230
    [txntype] => PAYMENT
    [charset] => UTF-8
    [statusurl] => https://www.seoulperlife.com/wc-api/WC_Gateway_Eximbay_Easypay?type=status
    [returnurl] => https://www.seoulperlife.com/wc-api/WC_Gateway_Eximbay_Easypay?type=return
    [rescode] => 
    [resmsg] => 
    [mid] => 2C3CBCF133
    [ref] => 172792_201031_084433
    [ostype] => M
    [displaytype] => P
    [cur] => JPY
    [amt] => 2730
    [shop] => SEOUL LIFE
    [buyer] => 美里宮田
    [email] => aerialviolet0023@gmail.com
    [tel] => 08017773081
    [lang] => JP
    [paymethod] => 
    [item_0_product] => 【ドクタージャルト】 Dr.Jart+ シカペアリカバー55ml - シカペアリカバー1個
    [param1] => https://www.seoulperlife.com/checkout/
    [param2] => 
    [param3] => 
    [autoclose] => Y
    [tokenBilling] => N
    [woocommerce-login-nonce] => 
    [_wpnonce] => 
    [woocommerce-reset-password-nonce] => 
)

11-01-2020 @ 05:44:58 - Process Payment Response : status
11-01-2020 @ 05:44:58 - Array
(
    [type] => status
    [baserate] => 
    [cur] => JPY
    [shipTo_lastName] => 
    [resdt] => 20201101054458
    [foreignrate] => 
    [mid] => 2C3CBCF133
    [amt] => 2730
    [shipTo_state] => 
    [accesscountry] => JP
    [ref] => 172792_201031_084433
    [paymethod] => P006
    [shipTo_city] => 
    [shipTo_street1] => 
    [shipTo_postalCode] => 
    [shipTo_country] => 
    [email] => aerialviolet0023@gmail.com
    [ver] => 230
    [foreignamt] => 
    [basecur] => 
    [dccrate] => 
    [transid] => 2C3CBCF13320201101000002
    [shipTo_firstName] => 
    [paymentURL] => https://www5.econ.ne.jp/pay/p_paymain.aspx?odrno=867773807f84768884757380808c7b9007
    [shipTo_phoneNumber] => 
    [param3] => 
    [resmsg] => success!
    [param1] => https://www.seoulperlife.com/checkout/
    [rescode] => 0000
    [param2] => 
    [fgkey] => B4F11E0456D14EE8D0E85612BDB7E886DBF12B43B3B07F36FF577B8B58211C30
    [txntype] => PAYMENT
    [foreigncur] => 
    [baseamt] => 
    [status] => Registered
    [woocommerce-login-nonce] => 
    [_wpnonce] => 
    [woocommerce-reset-password-nonce] => 
)

11-01-2020 @ 05:45:03 - Process Payment Response : return
11-01-2020 @ 05:45:03 - Array
(
    [type] => return
    [baserate] => 
    [cur] => JPY
    [shipTo_lastName] => 
    [resdt] => 20201101054458
    [foreignrate] => 
    [mid] => 2C3CBCF133
    [amt] => 2730
    [shipTo_state] => 
    [accesscountry] => JP
    [ref] => 172792_201031_084433
    [paymethod] => P006
    [shipTo_city] => 
    [shipTo_street1] => 
    [shipTo_postalCode] => 
    [shipTo_country] => 
    [email] => aerialviolet0023@gmail.com
    [ver] => 230
    [foreignamt] => 
    [basecur] => 
    [dccrate] => 
    [transid] => 2C3CBCF13320201101000002
    [shipTo_firstName] => 
    [paymentURL] => https://www5.econ.ne.jp/pay/p_paymain.aspx?odrno=867773807f84768884757380808c7b9007
    [shipTo_phoneNumber] => 
    [param3] => 
    [resmsg] => success!
    [param1] => https://www.seoulperlife.com/checkout/
    [rescode] => 0000
    [param2] => 
    [fgkey] => B4F11E0456D14EE8D0E85612BDB7E886DBF12B43B3B07F36FF577B8B58211C30
    [txntype] => PAYMENT
    [foreigncur] => 
    [baseamt] => 
    [status] => Registered
    [woocommerce-login-nonce] => 
    [_wpnonce] => 
    [woocommerce-reset-password-nonce] => 
)

11-01-2020 @ 05:45:04 - Process Payment Response : finish
11-01-2020 @ 05:45:04 - Array
(
    [type] => finish
    [baserate] => 
    [cur] => JPY
    [shipTo_lastName] => 
    [resdt] => 20201101054458
    [foreignrate] => 
    [mid] => 2C3CBCF133
    [amt] => 2730
    [shipTo_state] => 
    [accesscountry] => JP
    [ref] => 172792_201031_084433
    [paymethod] => P006
    [shipTo_city] => 
    [shipTo_street1] => 
    [shipTo_postalCode] => 
    [shipTo_country] => 
    [email] => aerialviolet0023@gmail.com
    [ver] => 230
    [foreignamt] => 
    [basecur] => 
    [dccrate] => 
    [transid] => 2C3CBCF13320201101000002
    [shipTo_firstName] => 
    [paymentURL] => https://www5.econ.ne.jp/pay/p_paymain.aspx?odrno=867773807f84768884757380808c7b9007
    [shipTo_phoneNumber] => 
    [param3] => 
    [resmsg] => success!
    [param1] => https://www.seoulperlife.com/checkout/
    [rescode] => 0000
    [param2] => 
    [fgkey] => B4F11E0456D14EE8D0E85612BDB7E886DBF12B43B3B07F36FF577B8B58211C30
    [txntype] => PAYMENT
    [foreigncur] => 
    [baseamt] => 
    [status] => Registered
    [woocommerce-reset-password-nonce] => 
    [woocommerce-login-nonce] => 
    [_wpnonce] => 
)

