09-02-2020 @ 15:55:33 - Process Payment Response : request
09-02-2020 @ 15:55:33 - Array
(
    [type] => request
    [ver] => 230
    [txntype] => PAYMENT
    [charset] => UTF-8
    [statusurl] => http://www.seoulperlife.com/wc-api/WC_Gateway_Eximbay_Easypay?type=status
    [returnurl] => http://www.seoulperlife.com/wc-api/WC_Gateway_Eximbay_Easypay?type=return
    [rescode] => 
    [resmsg] => 
    [mid] => 1849705C64
    [ref] => 167197_200902_065533
    [ostype] => P
    [displaytype] => P
    [cur] => JPY
    [amt] => 1400
    [shop] => SEOUL LIFE
    [buyer] => TESTTEST
    [email] => seoullife@ddpac.co.kr
    [tel] => 01039807539
    [lang] => JP
    [paymethod] => 
    [item_0_product] => 【スイスキン】suiskin シード トゥ トナー 250ml
    [param1] => http://www.seoulperlife.com/checkout/
    [param2] => 
    [param3] => 
    [autoclose] => Y
    [tokenBilling] => N
    [woocommerce-login-nonce] => 
    [_wpnonce] => 
    [woocommerce-reset-password-nonce] => 
)

09-02-2020 @ 15:55:58 - Process Payment Response : status
09-02-2020 @ 15:55:58 - Array
(
    [type] => status
    [baserate] => 
    [cur] => JPY
    [shipTo_lastName] => 
    [resdt] => 20200902155557
    [foreignrate] => 
    [mid] => 1849705C64
    [amt] => 1400
    [shipTo_state] => 
    [accesscountry] => KR
    [ref] => 167197_200902_065533
    [paymethod] => P006
    [shipTo_city] => 
    [shipTo_street1] => 
    [shipTo_postalCode] => 
    [shipTo_country] => 
    [email] => seoullife@ddpac.co.kr
    [ver] => 230
    [foreignamt] => 
    [basecur] => 
    [dccrate] => 
    [transid] => 1849705C6420200902000001
    [shipTo_firstName] => 
    [paymentURL] => https://test.econ.ne.jp/pay/smt/index.aspx?odrno=867788847e73817e847588847574868104
    [shipTo_phoneNumber] => 
    [param3] => 
    [resmsg] => Success!!
    [param1] => http://www.seoulperlife.com/checkout/
    [rescode] => 0000
    [param2] => 
    [fgkey] => 1BFBB87179F8FD143935B2BE1822AD26D1D5BE88847864085FA4D99382D5E749
    [txntype] => PAYMENT
    [foreigncur] => 
    [baseamt] => 
    [status] => Registered
    [woocommerce-login-nonce] => 
    [_wpnonce] => 
    [woocommerce-reset-password-nonce] => 
)

09-02-2020 @ 15:56:06 - Process Payment Response : return
09-02-2020 @ 15:56:06 - Array
(
    [type] => return
    [baserate] => 
    [cur] => JPY
    [shipTo_lastName] => 
    [resdt] => 20200902155557
    [foreignrate] => 
    [mid] => 1849705C64
    [amt] => 1400
    [shipTo_state] => 
    [accesscountry] => KR
    [ref] => 167197_200902_065533
    [paymethod] => P006
    [shipTo_city] => 
    [shipTo_street1] => 
    [shipTo_postalCode] => 
    [shipTo_country] => 
    [email] => seoullife@ddpac.co.kr
    [ver] => 230
    [foreignamt] => 
    [basecur] => 
    [dccrate] => 
    [transid] => 1849705C6420200902000001
    [shipTo_firstName] => 
    [paymentURL] => https://test.econ.ne.jp/pay/smt/index.aspx?odrno=867788847e73817e847588847574868104
    [shipTo_phoneNumber] => 
    [param3] => 
    [resmsg] => Success!!
    [param1] => http://www.seoulperlife.com/checkout/
    [rescode] => 0000
    [param2] => 
    [fgkey] => 1BFBB87179F8FD143935B2BE1822AD26D1D5BE88847864085FA4D99382D5E749
    [txntype] => PAYMENT
    [foreigncur] => 
    [baseamt] => 
    [status] => Registered
    [woocommerce-login-nonce] => 
    [_wpnonce] => 
    [woocommerce-reset-password-nonce] => 
)

09-02-2020 @ 15:56:06 - Process Payment Response : finish
09-02-2020 @ 15:56:06 - Array
(
    [type] => finish
    [baserate] => 
    [cur] => JPY
    [shipTo_lastName] => 
    [resdt] => 20200902155557
    [foreignrate] => 
    [mid] => 1849705C64
    [amt] => 1400
    [shipTo_state] => 
    [accesscountry] => KR
    [ref] => 167197_200902_065533
    [paymethod] => P006
    [shipTo_city] => 
    [shipTo_street1] => 
    [shipTo_postalCode] => 
    [shipTo_country] => 
    [email] => seoullife@ddpac.co.kr
    [ver] => 230
    [foreignamt] => 
    [basecur] => 
    [dccrate] => 
    [transid] => 1849705C6420200902000001
    [shipTo_firstName] => 
    [paymentURL] => https://test.econ.ne.jp/pay/smt/index.aspx?odrno=867788847e73817e847588847574868104
    [shipTo_phoneNumber] => 
    [param3] => 
    [resmsg] => Success!!
    [param1] => http://www.seoulperlife.com/checkout/
    [rescode] => 0000
    [param2] => 
    [fgkey] => 1BFBB87179F8FD143935B2BE1822AD26D1D5BE88847864085FA4D99382D5E749
    [txntype] => PAYMENT
    [foreigncur] => 
    [baseamt] => 
    [status] => Registered
    [woocommerce-reset-password-nonce] => 
    [woocommerce-login-nonce] => 
    [_wpnonce] => 
)

09-02-2020 @ 16:00:53 - Process Payment Response : request
09-02-2020 @ 16:00:53 - Array
(
    [type] => request
    [ver] => 230
    [txntype] => PAYMENT
    [charset] => UTF-8
    [statusurl] => http://www.seoulperlife.com/wc-api/WC_Gateway_Eximbay_Easypay?type=status
    [returnurl] => http://www.seoulperlife.com/wc-api/WC_Gateway_Eximbay_Easypay?type=return
    [rescode] => 
    [resmsg] => 
    [mid] => 2C3CBCF133
    [ref] => 167200_200902_070053
    [ostype] => P
    [displaytype] => P
    [cur] => JPY
    [amt] => 1400
    [shop] => SEOUL LIFE
    [buyer] => TESTTEST
    [email] => seoullife@ddpac.co.kr
    [tel] => 01039807539
    [lang] => JP
    [paymethod] => 
    [item_0_product] => 【スイスキン】suiskin シード トゥ トナー 250ml
    [param1] => http://www.seoulperlife.com/checkout/
    [param2] => 
    [param3] => 
    [autoclose] => Y
    [tokenBilling] => N
    [woocommerce-login-nonce] => 
    [_wpnonce] => 
    [woocommerce-reset-password-nonce] => 
)

09-02-2020 @ 16:01:16 - Process Payment Response : status
09-02-2020 @ 16:01:16 - Array
(
    [type] => status
    [baserate] => 
    [cur] => JPY
    [shipTo_lastName] => 
    [resdt] => 20200902160116
    [foreignrate] => 
    [mid] => 2C3CBCF133
    [amt] => 1400
    [shipTo_state] => 
    [accesscountry] => KR
    [ref] => 167200_200902_070053
    [paymethod] => P006
    [shipTo_city] => 
    [shipTo_street1] => 
    [shipTo_postalCode] => 
    [shipTo_country] => 
    [email] => seoullife@ddpac.co.kr
    [ver] => 230
    [foreignamt] => 
    [basecur] => 
    [dccrate] => 
    [transid] => 2C3CBCF13320200902000001
    [shipTo_firstName] => 
    [paymentURL] => https://www5.econ.ne.jp/pay/p_paymain.aspx?odrno=867788847e73817e847589847a75817e04
    [shipTo_phoneNumber] => 
    [param3] => 
    [resmsg] => Success!!
    [param1] => http://www.seoulperlife.com/checkout/
    [rescode] => 0000
    [param2] => 
    [fgkey] => D9F57BE8CD5D5F9289F01020E45D10E1BEF1A52ABDB541DDD9B8DCA85A3EA1F7
    [txntype] => PAYMENT
    [foreigncur] => 
    [baseamt] => 
    [status] => Registered
    [woocommerce-login-nonce] => 
    [_wpnonce] => 
    [woocommerce-reset-password-nonce] => 
)

09-02-2020 @ 16:15:48 - Process Payment Response : return
09-02-2020 @ 16:15:48 - Array
(
    [type] => return
    [baserate] => 
    [cur] => JPY
    [shipTo_lastName] => 
    [resdt] => 20200902160116
    [foreignrate] => 
    [mid] => 2C3CBCF133
    [amt] => 1400
    [shipTo_state] => 
    [accesscountry] => KR
    [ref] => 167200_200902_070053
    [paymethod] => P006
    [shipTo_city] => 
    [shipTo_street1] => 
    [shipTo_postalCode] => 
    [shipTo_country] => 
    [email] => seoullife@ddpac.co.kr
    [ver] => 230
    [foreignamt] => 
    [basecur] => 
    [dccrate] => 
    [transid] => 2C3CBCF13320200902000001
    [shipTo_firstName] => 
    [paymentURL] => https://www5.econ.ne.jp/pay/p_paymain.aspx?odrno=867788847e73817e847589847a75817e04
    [shipTo_phoneNumber] => 
    [param3] => 
    [resmsg] => Success!!
    [param1] => http://www.seoulperlife.com/checkout/
    [rescode] => 0000
    [param2] => 
    [fgkey] => D9F57BE8CD5D5F9289F01020E45D10E1BEF1A52ABDB541DDD9B8DCA85A3EA1F7
    [txntype] => PAYMENT
    [foreigncur] => 
    [baseamt] => 
    [status] => Registered
    [woocommerce-login-nonce] => 
    [_wpnonce] => 
    [woocommerce-reset-password-nonce] => 
)

09-02-2020 @ 16:15:49 - Process Payment Response : finish
09-02-2020 @ 16:15:49 - Array
(
    [type] => finish
    [baserate] => 
    [cur] => JPY
    [shipTo_lastName] => 
    [resdt] => 20200902160116
    [foreignrate] => 
    [mid] => 2C3CBCF133
    [amt] => 1400
    [shipTo_state] => 
    [accesscountry] => KR
    [ref] => 167200_200902_070053
    [paymethod] => P006
    [shipTo_city] => 
    [shipTo_street1] => 
    [shipTo_postalCode] => 
    [shipTo_country] => 
    [email] => seoullife@ddpac.co.kr
    [ver] => 230
    [foreignamt] => 
    [basecur] => 
    [dccrate] => 
    [transid] => 2C3CBCF13320200902000001
    [shipTo_firstName] => 
    [paymentURL] => https://www5.econ.ne.jp/pay/p_paymain.aspx?odrno=867788847e73817e847589847a75817e04
    [shipTo_phoneNumber] => 
    [param3] => 
    [resmsg] => Success!!
    [param1] => http://www.seoulperlife.com/checkout/
    [rescode] => 0000
    [param2] => 
    [fgkey] => D9F57BE8CD5D5F9289F01020E45D10E1BEF1A52ABDB541DDD9B8DCA85A3EA1F7
    [txntype] => PAYMENT
    [foreigncur] => 
    [baseamt] => 
    [status] => Registered
    [woocommerce-reset-password-nonce] => 
    [woocommerce-login-nonce] => 
    [_wpnonce] => 
)

09-02-2020 @ 16:30:35 - Process Payment Response : request
09-02-2020 @ 16:30:35 - Array
(
    [type] => request
    [ver] => 230
    [txntype] => PAYMENT
    [charset] => UTF-8
    [statusurl] => http://www.seoulperlife.com/wc-api/WC_Gateway_Eximbay_Easypay?type=status
    [returnurl] => http://www.seoulperlife.com/wc-api/WC_Gateway_Eximbay_Easypay?type=return
    [rescode] => 
    [resmsg] => 
    [mid] => 2C3CBCF133
    [ref] => 167206_200902_073035
    [ostype] => P
    [displaytype] => P
    [cur] => JPY
    [amt] => 6230
    [shop] => SEOUL LIFE
    [buyer] => TESTTEST
    [email] => seoullife@ddpac.co.kr
    [tel] => 01039807539
    [lang] => JP
    [paymethod] => 
    [item_0_product] => 【ドクタージャルト】 Dr.Jart+ シカペアクリーム 50ml 2世代 2つセット
    [param1] => http://www.seoulperlife.com/checkout/
    [param2] => 
    [param3] => 
    [autoclose] => Y
    [tokenBilling] => N
    [woocommerce-login-nonce] => 
    [_wpnonce] => 
    [woocommerce-reset-password-nonce] => 
)

09-02-2020 @ 16:30:58 - Process Payment Response : status
09-02-2020 @ 16:30:58 - Array
(
    [type] => status
    [baserate] => 
    [cur] => JPY
    [shipTo_lastName] => 
    [resdt] => 20200902163057
    [foreignrate] => 
    [mid] => 2C3CBCF133
    [amt] => 6230
    [shipTo_state] => 
    [accesscountry] => KR
    [ref] => 167206_200902_073035
    [paymethod] => P006
    [shipTo_city] => 
    [shipTo_street1] => 
    [shipTo_postalCode] => 
    [shipTo_country] => 
    [email] => seoullife@ddpac.co.kr
    [ver] => 230
    [foreignamt] => 
    [basecur] => 
    [dccrate] => 
    [transid] => 2C3CBCF13320200902000002
    [shipTo_firstName] => 
    [paymentURL] => https://www5.econ.ne.jp/pay/p_paymain.aspx?odrno=867788847e73817e847589857a78848304
    [shipTo_phoneNumber] => 
    [param3] => 
    [resmsg] => Success!!
    [param1] => http://www.seoulperlife.com/checkout/
    [rescode] => 0000
    [param2] => 
    [fgkey] => AD0DC186C9748C6F0B7530AE54BE541F417BBADBAC82ABA37F5F678156C72A8F
    [txntype] => PAYMENT
    [foreigncur] => 
    [baseamt] => 
    [status] => Registered
    [woocommerce-login-nonce] => 
    [_wpnonce] => 
    [woocommerce-reset-password-nonce] => 
)

09-02-2020 @ 16:31:04 - Process Payment Response : return
09-02-2020 @ 16:31:04 - Array
(
    [type] => return
    [baserate] => 
    [cur] => JPY
    [shipTo_lastName] => 
    [resdt] => 20200902163057
    [foreignrate] => 
    [mid] => 2C3CBCF133
    [amt] => 6230
    [shipTo_state] => 
    [accesscountry] => KR
    [ref] => 167206_200902_073035
    [paymethod] => P006
    [shipTo_city] => 
    [shipTo_street1] => 
    [shipTo_postalCode] => 
    [shipTo_country] => 
    [email] => seoullife@ddpac.co.kr
    [ver] => 230
    [foreignamt] => 
    [basecur] => 
    [dccrate] => 
    [transid] => 2C3CBCF13320200902000002
    [shipTo_firstName] => 
    [paymentURL] => https://www5.econ.ne.jp/pay/p_paymain.aspx?odrno=867788847e73817e847589857a78848304
    [shipTo_phoneNumber] => 
    [param3] => 
    [resmsg] => Success!!
    [param1] => http://www.seoulperlife.com/checkout/
    [rescode] => 0000
    [param2] => 
    [fgkey] => AD0DC186C9748C6F0B7530AE54BE541F417BBADBAC82ABA37F5F678156C72A8F
    [txntype] => PAYMENT
    [foreigncur] => 
    [baseamt] => 
    [status] => Registered
    [woocommerce-login-nonce] => 
    [_wpnonce] => 
    [woocommerce-reset-password-nonce] => 
)

09-02-2020 @ 16:31:04 - Process Payment Response : finish
09-02-2020 @ 16:31:04 - Array
(
    [type] => finish
    [baserate] => 
    [cur] => JPY
    [shipTo_lastName] => 
    [resdt] => 20200902163057
    [foreignrate] => 
    [mid] => 2C3CBCF133
    [amt] => 6230
    [shipTo_state] => 
    [accesscountry] => KR
    [ref] => 167206_200902_073035
    [paymethod] => P006
    [shipTo_city] => 
    [shipTo_street1] => 
    [shipTo_postalCode] => 
    [shipTo_country] => 
    [email] => seoullife@ddpac.co.kr
    [ver] => 230
    [foreignamt] => 
    [basecur] => 
    [dccrate] => 
    [transid] => 2C3CBCF13320200902000002
    [shipTo_firstName] => 
    [paymentURL] => https://www5.econ.ne.jp/pay/p_paymain.aspx?odrno=867788847e73817e847589857a78848304
    [shipTo_phoneNumber] => 
    [param3] => 
    [resmsg] => Success!!
    [param1] => http://www.seoulperlife.com/checkout/
    [rescode] => 0000
    [param2] => 
    [fgkey] => AD0DC186C9748C6F0B7530AE54BE541F417BBADBAC82ABA37F5F678156C72A8F
    [txntype] => PAYMENT
    [foreigncur] => 
    [baseamt] => 
    [status] => Registered
    [woocommerce-reset-password-nonce] => 
    [woocommerce-login-nonce] => 
    [_wpnonce] => 
)

09-02-2020 @ 16:46:09 - Process Payment Response : request
09-02-2020 @ 16:46:09 - Array
(
    [type] => request
    [ver] => 230
    [txntype] => PAYMENT
    [charset] => UTF-8
    [statusurl] => http://www.seoulperlife.com/wc-api/WC_Gateway_Eximbay_Easypay?type=status
    [returnurl] => http://www.seoulperlife.com/wc-api/WC_Gateway_Eximbay_Easypay?type=return
    [rescode] => 
    [resmsg] => 
    [mid] => 2C3CBCF133
    [ref] => 167207_200902_074608
    [ostype] => P
    [displaytype] => P
    [cur] => JPY
    [amt] => 4970
    [shop] => SEOUL LIFE
    [buyer] => TESTTEST
    [email] => seoullife@ddpac.co.kr
    [tel] => 01039807539
    [lang] => JP
    [paymethod] => 
    [item_0_product] => 【エチュードハウス】ETUDE HOUSE ベターリップトーク 1つ選択BE101 PK003 PK007 RD301 외 1건
    [param1] => http://www.seoulperlife.com/checkout/
    [param2] => 
    [param3] => 
    [autoclose] => Y
    [tokenBilling] => N
    [woocommerce-login-nonce] => 
    [_wpnonce] => 
    [woocommerce-reset-password-nonce] => 
)

09-02-2020 @ 20:45:39 - Process Payment Response : request
09-02-2020 @ 20:45:39 - Array
(
    [type] => request
    [ver] => 230
    [txntype] => PAYMENT
    [charset] => UTF-8
    [statusurl] => http://www.seoulperlife.com/wc-api/WC_Gateway_Eximbay_Easypay?type=status
    [returnurl] => http://www.seoulperlife.com/wc-api/WC_Gateway_Eximbay_Easypay?type=return
    [rescode] => 
    [resmsg] => 
    [mid] => 2C3CBCF133
    [ref] => 167212_200902_114539
    [ostype] => P
    [displaytype] => P
    [cur] => JPY
    [amt] => 1430
    [shop] => SEOUL LIFE
    [buyer] => TESTTEST
    [email] => seoullife@ddpac.co.kr
    [tel] => 01039807539
    [lang] => JP
    [paymethod] => 
    [item_0_product] => 【エチュードハウス】ETUDE HOUSE ベターリップトーク 1つ選択BE101 PK003 PK007 RD301
    [param1] => http://www.seoulperlife.com/checkout/
    [param2] => 
    [param3] => 
    [autoclose] => Y
    [tokenBilling] => N
    [woocommerce-login-nonce] => 
    [_wpnonce] => 
    [woocommerce-reset-password-nonce] => 
)

09-02-2020 @ 20:45:45 - Process Payment Response : status
09-02-2020 @ 20:45:45 - Array
(
    [type] => status
    [baserate] => 
    [cur] => JPY
    [shipTo_lastName] => 
    [resdt] => 20200902204544
    [foreignrate] => 
    [mid] => 2C3CBCF133
    [amt] => 1430
    [shipTo_state] => 
    [accesscountry] => KR
    [ref] => 167212_200902_114539
    [paymethod] => P006
    [shipTo_city] => 
    [shipTo_street1] => 
    [shipTo_postalCode] => 
    [shipTo_country] => 
    [email] => seoullife@ddpac.co.kr
    [ver] => 230
    [foreignamt] => 
    [basecur] => 
    [dccrate] => 
    [transid] => 2C3CBCF13320200902000003
    [shipTo_firstName] => 
    [paymentURL] => https://www5.econ.ne.jp/pay/p_paymain.aspx?odrno=8a867573887e86758884767b8382897906
    [shipTo_phoneNumber] => 
    [param3] => 
    [resmsg] => Success!!
    [param1] => http://www.seoulperlife.com/checkout/
    [rescode] => 0000
    [param2] => 
    [fgkey] => A4E515AA5F2ADBBFCA3EE8540650634FB2300B739529921A58877695096311C1
    [txntype] => PAYMENT
    [foreigncur] => 
    [baseamt] => 
    [status] => Registered
    [woocommerce-login-nonce] => 
    [_wpnonce] => 
    [woocommerce-reset-password-nonce] => 
)

09-02-2020 @ 20:45:59 - Process Payment Response : return
09-02-2020 @ 20:45:59 - Array
(
    [type] => return
    [baserate] => 
    [cur] => JPY
    [shipTo_lastName] => 
    [resdt] => 20200902204544
    [foreignrate] => 
    [mid] => 2C3CBCF133
    [amt] => 1430
    [shipTo_state] => 
    [accesscountry] => KR
    [ref] => 167212_200902_114539
    [paymethod] => P006
    [shipTo_city] => 
    [shipTo_street1] => 
    [shipTo_postalCode] => 
    [shipTo_country] => 
    [email] => seoullife@ddpac.co.kr
    [ver] => 230
    [foreignamt] => 
    [basecur] => 
    [dccrate] => 
    [transid] => 2C3CBCF13320200902000003
    [shipTo_firstName] => 
    [paymentURL] => https://www5.econ.ne.jp/pay/p_paymain.aspx?odrno=8a867573887e86758884767b8382897906
    [shipTo_phoneNumber] => 
    [param3] => 
    [resmsg] => Success!!
    [param1] => http://www.seoulperlife.com/checkout/
    [rescode] => 0000
    [param2] => 
    [fgkey] => A4E515AA5F2ADBBFCA3EE8540650634FB2300B739529921A58877695096311C1
    [txntype] => PAYMENT
    [foreigncur] => 
    [baseamt] => 
    [status] => Registered
    [woocommerce-login-nonce] => 
    [_wpnonce] => 
    [woocommerce-reset-password-nonce] => 
)

09-02-2020 @ 20:45:59 - Process Payment Response : finish
09-02-2020 @ 20:45:59 - Array
(
    [type] => finish
    [baserate] => 
    [cur] => JPY
    [shipTo_lastName] => 
    [resdt] => 20200902204544
    [foreignrate] => 
    [mid] => 2C3CBCF133
    [amt] => 1430
    [shipTo_state] => 
    [accesscountry] => KR
    [ref] => 167212_200902_114539
    [paymethod] => P006
    [shipTo_city] => 
    [shipTo_street1] => 
    [shipTo_postalCode] => 
    [shipTo_country] => 
    [email] => seoullife@ddpac.co.kr
    [ver] => 230
    [foreignamt] => 
    [basecur] => 
    [dccrate] => 
    [transid] => 2C3CBCF13320200902000003
    [shipTo_firstName] => 
    [paymentURL] => https://www5.econ.ne.jp/pay/p_paymain.aspx?odrno=8a867573887e86758884767b8382897906
    [shipTo_phoneNumber] => 
    [param3] => 
    [resmsg] => Success!!
    [param1] => http://www.seoulperlife.com/checkout/
    [rescode] => 0000
    [param2] => 
    [fgkey] => A4E515AA5F2ADBBFCA3EE8540650634FB2300B739529921A58877695096311C1
    [txntype] => PAYMENT
    [foreigncur] => 
    [baseamt] => 
    [status] => Registered
    [woocommerce-reset-password-nonce] => 
    [woocommerce-login-nonce] => 
    [_wpnonce] => 
)

