10-20-2020 @ 20:05:11 - Process Payment Response : status
10-20-2020 @ 20:05:11 - Array
(
    [type] => status
    [baserate] => 
    [cur] => JPY
    [shipTo_lastName] => 
    [resdt] => 20201020200511
    [foreignrate] => 
    [mid] => 2C3CBCF133
    [amt] => 5156.0
    [shipTo_state] => 
    [accesscountry] => JP
    [ref] => 171958_201017_010811
    [paymethod] => P006
    [shipTo_city] => 
    [shipTo_street1] => 
    [shipTo_postalCode] => 
    [shipTo_country] => 
    [email] => kahoo-97gal@ezweb.ne.jp
    [ver] => 230
    [foreignamt] => 
    [basecur] => 
    [dccrate] => 
    [transid] => 2C3CBCF13320201017000001
    [shipTo_firstName] => 
    [paymentURL] => 
    [shipTo_phoneNumber] => 
    [param3] => 
    [resmsg] => Success!!
    [param1] => https://www.seoulperlife.com/checkout/
    [rescode] => 0000
    [param2] => 
    [fgkey] => F5869C50A2C645B9986C897614BECBA72B8668BFA6F86FBA5C7727D524C1DCE5
    [txntype] => PAYMENT
    [foreigncur] => 
    [baseamt] => 
    [status] => Sale
    [woocommerce-login-nonce] => 
    [_wpnonce] => 
    [woocommerce-reset-password-nonce] => 
)

