09-23-2020 @ 12:07:07 - Process Payment Response : request
09-23-2020 @ 12:07:07 - Array
(
    [type] => request
    [ver] => 230
    [txntype] => PAYMENT
    [charset] => UTF-8
    [statusurl] => https://www.seoulperlife.com/wc-api/WC_Gateway_Eximbay_Easypay?type=status
    [returnurl] => https://www.seoulperlife.com/wc-api/WC_Gateway_Eximbay_Easypay?type=return
    [rescode] => 
    [resmsg] => 
    [mid] => 2C3CBCF133
    [ref] => 169882_200923_030706
    [ostype] => P
    [displaytype] => P
    [cur] => JPY
    [amt] => 930
    [shop] => SEOUL LIFE
    [buyer] => TESTTEST
    [email] => seoullife@ddpac.co.kr
    [tel] => 01039807539
    [lang] => JP
    [paymethod] => 
    [item_0_product] => 【ビヨンド】BEYOND ビヨンド Cハンドクリームディープモイスチャーオリーブ30ml
    [param1] => https://www.seoulperlife.com/checkout/
    [param2] => 
    [param3] => 
    [autoclose] => Y
    [tokenBilling] => N
    [woocommerce-login-nonce] => 
    [_wpnonce] => 
    [woocommerce-reset-password-nonce] => 
)

09-23-2020 @ 12:07:13 - Process Payment Response : status
09-23-2020 @ 12:07:13 - Array
(
    [type] => status
    [baserate] => 
    [cur] => JPY
    [shipTo_lastName] => 
    [resdt] => 20200923120713
    [foreignrate] => 
    [mid] => 2C3CBCF133
    [amt] => 930
    [shipTo_state] => 
    [accesscountry] => KR
    [ref] => 169882_200923_030706
    [paymethod] => P006
    [shipTo_city] => 
    [shipTo_street1] => 
    [shipTo_postalCode] => 
    [shipTo_country] => 
    [email] => seoullife@ddpac.co.kr
    [ver] => 230
    [foreignamt] => 
    [basecur] => 
    [dccrate] => 
    [transid] => 2C3CBCF13320200923000006
    [shipTo_firstName] => 
    [paymentURL] => https://www5.econ.ne.jp/pay/p_paymain.aspx?odrno=8a867573888087758884757987848b7706
    [shipTo_phoneNumber] => 
    [param3] => 
    [resmsg] => Success!!
    [param1] => https://www.seoulperlife.com/checkout/
    [rescode] => 0000
    [param2] => 
    [fgkey] => F3DCD41EBA7BBCBC6F814978A333C8DD5B6FEB26AF164D67B7D15820E8A5F6EE
    [txntype] => PAYMENT
    [foreigncur] => 
    [baseamt] => 
    [status] => Registered
    [woocommerce-login-nonce] => 
    [_wpnonce] => 
    [woocommerce-reset-password-nonce] => 
)

09-23-2020 @ 12:07:18 - Process Payment Response : return
09-23-2020 @ 12:07:18 - Array
(
    [type] => return
    [baserate] => 
    [cur] => JPY
    [shipTo_lastName] => 
    [resdt] => 20200923120713
    [foreignrate] => 
    [mid] => 2C3CBCF133
    [amt] => 930
    [shipTo_state] => 
    [accesscountry] => KR
    [ref] => 169882_200923_030706
    [paymethod] => P006
    [shipTo_city] => 
    [shipTo_street1] => 
    [shipTo_postalCode] => 
    [shipTo_country] => 
    [email] => seoullife@ddpac.co.kr
    [ver] => 230
    [foreignamt] => 
    [basecur] => 
    [dccrate] => 
    [transid] => 2C3CBCF13320200923000006
    [shipTo_firstName] => 
    [paymentURL] => https://www5.econ.ne.jp/pay/p_paymain.aspx?odrno=8a867573888087758884757987848b7706
    [shipTo_phoneNumber] => 
    [param3] => 
    [resmsg] => Success!!
    [param1] => https://www.seoulperlife.com/checkout/
    [rescode] => 0000
    [param2] => 
    [fgkey] => F3DCD41EBA7BBCBC6F814978A333C8DD5B6FEB26AF164D67B7D15820E8A5F6EE
    [txntype] => PAYMENT
    [foreigncur] => 
    [baseamt] => 
    [status] => Registered
    [woocommerce-login-nonce] => 
    [_wpnonce] => 
    [woocommerce-reset-password-nonce] => 
)

09-23-2020 @ 12:07:18 - Process Payment Response : finish
09-23-2020 @ 12:07:18 - Array
(
    [type] => finish
    [baserate] => 
    [cur] => JPY
    [shipTo_lastName] => 
    [resdt] => 20200923120713
    [foreignrate] => 
    [mid] => 2C3CBCF133
    [amt] => 930
    [shipTo_state] => 
    [accesscountry] => KR
    [ref] => 169882_200923_030706
    [paymethod] => P006
    [shipTo_city] => 
    [shipTo_street1] => 
    [shipTo_postalCode] => 
    [shipTo_country] => 
    [email] => seoullife@ddpac.co.kr
    [ver] => 230
    [foreignamt] => 
    [basecur] => 
    [dccrate] => 
    [transid] => 2C3CBCF13320200923000006
    [shipTo_firstName] => 
    [paymentURL] => https://www5.econ.ne.jp/pay/p_paymain.aspx?odrno=8a867573888087758884757987848b7706
    [shipTo_phoneNumber] => 
    [param3] => 
    [resmsg] => Success!!
    [param1] => https://www.seoulperlife.com/checkout/
    [rescode] => 0000
    [param2] => 
    [fgkey] => F3DCD41EBA7BBCBC6F814978A333C8DD5B6FEB26AF164D67B7D15820E8A5F6EE
    [txntype] => PAYMENT
    [foreigncur] => 
    [baseamt] => 
    [status] => Registered
    [woocommerce-reset-password-nonce] => 
    [woocommerce-login-nonce] => 
    [_wpnonce] => 
)

09-23-2020 @ 14:17:09 - Process Payment Response : request
09-23-2020 @ 14:17:09 - Array
(
    [type] => request
    [ver] => 230
    [txntype] => PAYMENT
    [charset] => UTF-8
    [statusurl] => https://www.seoulperlife.com/wc-api/WC_Gateway_Eximbay_Easypay?type=status
    [returnurl] => https://www.seoulperlife.com/wc-api/WC_Gateway_Eximbay_Easypay?type=return
    [rescode] => 
    [resmsg] => 
    [mid] => 2C3CBCF133
    [ref] => 169909_200923_051708
    [ostype] => M
    [displaytype] => P
    [cur] => JPY
    [amt] => 12688
    [shop] => SEOUL LIFE
    [buyer] => 田村すが
    [email] => lilyjoon.s919@icloud.com
    [tel] => 09057125643
    [lang] => JP
    [paymethod] => 
    [item_0_product] => 【メディヒール】MEDIHEAL N.M.F アクアリング アンプルマスク 27ml 10枚+2枚プレゼント 외 2건
    [param1] => https://www.seoulperlife.com/checkout/
    [param2] => 
    [param3] => 
    [autoclose] => Y
    [tokenBilling] => N
    [woocommerce-login-nonce] => 
    [_wpnonce] => 
    [woocommerce-reset-password-nonce] => 
)

09-23-2020 @ 14:17:54 - Process Payment Response : status
09-23-2020 @ 14:17:54 - Array
(
    [type] => status
    [baserate] => 
    [cur] => JPY
    [shipTo_lastName] => 
    [resdt] => 20200923141754
    [foreignrate] => 
    [mid] => 2C3CBCF133
    [amt] => 12688
    [shipTo_state] => 
    [accesscountry] => JP
    [ref] => 169909_200923_051708
    [paymethod] => P006
    [shipTo_city] => 
    [shipTo_street1] => 
    [shipTo_postalCode] => 
    [shipTo_country] => 
    [email] => lilyjoon.s919@icloud.com
    [ver] => 230
    [foreignamt] => 
    [basecur] => 
    [dccrate] => 
    [transid] => 2C3CBCF13320200923000007
    [shipTo_firstName] => 
    [paymentURL] => https://www5.econ.ne.jp/pay/p_paymain.aspx?odrno=77757f7e8d778b8475737f868d7d888700
    [shipTo_phoneNumber] => 
    [param3] => 
    [resmsg] => success!
    [param1] => https://www.seoulperlife.com/checkout/
    [rescode] => 0000
    [param2] => 
    [fgkey] => D6C0341307D1C82F434B02A731D1DC1E07DFC700868BDB45D291AE4B2C7E76DD
    [txntype] => PAYMENT
    [foreigncur] => 
    [baseamt] => 
    [status] => Registered
    [woocommerce-login-nonce] => 
    [_wpnonce] => 
    [woocommerce-reset-password-nonce] => 
)

09-23-2020 @ 14:17:59 - Process Payment Response : return
09-23-2020 @ 14:17:59 - Array
(
    [type] => return
    [baserate] => 
    [cur] => JPY
    [shipTo_lastName] => 
    [resdt] => 20200923141754
    [foreignrate] => 
    [mid] => 2C3CBCF133
    [amt] => 12688
    [shipTo_state] => 
    [accesscountry] => JP
    [ref] => 169909_200923_051708
    [paymethod] => P006
    [shipTo_city] => 
    [shipTo_street1] => 
    [shipTo_postalCode] => 
    [shipTo_country] => 
    [email] => lilyjoon.s919@icloud.com
    [ver] => 230
    [foreignamt] => 
    [basecur] => 
    [dccrate] => 
    [transid] => 2C3CBCF13320200923000007
    [shipTo_firstName] => 
    [paymentURL] => https://www5.econ.ne.jp/pay/p_paymain.aspx?odrno=77757f7e8d778b8475737f868d7d888700
    [shipTo_phoneNumber] => 
    [param3] => 
    [resmsg] => success!
    [param1] => https://www.seoulperlife.com/checkout/
    [rescode] => 0000
    [param2] => 
    [fgkey] => D6C0341307D1C82F434B02A731D1DC1E07DFC700868BDB45D291AE4B2C7E76DD
    [txntype] => PAYMENT
    [foreigncur] => 
    [baseamt] => 
    [status] => Registered
    [woocommerce-login-nonce] => 
    [_wpnonce] => 
    [woocommerce-reset-password-nonce] => 
)

09-23-2020 @ 14:18:00 - Process Payment Response : finish
09-23-2020 @ 14:18:00 - Array
(
    [type] => finish
    [baserate] => 
    [cur] => JPY
    [shipTo_lastName] => 
    [resdt] => 20200923141754
    [foreignrate] => 
    [mid] => 2C3CBCF133
    [amt] => 12688
    [shipTo_state] => 
    [accesscountry] => JP
    [ref] => 169909_200923_051708
    [paymethod] => P006
    [shipTo_city] => 
    [shipTo_street1] => 
    [shipTo_postalCode] => 
    [shipTo_country] => 
    [email] => lilyjoon.s919@icloud.com
    [ver] => 230
    [foreignamt] => 
    [basecur] => 
    [dccrate] => 
    [transid] => 2C3CBCF13320200923000007
    [shipTo_firstName] => 
    [paymentURL] => https://www5.econ.ne.jp/pay/p_paymain.aspx?odrno=77757f7e8d778b8475737f868d7d888700
    [shipTo_phoneNumber] => 
    [param3] => 
    [resmsg] => success!
    [param1] => https://www.seoulperlife.com/checkout/
    [rescode] => 0000
    [param2] => 
    [fgkey] => D6C0341307D1C82F434B02A731D1DC1E07DFC700868BDB45D291AE4B2C7E76DD
    [txntype] => PAYMENT
    [foreigncur] => 
    [baseamt] => 
    [status] => Registered
    [woocommerce-reset-password-nonce] => 
    [woocommerce-login-nonce] => 
    [_wpnonce] => 
)

09-23-2020 @ 14:21:29 - Process Payment Response : return
09-23-2020 @ 14:21:29 - Array
(
    [type] => return
    [baserate] => 
    [cur] => JPY
    [shipTo_lastName] => 
    [resdt] => 20200923141754
    [foreignrate] => 
    [mid] => 2C3CBCF133
    [amt] => 12688
    [shipTo_state] => 
    [accesscountry] => JP
    [ref] => 169909_200923_051708
    [paymethod] => P006
    [shipTo_city] => 
    [shipTo_street1] => 
    [shipTo_postalCode] => 
    [shipTo_country] => 
    [email] => lilyjoon.s919@icloud.com
    [ver] => 230
    [foreignamt] => 
    [basecur] => 
    [dccrate] => 
    [transid] => 2C3CBCF13320200923000007
    [shipTo_firstName] => 
    [paymentURL] => https://www5.econ.ne.jp/pay/p_paymain.aspx?odrno=77757f7e8d778b8475737f868d7d888700
    [shipTo_phoneNumber] => 
    [param3] => 
    [resmsg] => success!
    [param1] => https://www.seoulperlife.com/checkout/
    [rescode] => 0000
    [param2] => 
    [fgkey] => D6C0341307D1C82F434B02A731D1DC1E07DFC700868BDB45D291AE4B2C7E76DD
    [txntype] => PAYMENT
    [foreigncur] => 
    [baseamt] => 
    [status] => Registered
    [woocommerce-login-nonce] => 
    [_wpnonce] => 
    [woocommerce-reset-password-nonce] => 
)

09-23-2020 @ 14:21:30 - Process Payment Response : finish
09-23-2020 @ 14:21:30 - Array
(
    [type] => finish
    [baserate] => 
    [cur] => JPY
    [shipTo_lastName] => 
    [resdt] => 20200923141754
    [foreignrate] => 
    [mid] => 2C3CBCF133
    [amt] => 12688
    [shipTo_state] => 
    [accesscountry] => JP
    [ref] => 169909_200923_051708
    [paymethod] => P006
    [shipTo_city] => 
    [shipTo_street1] => 
    [shipTo_postalCode] => 
    [shipTo_country] => 
    [email] => lilyjoon.s919@icloud.com
    [ver] => 230
    [foreignamt] => 
    [basecur] => 
    [dccrate] => 
    [transid] => 2C3CBCF13320200923000007
    [shipTo_firstName] => 
    [paymentURL] => https://www5.econ.ne.jp/pay/p_paymain.aspx?odrno=77757f7e8d778b8475737f868d7d888700
    [shipTo_phoneNumber] => 
    [param3] => 
    [resmsg] => success!
    [param1] => https://www.seoulperlife.com/checkout/
    [rescode] => 0000
    [param2] => 
    [fgkey] => D6C0341307D1C82F434B02A731D1DC1E07DFC700868BDB45D291AE4B2C7E76DD
    [txntype] => PAYMENT
    [foreigncur] => 
    [baseamt] => 
    [status] => Registered
    [woocommerce-reset-password-nonce] => 
    [woocommerce-login-nonce] => 
    [_wpnonce] => 
)

09-23-2020 @ 14:22:16 - Process Payment Response : return
09-23-2020 @ 14:22:16 - Array
(
    [type] => return
    [baserate] => 
    [cur] => JPY
    [shipTo_lastName] => 
    [resdt] => 20200923141754
    [foreignrate] => 
    [mid] => 2C3CBCF133
    [amt] => 12688
    [shipTo_state] => 
    [accesscountry] => JP
    [ref] => 169909_200923_051708
    [paymethod] => P006
    [shipTo_city] => 
    [shipTo_street1] => 
    [shipTo_postalCode] => 
    [shipTo_country] => 
    [email] => lilyjoon.s919@icloud.com
    [ver] => 230
    [foreignamt] => 
    [basecur] => 
    [dccrate] => 
    [transid] => 2C3CBCF13320200923000007
    [shipTo_firstName] => 
    [paymentURL] => https://www5.econ.ne.jp/pay/p_paymain.aspx?odrno=77757f7e8d778b8475737f868d7d888700
    [shipTo_phoneNumber] => 
    [param3] => 
    [resmsg] => success!
    [param1] => https://www.seoulperlife.com/checkout/
    [rescode] => 0000
    [param2] => 
    [fgkey] => D6C0341307D1C82F434B02A731D1DC1E07DFC700868BDB45D291AE4B2C7E76DD
    [txntype] => PAYMENT
    [foreigncur] => 
    [baseamt] => 
    [status] => Registered
    [woocommerce-login-nonce] => 
    [_wpnonce] => 
    [woocommerce-reset-password-nonce] => 
)

09-23-2020 @ 14:22:17 - Process Payment Response : finish
09-23-2020 @ 14:22:17 - Array
(
    [type] => finish
    [baserate] => 
    [cur] => JPY
    [shipTo_lastName] => 
    [resdt] => 20200923141754
    [foreignrate] => 
    [mid] => 2C3CBCF133
    [amt] => 12688
    [shipTo_state] => 
    [accesscountry] => JP
    [ref] => 169909_200923_051708
    [paymethod] => P006
    [shipTo_city] => 
    [shipTo_street1] => 
    [shipTo_postalCode] => 
    [shipTo_country] => 
    [email] => lilyjoon.s919@icloud.com
    [ver] => 230
    [foreignamt] => 
    [basecur] => 
    [dccrate] => 
    [transid] => 2C3CBCF13320200923000007
    [shipTo_firstName] => 
    [paymentURL] => https://www5.econ.ne.jp/pay/p_paymain.aspx?odrno=77757f7e8d778b8475737f868d7d888700
    [shipTo_phoneNumber] => 
    [param3] => 
    [resmsg] => success!
    [param1] => https://www.seoulperlife.com/checkout/
    [rescode] => 0000
    [param2] => 
    [fgkey] => D6C0341307D1C82F434B02A731D1DC1E07DFC700868BDB45D291AE4B2C7E76DD
    [txntype] => PAYMENT
    [foreigncur] => 
    [baseamt] => 
    [status] => Registered
    [woocommerce-reset-password-nonce] => 
    [woocommerce-login-nonce] => 
    [_wpnonce] => 
)

09-23-2020 @ 14:22:42 - Process Payment Response : return
09-23-2020 @ 14:22:42 - Array
(
    [type] => return
    [baserate] => 
    [cur] => JPY
    [shipTo_lastName] => 
    [resdt] => 20200923141754
    [foreignrate] => 
    [mid] => 2C3CBCF133
    [amt] => 12688
    [shipTo_state] => 
    [accesscountry] => JP
    [ref] => 169909_200923_051708
    [paymethod] => P006
    [shipTo_city] => 
    [shipTo_street1] => 
    [shipTo_postalCode] => 
    [shipTo_country] => 
    [email] => lilyjoon.s919@icloud.com
    [ver] => 230
    [foreignamt] => 
    [basecur] => 
    [dccrate] => 
    [transid] => 2C3CBCF13320200923000007
    [shipTo_firstName] => 
    [paymentURL] => https://www5.econ.ne.jp/pay/p_paymain.aspx?odrno=77757f7e8d778b8475737f868d7d888700
    [shipTo_phoneNumber] => 
    [param3] => 
    [resmsg] => success!
    [param1] => https://www.seoulperlife.com/checkout/
    [rescode] => 0000
    [param2] => 
    [fgkey] => D6C0341307D1C82F434B02A731D1DC1E07DFC700868BDB45D291AE4B2C7E76DD
    [txntype] => PAYMENT
    [foreigncur] => 
    [baseamt] => 
    [status] => Registered
    [woocommerce-login-nonce] => 
    [_wpnonce] => 
    [woocommerce-reset-password-nonce] => 
)

09-23-2020 @ 14:22:42 - Process Payment Response : finish
09-23-2020 @ 14:22:42 - Array
(
    [type] => finish
    [baserate] => 
    [cur] => JPY
    [shipTo_lastName] => 
    [resdt] => 20200923141754
    [foreignrate] => 
    [mid] => 2C3CBCF133
    [amt] => 12688
    [shipTo_state] => 
    [accesscountry] => JP
    [ref] => 169909_200923_051708
    [paymethod] => P006
    [shipTo_city] => 
    [shipTo_street1] => 
    [shipTo_postalCode] => 
    [shipTo_country] => 
    [email] => lilyjoon.s919@icloud.com
    [ver] => 230
    [foreignamt] => 
    [basecur] => 
    [dccrate] => 
    [transid] => 2C3CBCF13320200923000007
    [shipTo_firstName] => 
    [paymentURL] => https://www5.econ.ne.jp/pay/p_paymain.aspx?odrno=77757f7e8d778b8475737f868d7d888700
    [shipTo_phoneNumber] => 
    [param3] => 
    [resmsg] => success!
    [param1] => https://www.seoulperlife.com/checkout/
    [rescode] => 0000
    [param2] => 
    [fgkey] => D6C0341307D1C82F434B02A731D1DC1E07DFC700868BDB45D291AE4B2C7E76DD
    [txntype] => PAYMENT
    [foreigncur] => 
    [baseamt] => 
    [status] => Registered
    [woocommerce-reset-password-nonce] => 
    [woocommerce-login-nonce] => 
    [_wpnonce] => 
)

09-23-2020 @ 14:22:45 - Process Payment Response : request
09-23-2020 @ 14:22:45 - Array
(
    [type] => request
    [ver] => 230
    [txntype] => PAYMENT
    [charset] => UTF-8
    [statusurl] => https://www.seoulperlife.com/wc-api/WC_Gateway_Eximbay_Easypay?type=status
    [returnurl] => https://www.seoulperlife.com/wc-api/WC_Gateway_Eximbay_Easypay?type=return
    [rescode] => 
    [resmsg] => 
    [mid] => 2C3CBCF133
    [ref] => 169909_200923_051708
    [ostype] => M
    [displaytype] => P
    [cur] => JPY
    [amt] => 12688
    [shop] => SEOUL LIFE
    [buyer] => 田村すが
    [email] => lilyjoon.s919@icloud.com
    [tel] => 09057125643
    [lang] => JP
    [paymethod] => 
    [item_0_product] => 【メディヒール】MEDIHEAL N.M.F アクアリング アンプルマスク 27ml 10枚+2枚プレゼント 외 2건
    [param1] => https://www.seoulperlife.com/checkout/
    [param2] => 
    [param3] => 
    [autoclose] => Y
    [tokenBilling] => N
    [woocommerce-login-nonce] => 
    [_wpnonce] => 
    [woocommerce-reset-password-nonce] => 
)

09-23-2020 @ 16:54:01 - Process Payment Response : request
09-23-2020 @ 16:54:01 - Array
(
    [type] => request
    [ver] => 230
    [txntype] => PAYMENT
    [charset] => UTF-8
    [statusurl] => https://www.seoulperlife.com/wc-api/WC_Gateway_Eximbay_Easypay?type=status
    [returnurl] => https://www.seoulperlife.com/wc-api/WC_Gateway_Eximbay_Easypay?type=return
    [rescode] => 
    [resmsg] => 
    [mid] => 2C3CBCF133
    [ref] => 170053_200923_075400
    [ostype] => M
    [displaytype] => P
    [cur] => JPY
    [amt] => 5625
    [shop] => SEOUL LIFE
    [buyer] => 真奈美余語
    [email] => nanamomoyogo9@gmail.com
    [tel] => 09099290453
    [lang] => JP
    [paymethod] => 
    [item_0_product] => 【エチュードハウス】ETUDE HOUSE ダブルラスティングファンデーション SPF35/PA++ 30g 6 種 - ニュートラルバニラ 외 5건
    [param1] => https://www.seoulperlife.com/checkout/
    [param2] => 
    [param3] => 
    [autoclose] => Y
    [tokenBilling] => N
    [woocommerce-login-nonce] => 
    [_wpnonce] => 
    [woocommerce-reset-password-nonce] => 
)

09-23-2020 @ 16:54:41 - Process Payment Response : status
09-23-2020 @ 16:54:41 - Array
(
    [type] => status
    [baserate] => 
    [cur] => JPY
    [shipTo_lastName] => 
    [resdt] => 20200923165440
    [foreignrate] => 
    [mid] => 2C3CBCF133
    [amt] => 5625
    [shipTo_state] => 
    [accesscountry] => JP
    [ref] => 170053_200923_075400
    [paymethod] => P006
    [shipTo_city] => 
    [shipTo_street1] => 
    [shipTo_postalCode] => 
    [shipTo_country] => 
    [email] => nanamomoyogo9@gmail.com
    [ver] => 230
    [foreignamt] => 
    [basecur] => 
    [dccrate] => 
    [transid] => 2C3CBCF13320200923000008
    [shipTo_firstName] => 
    [paymentURL] => https://www5.econ.ne.jp/pay/p_paymain.aspx?odrno=8677737f878678888475748183897d9007
    [shipTo_phoneNumber] => 
    [param3] => 
    [resmsg] => success!
    [param1] => https://www.seoulperlife.com/checkout/
    [rescode] => 0000
    [param2] => 
    [fgkey] => D3BF63E11226173FD2ECEF5D080DA9068D81ADC236D42483BA7DD56F0638932D
    [txntype] => PAYMENT
    [foreigncur] => 
    [baseamt] => 
    [status] => Registered
    [woocommerce-login-nonce] => 
    [_wpnonce] => 
    [woocommerce-reset-password-nonce] => 
)

09-23-2020 @ 16:54:47 - Process Payment Response : return
09-23-2020 @ 16:54:47 - Array
(
    [type] => return
    [baserate] => 
    [cur] => JPY
    [shipTo_lastName] => 
    [resdt] => 20200923165440
    [foreignrate] => 
    [mid] => 2C3CBCF133
    [amt] => 5625
    [shipTo_state] => 
    [accesscountry] => JP
    [ref] => 170053_200923_075400
    [paymethod] => P006
    [shipTo_city] => 
    [shipTo_street1] => 
    [shipTo_postalCode] => 
    [shipTo_country] => 
    [email] => nanamomoyogo9@gmail.com
    [ver] => 230
    [foreignamt] => 
    [basecur] => 
    [dccrate] => 
    [transid] => 2C3CBCF13320200923000008
    [shipTo_firstName] => 
    [paymentURL] => https://www5.econ.ne.jp/pay/p_paymain.aspx?odrno=8677737f878678888475748183897d9007
    [shipTo_phoneNumber] => 
    [param3] => 
    [resmsg] => success!
    [param1] => https://www.seoulperlife.com/checkout/
    [rescode] => 0000
    [param2] => 
    [fgkey] => D3BF63E11226173FD2ECEF5D080DA9068D81ADC236D42483BA7DD56F0638932D
    [txntype] => PAYMENT
    [foreigncur] => 
    [baseamt] => 
    [status] => Registered
    [woocommerce-login-nonce] => 
    [_wpnonce] => 
    [woocommerce-reset-password-nonce] => 
)

09-23-2020 @ 16:54:47 - Process Payment Response : finish
09-23-2020 @ 16:54:47 - Array
(
    [type] => finish
    [baserate] => 
    [cur] => JPY
    [shipTo_lastName] => 
    [resdt] => 20200923165440
    [foreignrate] => 
    [mid] => 2C3CBCF133
    [amt] => 5625
    [shipTo_state] => 
    [accesscountry] => JP
    [ref] => 170053_200923_075400
    [paymethod] => P006
    [shipTo_city] => 
    [shipTo_street1] => 
    [shipTo_postalCode] => 
    [shipTo_country] => 
    [email] => nanamomoyogo9@gmail.com
    [ver] => 230
    [foreignamt] => 
    [basecur] => 
    [dccrate] => 
    [transid] => 2C3CBCF13320200923000008
    [shipTo_firstName] => 
    [paymentURL] => https://www5.econ.ne.jp/pay/p_paymain.aspx?odrno=8677737f878678888475748183897d9007
    [shipTo_phoneNumber] => 
    [param3] => 
    [resmsg] => success!
    [param1] => https://www.seoulperlife.com/checkout/
    [rescode] => 0000
    [param2] => 
    [fgkey] => D3BF63E11226173FD2ECEF5D080DA9068D81ADC236D42483BA7DD56F0638932D
    [txntype] => PAYMENT
    [foreigncur] => 
    [baseamt] => 
    [status] => Registered
    [woocommerce-reset-password-nonce] => 
    [woocommerce-login-nonce] => 
    [_wpnonce] => 
)

09-23-2020 @ 17:05:31 - Process Payment Response : status
09-23-2020 @ 17:05:31 - Array
(
    [type] => status
    [baserate] => 
    [cur] => JPY
    [shipTo_lastName] => 
    [resdt] => 20200923170531
    [foreignrate] => 
    [mid] => 2C3CBCF133
    [amt] => 12688.0
    [shipTo_state] => 
    [accesscountry] => JP
    [ref] => 169909_200923_051708
    [paymethod] => P006
    [shipTo_city] => 
    [shipTo_street1] => 
    [shipTo_postalCode] => 
    [shipTo_country] => 
    [email] => lilyjoon.s919@icloud.com
    [ver] => 230
    [foreignamt] => 
    [basecur] => 
    [dccrate] => 
    [transid] => 2C3CBCF13320200923000007
    [shipTo_firstName] => 
    [paymentURL] => 
    [shipTo_phoneNumber] => 
    [param3] => 
    [resmsg] => Success!!
    [param1] => https://www.seoulperlife.com/checkout/
    [rescode] => 0000
    [param2] => 
    [fgkey] => 0F49F10E6A7E284DA94206CB7E6FDB954C6B9136247C2DA144839B97B54F9CFC
    [txntype] => PAYMENT
    [foreigncur] => 
    [baseamt] => 
    [status] => Sale
    [woocommerce-login-nonce] => 
    [_wpnonce] => 
    [woocommerce-reset-password-nonce] => 
)

09-23-2020 @ 19:43:09 - Process Payment Response : request
09-23-2020 @ 19:43:09 - Array
(
    [type] => request
    [ver] => 230
    [txntype] => PAYMENT
    [charset] => UTF-8
    [statusurl] => https://www.seoulperlife.com/wc-api/WC_Gateway_Eximbay_Easypay?type=status
    [returnurl] => https://www.seoulperlife.com/wc-api/WC_Gateway_Eximbay_Easypay?type=return
    [rescode] => 
    [resmsg] => 
    [mid] => 2C3CBCF133
    [ref] => 170177_200923_104307
    [ostype] => M
    [displaytype] => P
    [cur] => JPY
    [amt] => 4680
    [shop] => SEOUL LIFE
    [buyer] => 佐藤桃香
    [email] => sato.momoka.1018@gmail.com
    [tel] => 09056242972
    [lang] => JP
    [paymethod] => 
    [item_0_product] => 【イニスフリー】innisfree スパー火山ソンイ ポア クレイ マスク ２X 100ml 외 3건
    [param1] => https://www.seoulperlife.com/checkout/
    [param2] => 
    [param3] => 
    [autoclose] => Y
    [tokenBilling] => N
    [woocommerce-login-nonce] => 
    [_wpnonce] => 
    [woocommerce-reset-password-nonce] => 
)

09-23-2020 @ 19:43:23 - Process Payment Response : status
09-23-2020 @ 19:43:23 - Array
(
    [type] => status
    [baserate] => 
    [cur] => JPY
    [shipTo_lastName] => 
    [resdt] => 20200923194323
    [foreignrate] => 
    [mid] => 2C3CBCF133
    [amt] => 4680
    [shipTo_state] => 
    [accesscountry] => JP
    [ref] => 170177_200923_104307
    [paymethod] => P006
    [shipTo_city] => 
    [shipTo_street1] => 
    [shipTo_postalCode] => 
    [shipTo_country] => 
    [email] => sato.momoka.1018@gmail.com
    [ver] => 230
    [foreignamt] => 
    [basecur] => 
    [dccrate] => 
    [transid] => 2C3CBCF13320200923000009
    [shipTo_firstName] => 
    [paymentURL] => https://www5.econ.ne.jp/pay/p_paymain.aspx?odrno=77757f7e8d778b847573808586788e8700
    [shipTo_phoneNumber] => 
    [param3] => 
    [resmsg] => success!
    [param1] => https://www.seoulperlife.com/checkout/
    [rescode] => 0000
    [param2] => 
    [fgkey] => 06F428E80F20A0FF37562A4C1F220709DA2687E423A0C7FC89B230CD89651677
    [txntype] => PAYMENT
    [foreigncur] => 
    [baseamt] => 
    [status] => Registered
    [woocommerce-login-nonce] => 
    [_wpnonce] => 
    [woocommerce-reset-password-nonce] => 
)

09-23-2020 @ 19:43:29 - Process Payment Response : return
09-23-2020 @ 19:43:29 - Array
(
    [type] => return
    [baserate] => 
    [cur] => JPY
    [shipTo_lastName] => 
    [resdt] => 20200923194323
    [foreignrate] => 
    [mid] => 2C3CBCF133
    [amt] => 4680
    [shipTo_state] => 
    [accesscountry] => JP
    [ref] => 170177_200923_104307
    [paymethod] => P006
    [shipTo_city] => 
    [shipTo_street1] => 
    [shipTo_postalCode] => 
    [shipTo_country] => 
    [email] => sato.momoka.1018@gmail.com
    [ver] => 230
    [foreignamt] => 
    [basecur] => 
    [dccrate] => 
    [transid] => 2C3CBCF13320200923000009
    [shipTo_firstName] => 
    [paymentURL] => https://www5.econ.ne.jp/pay/p_paymain.aspx?odrno=77757f7e8d778b847573808586788e8700
    [shipTo_phoneNumber] => 
    [param3] => 
    [resmsg] => success!
    [param1] => https://www.seoulperlife.com/checkout/
    [rescode] => 0000
    [param2] => 
    [fgkey] => 06F428E80F20A0FF37562A4C1F220709DA2687E423A0C7FC89B230CD89651677
    [txntype] => PAYMENT
    [foreigncur] => 
    [baseamt] => 
    [status] => Registered
    [woocommerce-login-nonce] => 
    [_wpnonce] => 
    [woocommerce-reset-password-nonce] => 
)

09-23-2020 @ 19:43:29 - Process Payment Response : finish
09-23-2020 @ 19:43:29 - Array
(
    [type] => finish
    [baserate] => 
    [cur] => JPY
    [shipTo_lastName] => 
    [resdt] => 20200923194323
    [foreignrate] => 
    [mid] => 2C3CBCF133
    [amt] => 4680
    [shipTo_state] => 
    [accesscountry] => JP
    [ref] => 170177_200923_104307
    [paymethod] => P006
    [shipTo_city] => 
    [shipTo_street1] => 
    [shipTo_postalCode] => 
    [shipTo_country] => 
    [email] => sato.momoka.1018@gmail.com
    [ver] => 230
    [foreignamt] => 
    [basecur] => 
    [dccrate] => 
    [transid] => 2C3CBCF13320200923000009
    [shipTo_firstName] => 
    [paymentURL] => https://www5.econ.ne.jp/pay/p_paymain.aspx?odrno=77757f7e8d778b847573808586788e8700
    [shipTo_phoneNumber] => 
    [param3] => 
    [resmsg] => success!
    [param1] => https://www.seoulperlife.com/checkout/
    [rescode] => 0000
    [param2] => 
    [fgkey] => 06F428E80F20A0FF37562A4C1F220709DA2687E423A0C7FC89B230CD89651677
    [txntype] => PAYMENT
    [foreigncur] => 
    [baseamt] => 
    [status] => Registered
    [woocommerce-reset-password-nonce] => 
    [woocommerce-login-nonce] => 
    [_wpnonce] => 
)

