10-06-2020 @ 18:21:32 - Process Payment Response : request
10-06-2020 @ 18:21:32 - Array
(
    [type] => request
    [ver] => 230
    [txntype] => PAYMENT
    [charset] => UTF-8
    [statusurl] => https://www.seoulperlife.com/wc-api/WC_Gateway_Eximbay_Easypay?type=status
    [returnurl] => https://www.seoulperlife.com/wc-api/WC_Gateway_Eximbay_Easypay?type=return
    [rescode] => 
    [resmsg] => 
    [mid] => 2C3CBCF133
    [ref] => 171119_201006_092132
    [ostype] => M
    [displaytype] => P
    [cur] => JPY
    [amt] => 5780
    [shop] => SEOUL LIFE
    [buyer] => 板垣美香
    [email] => mmm_gd8@yahoo.co.jp
    [tel] => 08012326127
    [lang] => JP
    [paymethod] => 
    [item_0_product] => 【イニスフリー】innisfree グリーン ティー シード スキン 200ml​ 외 2건
    [param1] => https://www.seoulperlife.com/checkout/
    [param2] => 
    [param3] => 
    [autoclose] => Y
    [tokenBilling] => N
    [woocommerce-login-nonce] => 
    [_wpnonce] => 
    [woocommerce-reset-password-nonce] => 
)

10-06-2020 @ 18:21:48 - Process Payment Response : status
10-06-2020 @ 18:21:48 - Array
(
    [type] => status
    [baserate] => 
    [cur] => JPY
    [shipTo_lastName] => 
    [resdt] => 20201006182148
    [foreignrate] => 
    [mid] => 2C3CBCF133
    [amt] => 5780
    [shipTo_state] => 
    [accesscountry] => JP
    [ref] => 171119_201006_092132
    [paymethod] => P006
    [shipTo_city] => 
    [shipTo_street1] => 
    [shipTo_postalCode] => 
    [shipTo_country] => 
    [email] => mmm_gd8@yahoo.co.jp
    [ver] => 230
    [foreignamt] => 
    [basecur] => 
    [dccrate] => 
    [transid] => 2C3CBCF13320201006000001
    [shipTo_firstName] => 
    [paymentURL] => https://www5.econ.ne.jp/pay/p_paymain.aspx?odrno=778a8476737f84847588847e7884838905
    [shipTo_phoneNumber] => 
    [param3] => 
    [resmsg] => success!
    [param1] => https://www.seoulperlife.com/checkout/
    [rescode] => 0000
    [param2] => 
    [fgkey] => 4802B83A6CA1B96A3985BB99035CB554286827F2699EBD53E4BFD251CD2CEEBB
    [txntype] => PAYMENT
    [foreigncur] => 
    [baseamt] => 
    [status] => Registered
    [woocommerce-login-nonce] => 
    [_wpnonce] => 
    [woocommerce-reset-password-nonce] => 
)

10-06-2020 @ 18:21:54 - Process Payment Response : return
10-06-2020 @ 18:21:54 - Array
(
    [type] => return
    [baserate] => 
    [cur] => JPY
    [shipTo_lastName] => 
    [resdt] => 20201006182148
    [foreignrate] => 
    [mid] => 2C3CBCF133
    [amt] => 5780
    [shipTo_state] => 
    [accesscountry] => JP
    [ref] => 171119_201006_092132
    [paymethod] => P006
    [shipTo_city] => 
    [shipTo_street1] => 
    [shipTo_postalCode] => 
    [shipTo_country] => 
    [email] => mmm_gd8@yahoo.co.jp
    [ver] => 230
    [foreignamt] => 
    [basecur] => 
    [dccrate] => 
    [transid] => 2C3CBCF13320201006000001
    [shipTo_firstName] => 
    [paymentURL] => https://www5.econ.ne.jp/pay/p_paymain.aspx?odrno=778a8476737f84847588847e7884838905
    [shipTo_phoneNumber] => 
    [param3] => 
    [resmsg] => success!
    [param1] => https://www.seoulperlife.com/checkout/
    [rescode] => 0000
    [param2] => 
    [fgkey] => 4802B83A6CA1B96A3985BB99035CB554286827F2699EBD53E4BFD251CD2CEEBB
    [txntype] => PAYMENT
    [foreigncur] => 
    [baseamt] => 
    [status] => Registered
    [woocommerce-login-nonce] => 
    [_wpnonce] => 
    [woocommerce-reset-password-nonce] => 
)

10-06-2020 @ 18:21:55 - Process Payment Response : finish
10-06-2020 @ 18:21:55 - Array
(
    [type] => finish
    [baserate] => 
    [cur] => JPY
    [shipTo_lastName] => 
    [resdt] => 20201006182148
    [foreignrate] => 
    [mid] => 2C3CBCF133
    [amt] => 5780
    [shipTo_state] => 
    [accesscountry] => JP
    [ref] => 171119_201006_092132
    [paymethod] => P006
    [shipTo_city] => 
    [shipTo_street1] => 
    [shipTo_postalCode] => 
    [shipTo_country] => 
    [email] => mmm_gd8@yahoo.co.jp
    [ver] => 230
    [foreignamt] => 
    [basecur] => 
    [dccrate] => 
    [transid] => 2C3CBCF13320201006000001
    [shipTo_firstName] => 
    [paymentURL] => https://www5.econ.ne.jp/pay/p_paymain.aspx?odrno=778a8476737f84847588847e7884838905
    [shipTo_phoneNumber] => 
    [param3] => 
    [resmsg] => success!
    [param1] => https://www.seoulperlife.com/checkout/
    [rescode] => 0000
    [param2] => 
    [fgkey] => 4802B83A6CA1B96A3985BB99035CB554286827F2699EBD53E4BFD251CD2CEEBB
    [txntype] => PAYMENT
    [foreigncur] => 
    [baseamt] => 
    [status] => Registered
    [woocommerce-reset-password-nonce] => 
    [woocommerce-login-nonce] => 
    [_wpnonce] => 
)

10-06-2020 @ 21:07:34 - Process Payment Response : request
10-06-2020 @ 21:07:34 - Array
(
    [type] => request
    [ver] => 230
    [txntype] => PAYMENT
    [charset] => UTF-8
    [statusurl] => https://www.seoulperlife.com/wc-api/WC_Gateway_Eximbay_Easypay?type=status
    [returnurl] => https://www.seoulperlife.com/wc-api/WC_Gateway_Eximbay_Easypay?type=return
    [rescode] => 
    [resmsg] => 
    [mid] => 2C3CBCF133
    [ref] => 171136_201006_120733
    [ostype] => P
    [displaytype] => P
    [cur] => JPY
    [amt] => 4670
    [shop] => SEOUL LIFE
    [buyer] => 木村南々帆
    [email] => kimumi_nana@icloud.com
    [tel] => 07015178347
    [lang] => JP
    [paymethod] => 
    [item_0_product] => 【エチュードハウス】ETUDE HOUSE ダブルラスティングファンデーション SPF35/PA++ 30g 6 種 - ニュートラルバニラ 외 6건
    [param1] => https://www.seoulperlife.com/checkout/
    [param2] => 
    [param3] => 
    [autoclose] => Y
    [tokenBilling] => N
    [woocommerce-login-nonce] => 
    [_wpnonce] => 
    [woocommerce-reset-password-nonce] => 
)

10-06-2020 @ 21:07:45 - Process Payment Response : status
10-06-2020 @ 21:07:45 - Array
(
    [type] => status
    [baserate] => 
    [cur] => JPY
    [shipTo_lastName] => 
    [resdt] => 20201006210745
    [foreignrate] => 
    [mid] => 2C3CBCF133
    [amt] => 4670
    [shipTo_state] => 
    [accesscountry] => JP
    [ref] => 171136_201006_120733
    [paymethod] => P006
    [shipTo_city] => 
    [shipTo_street1] => 
    [shipTo_postalCode] => 
    [shipTo_country] => 
    [email] => kimumi_nana@icloud.com
    [ver] => 230
    [foreignamt] => 
    [basecur] => 
    [dccrate] => 
    [transid] => 2C3CBCF13320201006000002
    [shipTo_firstName] => 
    [paymentURL] => https://www5.econ.ne.jp/pay/p_paymain.aspx?odrno=8a8675747f7e8a7588847674837f8c7b06
    [shipTo_phoneNumber] => 
    [param3] => 
    [resmsg] => Success!!
    [param1] => https://www.seoulperlife.com/checkout/
    [rescode] => 0000
    [param2] => 
    [fgkey] => 7C2C94C8BE87EACB8BCA9610B99FF12EEE8A43F73930A99135C657056D50349C
    [txntype] => PAYMENT
    [foreigncur] => 
    [baseamt] => 
    [status] => Registered
    [woocommerce-login-nonce] => 
    [_wpnonce] => 
    [woocommerce-reset-password-nonce] => 
)

10-06-2020 @ 21:07:51 - Process Payment Response : return
10-06-2020 @ 21:07:51 - Array
(
    [type] => return
    [baserate] => 
    [cur] => JPY
    [shipTo_lastName] => 
    [resdt] => 20201006210745
    [foreignrate] => 
    [mid] => 2C3CBCF133
    [amt] => 4670
    [shipTo_state] => 
    [accesscountry] => JP
    [ref] => 171136_201006_120733
    [paymethod] => P006
    [shipTo_city] => 
    [shipTo_street1] => 
    [shipTo_postalCode] => 
    [shipTo_country] => 
    [email] => kimumi_nana@icloud.com
    [ver] => 230
    [foreignamt] => 
    [basecur] => 
    [dccrate] => 
    [transid] => 2C3CBCF13320201006000002
    [shipTo_firstName] => 
    [paymentURL] => https://www5.econ.ne.jp/pay/p_paymain.aspx?odrno=8a8675747f7e8a7588847674837f8c7b06
    [shipTo_phoneNumber] => 
    [param3] => 
    [resmsg] => Success!!
    [param1] => https://www.seoulperlife.com/checkout/
    [rescode] => 0000
    [param2] => 
    [fgkey] => 7C2C94C8BE87EACB8BCA9610B99FF12EEE8A43F73930A99135C657056D50349C
    [txntype] => PAYMENT
    [foreigncur] => 
    [baseamt] => 
    [status] => Registered
    [woocommerce-login-nonce] => 
    [_wpnonce] => 
    [woocommerce-reset-password-nonce] => 
)

10-06-2020 @ 21:07:51 - Process Payment Response : finish
10-06-2020 @ 21:07:51 - Array
(
    [type] => finish
    [baserate] => 
    [cur] => JPY
    [shipTo_lastName] => 
    [resdt] => 20201006210745
    [foreignrate] => 
    [mid] => 2C3CBCF133
    [amt] => 4670
    [shipTo_state] => 
    [accesscountry] => JP
    [ref] => 171136_201006_120733
    [paymethod] => P006
    [shipTo_city] => 
    [shipTo_street1] => 
    [shipTo_postalCode] => 
    [shipTo_country] => 
    [email] => kimumi_nana@icloud.com
    [ver] => 230
    [foreignamt] => 
    [basecur] => 
    [dccrate] => 
    [transid] => 2C3CBCF13320201006000002
    [shipTo_firstName] => 
    [paymentURL] => https://www5.econ.ne.jp/pay/p_paymain.aspx?odrno=8a8675747f7e8a7588847674837f8c7b06
    [shipTo_phoneNumber] => 
    [param3] => 
    [resmsg] => Success!!
    [param1] => https://www.seoulperlife.com/checkout/
    [rescode] => 0000
    [param2] => 
    [fgkey] => 7C2C94C8BE87EACB8BCA9610B99FF12EEE8A43F73930A99135C657056D50349C
    [txntype] => PAYMENT
    [foreigncur] => 
    [baseamt] => 
    [status] => Registered
    [woocommerce-reset-password-nonce] => 
    [woocommerce-login-nonce] => 
    [_wpnonce] => 
)

