11-05-2020 @ 12:36:26 - Process Payment Response : request
11-05-2020 @ 12:36:26 - Array
(
    [type] => request
    [ver] => 230
    [txntype] => PAYMENT
    [charset] => UTF-8
    [statusurl] => https://www.seoulperlife.com/wc-api/WC_Gateway_Eximbay_Easypay?type=status
    [returnurl] => https://www.seoulperlife.com/wc-api/WC_Gateway_Eximbay_Easypay?type=return
    [rescode] => 
    [resmsg] => 
    [mid] => 2C3CBCF133
    [ref] => 172949_201105_033626
    [ostype] => M
    [displaytype] => P
    [cur] => JPY
    [amt] => 5150
    [shop] => SEOUL LIFE
    [buyer] => 稲垣美有
    [email] => tobe0r.notto6e@i.softbank.jp
    [tel] => 0803643711
    [lang] => JP
    [paymethod] => 
    [item_0_product] => 【メディヒール】MEDIHEAL R:NA ブライトニング プロアティン マスクシート 25ml 1枚・5枚・10枚 - 5枚 외 3건
    [param1] => https://www.seoulperlife.com/checkout/
    [param2] => 
    [param3] => 
    [autoclose] => Y
    [tokenBilling] => N
    [woocommerce-login-nonce] => 
    [_wpnonce] => 
    [woocommerce-reset-password-nonce] => 
)

11-05-2020 @ 12:39:46 - Process Payment Response : status
11-05-2020 @ 12:39:46 - Array
(
    [type] => status
    [baserate] => 
    [cur] => JPY
    [dm_reject] => 
    [cardno1] => 4906
    [resdt] => 20201105123945
    [cardno4] => 1005
    [foreignrate] => 
    [mid] => 2C3CBCF133
    [amt] => 5150
    [accesscountry] => JP
    [ref] => 172949_201105_033626
    [paymethod] => P101
    [dm_review] => 
    [email] => tobe0r.notto6e@i.softbank.jp
    [ver] => 230
    [foreignamt] => 
    [basecur] => 
    [dccrate] => 
    [transid] => 2C3CBCF13320201105000001
    [dm_decision] => REJECT
    [param3] => 
    [resmsg] => The account number is invalid.
    [cardholder] => InagakiMiyu
    [param1] => https://www.seoulperlife.com/checkout/
    [rescode] => D231
    [param2] => 
    [authcode] => 
    [fgkey] => 2C1235C65EFEAD39C71D61F5FEC08393246C62A90B0379E6200DCD23E6C5F93E
    [txntype] => PAYMENT
    [foreigncur] => 
    [payto] => KRP*EXIMBAY
    [baseamt] => 
    [woocommerce-login-nonce] => 
    [_wpnonce] => 
    [woocommerce-reset-password-nonce] => 
)

11-05-2020 @ 12:39:49 - Process Payment Response : return
11-05-2020 @ 12:39:49 - Array
(
    [type] => return
    [baserate] => 
    [cur] => JPY
    [dm_reject] => 
    [cardno1] => 4906
    [resdt] => 20201105123945
    [cardno4] => 1005
    [foreignrate] => 
    [mid] => 2C3CBCF133
    [amt] => 5150
    [accesscountry] => JP
    [ref] => 172949_201105_033626
    [paymethod] => P101
    [dm_review] => 
    [email] => tobe0r.notto6e@i.softbank.jp
    [ver] => 230
    [foreignamt] => 
    [basecur] => 
    [dccrate] => 
    [transid] => 2C3CBCF13320201105000001
    [dm_decision] => REJECT
    [param3] => 
    [resmsg] => The account number is invalid.
    [cardholder] => InagakiMiyu
    [param1] => https://www.seoulperlife.com/checkout/
    [rescode] => D231
    [param2] => 
    [authcode] => 
    [fgkey] => 2C1235C65EFEAD39C71D61F5FEC08393246C62A90B0379E6200DCD23E6C5F93E
    [txntype] => PAYMENT
    [foreigncur] => 
    [payto] => KRP*EXIMBAY
    [baseamt] => 
    [woocommerce-login-nonce] => 
    [_wpnonce] => 
    [woocommerce-reset-password-nonce] => 
)

11-05-2020 @ 12:39:50 - Process Payment Response : finish
11-05-2020 @ 12:39:50 - Array
(
    [type] => finish
    [baserate] => 
    [cur] => JPY
    [dm_reject] => 
    [cardno1] => 4906
    [resdt] => 20201105123945
    [cardno4] => 1005
    [foreignrate] => 
    [mid] => 2C3CBCF133
    [amt] => 5150
    [accesscountry] => JP
    [ref] => 172949_201105_033626
    [paymethod] => P101
    [dm_review] => 
    [email] => tobe0r.notto6e@i.softbank.jp
    [ver] => 230
    [foreignamt] => 
    [basecur] => 
    [dccrate] => 
    [transid] => 2C3CBCF13320201105000001
    [dm_decision] => REJECT
    [param3] => 
    [resmsg] => The account number is invalid.
    [cardholder] => InagakiMiyu
    [param1] => https://www.seoulperlife.com/checkout/
    [rescode] => D231
    [param2] => 
    [authcode] => 
    [fgkey] => 2C1235C65EFEAD39C71D61F5FEC08393246C62A90B0379E6200DCD23E6C5F93E
    [txntype] => PAYMENT
    [foreigncur] => 
    [payto] => KRP*EXIMBAY
    [baseamt] => 
    [woocommerce-reset-password-nonce] => 
    [woocommerce-login-nonce] => 
    [_wpnonce] => 
)

11-05-2020 @ 12:40:14 - Process Payment Response : request
11-05-2020 @ 12:40:14 - Array
(
    [type] => request
    [ver] => 230
    [txntype] => PAYMENT
    [charset] => UTF-8
    [statusurl] => https://www.seoulperlife.com/wc-api/WC_Gateway_Eximbay_Easypay?type=status
    [returnurl] => https://www.seoulperlife.com/wc-api/WC_Gateway_Eximbay_Easypay?type=return
    [rescode] => 
    [resmsg] => 
    [mid] => 2C3CBCF133
    [ref] => 172949_201105_033626
    [ostype] => M
    [displaytype] => P
    [cur] => JPY
    [amt] => 5150
    [shop] => SEOUL LIFE
    [buyer] => 稲垣美有
    [email] => tobe0r.notto6e@i.softbank.jp
    [tel] => 0803643711
    [lang] => JP
    [paymethod] => 
    [item_0_product] => 【メディヒール】MEDIHEAL R:NA ブライトニング プロアティン マスクシート 25ml 1枚・5枚・10枚 - 5枚 외 3건
    [param1] => https://www.seoulperlife.com/checkout/
    [param2] => 
    [param3] => 
    [autoclose] => Y
    [tokenBilling] => N
    [woocommerce-login-nonce] => 
    [_wpnonce] => 
    [woocommerce-reset-password-nonce] => 
)

11-05-2020 @ 12:41:08 - Process Payment Response : return
11-05-2020 @ 12:41:08 - Array
(
    [type] => return
    [baserate] => 
    [cur] => JPY
    [dm_reject] => 
    [cardno1] => 4906
    [resdt] => 20201105123945
    [cardno4] => 1005
    [foreignrate] => 
    [mid] => 2C3CBCF133
    [amt] => 5150
    [accesscountry] => JP
    [ref] => 172949_201105_033626
    [paymethod] => P101
    [dm_review] => 
    [email] => tobe0r.notto6e@i.softbank.jp
    [ver] => 230
    [foreignamt] => 
    [basecur] => 
    [dccrate] => 
    [transid] => 2C3CBCF13320201105000001
    [dm_decision] => REJECT
    [param3] => 
    [resmsg] => The account number is invalid.
    [cardholder] => InagakiMiyu
    [param1] => https://www.seoulperlife.com/checkout/
    [rescode] => D231
    [param2] => 
    [authcode] => 
    [fgkey] => 2C1235C65EFEAD39C71D61F5FEC08393246C62A90B0379E6200DCD23E6C5F93E
    [txntype] => PAYMENT
    [foreigncur] => 
    [payto] => KRP*EXIMBAY
    [baseamt] => 
    [woocommerce-login-nonce] => 
    [_wpnonce] => 
    [woocommerce-reset-password-nonce] => 
)

11-05-2020 @ 12:41:09 - Process Payment Response : finish
11-05-2020 @ 12:41:09 - Array
(
    [type] => finish
    [baserate] => 
    [cur] => JPY
    [dm_reject] => 
    [cardno1] => 4906
    [resdt] => 20201105123945
    [cardno4] => 1005
    [foreignrate] => 
    [mid] => 2C3CBCF133
    [amt] => 5150
    [accesscountry] => JP
    [ref] => 172949_201105_033626
    [paymethod] => P101
    [dm_review] => 
    [email] => tobe0r.notto6e@i.softbank.jp
    [ver] => 230
    [foreignamt] => 
    [basecur] => 
    [dccrate] => 
    [transid] => 2C3CBCF13320201105000001
    [dm_decision] => REJECT
    [param3] => 
    [resmsg] => The account number is invalid.
    [cardholder] => InagakiMiyu
    [param1] => https://www.seoulperlife.com/checkout/
    [rescode] => D231
    [param2] => 
    [authcode] => 
    [fgkey] => 2C1235C65EFEAD39C71D61F5FEC08393246C62A90B0379E6200DCD23E6C5F93E
    [txntype] => PAYMENT
    [foreigncur] => 
    [payto] => KRP*EXIMBAY
    [baseamt] => 
    [woocommerce-reset-password-nonce] => 
    [woocommerce-login-nonce] => 
    [_wpnonce] => 
)

11-05-2020 @ 12:42:07 - Process Payment Response : request
11-05-2020 @ 12:42:07 - Array
(
    [type] => request
    [ver] => 230
    [txntype] => PAYMENT
    [charset] => UTF-8
    [statusurl] => https://www.seoulperlife.com/wc-api/WC_Gateway_Eximbay_Easypay?type=status
    [returnurl] => https://www.seoulperlife.com/wc-api/WC_Gateway_Eximbay_Easypay?type=return
    [rescode] => 
    [resmsg] => 
    [mid] => 2C3CBCF133
    [ref] => 172949_201105_033626
    [ostype] => M
    [displaytype] => P
    [cur] => JPY
    [amt] => 5150
    [shop] => SEOUL LIFE
    [buyer] => 稲垣美有
    [email] => tobe0r.notto6e@i.softbank.jp
    [tel] => 0803643711
    [lang] => JP
    [paymethod] => 
    [item_0_product] => 【メディヒール】MEDIHEAL R:NA ブライトニング プロアティン マスクシート 25ml 1枚・5枚・10枚 - 5枚 외 3건
    [param1] => https://www.seoulperlife.com/checkout/
    [param2] => 
    [param3] => 
    [autoclose] => Y
    [tokenBilling] => N
    [woocommerce-login-nonce] => 
    [_wpnonce] => 
    [woocommerce-reset-password-nonce] => 
)

11-05-2020 @ 12:43:17 - Process Payment Response : status
11-05-2020 @ 12:43:17 - Array
(
    [type] => status
    [baserate] => 
    [cur] => JPY
    [dm_reject] => 
    [cardno1] => 4906
    [resdt] => 20201105124316
    [cardno4] => 1005
    [foreignrate] => 
    [mid] => 2C3CBCF133
    [amt] => 5150
    [accesscountry] => JP
    [ref] => 172949_201105_033626
    [paymethod] => P101
    [dm_review] => 
    [email] => tobe0r.notto6e@i.softbank.jp
    [ver] => 230
    [foreignamt] => 
    [basecur] => 
    [dccrate] => 
    [transid] => 2C3CBCF13320201105000002
    [dm_decision] => ACCEPT
    [param3] => 
    [resmsg] => Success!!
    [cardholder] => InagakiMiyu
    [param1] => https://www.seoulperlife.com/checkout/
    [rescode] => 0000
    [param2] => 
    [authcode] => 004045
    [fgkey] => ADB87FCBADE576919FC67C2895740B76E9B54F1822534CD39165B652E3506051
    [txntype] => PAYMENT
    [foreigncur] => 
    [payto] => KRP*EXIMBAY
    [baseamt] => 
    [woocommerce-login-nonce] => 
    [_wpnonce] => 
    [woocommerce-reset-password-nonce] => 
)

11-05-2020 @ 12:43:22 - Process Payment Response : return
11-05-2020 @ 12:43:22 - Array
(
    [type] => return
    [baserate] => 
    [cur] => JPY
    [dm_reject] => 
    [cardno1] => 4906
    [resdt] => 20201105124316
    [cardno4] => 1005
    [foreignrate] => 
    [mid] => 2C3CBCF133
    [amt] => 5150
    [accesscountry] => JP
    [ref] => 172949_201105_033626
    [paymethod] => P101
    [dm_review] => 
    [email] => tobe0r.notto6e@i.softbank.jp
    [ver] => 230
    [foreignamt] => 
    [basecur] => 
    [dccrate] => 
    [transid] => 2C3CBCF13320201105000002
    [dm_decision] => ACCEPT
    [param3] => 
    [resmsg] => Success!!
    [cardholder] => InagakiMiyu
    [param1] => https://www.seoulperlife.com/checkout/
    [rescode] => 0000
    [param2] => 
    [authcode] => 004045
    [fgkey] => ADB87FCBADE576919FC67C2895740B76E9B54F1822534CD39165B652E3506051
    [txntype] => PAYMENT
    [foreigncur] => 
    [payto] => KRP*EXIMBAY
    [baseamt] => 
    [woocommerce-login-nonce] => 
    [_wpnonce] => 
    [woocommerce-reset-password-nonce] => 
)

11-05-2020 @ 12:43:22 - Process Payment Response : finish
11-05-2020 @ 12:43:22 - Array
(
    [type] => finish
    [baserate] => 
    [cur] => JPY
    [dm_reject] => 
    [cardno1] => 4906
    [resdt] => 20201105124316
    [cardno4] => 1005
    [foreignrate] => 
    [mid] => 2C3CBCF133
    [amt] => 5150
    [accesscountry] => JP
    [ref] => 172949_201105_033626
    [paymethod] => P101
    [dm_review] => 
    [email] => tobe0r.notto6e@i.softbank.jp
    [ver] => 230
    [foreignamt] => 
    [basecur] => 
    [dccrate] => 
    [transid] => 2C3CBCF13320201105000002
    [dm_decision] => ACCEPT
    [param3] => 
    [resmsg] => Success!!
    [cardholder] => InagakiMiyu
    [param1] => https://www.seoulperlife.com/checkout/
    [rescode] => 0000
    [param2] => 
    [authcode] => 004045
    [fgkey] => ADB87FCBADE576919FC67C2895740B76E9B54F1822534CD39165B652E3506051
    [txntype] => PAYMENT
    [foreigncur] => 
    [payto] => KRP*EXIMBAY
    [baseamt] => 
    [woocommerce-reset-password-nonce] => 
    [woocommerce-login-nonce] => 
    [_wpnonce] => 
)

11-05-2020 @ 12:44:40 - Process Payment Response : return
11-05-2020 @ 12:44:40 - Array
(
    [type] => return
    [baserate] => 
    [cur] => JPY
    [dm_reject] => 
    [cardno1] => 4906
    [resdt] => 20201105124316
    [cardno4] => 1005
    [foreignrate] => 
    [mid] => 2C3CBCF133
    [amt] => 5150
    [accesscountry] => JP
    [ref] => 172949_201105_033626
    [paymethod] => P101
    [dm_review] => 
    [email] => tobe0r.notto6e@i.softbank.jp
    [ver] => 230
    [foreignamt] => 
    [basecur] => 
    [dccrate] => 
    [transid] => 2C3CBCF13320201105000002
    [dm_decision] => ACCEPT
    [param3] => 
    [resmsg] => Success!!
    [cardholder] => InagakiMiyu
    [param1] => https://www.seoulperlife.com/checkout/
    [rescode] => 0000
    [param2] => 
    [authcode] => 004045
    [fgkey] => ADB87FCBADE576919FC67C2895740B76E9B54F1822534CD39165B652E3506051
    [txntype] => PAYMENT
    [foreigncur] => 
    [payto] => KRP*EXIMBAY
    [baseamt] => 
    [woocommerce-login-nonce] => 
    [_wpnonce] => 
    [woocommerce-reset-password-nonce] => 
)

11-05-2020 @ 18:26:06 - Process Payment Response : request
11-05-2020 @ 18:26:06 - Array
(
    [type] => request
    [ver] => 230
    [txntype] => PAYMENT
    [charset] => UTF-8
    [statusurl] => https://www.seoulperlife.com/wc-api/WC_Gateway_Eximbay_Easypay?type=status
    [returnurl] => https://www.seoulperlife.com/wc-api/WC_Gateway_Eximbay_Easypay?type=return
    [rescode] => 
    [resmsg] => 
    [mid] => 2C3CBCF133
    [ref] => 172988_201105_092606
    [ostype] => M
    [displaytype] => P
    [cur] => JPY
    [amt] => 5900
    [shop] => SEOUL LIFE
    [buyer] => 堀田里奈
    [email] => sss.rina@i.softbank.jp
    [tel] => 09069824541
    [lang] => JP
    [paymethod] => 
    [item_0_product] => 【ジ オーディナリー】The Ordinary ナイアシンアミド10％+亜鉛1％ 30ml 외 3건
    [param1] => https://www.seoulperlife.com/checkout/
    [param2] => 
    [param3] => 
    [autoclose] => Y
    [tokenBilling] => N
    [woocommerce-login-nonce] => 
    [_wpnonce] => 
    [woocommerce-reset-password-nonce] => 
)

11-05-2020 @ 18:27:17 - Process Payment Response : status
11-05-2020 @ 18:27:17 - Array
(
    [type] => status
    [baserate] => 
    [cur] => JPY
    [dm_reject] => 
    [cardno1] => 3584
    [resdt] => 20201105182715
    [cardno4] => 0514
    [foreignrate] => 
    [mid] => 2C3CBCF133
    [amt] => 5900
    [accesscountry] => JP
    [ref] => 172988_201105_092606
    [paymethod] => P104
    [dm_review] => 
    [email] => sss.rina@i.softbank.jp
    [ver] => 230
    [foreignamt] => 
    [basecur] => 
    [dccrate] => 
    [transid] => 2C3CBCF13320201105000003
    [dm_decision] => ACCEPT
    [param3] => 
    [resmsg] => Success!!
    [cardholder] => RINAHOTTA
    [param1] => https://www.seoulperlife.com/checkout/
    [rescode] => 0000
    [param2] => 
    [authcode] => 750698
    [fgkey] => F8375E9078DF5BDB1359968202687EB7C6CBAC4EFB61EFAC856B61C87088AA7C
    [txntype] => PAYMENT
    [foreigncur] => 
    [payto] => KRP*EXIMBAY
    [baseamt] => 
    [woocommerce-login-nonce] => 
    [_wpnonce] => 
    [woocommerce-reset-password-nonce] => 
)

11-05-2020 @ 18:27:24 - Process Payment Response : return
11-05-2020 @ 18:27:24 - Array
(
    [type] => return
    [baserate] => 
    [cur] => JPY
    [dm_reject] => 
    [cardno1] => 3584
    [resdt] => 20201105182715
    [cardno4] => 0514
    [foreignrate] => 
    [mid] => 2C3CBCF133
    [amt] => 5900
    [accesscountry] => JP
    [ref] => 172988_201105_092606
    [paymethod] => P104
    [dm_review] => 
    [email] => sss.rina@i.softbank.jp
    [ver] => 230
    [foreignamt] => 
    [basecur] => 
    [dccrate] => 
    [transid] => 2C3CBCF13320201105000003
    [dm_decision] => ACCEPT
    [param3] => 
    [resmsg] => Success!!
    [cardholder] => RINAHOTTA
    [param1] => https://www.seoulperlife.com/checkout/
    [rescode] => 0000
    [param2] => 
    [authcode] => 750698
    [fgkey] => F8375E9078DF5BDB1359968202687EB7C6CBAC4EFB61EFAC856B61C87088AA7C
    [txntype] => PAYMENT
    [foreigncur] => 
    [payto] => KRP*EXIMBAY
    [baseamt] => 
    [woocommerce-login-nonce] => 
    [_wpnonce] => 
    [woocommerce-reset-password-nonce] => 
)

11-05-2020 @ 18:27:24 - Process Payment Response : finish
11-05-2020 @ 18:27:24 - Array
(
    [type] => finish
    [baserate] => 
    [cur] => JPY
    [dm_reject] => 
    [cardno1] => 3584
    [resdt] => 20201105182715
    [cardno4] => 0514
    [foreignrate] => 
    [mid] => 2C3CBCF133
    [amt] => 5900
    [accesscountry] => JP
    [ref] => 172988_201105_092606
    [paymethod] => P104
    [dm_review] => 
    [email] => sss.rina@i.softbank.jp
    [ver] => 230
    [foreignamt] => 
    [basecur] => 
    [dccrate] => 
    [transid] => 2C3CBCF13320201105000003
    [dm_decision] => ACCEPT
    [param3] => 
    [resmsg] => Success!!
    [cardholder] => RINAHOTTA
    [param1] => https://www.seoulperlife.com/checkout/
    [rescode] => 0000
    [param2] => 
    [authcode] => 750698
    [fgkey] => F8375E9078DF5BDB1359968202687EB7C6CBAC4EFB61EFAC856B61C87088AA7C
    [txntype] => PAYMENT
    [foreigncur] => 
    [payto] => KRP*EXIMBAY
    [baseamt] => 
    [woocommerce-reset-password-nonce] => 
    [woocommerce-login-nonce] => 
    [_wpnonce] => 
)

11-06-2020 @ 08:41:38 - Process Payment Response : request
11-06-2020 @ 08:41:38 - Array
(
    [type] => request
    [ver] => 230
    [txntype] => PAYMENT
    [charset] => UTF-8
    [statusurl] => https://www.seoulperlife.com/wc-api/WC_Gateway_Eximbay_Easypay?type=status
    [returnurl] => https://www.seoulperlife.com/wc-api/WC_Gateway_Eximbay_Easypay?type=return
    [rescode] => 
    [resmsg] => 
    [mid] => 2C3CBCF133
    [ref] => 172992_201105_114138
    [ostype] => M
    [displaytype] => P
    [cur] => JPY
    [amt] => 8780
    [shop] => SEOUL LIFE
    [buyer] => 栞奈権田
    [email] => kakadango98@gmail.com
    [tel] => 09087240785
    [lang] => JP
    [paymethod] => 
    [item_0_product] => 【ドクタージャルト】 Dr.Jart+ シカペアクリーム 2世代  50ml - シカペアクリーム-1個 외 3건
    [param1] => https://www.seoulperlife.com/checkout/
    [param2] => 
    [param3] => 
    [autoclose] => Y
    [tokenBilling] => N
    [woocommerce-login-nonce] => 
    [_wpnonce] => 
    [woocommerce-reset-password-nonce] => 
)

11-06-2020 @ 08:42:08 - Process Payment Response : status
11-06-2020 @ 08:42:08 - Array
(
    [type] => status
    [baserate] => 
    [cur] => JPY
    [shipTo_lastName] => 
    [resdt] => 20201106084207
    [foreignrate] => 
    [mid] => 2C3CBCF133
    [amt] => 8780
    [shipTo_state] => 
    [accesscountry] => JP
    [ref] => 172992_201105_114138
    [paymethod] => P006
    [shipTo_city] => 
    [shipTo_street1] => 
    [shipTo_postalCode] => 
    [shipTo_country] => 
    [email] => kakadango98@gmail.com
    [ver] => 230
    [foreignamt] => 
    [basecur] => 
    [dccrate] => 
    [transid] => 2C3CBCF13320201106000001
    [shipTo_firstName] => 
    [paymentURL] => https://www5.econ.ne.jp/pay/p_paymain.aspx?odrno=75817e8576888a75737f7e86768e897e01
    [shipTo_phoneNumber] => 
    [param3] => 
    [resmsg] => success!
    [param1] => https://www.seoulperlife.com/checkout/
    [rescode] => 0000
    [param2] => 
    [fgkey] => 5BDAE1FCACDEABE5CAA74B0975DDD2E5CF0DF39FCAF64110DC9619EDA548D30A
    [txntype] => PAYMENT
    [foreigncur] => 
    [baseamt] => 
    [status] => Registered
    [woocommerce-login-nonce] => 
    [_wpnonce] => 
    [woocommerce-reset-password-nonce] => 
)

11-06-2020 @ 08:42:13 - Process Payment Response : return
11-06-2020 @ 08:42:13 - Array
(
    [type] => return
    [baserate] => 
    [cur] => JPY
    [shipTo_lastName] => 
    [resdt] => 20201106084207
    [foreignrate] => 
    [mid] => 2C3CBCF133
    [amt] => 8780
    [shipTo_state] => 
    [accesscountry] => JP
    [ref] => 172992_201105_114138
    [paymethod] => P006
    [shipTo_city] => 
    [shipTo_street1] => 
    [shipTo_postalCode] => 
    [shipTo_country] => 
    [email] => kakadango98@gmail.com
    [ver] => 230
    [foreignamt] => 
    [basecur] => 
    [dccrate] => 
    [transid] => 2C3CBCF13320201106000001
    [shipTo_firstName] => 
    [paymentURL] => https://www5.econ.ne.jp/pay/p_paymain.aspx?odrno=75817e8576888a75737f7e86768e897e01
    [shipTo_phoneNumber] => 
    [param3] => 
    [resmsg] => success!
    [param1] => https://www.seoulperlife.com/checkout/
    [rescode] => 0000
    [param2] => 
    [fgkey] => 5BDAE1FCACDEABE5CAA74B0975DDD2E5CF0DF39FCAF64110DC9619EDA548D30A
    [txntype] => PAYMENT
    [foreigncur] => 
    [baseamt] => 
    [status] => Registered
    [woocommerce-login-nonce] => 
    [_wpnonce] => 
    [woocommerce-reset-password-nonce] => 
)

11-06-2020 @ 08:42:13 - Process Payment Response : finish
11-06-2020 @ 08:42:13 - Array
(
    [type] => finish
    [baserate] => 
    [cur] => JPY
    [shipTo_lastName] => 
    [resdt] => 20201106084207
    [foreignrate] => 
    [mid] => 2C3CBCF133
    [amt] => 8780
    [shipTo_state] => 
    [accesscountry] => JP
    [ref] => 172992_201105_114138
    [paymethod] => P006
    [shipTo_city] => 
    [shipTo_street1] => 
    [shipTo_postalCode] => 
    [shipTo_country] => 
    [email] => kakadango98@gmail.com
    [ver] => 230
    [foreignamt] => 
    [basecur] => 
    [dccrate] => 
    [transid] => 2C3CBCF13320201106000001
    [shipTo_firstName] => 
    [paymentURL] => https://www5.econ.ne.jp/pay/p_paymain.aspx?odrno=75817e8576888a75737f7e86768e897e01
    [shipTo_phoneNumber] => 
    [param3] => 
    [resmsg] => success!
    [param1] => https://www.seoulperlife.com/checkout/
    [rescode] => 0000
    [param2] => 
    [fgkey] => 5BDAE1FCACDEABE5CAA74B0975DDD2E5CF0DF39FCAF64110DC9619EDA548D30A
    [txntype] => PAYMENT
    [foreigncur] => 
    [baseamt] => 
    [status] => Registered
    [woocommerce-reset-password-nonce] => 
    [woocommerce-login-nonce] => 
    [_wpnonce] => 
)

