10-02-2020 @ 19:42:42 - Process Payment Response : request
10-02-2020 @ 19:42:42 - Array
(
    [type] => request
    [ver] => 230
    [txntype] => PAYMENT
    [charset] => UTF-8
    [statusurl] => https://www.seoulperlife.com/wc-api/WC_Gateway_Eximbay_Easypay?type=status
    [returnurl] => https://www.seoulperlife.com/wc-api/WC_Gateway_Eximbay_Easypay?type=return
    [rescode] => 
    [resmsg] => 
    [mid] => 2C3CBCF133
    [ref] => 170977_201002_104241
    [ostype] => M
    [displaytype] => P
    [cur] => JPY
    [amt] => 4936
    [shop] => SEOUL LIFE
    [buyer] => 今福亜美
    [email] => ami2002109@icloud.com
    [tel] => 08056079837
    [lang] => JP
    [paymethod] => 
    [item_0_product] => 【ドクタージャルト】 Dr.Jart+ シカペアクリーム 2世代  50ml - シカペアクリーム-1個 외 1건
    [param1] => https://www.seoulperlife.com/checkout/
    [param2] => 
    [param3] => 
    [autoclose] => Y
    [tokenBilling] => N
    [woocommerce-login-nonce] => 
    [_wpnonce] => 
    [woocommerce-reset-password-nonce] => 
)

10-02-2020 @ 19:43:05 - Process Payment Response : status
10-02-2020 @ 19:43:05 - Array
(
    [type] => status
    [baserate] => 
    [cur] => JPY
    [shipTo_lastName] => 
    [resdt] => 20201002194305
    [foreignrate] => 
    [mid] => 2C3CBCF133
    [amt] => 4936
    [shipTo_state] => 
    [accesscountry] => JP
    [ref] => 170977_201002_104241
    [paymethod] => P006
    [shipTo_city] => 
    [shipTo_street1] => 
    [shipTo_postalCode] => 
    [shipTo_country] => 
    [email] => ami2002109@icloud.com
    [ver] => 230
    [foreignamt] => 
    [basecur] => 
    [dccrate] => 
    [transid] => 2C3CBCF13320201002000001
    [shipTo_firstName] => 
    [paymentURL] => https://www5.econ.ne.jp/pay/p_paymain.aspx?odrno=867773807e847788847574828486788e07
    [shipTo_phoneNumber] => 
    [param3] => 
    [resmsg] => success!
    [param1] => https://www.seoulperlife.com/checkout/
    [rescode] => 0000
    [param2] => 
    [fgkey] => 61E5E9D74BE5CF47CD7AE1ABFD8C8C8D9D4E1CFFE4F5A98D6048CE3D92B937C7
    [txntype] => PAYMENT
    [foreigncur] => 
    [baseamt] => 
    [status] => Registered
    [woocommerce-login-nonce] => 
    [_wpnonce] => 
    [woocommerce-reset-password-nonce] => 
)

10-02-2020 @ 19:43:11 - Process Payment Response : return
10-02-2020 @ 19:43:11 - Array
(
    [type] => return
    [baserate] => 
    [cur] => JPY
    [shipTo_lastName] => 
    [resdt] => 20201002194305
    [foreignrate] => 
    [mid] => 2C3CBCF133
    [amt] => 4936
    [shipTo_state] => 
    [accesscountry] => JP
    [ref] => 170977_201002_104241
    [paymethod] => P006
    [shipTo_city] => 
    [shipTo_street1] => 
    [shipTo_postalCode] => 
    [shipTo_country] => 
    [email] => ami2002109@icloud.com
    [ver] => 230
    [foreignamt] => 
    [basecur] => 
    [dccrate] => 
    [transid] => 2C3CBCF13320201002000001
    [shipTo_firstName] => 
    [paymentURL] => https://www5.econ.ne.jp/pay/p_paymain.aspx?odrno=867773807e847788847574828486788e07
    [shipTo_phoneNumber] => 
    [param3] => 
    [resmsg] => success!
    [param1] => https://www.seoulperlife.com/checkout/
    [rescode] => 0000
    [param2] => 
    [fgkey] => 61E5E9D74BE5CF47CD7AE1ABFD8C8C8D9D4E1CFFE4F5A98D6048CE3D92B937C7
    [txntype] => PAYMENT
    [foreigncur] => 
    [baseamt] => 
    [status] => Registered
    [woocommerce-login-nonce] => 
    [_wpnonce] => 
    [woocommerce-reset-password-nonce] => 
)

10-02-2020 @ 19:43:11 - Process Payment Response : finish
10-02-2020 @ 19:43:11 - Array
(
    [type] => finish
    [baserate] => 
    [cur] => JPY
    [shipTo_lastName] => 
    [resdt] => 20201002194305
    [foreignrate] => 
    [mid] => 2C3CBCF133
    [amt] => 4936
    [shipTo_state] => 
    [accesscountry] => JP
    [ref] => 170977_201002_104241
    [paymethod] => P006
    [shipTo_city] => 
    [shipTo_street1] => 
    [shipTo_postalCode] => 
    [shipTo_country] => 
    [email] => ami2002109@icloud.com
    [ver] => 230
    [foreignamt] => 
    [basecur] => 
    [dccrate] => 
    [transid] => 2C3CBCF13320201002000001
    [shipTo_firstName] => 
    [paymentURL] => https://www5.econ.ne.jp/pay/p_paymain.aspx?odrno=867773807e847788847574828486788e07
    [shipTo_phoneNumber] => 
    [param3] => 
    [resmsg] => success!
    [param1] => https://www.seoulperlife.com/checkout/
    [rescode] => 0000
    [param2] => 
    [fgkey] => 61E5E9D74BE5CF47CD7AE1ABFD8C8C8D9D4E1CFFE4F5A98D6048CE3D92B937C7
    [txntype] => PAYMENT
    [foreigncur] => 
    [baseamt] => 
    [status] => Registered
    [woocommerce-reset-password-nonce] => 
    [woocommerce-login-nonce] => 
    [_wpnonce] => 
)

