09-26-2020 @ 19:42:03 - Process Payment Response : request
09-26-2020 @ 19:42:03 - Array
(
    [type] => request
    [ver] => 230
    [txntype] => PAYMENT
    [charset] => UTF-8
    [statusurl] => https://www.seoulperlife.com/wc-api/WC_Gateway_Eximbay_Easypay?type=status
    [returnurl] => https://www.seoulperlife.com/wc-api/WC_Gateway_Eximbay_Easypay?type=return
    [rescode] => 
    [resmsg] => 
    [mid] => 2C3CBCF133
    [ref] => 170768_200926_104202
    [ostype] => M
    [displaytype] => P
    [cur] => JPY
    [amt] => 4711
    [shop] => SEOUL LIFE
    [buyer] => 大渕悠
    [email] => hacchan0411@yahoo.co.jp
    [tel] => 09045590970
    [lang] => JP
    [paymethod] => 
    [item_0_product] => 【CNP ラボラトリー 】CNP Laboratory インビジブルピーリングブースター 100ml - ブースターcnp21941 외 2건
    [param1] => https://www.seoulperlife.com/checkout/
    [param2] => 
    [param3] => 
    [autoclose] => Y
    [tokenBilling] => N
    [woocommerce-login-nonce] => 
    [_wpnonce] => 
    [woocommerce-reset-password-nonce] => 
)

09-26-2020 @ 19:42:30 - Process Payment Response : status
09-26-2020 @ 19:42:30 - Array
(
    [type] => status
    [baserate] => 
    [cur] => JPY
    [shipTo_lastName] => 
    [resdt] => 20200926194229
    [foreignrate] => 
    [mid] => 2C3CBCF133
    [amt] => 4711
    [shipTo_state] => 
    [accesscountry] => JP
    [ref] => 170768_200926_104202
    [paymethod] => P006
    [shipTo_city] => 
    [shipTo_street1] => 
    [shipTo_postalCode] => 
    [shipTo_country] => 
    [email] => hacchan0411@yahoo.co.jp
    [ver] => 230
    [foreignamt] => 
    [basecur] => 
    [dccrate] => 
    [transid] => 2C3CBCF13320200926000001
    [shipTo_firstName] => 
    [paymentURL] => https://www5.econ.ne.jp/pay/p_paymain.aspx?odrno=808675888d77797f7e84768b8977788403
    [shipTo_phoneNumber] => 
    [param3] => 
    [resmsg] => success!
    [param1] => https://www.seoulperlife.com/checkout/
    [rescode] => 0000
    [param2] => 
    [fgkey] => AAFAE8E0C7A3D051A28EDD34319AFF47AC145B890B4E5F8D0AAEB8BC2B3785F9
    [txntype] => PAYMENT
    [foreigncur] => 
    [baseamt] => 
    [status] => Registered
    [woocommerce-login-nonce] => 
    [_wpnonce] => 
    [woocommerce-reset-password-nonce] => 
)

09-26-2020 @ 19:42:35 - Process Payment Response : return
09-26-2020 @ 19:42:35 - Array
(
    [type] => return
    [baserate] => 
    [cur] => JPY
    [shipTo_lastName] => 
    [resdt] => 20200926194229
    [foreignrate] => 
    [mid] => 2C3CBCF133
    [amt] => 4711
    [shipTo_state] => 
    [accesscountry] => JP
    [ref] => 170768_200926_104202
    [paymethod] => P006
    [shipTo_city] => 
    [shipTo_street1] => 
    [shipTo_postalCode] => 
    [shipTo_country] => 
    [email] => hacchan0411@yahoo.co.jp
    [ver] => 230
    [foreignamt] => 
    [basecur] => 
    [dccrate] => 
    [transid] => 2C3CBCF13320200926000001
    [shipTo_firstName] => 
    [paymentURL] => https://www5.econ.ne.jp/pay/p_paymain.aspx?odrno=808675888d77797f7e84768b8977788403
    [shipTo_phoneNumber] => 
    [param3] => 
    [resmsg] => success!
    [param1] => https://www.seoulperlife.com/checkout/
    [rescode] => 0000
    [param2] => 
    [fgkey] => AAFAE8E0C7A3D051A28EDD34319AFF47AC145B890B4E5F8D0AAEB8BC2B3785F9
    [txntype] => PAYMENT
    [foreigncur] => 
    [baseamt] => 
    [status] => Registered
    [woocommerce-login-nonce] => 
    [_wpnonce] => 
    [woocommerce-reset-password-nonce] => 
)

09-26-2020 @ 19:42:36 - Process Payment Response : finish
09-26-2020 @ 19:42:36 - Array
(
    [type] => finish
    [baserate] => 
    [cur] => JPY
    [shipTo_lastName] => 
    [resdt] => 20200926194229
    [foreignrate] => 
    [mid] => 2C3CBCF133
    [amt] => 4711
    [shipTo_state] => 
    [accesscountry] => JP
    [ref] => 170768_200926_104202
    [paymethod] => P006
    [shipTo_city] => 
    [shipTo_street1] => 
    [shipTo_postalCode] => 
    [shipTo_country] => 
    [email] => hacchan0411@yahoo.co.jp
    [ver] => 230
    [foreignamt] => 
    [basecur] => 
    [dccrate] => 
    [transid] => 2C3CBCF13320200926000001
    [shipTo_firstName] => 
    [paymentURL] => https://www5.econ.ne.jp/pay/p_paymain.aspx?odrno=808675888d77797f7e84768b8977788403
    [shipTo_phoneNumber] => 
    [param3] => 
    [resmsg] => success!
    [param1] => https://www.seoulperlife.com/checkout/
    [rescode] => 0000
    [param2] => 
    [fgkey] => AAFAE8E0C7A3D051A28EDD34319AFF47AC145B890B4E5F8D0AAEB8BC2B3785F9
    [txntype] => PAYMENT
    [foreigncur] => 
    [baseamt] => 
    [status] => Registered
    [woocommerce-reset-password-nonce] => 
    [woocommerce-login-nonce] => 
    [_wpnonce] => 
)

09-26-2020 @ 20:43:00 - Process Payment Response : request
09-26-2020 @ 20:43:00 - Array
(
    [type] => request
    [ver] => 230
    [txntype] => PAYMENT
    [charset] => UTF-8
    [statusurl] => https://www.seoulperlife.com/wc-api/WC_Gateway_Eximbay_Easypay?type=status
    [returnurl] => https://www.seoulperlife.com/wc-api/WC_Gateway_Eximbay_Easypay?type=return
    [rescode] => 
    [resmsg] => 
    [mid] => 2C3CBCF133
    [ref] => 170769_200926_114259
    [ostype] => M
    [displaytype] => P
    [cur] => JPY
    [amt] => 5436
    [shop] => SEOUL LIFE
    [buyer] => みのり原
    [email] => minomushi09@docomo.ne.jp
    [tel] => 09067822873
    [lang] => JP
    [paymethod] => 
    [item_0_product] => 【メディヒール】MEDIHEAL シート マスク パックお試し１４種類セット (１４種類ｘ１枚ず) 외 5건
    [param1] => https://www.seoulperlife.com/checkout/
    [param2] => 
    [param3] => 
    [autoclose] => Y
    [tokenBilling] => N
    [woocommerce-login-nonce] => 
    [_wpnonce] => 
    [woocommerce-reset-password-nonce] => 
)

09-26-2020 @ 20:43:11 - Process Payment Response : status
09-26-2020 @ 20:43:11 - Array
(
    [type] => status
    [baserate] => 
    [cur] => JPY
    [shipTo_lastName] => 
    [resdt] => 20200926204311
    [foreignrate] => 
    [mid] => 2C3CBCF133
    [amt] => 5436
    [shipTo_state] => 
    [accesscountry] => JP
    [ref] => 170769_200926_114259
    [paymethod] => P006
    [shipTo_city] => 
    [shipTo_street1] => 
    [shipTo_postalCode] => 
    [shipTo_country] => 
    [email] => minomushi09@docomo.ne.jp
    [ver] => 230
    [foreignamt] => 
    [basecur] => 
    [dccrate] => 
    [transid] => 2C3CBCF13320200926000002
    [shipTo_firstName] => 
    [paymentURL] => https://www5.econ.ne.jp/pay/smt/index.aspx?odrno=75817e847e8a8a75737f7f887888857501
    [shipTo_phoneNumber] => 
    [param3] => 
    [resmsg] => success!
    [param1] => https://www.seoulperlife.com/checkout/
    [rescode] => 0000
    [param2] => 
    [fgkey] => E13F381016D1F133BB58DCC05C49894FEEBCF62ADB954976F7E8B8F017F7ACF7
    [txntype] => PAYMENT
    [foreigncur] => 
    [baseamt] => 
    [status] => Registered
    [woocommerce-login-nonce] => 
    [_wpnonce] => 
    [woocommerce-reset-password-nonce] => 
)

09-26-2020 @ 20:43:17 - Process Payment Response : return
09-26-2020 @ 20:43:17 - Array
(
    [type] => return
    [baserate] => 
    [cur] => JPY
    [shipTo_lastName] => 
    [resdt] => 20200926204311
    [foreignrate] => 
    [mid] => 2C3CBCF133
    [amt] => 5436
    [shipTo_state] => 
    [accesscountry] => JP
    [ref] => 170769_200926_114259
    [paymethod] => P006
    [shipTo_city] => 
    [shipTo_street1] => 
    [shipTo_postalCode] => 
    [shipTo_country] => 
    [email] => minomushi09@docomo.ne.jp
    [ver] => 230
    [foreignamt] => 
    [basecur] => 
    [dccrate] => 
    [transid] => 2C3CBCF13320200926000002
    [shipTo_firstName] => 
    [paymentURL] => https://www5.econ.ne.jp/pay/smt/index.aspx?odrno=75817e847e8a8a75737f7f887888857501
    [shipTo_phoneNumber] => 
    [param3] => 
    [resmsg] => success!
    [param1] => https://www.seoulperlife.com/checkout/
    [rescode] => 0000
    [param2] => 
    [fgkey] => E13F381016D1F133BB58DCC05C49894FEEBCF62ADB954976F7E8B8F017F7ACF7
    [txntype] => PAYMENT
    [foreigncur] => 
    [baseamt] => 
    [status] => Registered
    [woocommerce-login-nonce] => 
    [_wpnonce] => 
    [woocommerce-reset-password-nonce] => 
)

09-26-2020 @ 20:43:17 - Process Payment Response : finish
09-26-2020 @ 20:43:17 - Array
(
    [type] => finish
    [baserate] => 
    [cur] => JPY
    [shipTo_lastName] => 
    [resdt] => 20200926204311
    [foreignrate] => 
    [mid] => 2C3CBCF133
    [amt] => 5436
    [shipTo_state] => 
    [accesscountry] => JP
    [ref] => 170769_200926_114259
    [paymethod] => P006
    [shipTo_city] => 
    [shipTo_street1] => 
    [shipTo_postalCode] => 
    [shipTo_country] => 
    [email] => minomushi09@docomo.ne.jp
    [ver] => 230
    [foreignamt] => 
    [basecur] => 
    [dccrate] => 
    [transid] => 2C3CBCF13320200926000002
    [shipTo_firstName] => 
    [paymentURL] => https://www5.econ.ne.jp/pay/smt/index.aspx?odrno=75817e847e8a8a75737f7f887888857501
    [shipTo_phoneNumber] => 
    [param3] => 
    [resmsg] => success!
    [param1] => https://www.seoulperlife.com/checkout/
    [rescode] => 0000
    [param2] => 
    [fgkey] => E13F381016D1F133BB58DCC05C49894FEEBCF62ADB954976F7E8B8F017F7ACF7
    [txntype] => PAYMENT
    [foreigncur] => 
    [baseamt] => 
    [status] => Registered
    [woocommerce-reset-password-nonce] => 
    [woocommerce-login-nonce] => 
    [_wpnonce] => 
)

09-26-2020 @ 22:25:26 - Process Payment Response : request
09-26-2020 @ 22:25:26 - Array
(
    [type] => request
    [ver] => 230
    [txntype] => PAYMENT
    [charset] => UTF-8
    [statusurl] => https://www.seoulperlife.com/wc-api/WC_Gateway_Eximbay_Easypay?type=status
    [returnurl] => https://www.seoulperlife.com/wc-api/WC_Gateway_Eximbay_Easypay?type=return
    [rescode] => 
    [resmsg] => 
    [mid] => 2C3CBCF133
    [ref] => 170770_200926_012526
    [ostype] => M
    [displaytype] => P
    [cur] => JPY
    [amt] => 5031
    [shop] => SEOUL LIFE
    [buyer] => 山根水葵
    [email] => sakura.apple1026@au.com
    [tel] => 08045589870
    [lang] => JP
    [paymethod] => 
    [item_0_product] => 【イニスフリー】innisfree グリーンティーシードセラム 80mL 외 4건
    [param1] => https://www.seoulperlife.com/checkout/
    [param2] => 
    [param3] => 
    [autoclose] => Y
    [tokenBilling] => N
    [woocommerce-login-nonce] => 
    [_wpnonce] => 
    [woocommerce-reset-password-nonce] => 
)

09-26-2020 @ 22:26:16 - Process Payment Response : status
09-26-2020 @ 22:26:16 - Array
(
    [type] => status
    [baserate] => 
    [cur] => JPY
    [shipTo_lastName] => 
    [resdt] => 20200926222616
    [foreignrate] => 
    [mid] => 2C3CBCF133
    [amt] => 5031
    [shipTo_state] => 
    [accesscountry] => JP
    [ref] => 170770_200926_012526
    [paymethod] => P006
    [shipTo_city] => 
    [shipTo_street1] => 
    [shipTo_postalCode] => 
    [shipTo_country] => 
    [email] => sakura.apple1026@au.com
    [ver] => 230
    [foreignamt] => 
    [basecur] => 
    [dccrate] => 
    [transid] => 2C3CBCF13320200926000003
    [shipTo_firstName] => 
    [paymentURL] => https://www5.econ.ne.jp/pay/p_paymain.aspx?odrno=8180847591867b737f7e857b8c86757902
    [shipTo_phoneNumber] => 
    [param3] => 
    [resmsg] => success!
    [param1] => https://www.seoulperlife.com/checkout/
    [rescode] => 0000
    [param2] => 
    [fgkey] => A8B73E6B2605C99F32FA53D46D74975865C526E35A9F07A9CCC8F40CEE3A29EB
    [txntype] => PAYMENT
    [foreigncur] => 
    [baseamt] => 
    [status] => Registered
    [woocommerce-login-nonce] => 
    [_wpnonce] => 
    [woocommerce-reset-password-nonce] => 
)

09-26-2020 @ 22:26:22 - Process Payment Response : return
09-26-2020 @ 22:26:22 - Array
(
    [type] => return
    [baserate] => 
    [cur] => JPY
    [shipTo_lastName] => 
    [resdt] => 20200926222616
    [foreignrate] => 
    [mid] => 2C3CBCF133
    [amt] => 5031
    [shipTo_state] => 
    [accesscountry] => JP
    [ref] => 170770_200926_012526
    [paymethod] => P006
    [shipTo_city] => 
    [shipTo_street1] => 
    [shipTo_postalCode] => 
    [shipTo_country] => 
    [email] => sakura.apple1026@au.com
    [ver] => 230
    [foreignamt] => 
    [basecur] => 
    [dccrate] => 
    [transid] => 2C3CBCF13320200926000003
    [shipTo_firstName] => 
    [paymentURL] => https://www5.econ.ne.jp/pay/p_paymain.aspx?odrno=8180847591867b737f7e857b8c86757902
    [shipTo_phoneNumber] => 
    [param3] => 
    [resmsg] => success!
    [param1] => https://www.seoulperlife.com/checkout/
    [rescode] => 0000
    [param2] => 
    [fgkey] => A8B73E6B2605C99F32FA53D46D74975865C526E35A9F07A9CCC8F40CEE3A29EB
    [txntype] => PAYMENT
    [foreigncur] => 
    [baseamt] => 
    [status] => Registered
    [woocommerce-login-nonce] => 
    [_wpnonce] => 
    [woocommerce-reset-password-nonce] => 
)

09-26-2020 @ 22:26:23 - Process Payment Response : finish
09-26-2020 @ 22:26:23 - Array
(
    [type] => finish
    [baserate] => 
    [cur] => JPY
    [shipTo_lastName] => 
    [resdt] => 20200926222616
    [foreignrate] => 
    [mid] => 2C3CBCF133
    [amt] => 5031
    [shipTo_state] => 
    [accesscountry] => JP
    [ref] => 170770_200926_012526
    [paymethod] => P006
    [shipTo_city] => 
    [shipTo_street1] => 
    [shipTo_postalCode] => 
    [shipTo_country] => 
    [email] => sakura.apple1026@au.com
    [ver] => 230
    [foreignamt] => 
    [basecur] => 
    [dccrate] => 
    [transid] => 2C3CBCF13320200926000003
    [shipTo_firstName] => 
    [paymentURL] => https://www5.econ.ne.jp/pay/p_paymain.aspx?odrno=8180847591867b737f7e857b8c86757902
    [shipTo_phoneNumber] => 
    [param3] => 
    [resmsg] => success!
    [param1] => https://www.seoulperlife.com/checkout/
    [rescode] => 0000
    [param2] => 
    [fgkey] => A8B73E6B2605C99F32FA53D46D74975865C526E35A9F07A9CCC8F40CEE3A29EB
    [txntype] => PAYMENT
    [foreigncur] => 
    [baseamt] => 
    [status] => Registered
    [woocommerce-reset-password-nonce] => 
    [woocommerce-login-nonce] => 
    [_wpnonce] => 
)

