2020-09-11T04:04:32+00:00 INFO Generating payment form for order 168008. Notify URL: http://www.seoulperlife.com/wc-api/WC_Gateway_Paypal/
2020-09-11T04:04:32+00:00 INFO PayPal Request Args for order 168008: Array
(
    [cmd] => _cart
    [business] => hedihedi@ddpac.co.kr
    [no_note] => 1
    [currency_code] => JPY
    [charset] => utf-8
    [rm] => 1
    [upload] => 1
    [return] => http://www.seoulperlife.com/checkout/order-received/168008/?key=wc_order_LynalMn8lyqst&utm_nooverride=1
    [cancel_return] => http://www.seoulperlife.com/cart/?cancel_order=true&order=wc_order_LynalMn8lyqst&order_id=168008&redirect&_wpnonce=6d54335249
    [page_style] => 
    [image_url] => 
    [paymentaction] => sale
    [invoice] => SL-168008
    [custom] => {"order_id":168008,"order_key":"wc_order_LynalMn8lyqst"}
    [notify_url] => http://www.seoulperlife.com/wc-api/WC_Gateway_Paypal/
    [first_name] => ***
    [last_name] => ***
    [address1] => ***
    [address2] => ***
    [city] => ***
    [state] => ***
    [zip] => ***
    [country] => ***
    [email] => ***@***
    [night_phone_a] => ***
    [night_phone_b] => ***
    [address_override] => 0
    [no_shipping] => 0
    [tax_cart] => 0
    [shipping_1] => 550
    [item_name_1] => 【エチュードハウス】ETUDE HOUSE ダブルラスティングファンデーション SPF35/PA++ 30g 6 種 - ニュートラルバニラ...
    [quantity_1] => 1
    [amount_1] => 990
    [item_number_1] => UNI0509,1,
    [bn] => WooThemes_Cart
)

2020-09-11T04:12:39+00:00 INFO Generating payment form for order 168009. Notify URL: http://www.seoulperlife.com/wc-api/WC_Gateway_Paypal/
2020-09-11T04:12:39+00:00 INFO PayPal Request Args for order 168009: Array
(
    [cmd] => _cart
    [business] => hedihedi@ddpac.co.kr
    [no_note] => 1
    [currency_code] => JPY
    [charset] => utf-8
    [rm] => 1
    [upload] => 1
    [return] => http://www.seoulperlife.com/checkout/order-received/168009/?key=wc_order_JTRNzZRdNkjPN&utm_nooverride=1
    [cancel_return] => http://www.seoulperlife.com/cart/?cancel_order=true&order=wc_order_JTRNzZRdNkjPN&order_id=168009&redirect&_wpnonce=6d54335249
    [page_style] => 
    [image_url] => 
    [paymentaction] => sale
    [invoice] => SL-168009
    [custom] => {"order_id":168009,"order_key":"wc_order_JTRNzZRdNkjPN"}
    [notify_url] => http://www.seoulperlife.com/wc-api/WC_Gateway_Paypal/
    [first_name] => ***
    [last_name] => ***
    [address1] => ***
    [address2] => ***
    [city] => ***
    [state] => ***
    [zip] => ***
    [country] => ***
    [email] => ***@***
    [night_phone_a] => ***
    [night_phone_b] => ***
    [address_override] => 0
    [no_shipping] => 0
    [tax_cart] => 0
    [shipping_1] => 550
    [item_name_1] => 【エチュードハウス】ETUDE HOUSE ダブルラスティングファンデーション SPF35/PA++ 30g 6 種 - ニュートラルバニラ...
    [quantity_1] => 1
    [amount_1] => 990
    [item_number_1] => UNI0509,1,
    [bn] => WooThemes_Cart
)

2020-09-11T04:16:11+00:00 INFO Generating payment form for order 168010. Notify URL: http://www.seoulperlife.com/wc-api/WC_Gateway_Paypal/
2020-09-11T04:16:11+00:00 INFO PayPal Request Args for order 168010: Array
(
    [cmd] => _cart
    [business] => hedihedi@ddpac.co.kr
    [no_note] => 1
    [currency_code] => JPY
    [charset] => utf-8
    [rm] => 1
    [upload] => 1
    [return] => http://www.seoulperlife.com/checkout/order-received/168010/?key=wc_order_Pku7RLndb5KAv&utm_nooverride=1
    [cancel_return] => http://www.seoulperlife.com/cart/?cancel_order=true&order=wc_order_Pku7RLndb5KAv&order_id=168010&redirect&_wpnonce=e0af0ef672
    [page_style] => 
    [image_url] => 
    [paymentaction] => sale
    [invoice] => SL-168010
    [custom] => {"order_id":168010,"order_key":"wc_order_Pku7RLndb5KAv"}
    [notify_url] => http://www.seoulperlife.com/wc-api/WC_Gateway_Paypal/
    [first_name] => ***
    [last_name] => ***
    [address1] => ***
    [address2] => ***
    [city] => ***
    [state] => ***
    [zip] => ***
    [country] => ***
    [email] => ***@***
    [night_phone_a] => ***
    [night_phone_b] => ***
    [address_override] => 0
    [no_shipping] => 0
    [tax_cart] => 0
    [shipping_1] => 550
    [item_name_1] => 【エチュードハウス】ETUDE HOUSE ダブルラスティングファンデーション SPF35/PA++ 30g 6 種 - ニュートラルバニラ...
    [quantity_1] => 2
    [amount_1] => 990
    [item_number_1] => UNI0509,1,
    [bn] => WooThemes_Cart
)

