2020-11-05T18:46:01+00:00 INFO Generating payment form for order 172989. Notify URL: https://www.seoulperlife.com/wc-api/WC_Gateway_Paypal/
2020-11-05T18:46:01+00:00 INFO PayPal Request Args for order 172989: Array
(
    [cmd] => _cart
    [business] => hedihedi@ddpac.co.kr
    [no_note] => 1
    [currency_code] => JPY
    [charset] => utf-8
    [rm] => 2
    [upload] => 1
    [return] => https://www.seoulperlife.com/checkout/order-received/172989/?key=wc_order_TBVnJbJgYtc5m&utm_nooverride=1
    [cancel_return] => https://www.seoulperlife.com/cart/?cancel_order=true&order=wc_order_TBVnJbJgYtc5m&order_id=172989&redirect&_wpnonce=5646a1c85d
    [page_style] => 
    [image_url] => 
    [paymentaction] => sale
    [invoice] => SL-172989
    [custom] => {"order_id":172989,"order_key":"wc_order_TBVnJbJgYtc5m"}
    [notify_url] => https://www.seoulperlife.com/wc-api/WC_Gateway_Paypal/
    [first_name] => ***
    [last_name] => ***
    [address1] => ***
    [address2] => ***
    [city] => ***
    [state] => ***
    [zip] => ***
    [country] => ***
    [email] => ***@***
    [night_phone_a] => ***
    [night_phone_b] => ***
    [address_override] => 0
    [no_shipping] => 0
    [item_name_1] => 【イニスフリー】innisfree グリーンティーバランシングスキンEX 200mL x 1, 【メディヒール】MEDIHEAL N.M.F アクアリング アンプルマスク 27ml 1枚・５枚・10枚 - ５枚 x 1, 【CNP ラボラトリー 】...
    [quantity_1] => 1
    [amount_1] => 7000
    [item_number_1] => 172989
    [bn] => WooThemes_Cart
)

2020-11-05T18:47:07+00:00 INFO Checking IPN response is valid
2020-11-05T18:47:08+00:00 INFO Received invalid response from PayPal PDT
2020-11-05T18:47:10+00:00 INFO IPN Response: Array
(
    [headers] => Requests_Utility_CaseInsensitiveDictionary Object
        (
            [data:protected] => Array
                (
                    [cache-control] => max-age=0, no-cache, no-store, must-revalidate
                    [content-encoding] => gzip
                    [content-type] => text/html; charset=UTF-8
                    [paypal-debug-id] => 683cc596bfe46
                    [x-frame-options] => SAMEORIGIN
                    [dc] => phx-origin-www-1.paypal.com
                    [x-akamai-transformed] => 9 34 0 pmb=mRUM,1
                    [date] => Thu, 05 Nov 2020 18:47:10 GMT
                    [content-length] => 28
                    [vary] => Accept-Encoding
                    [set-cookie] => Array
                        (
                            [0] => cwrClyrK4LoCV1fydGbAxiNL6iG=vJjqUuV3--onnw8CbieD9NNqz0uZdJ_gc_Hyt3RRwDmbHrd0xe1-h7KI6qieKtyR2jlZuB5Ca3-_x0J2PgEDQ_D-Mpk2Fx5Vus1QZgQSgzDSl66-qDpWqiG04QHs16QM-WDXqjeooO-4T5w4bbQ7l8qPCo2qfGK2m3OvzhbqGiXMam5tOkb6VULc8Zlo2vjiRqfeKkGSuMYgvFhY2tL_YBFrweWd_-5rZF3BjURzRRTTldrX12HjKXdOJMwuIGmyt_W-M8fBHFV2TshYkc1M9RMqgVqCjBcXEqIznErbxxfVuKhVD1ilGecvCzLgCsESNFdPOHB7YwwLH8SM2-WByaC8s7qTLohib8kAagkC_uOAguKPNN33xog-hM6EukkHA7U86ymmPwGRO91BekAdg3NyCnrM9_ZRjaICnLr5uzXYrCyXHSLAbI_cqiC; domain=.paypal.com; path=/; Secure; HttpOnly
                            [1] => cookie_check=yes; expires=Sun, 03-Nov-2030 18:47:09 GMT; domain=.paypal.com; path=/; Secure; HttpOnly
                            [2] => navcmd=_notify-validate; domain=.paypal.com; path=/; Secure; HttpOnly
                            [3] => navlns=0.0; expires=Sat, 05-Nov-2022 18:47:09 GMT; domain=.paypal.com; path=/; Secure; HttpOnly
                            [4] => l7_az=dcg02.phx; Path=/; Domain=paypal.com; Expires=Thu, 05 Nov 2020 19:17:09 GMT; HttpOnly; Secure
                            [5] => ts=vreXpYrS%3D1699210028%26vteXpYrS%3D1604603828%26vr%3D99bbe1c81750a1d61d6a4a9dffe14a95%26vt%3D99bbe1c81750a1d61d6a4a9dffe14a94%26vtyp%3Dnew; Path=/; Domain=paypal.com; Expires=Sun, 05 Nov 2023 18:47:09 GMT; HttpOnly; Secure
                            [6] => ts_c=vr%3D99bbe1c81750a1d61d6a4a9dffe14a95%26vt%3D99bbe1c81750a1d61d6a4a9dffe14a94; Path=/; Domain=paypal.com; Expires=Sun, 05 Nov 2023 18:47:09 GMT; Secure
                            [7] => x-cdn=akamai; path=/; domain=.paypal.com; secure
                            [8] => akavpau_ppsd=1604602630~id=298de511c1ce7d5cf3a3301856eb0a11; Domain=www.paypal.com; Path=/; Secure; SameSite=None
                        )

                    [server-timing] => Array
                        (
                            [0] => edge; dur=1002
                            [1] => origin; dur=1639
                            [2] => cdn-cache; desc=MISS
                        )

                    [strict-transport-security] => max-age=63072000
                )

        )

    [body] => VERIFIED
    [response] => Array
        (
            [code] => 200
            [message] => OK
        )

    [cookies] => Array
        (
            [0] => WP_Http_Cookie Object
                (
                    [name] => cwrClyrK4LoCV1fydGbAxiNL6iG
                    [value] => vJjqUuV3--onnw8CbieD9NNqz0uZdJ_gc_Hyt3RRwDmbHrd0xe1-h7KI6qieKtyR2jlZuB5Ca3-_x0J2PgEDQ_D-Mpk2Fx5Vus1QZgQSgzDSl66-qDpWqiG04QHs16QM-WDXqjeooO-4T5w4bbQ7l8qPCo2qfGK2m3OvzhbqGiXMam5tOkb6VULc8Zlo2vjiRqfeKkGSuMYgvFhY2tL_YBFrweWd_-5rZF3BjURzRRTTldrX12HjKXdOJMwuIGmyt_W-M8fBHFV2TshYkc1M9RMqgVqCjBcXEqIznErbxxfVuKhVD1ilGecvCzLgCsESNFdPOHB7YwwLH8SM2-WByaC8s7qTLohib8kAagkC_uOAguKPNN33xog-hM6EukkHA7U86ymmPwGRO91BekAdg3NyCnrM9_ZRjaICnLr5uzXYrCyXHSLAbI_cqiC
                    [expires] => 
                    [path] => /
                    [domain] => paypal.com
                    [host_only] => 
                )

            [1] => WP_Http_Cookie Object
                (
                    [name] => cookie_check
                    [value] => yes
                    [expires] => 1919962029
                    [path] => /
                    [domain] => paypal.com
                    [host_only] => 
                )

            [2] => WP_Http_Cookie Object
                (
                    [name] => navcmd
                    [value] => _notify-validate
                    [expires] => 
                    [path] => /
                    [domain] => paypal.com
                    [host_only] => 
                )

            [3] => WP_Http_Cookie Object
                (
                    [name] => navlns
                    [value] => 0.0
                    [expires] => 1667674029
                    [path] => /
                    [domain] => paypal.com
                    [host_only] => 
                )

            [4] => WP_Http_Cookie Object
                (
                    [name] => l7_az
                    [value] => dcg02.phx
                    [expires] => 1604603829
                    [path] => /
                    [domain] => paypal.com
                    [host_only] => 
                )

            [5] => WP_Http_Cookie Object
                (
                    [name] => ts
                    [value] => vreXpYrS=1699210028&vteXpYrS=1604603828&vr=99bbe1c81750a1d61d6a4a9dffe14a95&vt=99bbe1c81750a1d61d6a4a9dffe14a94&vtyp=new
                    [expires] => 1699210029
                    [path] => /
                    [domain] => paypal.com
                    [host_only] => 
                )

            [6] => WP_Http_Cookie Object
                (
                    [name] => ts_c
                    [value] => vr=99bbe1c81750a1d61d6a4a9dffe14a95&vt=99bbe1c81750a1d61d6a4a9dffe14a94
                    [expires] => 1699210029
                    [path] => /
                    [domain] => paypal.com
                    [host_only] => 
                )

            [7] => WP_Http_Cookie Object
                (
                    [name] => x-cdn
                    [value] => akamai
                    [expires] => 
                    [path] => /
                    [domain] => paypal.com
                    [host_only] => 
                )

            [8] => WP_Http_Cookie Object
                (
                    [name] => akavpau_ppsd
                    [value] => 1604602630~id=298de511c1ce7d5cf3a3301856eb0a11
                    [expires] => 
                    [path] => /
                    [domain] => www.paypal.com
                    [host_only] => 
                )

        )

    [filename] => 
    [http_response] => WP_HTTP_Requests_Response Object
        (
            [response:protected] => Requests_Response Object
                (
                    [body] => VERIFIED
                    [raw] => HTTP/1.1 200 OK
Cache-Control: max-age=0, no-cache, no-store, must-revalidate
Content-Encoding: gzip
Content-Type: text/html; charset=UTF-8
Paypal-Debug-Id: 683cc596bfe46
X-Frame-Options: SAMEORIGIN
DC: phx-origin-www-1.paypal.com
X-Akamai-Transformed: 9 34 0 pmb=mRUM,1
Date: Thu, 05 Nov 2020 18:47:10 GMT
Content-Length: 28
Connection: close
Vary: Accept-Encoding
Set-Cookie: cwrClyrK4LoCV1fydGbAxiNL6iG=vJjqUuV3--onnw8CbieD9NNqz0uZdJ_gc_Hyt3RRwDmbHrd0xe1-h7KI6qieKtyR2jlZuB5Ca3-_x0J2PgEDQ_D-Mpk2Fx5Vus1QZgQSgzDSl66-qDpWqiG04QHs16QM-WDXqjeooO-4T5w4bbQ7l8qPCo2qfGK2m3OvzhbqGiXMam5tOkb6VULc8Zlo2vjiRqfeKkGSuMYgvFhY2tL_YBFrweWd_-5rZF3BjURzRRTTldrX12HjKXdOJMwuIGmyt_W-M8fBHFV2TshYkc1M9RMqgVqCjBcXEqIznErbxxfVuKhVD1ilGecvCzLgCsESNFdPOHB7YwwLH8SM2-WByaC8s7qTLohib8kAagkC_uOAguKPNN33xog-hM6EukkHA7U86ymmPwGRO91BekAdg3NyCnrM9_ZRjaICnLr5uzXYrCyXHSLAbI_cqiC; domain=.paypal.com; path=/; Secure; HttpOnly
Set-Cookie: cookie_check=yes; expires=Sun, 03-Nov-2030 18:47:09 GMT; domain=.paypal.com; path=/; Secure; HttpOnly
Set-Cookie: navcmd=_notify-validate; domain=.paypal.com; path=/; Secure; HttpOnly
Set-Cookie: navlns=0.0; expires=Sat, 05-Nov-2022 18:47:09 GMT; domain=.paypal.com; path=/; Secure; HttpOnly
Set-Cookie: l7_az=dcg02.phx; Path=/; Domain=paypal.com; Expires=Thu, 05 Nov 2020 19:17:09 GMT; HttpOnly; Secure
Set-Cookie: ts=vreXpYrS%3D1699210028%26vteXpYrS%3D1604603828%26vr%3D99bbe1c81750a1d61d6a4a9dffe14a95%26vt%3D99bbe1c81750a1d61d6a4a9dffe14a94%26vtyp%3Dnew; Path=/; Domain=paypal.com; Expires=Sun, 05 Nov 2023 18:47:09 GMT; HttpOnly; Secure
Set-Cookie: ts_c=vr%3D99bbe1c81750a1d61d6a4a9dffe14a95%26vt%3D99bbe1c81750a1d61d6a4a9dffe14a94; Path=/; Domain=paypal.com; Expires=Sun, 05 Nov 2023 18:47:09 GMT; Secure
Set-Cookie: x-cdn=akamai; path=/; domain=.paypal.com; secure
Server-Timing: edge; dur=1002
Server-Timing: origin; dur=1639
Server-Timing: cdn-cache; desc=MISS
Set-Cookie: akavpau_ppsd=1604602630~id=298de511c1ce7d5cf3a3301856eb0a11; Domain=www.paypal.com; Path=/; Secure; SameSite=None
Strict-Transport-Security: max-age=63072000

VERIFIED
                    [headers] => Requests_Response_Headers Object
                        (
                            [data:protected] => Array
                                (
                                    [cache-control] => Array
                                        (
                                            [0] => max-age=0, no-cache, no-store, must-revalidate
                                        )

                                    [content-encoding] => Array
                                        (
                                            [0] => gzip
                                        )

                                    [content-type] => Array
                                        (
                                            [0] => text/html; charset=UTF-8
                                        )

                                    [paypal-debug-id] => Array
                                        (
                                            [0] => 683cc596bfe46
                                        )

                                    [x-frame-options] => Array
                                        (
                                            [0] => SAMEORIGIN
                                        )

                                    [dc] => Array
                                        (
                                            [0] => phx-origin-www-1.paypal.com
                                        )

                                    [x-akamai-transformed] => Array
                                        (
                                            [0] => 9 34 0 pmb=mRUM,1
                                        )

                                    [date] => Array
                                        (
                                            [0] => Thu, 05 Nov 2020 18:47:10 GMT
                                        )

                                    [content-length] => Array
                                        (
                                            [0] => 28
                                        )

                                    [vary] => Array
                                        (
                                            [0] => Accept-Encoding
                                        )

                                    [set-cookie] => Array
                                        (
                                            [0] => cwrClyrK4LoCV1fydGbAxiNL6iG=vJjqUuV3--onnw8CbieD9NNqz0uZdJ_gc_Hyt3RRwDmbHrd0xe1-h7KI6qieKtyR2jlZuB5Ca3-_x0J2PgEDQ_D-Mpk2Fx5Vus1QZgQSgzDSl66-qDpWqiG04QHs16QM-WDXqjeooO-4T5w4bbQ7l8qPCo2qfGK2m3OvzhbqGiXMam5tOkb6VULc8Zlo2vjiRqfeKkGSuMYgvFhY2tL_YBFrweWd_-5rZF3BjURzRRTTldrX12HjKXdOJMwuIGmyt_W-M8fBHFV2TshYkc1M9RMqgVqCjBcXEqIznErbxxfVuKhVD1ilGecvCzLgCsESNFdPOHB7YwwLH8SM2-WByaC8s7qTLohib8kAagkC_uOAguKPNN33xog-hM6EukkHA7U86ymmPwGRO91BekAdg3NyCnrM9_ZRjaICnLr5uzXYrCyXHSLAbI_cqiC; domain=.paypal.com; path=/; Secure; HttpOnly
                                            [1] => cookie_check=yes; expires=Sun, 03-Nov-2030 18:47:09 GMT; domain=.paypal.com; path=/; Secure; HttpOnly
                                            [2] => navcmd=_notify-validate; domain=.paypal.com; path=/; Secure; HttpOnly
                                            [3] => navlns=0.0; expires=Sat, 05-Nov-2022 18:47:09 GMT; domain=.paypal.com; path=/; Secure; HttpOnly
                                            [4] => l7_az=dcg02.phx; Path=/; Domain=paypal.com; Expires=Thu, 05 Nov 2020 19:17:09 GMT; HttpOnly; Secure
                                            [5] => ts=vreXpYrS%3D1699210028%26vteXpYrS%3D1604603828%26vr%3D99bbe1c81750a1d61d6a4a9dffe14a95%26vt%3D99bbe1c81750a1d61d6a4a9dffe14a94%26vtyp%3Dnew; Path=/; Domain=paypal.com; Expires=Sun, 05 Nov 2023 18:47:09 GMT; HttpOnly; Secure
                                            [6] => ts_c=vr%3D99bbe1c81750a1d61d6a4a9dffe14a95%26vt%3D99bbe1c81750a1d61d6a4a9dffe14a94; Path=/; Domain=paypal.com; Expires=Sun, 05 Nov 2023 18:47:09 GMT; Secure
                                            [7] => x-cdn=akamai; path=/; domain=.paypal.com; secure
                                            [8] => akavpau_ppsd=1604602630~id=298de511c1ce7d5cf3a3301856eb0a11; Domain=www.paypal.com; Path=/; Secure; SameSite=None
                                        )

                                    [server-timing] => Array
                                        (
                                            [0] => edge; dur=1002
                                            [1] => origin; dur=1639
                                            [2] => cdn-cache; desc=MISS
                                        )

                                    [strict-transport-security] => Array
                                        (
                                            [0] => max-age=63072000
                                        )

                                )

                        )

                    [status_code] => 200
                    [protocol_version] => 1.1
                    [success] => 1
                    [redirects] => 0
                    [url] => https://www.paypal.com/cgi-bin/webscr
                    [history] => Array
                        (
                        )

                    [cookies] => Requests_Cookie_Jar Object
                        (
                            [cookies:protected] => Array
                                (
                                    [cwrClyrK4LoCV1fydGbAxiNL6iG] => Requests_Cookie Object
                                        (
                                            [name] => cwrClyrK4LoCV1fydGbAxiNL6iG
                                            [value] => vJjqUuV3--onnw8CbieD9NNqz0uZdJ_gc_Hyt3RRwDmbHrd0xe1-h7KI6qieKtyR2jlZuB5Ca3-_x0J2PgEDQ_D-Mpk2Fx5Vus1QZgQSgzDSl66-qDpWqiG04QHs16QM-WDXqjeooO-4T5w4bbQ7l8qPCo2qfGK2m3OvzhbqGiXMam5tOkb6VULc8Zlo2vjiRqfeKkGSuMYgvFhY2tL_YBFrweWd_-5rZF3BjURzRRTTldrX12HjKXdOJMwuIGmyt_W-M8fBHFV2TshYkc1M9RMqgVqCjBcXEqIznErbxxfVuKhVD1ilGecvCzLgCsESNFdPOHB7YwwLH8SM2-WByaC8s7qTLohib8kAagkC_uOAguKPNN33xog-hM6EukkHA7U86ymmPwGRO91BekAdg3NyCnrM9_ZRjaICnLr5uzXYrCyXHSLAbI_cqiC
                                            [attributes] => Requests_Utility_CaseInsensitiveDictionary Object
                                                (
                                                    [data:protected] => Array
                                                        (
                                                            [domain] => paypal.com
                                                            [path] => /
                                                            [secure] => 1
                                                            [httponly] => 1
                                                        )

                                                )

                                            [flags] => Array
                                                (
                                                    [creation] => 1604602030
                                                    [last-access] => 1604602030
                                                    [persistent] => 
                                                    [host-only] => 
                                                )

                                            [reference_time] => 1604602030
                                        )

                                    [cookie_check] => Requests_Cookie Object
                                        (
                                            [name] => cookie_check
                                            [value] => yes
                                            [attributes] => Requests_Utility_CaseInsensitiveDictionary Object
                                                (
                                                    [data:protected] => Array
                                                        (
                                                            [expires] => 1919962029
                                                            [domain] => paypal.com
                                                            [path] => /
                                                            [secure] => 1
                                                            [httponly] => 1
                                                        )

                                                )

                                            [flags] => Array
                                                (
                                                    [creation] => 1604602030
                                                    [last-access] => 1604602030
                                                    [persistent] => 
                                                    [host-only] => 
                                                )

                                            [reference_time] => 1604602030
                                        )

                                    [navcmd] => Requests_Cookie Object
                                        (
                                            [name] => navcmd
                                            [value] => _notify-validate
                                            [attributes] => Requests_Utility_CaseInsensitiveDictionary Object
                                                (
                                                    [data:protected] => Array
                                                        (
                                                            [domain] => paypal.com
                                                            [path] => /
                                                            [secure] => 1
                                                            [httponly] => 1
                                                        )

                                                )

                                            [flags] => Array
                                                (
                                                    [creation] => 1604602030
                                                    [last-access] => 1604602030
                                                    [persistent] => 
                                                    [host-only] => 
                                                )

                                            [reference_time] => 1604602030
                                        )

                                    [navlns] => Requests_Cookie Object
                                        (
                                            [name] => navlns
                                            [value] => 0.0
                                            [attributes] => Requests_Utility_CaseInsensitiveDictionary Object
                                                (
                                                    [data:protected] => Array
                                                        (
                                                            [expires] => 1667674029
                                                            [domain] => paypal.com
                                                            [path] => /
                                                            [secure] => 1
                                                            [httponly] => 1
                                                        )

                                                )

                                            [flags] => Array
                                                (
                                                    [creation] => 1604602030
                                                    [last-access] => 1604602030
                                                    [persistent] => 
                                                    [host-only] => 
                                                )

                                            [reference_time] => 1604602030
                                        )

                                    [l7_az] => Requests_Cookie Object
                                        (
                                            [name] => l7_az
                                            [value] => dcg02.phx
                                            [attributes] => Requests_Utility_CaseInsensitiveDictionary Object
                                                (
                                                    [data:protected] => Array
                                                        (
                                                            [path] => /
                                                            [domain] => paypal.com
                                                            [expires] => 1604603829
                                                            [httponly] => 1
                                                            [secure] => 1
                                                        )

                                                )

                                            [flags] => Array
                                                (
                                                    [creation] => 1604602030
                                                    [last-access] => 1604602030
                                                    [persistent] => 
                                                    [host-only] => 
                                                )

                                            [reference_time] => 1604602030
                                        )

                                    [ts] => Requests_Cookie Object
                                        (
                                            [name] => ts
                                            [value] => vreXpYrS%3D1699210028%26vteXpYrS%3D1604603828%26vr%3D99bbe1c81750a1d61d6a4a9dffe14a95%26vt%3D99bbe1c81750a1d61d6a4a9dffe14a94%26vtyp%3Dnew
                                            [attributes] => Requests_Utility_CaseInsensitiveDictionary Object
                                                (
                                                    [data:protected] => Array
                                                        (
                                                            [path] => /
                                                            [domain] => paypal.com
                                                            [expires] => 1699210029
                                                            [httponly] => 1
                                                            [secure] => 1
                                                        )

                                                )

                                            [flags] => Array
                                                (
                                                    [creation] => 1604602030
                                                    [last-access] => 1604602030
                                                    [persistent] => 
                                                    [host-only] => 
                                                )

                                            [reference_time] => 1604602030
                                        )

                                    [ts_c] => Requests_Cookie Object
                                        (
                                            [name] => ts_c
                                            [value] => vr%3D99bbe1c81750a1d61d6a4a9dffe14a95%26vt%3D99bbe1c81750a1d61d6a4a9dffe14a94
                                            [attributes] => Requests_Utility_CaseInsensitiveDictionary Object
                                                (
                                                    [data:protected] => Array
                                                        (
                                                            [path] => /
                                                            [domain] => paypal.com
                                                            [expires] => 1699210029
                                                            [secure] => 1
                                                        )

                                                )

                                            [flags] => Array
                                                (
                                                    [creation] => 1604602030
                                                    [last-access] => 1604602030
                                                    [persistent] => 
                                                    [host-only] => 
                                                )

                                            [reference_time] => 1604602030
                                        )

                                    [x-cdn] => Requests_Cookie Object
                                        (
                                            [name] => x-cdn
                                            [value] => akamai
                                            [attributes] => Requests_Utility_CaseInsensitiveDictionary Object
                                                (
                                                    [data:protected] => Array
                                                        (
                                                            [path] => /
                                                            [domain] => paypal.com
                                                            [secure] => 1
                                                        )

                                                )

                                            [flags] => Array
                                                (
                                                    [creation] => 1604602030
                                                    [last-access] => 1604602030
                                                    [persistent] => 
                                                    [host-only] => 
                                                )

                                            [reference_time] => 1604602030
                                        )

                                    [akavpau_ppsd] => Requests_Cookie Object
                                        (
                                            [name] => akavpau_ppsd
                                            [value] => 1604602630~id=298de511c1ce7d5cf3a3301856eb0a11
                                            [attributes] => Requests_Utility_CaseInsensitiveDictionary Object
                                                (
                                                    [data:protected] => Array
                                                        (
                                                            [domain] => www.paypal.com
                                                            [path] => /
                                                            [secure] => 1
                                                            [samesite] => None
                                                        )

                                                )

                                            [flags] => Array
                                                (
                                                    [creation] => 1604602030
                                                    [last-access] => 1604602030
                                                    [persistent] => 
                                                    [host-only] => 
                                                )

                                            [reference_time] => 1604602030
                                        )

                                )

                        )

                )

            [filename:protected] => 
            [data] => 
            [headers] => 
            [status] => 
        )

)

2020-11-05T18:47:10+00:00 INFO Received valid response from PayPal IPN
2020-11-05T18:47:10+00:00 INFO Found order #172989
2020-11-05T18:47:10+00:00 INFO Payment status: completed
