2020-09-22T07:39:25+00:00 INFO Checking IPN response is valid
2020-09-22T07:39:27+00:00 INFO IPN Response: Array
(
    [headers] => Requests_Utility_CaseInsensitiveDictionary Object
        (
            [data:protected] => Array
                (
                    [cache-control] => max-age=0, no-cache, no-store, must-revalidate
                    [content-encoding] => gzip
                    [content-type] => text/html; charset=UTF-8
                    [paypal-debug-id] => f533e82d1d3ce
                    [x-frame-options] => SAMEORIGIN
                    [dc] => phx-origin-www-1.paypal.com
                    [x-akamai-transformed] => 9 34 0 pmb=mRUM,1
                    [date] => Tue, 22 Sep 2020 07:39:27 GMT
                    [content-length] => 28
                    [vary] => Accept-Encoding
                    [set-cookie] => Array
                        (
                            [0] => cwrClyrK4LoCV1fydGbAxiNL6iG=QYF5-mNef9M1qUwVDDsIFoeppCiW9lsCNrSEbwsV61XpY0x1XX0Bgs-YHtQQtWF1k-KcwN2ZQnejJHSYVCRcwuEFzh8I2d-Hy2qFqc8oVPapt-wh7YS4pW0PoFXt3LVsqjRfS6Xd4bW6PQP73s0NoNVGr85f-6T5VO83FZY3r3pGm1T6Lf9bfbhNwazfc6EHhb3DnXmqwqLxQO0sCP09JKfygVjE6z7T-QlRSOZcLZ6__NuNA5ABjJBv_Oef-XDWTYqQkI54suxWAYuZQXSm995SPhma_Ig91fafLgCiUBWnScAUbSlAka-oq_nO6qYEsZ26x3DkN7YFd5yXbjoLEKEZKqHl2xYKOw0LdumOvuT4ZIDs9gaB_7D69PoGRBFtdk22sL1klhZzBLSq0-slnLXf78l7kEWm0QL90FCdOlcdYXDpe3chiAzFMti; domain=.paypal.com; path=/; Secure; HttpOnly
                            [1] => cookie_check=yes; expires=Fri, 20-Sep-2030 07:39:27 GMT; domain=.paypal.com; path=/; Secure; HttpOnly
                            [2] => navcmd=_notify-validate; domain=.paypal.com; path=/; Secure; HttpOnly
                            [3] => navlns=0.0; expires=Thu, 22-Sep-2022 07:39:27 GMT; domain=.paypal.com; path=/; Secure; HttpOnly
                            [4] => l7_az=dcg14.slc; Path=/; Domain=paypal.com; Expires=Tue, 22 Sep 2020 08:09:27 GMT; HttpOnly; Secure
                            [5] => X-PP-SILOVER=name%3DLIVE3.WEB.1%26silo_version%3D880%26app%3Dappdispatcher%26TIME%3D1591643782%26HTTP_X_PP_AZ_LOCATOR%3Ddcg14.slc; Path=/; Domain=paypal.com; Expires=Tue, 22 Sep 2020 08:09:27 GMT; HttpOnly; Secure
                            [6] => ts=vreXpYrS%3D1695368366%26vteXpYrS%3D1600762166%26vr%3Db4c0c6341740a1d4e50a230cff2ab92b%26vt%3Db4c0c6341740a1d4e50a230cff2ab92a%26vtyp%3Dnew; Path=/; Domain=paypal.com; Expires=Fri, 22 Sep 2023 07:39:27 GMT; HttpOnly; Secure
                            [7] => ts_c=vr%3Db4c0c6341740a1d4e50a230cff2ab92b%26vt%3Db4c0c6341740a1d4e50a230cff2ab92a; Path=/; Domain=paypal.com; Expires=Fri, 22 Sep 2023 07:39:27 GMT; Secure
                            [8] => x-cdn=akamai; path=/; domain=.paypal.com; secure
                            [9] => akavpau_ppsd=1600760967~id=1750b53e568727a838aae0ee7619cf32; Domain=www.paypal.com; Path=/; Secure; SameSite=None
                        )

                    [server-timing] => Array
                        (
                            [0] => edge; dur=1001
                            [1] => origin; dur=1256
                            [2] => cdn-cache; desc=MISS
                        )

                    [strict-transport-security] => max-age=63072000
                )

        )

    [body] => VERIFIED
    [response] => Array
        (
            [code] => 200
            [message] => OK
        )

    [cookies] => Array
        (
            [0] => WP_Http_Cookie Object
                (
                    [name] => cwrClyrK4LoCV1fydGbAxiNL6iG
                    [value] => QYF5-mNef9M1qUwVDDsIFoeppCiW9lsCNrSEbwsV61XpY0x1XX0Bgs-YHtQQtWF1k-KcwN2ZQnejJHSYVCRcwuEFzh8I2d-Hy2qFqc8oVPapt-wh7YS4pW0PoFXt3LVsqjRfS6Xd4bW6PQP73s0NoNVGr85f-6T5VO83FZY3r3pGm1T6Lf9bfbhNwazfc6EHhb3DnXmqwqLxQO0sCP09JKfygVjE6z7T-QlRSOZcLZ6__NuNA5ABjJBv_Oef-XDWTYqQkI54suxWAYuZQXSm995SPhma_Ig91fafLgCiUBWnScAUbSlAka-oq_nO6qYEsZ26x3DkN7YFd5yXbjoLEKEZKqHl2xYKOw0LdumOvuT4ZIDs9gaB_7D69PoGRBFtdk22sL1klhZzBLSq0-slnLXf78l7kEWm0QL90FCdOlcdYXDpe3chiAzFMti
                    [expires] => 
                    [path] => /
                    [domain] => paypal.com
                    [host_only] => 
                )

            [1] => WP_Http_Cookie Object
                (
                    [name] => cookie_check
                    [value] => yes
                    [expires] => 1916120367
                    [path] => /
                    [domain] => paypal.com
                    [host_only] => 
                )

            [2] => WP_Http_Cookie Object
                (
                    [name] => navcmd
                    [value] => _notify-validate
                    [expires] => 
                    [path] => /
                    [domain] => paypal.com
                    [host_only] => 
                )

            [3] => WP_Http_Cookie Object
                (
                    [name] => navlns
                    [value] => 0.0
                    [expires] => 1663832367
                    [path] => /
                    [domain] => paypal.com
                    [host_only] => 
                )

            [4] => WP_Http_Cookie Object
                (
                    [name] => l7_az
                    [value] => dcg14.slc
                    [expires] => 1600762167
                    [path] => /
                    [domain] => paypal.com
                    [host_only] => 
                )

            [5] => WP_Http_Cookie Object
                (
                    [name] => X-PP-SILOVER
                    [value] => name=LIVE3.WEB.1&silo_version=880&app=appdispatcher&TIME=1591643782&HTTP_X_PP_AZ_LOCATOR=dcg14.slc
                    [expires] => 1600762167
                    [path] => /
                    [domain] => paypal.com
                    [host_only] => 
                )

            [6] => WP_Http_Cookie Object
                (
                    [name] => ts
                    [value] => vreXpYrS=1695368366&vteXpYrS=1600762166&vr=b4c0c6341740a1d4e50a230cff2ab92b&vt=b4c0c6341740a1d4e50a230cff2ab92a&vtyp=new
                    [expires] => 1695368367
                    [path] => /
                    [domain] => paypal.com
                    [host_only] => 
                )

            [7] => WP_Http_Cookie Object
                (
                    [name] => ts_c
                    [value] => vr=b4c0c6341740a1d4e50a230cff2ab92b&vt=b4c0c6341740a1d4e50a230cff2ab92a
                    [expires] => 1695368367
                    [path] => /
                    [domain] => paypal.com
                    [host_only] => 
                )

            [8] => WP_Http_Cookie Object
                (
                    [name] => x-cdn
                    [value] => akamai
                    [expires] => 
                    [path] => /
                    [domain] => paypal.com
                    [host_only] => 
                )

            [9] => WP_Http_Cookie Object
                (
                    [name] => akavpau_ppsd
                    [value] => 1600760967~id=1750b53e568727a838aae0ee7619cf32
                    [expires] => 
                    [path] => /
                    [domain] => www.paypal.com
                    [host_only] => 
                )

        )

    [filename] => 
    [http_response] => WP_HTTP_Requests_Response Object
        (
            [response:protected] => Requests_Response Object
                (
                    [body] => VERIFIED
                    [raw] => HTTP/1.1 200 OK
Cache-Control: max-age=0, no-cache, no-store, must-revalidate
Content-Encoding: gzip
Content-Type: text/html; charset=UTF-8
Paypal-Debug-Id: f533e82d1d3ce
X-Frame-Options: SAMEORIGIN
DC: phx-origin-www-1.paypal.com
X-Akamai-Transformed: 9 34 0 pmb=mRUM,1
Date: Tue, 22 Sep 2020 07:39:27 GMT
Content-Length: 28
Connection: close
Vary: Accept-Encoding
Set-Cookie: cwrClyrK4LoCV1fydGbAxiNL6iG=QYF5-mNef9M1qUwVDDsIFoeppCiW9lsCNrSEbwsV61XpY0x1XX0Bgs-YHtQQtWF1k-KcwN2ZQnejJHSYVCRcwuEFzh8I2d-Hy2qFqc8oVPapt-wh7YS4pW0PoFXt3LVsqjRfS6Xd4bW6PQP73s0NoNVGr85f-6T5VO83FZY3r3pGm1T6Lf9bfbhNwazfc6EHhb3DnXmqwqLxQO0sCP09JKfygVjE6z7T-QlRSOZcLZ6__NuNA5ABjJBv_Oef-XDWTYqQkI54suxWAYuZQXSm995SPhma_Ig91fafLgCiUBWnScAUbSlAka-oq_nO6qYEsZ26x3DkN7YFd5yXbjoLEKEZKqHl2xYKOw0LdumOvuT4ZIDs9gaB_7D69PoGRBFtdk22sL1klhZzBLSq0-slnLXf78l7kEWm0QL90FCdOlcdYXDpe3chiAzFMti; domain=.paypal.com; path=/; Secure; HttpOnly
Set-Cookie: cookie_check=yes; expires=Fri, 20-Sep-2030 07:39:27 GMT; domain=.paypal.com; path=/; Secure; HttpOnly
Set-Cookie: navcmd=_notify-validate; domain=.paypal.com; path=/; Secure; HttpOnly
Set-Cookie: navlns=0.0; expires=Thu, 22-Sep-2022 07:39:27 GMT; domain=.paypal.com; path=/; Secure; HttpOnly
Set-Cookie: l7_az=dcg14.slc; Path=/; Domain=paypal.com; Expires=Tue, 22 Sep 2020 08:09:27 GMT; HttpOnly; Secure
Set-Cookie: X-PP-SILOVER=name%3DLIVE3.WEB.1%26silo_version%3D880%26app%3Dappdispatcher%26TIME%3D1591643782%26HTTP_X_PP_AZ_LOCATOR%3Ddcg14.slc; Path=/; Domain=paypal.com; Expires=Tue, 22 Sep 2020 08:09:27 GMT; HttpOnly; Secure
Set-Cookie: ts=vreXpYrS%3D1695368366%26vteXpYrS%3D1600762166%26vr%3Db4c0c6341740a1d4e50a230cff2ab92b%26vt%3Db4c0c6341740a1d4e50a230cff2ab92a%26vtyp%3Dnew; Path=/; Domain=paypal.com; Expires=Fri, 22 Sep 2023 07:39:27 GMT; HttpOnly; Secure
Set-Cookie: ts_c=vr%3Db4c0c6341740a1d4e50a230cff2ab92b%26vt%3Db4c0c6341740a1d4e50a230cff2ab92a; Path=/; Domain=paypal.com; Expires=Fri, 22 Sep 2023 07:39:27 GMT; Secure
Set-Cookie: x-cdn=akamai; path=/; domain=.paypal.com; secure
Server-Timing: edge; dur=1001
Server-Timing: origin; dur=1256
Server-Timing: cdn-cache; desc=MISS
Set-Cookie: akavpau_ppsd=1600760967~id=1750b53e568727a838aae0ee7619cf32; Domain=www.paypal.com; Path=/; Secure; SameSite=None
Strict-Transport-Security: max-age=63072000

VERIFIED
                    [headers] => Requests_Response_Headers Object
                        (
                            [data:protected] => Array
                                (
                                    [cache-control] => Array
                                        (
                                            [0] => max-age=0, no-cache, no-store, must-revalidate
                                        )

                                    [content-encoding] => Array
                                        (
                                            [0] => gzip
                                        )

                                    [content-type] => Array
                                        (
                                            [0] => text/html; charset=UTF-8
                                        )

                                    [paypal-debug-id] => Array
                                        (
                                            [0] => f533e82d1d3ce
                                        )

                                    [x-frame-options] => Array
                                        (
                                            [0] => SAMEORIGIN
                                        )

                                    [dc] => Array
                                        (
                                            [0] => phx-origin-www-1.paypal.com
                                        )

                                    [x-akamai-transformed] => Array
                                        (
                                            [0] => 9 34 0 pmb=mRUM,1
                                        )

                                    [date] => Array
                                        (
                                            [0] => Tue, 22 Sep 2020 07:39:27 GMT
                                        )

                                    [content-length] => Array
                                        (
                                            [0] => 28
                                        )

                                    [vary] => Array
                                        (
                                            [0] => Accept-Encoding
                                        )

                                    [set-cookie] => Array
                                        (
                                            [0] => cwrClyrK4LoCV1fydGbAxiNL6iG=QYF5-mNef9M1qUwVDDsIFoeppCiW9lsCNrSEbwsV61XpY0x1XX0Bgs-YHtQQtWF1k-KcwN2ZQnejJHSYVCRcwuEFzh8I2d-Hy2qFqc8oVPapt-wh7YS4pW0PoFXt3LVsqjRfS6Xd4bW6PQP73s0NoNVGr85f-6T5VO83FZY3r3pGm1T6Lf9bfbhNwazfc6EHhb3DnXmqwqLxQO0sCP09JKfygVjE6z7T-QlRSOZcLZ6__NuNA5ABjJBv_Oef-XDWTYqQkI54suxWAYuZQXSm995SPhma_Ig91fafLgCiUBWnScAUbSlAka-oq_nO6qYEsZ26x3DkN7YFd5yXbjoLEKEZKqHl2xYKOw0LdumOvuT4ZIDs9gaB_7D69PoGRBFtdk22sL1klhZzBLSq0-slnLXf78l7kEWm0QL90FCdOlcdYXDpe3chiAzFMti; domain=.paypal.com; path=/; Secure; HttpOnly
                                            [1] => cookie_check=yes; expires=Fri, 20-Sep-2030 07:39:27 GMT; domain=.paypal.com; path=/; Secure; HttpOnly
                                            [2] => navcmd=_notify-validate; domain=.paypal.com; path=/; Secure; HttpOnly
                                            [3] => navlns=0.0; expires=Thu, 22-Sep-2022 07:39:27 GMT; domain=.paypal.com; path=/; Secure; HttpOnly
                                            [4] => l7_az=dcg14.slc; Path=/; Domain=paypal.com; Expires=Tue, 22 Sep 2020 08:09:27 GMT; HttpOnly; Secure
                                            [5] => X-PP-SILOVER=name%3DLIVE3.WEB.1%26silo_version%3D880%26app%3Dappdispatcher%26TIME%3D1591643782%26HTTP_X_PP_AZ_LOCATOR%3Ddcg14.slc; Path=/; Domain=paypal.com; Expires=Tue, 22 Sep 2020 08:09:27 GMT; HttpOnly; Secure
                                            [6] => ts=vreXpYrS%3D1695368366%26vteXpYrS%3D1600762166%26vr%3Db4c0c6341740a1d4e50a230cff2ab92b%26vt%3Db4c0c6341740a1d4e50a230cff2ab92a%26vtyp%3Dnew; Path=/; Domain=paypal.com; Expires=Fri, 22 Sep 2023 07:39:27 GMT; HttpOnly; Secure
                                            [7] => ts_c=vr%3Db4c0c6341740a1d4e50a230cff2ab92b%26vt%3Db4c0c6341740a1d4e50a230cff2ab92a; Path=/; Domain=paypal.com; Expires=Fri, 22 Sep 2023 07:39:27 GMT; Secure
                                            [8] => x-cdn=akamai; path=/; domain=.paypal.com; secure
                                            [9] => akavpau_ppsd=1600760967~id=1750b53e568727a838aae0ee7619cf32; Domain=www.paypal.com; Path=/; Secure; SameSite=None
                                        )

                                    [server-timing] => Array
                                        (
                                            [0] => edge; dur=1001
                                            [1] => origin; dur=1256
                                            [2] => cdn-cache; desc=MISS
                                        )

                                    [strict-transport-security] => Array
                                        (
                                            [0] => max-age=63072000
                                        )

                                )

                        )

                    [status_code] => 200
                    [protocol_version] => 1.1
                    [success] => 1
                    [redirects] => 0
                    [url] => https://www.paypal.com/cgi-bin/webscr
                    [history] => Array
                        (
                        )

                    [cookies] => Requests_Cookie_Jar Object
                        (
                            [cookies:protected] => Array
                                (
                                    [cwrClyrK4LoCV1fydGbAxiNL6iG] => Requests_Cookie Object
                                        (
                                            [name] => cwrClyrK4LoCV1fydGbAxiNL6iG
                                            [value] => QYF5-mNef9M1qUwVDDsIFoeppCiW9lsCNrSEbwsV61XpY0x1XX0Bgs-YHtQQtWF1k-KcwN2ZQnejJHSYVCRcwuEFzh8I2d-Hy2qFqc8oVPapt-wh7YS4pW0PoFXt3LVsqjRfS6Xd4bW6PQP73s0NoNVGr85f-6T5VO83FZY3r3pGm1T6Lf9bfbhNwazfc6EHhb3DnXmqwqLxQO0sCP09JKfygVjE6z7T-QlRSOZcLZ6__NuNA5ABjJBv_Oef-XDWTYqQkI54suxWAYuZQXSm995SPhma_Ig91fafLgCiUBWnScAUbSlAka-oq_nO6qYEsZ26x3DkN7YFd5yXbjoLEKEZKqHl2xYKOw0LdumOvuT4ZIDs9gaB_7D69PoGRBFtdk22sL1klhZzBLSq0-slnLXf78l7kEWm0QL90FCdOlcdYXDpe3chiAzFMti
                                            [attributes] => Requests_Utility_CaseInsensitiveDictionary Object
                                                (
                                                    [data:protected] => Array
                                                        (
                                                            [domain] => paypal.com
                                                            [path] => /
                                                            [secure] => 1
                                                            [httponly] => 1
                                                        )

                                                )

                                            [flags] => Array
                                                (
                                                    [creation] => 1600760367
                                                    [last-access] => 1600760367
                                                    [persistent] => 
                                                    [host-only] => 
                                                )

                                            [reference_time] => 1600760367
                                        )

                                    [cookie_check] => Requests_Cookie Object
                                        (
                                            [name] => cookie_check
                                            [value] => yes
                                            [attributes] => Requests_Utility_CaseInsensitiveDictionary Object
                                                (
                                                    [data:protected] => Array
                                                        (
                                                            [expires] => 1916120367
                                                            [domain] => paypal.com
                                                            [path] => /
                                                            [secure] => 1
                                                            [httponly] => 1
                                                        )

                                                )

                                            [flags] => Array
                                                (
                                                    [creation] => 1600760367
                                                    [last-access] => 1600760367
                                                    [persistent] => 
                                                    [host-only] => 
                                                )

                                            [reference_time] => 1600760367
                                        )

                                    [navcmd] => Requests_Cookie Object
                                        (
                                            [name] => navcmd
                                            [value] => _notify-validate
                                            [attributes] => Requests_Utility_CaseInsensitiveDictionary Object
                                                (
                                                    [data:protected] => Array
                                                        (
                                                            [domain] => paypal.com
                                                            [path] => /
                                                            [secure] => 1
                                                            [httponly] => 1
                                                        )

                                                )

                                            [flags] => Array
                                                (
                                                    [creation] => 1600760367
                                                    [last-access] => 1600760367
                                                    [persistent] => 
                                                    [host-only] => 
                                                )

                                            [reference_time] => 1600760367
                                        )

                                    [navlns] => Requests_Cookie Object
                                        (
                                            [name] => navlns
                                            [value] => 0.0
                                            [attributes] => Requests_Utility_CaseInsensitiveDictionary Object
                                                (
                                                    [data:protected] => Array
                                                        (
                                                            [expires] => 1663832367
                                                            [domain] => paypal.com
                                                            [path] => /
                                                            [secure] => 1
                                                            [httponly] => 1
                                                        )

                                                )

                                            [flags] => Array
                                                (
                                                    [creation] => 1600760367
                                                    [last-access] => 1600760367
                                                    [persistent] => 
                                                    [host-only] => 
                                                )

                                            [reference_time] => 1600760367
                                        )

                                    [l7_az] => Requests_Cookie Object
                                        (
                                            [name] => l7_az
                                            [value] => dcg14.slc
                                            [attributes] => Requests_Utility_CaseInsensitiveDictionary Object
                                                (
                                                    [data:protected] => Array
                                                        (
                                                            [path] => /
                                                            [domain] => paypal.com
                                                            [expires] => 1600762167
                                                            [httponly] => 1
                                                            [secure] => 1
                                                        )

                                                )

                                            [flags] => Array
                                                (
                                                    [creation] => 1600760367
                                                    [last-access] => 1600760367
                                                    [persistent] => 
                                                    [host-only] => 
                                                )

                                            [reference_time] => 1600760367
                                        )

                                    [X-PP-SILOVER] => Requests_Cookie Object
                                        (
                                            [name] => X-PP-SILOVER
                                            [value] => name%3DLIVE3.WEB.1%26silo_version%3D880%26app%3Dappdispatcher%26TIME%3D1591643782%26HTTP_X_PP_AZ_LOCATOR%3Ddcg14.slc
                                            [attributes] => Requests_Utility_CaseInsensitiveDictionary Object
                                                (
                                                    [data:protected] => Array
                                                        (
                                                            [path] => /
                                                            [domain] => paypal.com
                                                            [expires] => 1600762167
                                                            [httponly] => 1
                                                            [secure] => 1
                                                        )

                                                )

                                            [flags] => Array
                                                (
                                                    [creation] => 1600760367
                                                    [last-access] => 1600760367
                                                    [persistent] => 
                                                    [host-only] => 
                                                )

                                            [reference_time] => 1600760367
                                        )

                                    [ts] => Requests_Cookie Object
                                        (
                                            [name] => ts
                                            [value] => vreXpYrS%3D1695368366%26vteXpYrS%3D1600762166%26vr%3Db4c0c6341740a1d4e50a230cff2ab92b%26vt%3Db4c0c6341740a1d4e50a230cff2ab92a%26vtyp%3Dnew
                                            [attributes] => Requests_Utility_CaseInsensitiveDictionary Object
                                                (
                                                    [data:protected] => Array
                                                        (
                                                            [path] => /
                                                            [domain] => paypal.com
                                                            [expires] => 1695368367
                                                            [httponly] => 1
                                                            [secure] => 1
                                                        )

                                                )

                                            [flags] => Array
                                                (
                                                    [creation] => 1600760367
                                                    [last-access] => 1600760367
                                                    [persistent] => 
                                                    [host-only] => 
                                                )

                                            [reference_time] => 1600760367
                                        )

                                    [ts_c] => Requests_Cookie Object
                                        (
                                            [name] => ts_c
                                            [value] => vr%3Db4c0c6341740a1d4e50a230cff2ab92b%26vt%3Db4c0c6341740a1d4e50a230cff2ab92a
                                            [attributes] => Requests_Utility_CaseInsensitiveDictionary Object
                                                (
                                                    [data:protected] => Array
                                                        (
                                                            [path] => /
                                                            [domain] => paypal.com
                                                            [expires] => 1695368367
                                                            [secure] => 1
                                                        )

                                                )

                                            [flags] => Array
                                                (
                                                    [creation] => 1600760367
                                                    [last-access] => 1600760367
                                                    [persistent] => 
                                                    [host-only] => 
                                                )

                                            [reference_time] => 1600760367
                                        )

                                    [x-cdn] => Requests_Cookie Object
                                        (
                                            [name] => x-cdn
                                            [value] => akamai
                                            [attributes] => Requests_Utility_CaseInsensitiveDictionary Object
                                                (
                                                    [data:protected] => Array
                                                        (
                                                            [path] => /
                                                            [domain] => paypal.com
                                                            [secure] => 1
                                                        )

                                                )

                                            [flags] => Array
                                                (
                                                    [creation] => 1600760367
                                                    [last-access] => 1600760367
                                                    [persistent] => 
                                                    [host-only] => 
                                                )

                                            [reference_time] => 1600760367
                                        )

                                    [akavpau_ppsd] => Requests_Cookie Object
                                        (
                                            [name] => akavpau_ppsd
                                            [value] => 1600760967~id=1750b53e568727a838aae0ee7619cf32
                                            [attributes] => Requests_Utility_CaseInsensitiveDictionary Object
                                                (
                                                    [data:protected] => Array
                                                        (
                                                            [domain] => www.paypal.com
                                                            [path] => /
                                                            [secure] => 1
                                                            [samesite] => None
                                                        )

                                                )

                                            [flags] => Array
                                                (
                                                    [creation] => 1600760367
                                                    [last-access] => 1600760367
                                                    [persistent] => 
                                                    [host-only] => 
                                                )

                                            [reference_time] => 1600760367
                                        )

                                )

                        )

                )

            [filename:protected] => 
            [data] => 
            [headers] => 
            [status] => 
        )

)

2020-09-22T07:39:27+00:00 INFO Received valid response from PayPal IPN
2020-09-22T07:39:27+00:00 ERROR Order Keys do not match.
