2020-09-14T14:06:02+00:00 INFO Generating payment form for order 168750. Notify URL: http://www.seoulperlife.com/wc-api/WC_Gateway_Paypal/
2020-09-14T14:06:02+00:00 INFO PayPal Request Args for order 168750: Array
(
    [cmd] => _cart
    [business] => hedihedi@ddpac.co.kr
    [no_note] => 1
    [currency_code] => JPY
    [charset] => utf-8
    [rm] => 1
    [upload] => 1
    [return] => http://www.seoulperlife.com/checkout/order-received/168750/?key=wc_order_l6SasQoGyaSKU&utm_nooverride=1
    [cancel_return] => http://www.seoulperlife.com/cart/?cancel_order=true&order=wc_order_l6SasQoGyaSKU&order_id=168750&redirect&_wpnonce=8a2a50b0d8
    [page_style] => 
    [image_url] => 
    [paymentaction] => sale
    [invoice] => SL-168750
    [custom] => {"order_id":168750,"order_key":"wc_order_l6SasQoGyaSKU"}
    [notify_url] => http://www.seoulperlife.com/wc-api/WC_Gateway_Paypal/
    [first_name] => ***
    [last_name] => ***
    [address1] => ***
    [address2] => ***
    [city] => ***
    [state] => ***
    [zip] => ***
    [country] => ***
    [email] => ***@***
    [night_phone_a] => ***
    [night_phone_b] => ***
    [address_override] => 0
    [no_shipping] => 0
    [shipping_1] => 550
    [item_name_1] => 【ドクタージャルト】 Dr.Jart+ シカペアクリーム 2世代  50ml - シカペアクリーム-2個drcr62082 (1) 選択: シカペアクリーム 2個,drcr6208,2,) x 1, 【ミジャンセン】 MISEENSCENE パーフ...
    [quantity_1] => 1
    [amount_1] => 7600
    [item_number_1] => 168750
    [bn] => WooThemes_Cart
)

2020-09-14T14:06:33+00:00 INFO Checking IPN response is valid
2020-09-14T14:06:35+00:00 INFO IPN Response: Array
(
    [headers] => Requests_Utility_CaseInsensitiveDictionary Object
        (
            [data:protected] => Array
                (
                    [content-length] => 34
                    [server] => nginx/1.14.0 (Ubuntu)
                    [content-type] => text/html; charset=UTF-8
                    [cache-control] => max-age=0, no-cache, no-store, must-revalidate
                    [content-encoding] => gzip
                    [paypal-debug-id] => c57dd6547ae67
                    [set-cookie] => Array
                        (
                            [0] => cwrClyrK4LoCV1fydGbAxiNL6iG=-q17MpAeNmxAvUbaeQMlm_dZBD_Ak7P81eTq6m8MqZyc3TXaI6BuYn5NUgpPUz3B_yfYCDkBy6d23-bxjBw5sWTe0wfliuzH6YtL-Dp63tN5cYy14UcFUg1My5DMxDYZnE4IRPsGjLw97brjzXN26kA0U7WWYilQOitUbqU_3BxaC-lPNP3_n3yHM7mpY5TemJ0WSJlEmXYialubj44gA7sH1NRJr-QqiXekHS8OL5SIf37DSBAo09G6Y5wRNyl3Qidd0wrh91q10TqGNVlEKc7jQTV_v66iKR4XYlucmcNdkHNJTuC_12_JFhLdN6-ulC8jLTCz7TAADI1EN2fTKqG50leRkb3BAc1JreOya80YCKw4pN7SmXddCTlPNWhDeQ_KDvjmoFGTZMy4k1zwmDVsz48NN_fqrNX9PWuapzDcCjazBhUeWIyh8UK; Path=/; Domain=paypal.com; HttpOnly; Secure
                            [1] => cookie_check=yes; Path=/; Domain=paypal.com; Expires=Thu, 12 Sep 2030 14:06:34 GMT; HttpOnly; Secure
                            [2] => navcmd=_notify-validate; Path=/; Domain=paypal.com; HttpOnly; Secure
                            [3] => navlns=0.0; Path=/; Domain=paypal.com; Expires=Wed, 14 Sep 2022 14:06:34 GMT; HttpOnly; Secure
                            [4] => X-PP-SILOVER=name%3DLIVE5.WEB.1%26silo_version%3D880%26app%3Dappdispatcher%26TIME%3D1600092395%26HTTP_X_PP_AZ_LOCATOR%3Ddcg14.slc; Path=/; Domain=paypal.com; Expires=Mon, 14 Sep 2020 14:36:35 GMT; HttpOnly; Secure
                            [5] => ts=vreXpYrS%3D1694700394%26vteXpYrS%3D1600094194%26vr%3D8cf053a81740a4cc7a2e5810fdb22f1e%26vt%3D8cf053a81740a4cc7a2e5810fdb22f1d%26vtyp%3Dnew; Path=/; Domain=paypal.com; Expires=Thu, 14 Sep 2023 14:06:35 GMT; HttpOnly; Secure
                            [6] => ts_c=vr%3D8cf053a81740a4cc7a2e5810fdb22f1e%26vt%3D8cf053a81740a4cc7a2e5810fdb22f1d; Path=/; Domain=paypal.com; Expires=Thu, 14 Sep 2023 14:06:35 GMT; Secure
                            [7] => x-cdn=fastly:TYO; Domain=paypal.com; Path=/; Secure
                        )

                    [x-frame-options] => SAMEORIGIN
                    [dc] => ccg11-origin-www-2.paypal.com
                    [accept-ranges] => Array
                        (
                            [0] => bytes
                            [1] => bytes
                        )

                    [via] => Array
                        (
                            [0] => 1.1 varnish
                            [1] => 1.1 varnish
                        )

                    [date] => Mon, 14 Sep 2020 14:06:35 GMT
                    [strict-transport-security] => max-age=63072000; includeSubDomains; preload
                    [x-served-by] => cache-sin18041-SIN, cache-tyo19937-TYO
                    [x-cache] => MISS, MISS
                    [x-cache-hits] => 0, 0
                    [x-timer] => S1600092394.259389,VS0,VE1090
                    [vary] => Accept-Encoding
                )

        )

    [body] => VERIFIED
    [response] => Array
        (
            [code] => 200
            [message] => OK
        )

    [cookies] => Array
        (
            [0] => WP_Http_Cookie Object
                (
                    [name] => cwrClyrK4LoCV1fydGbAxiNL6iG
                    [value] => -q17MpAeNmxAvUbaeQMlm_dZBD_Ak7P81eTq6m8MqZyc3TXaI6BuYn5NUgpPUz3B_yfYCDkBy6d23-bxjBw5sWTe0wfliuzH6YtL-Dp63tN5cYy14UcFUg1My5DMxDYZnE4IRPsGjLw97brjzXN26kA0U7WWYilQOitUbqU_3BxaC-lPNP3_n3yHM7mpY5TemJ0WSJlEmXYialubj44gA7sH1NRJr-QqiXekHS8OL5SIf37DSBAo09G6Y5wRNyl3Qidd0wrh91q10TqGNVlEKc7jQTV_v66iKR4XYlucmcNdkHNJTuC_12_JFhLdN6-ulC8jLTCz7TAADI1EN2fTKqG50leRkb3BAc1JreOya80YCKw4pN7SmXddCTlPNWhDeQ_KDvjmoFGTZMy4k1zwmDVsz48NN_fqrNX9PWuapzDcCjazBhUeWIyh8UK
                    [expires] => 
                    [path] => /
                    [domain] => paypal.com
                    [host_only] => 
                )

            [1] => WP_Http_Cookie Object
                (
                    [name] => cookie_check
                    [value] => yes
                    [expires] => 1915452394
                    [path] => /
                    [domain] => paypal.com
                    [host_only] => 
                )

            [2] => WP_Http_Cookie Object
                (
                    [name] => navcmd
                    [value] => _notify-validate
                    [expires] => 
                    [path] => /
                    [domain] => paypal.com
                    [host_only] => 
                )

            [3] => WP_Http_Cookie Object
                (
                    [name] => navlns
                    [value] => 0.0
                    [expires] => 1663164394
                    [path] => /
                    [domain] => paypal.com
                    [host_only] => 
                )

            [4] => WP_Http_Cookie Object
                (
                    [name] => X-PP-SILOVER
                    [value] => name=LIVE5.WEB.1&silo_version=880&app=appdispatcher&TIME=1600092395&HTTP_X_PP_AZ_LOCATOR=dcg14.slc
                    [expires] => 1600094195
                    [path] => /
                    [domain] => paypal.com
                    [host_only] => 
                )

            [5] => WP_Http_Cookie Object
                (
                    [name] => ts
                    [value] => vreXpYrS=1694700394&vteXpYrS=1600094194&vr=8cf053a81740a4cc7a2e5810fdb22f1e&vt=8cf053a81740a4cc7a2e5810fdb22f1d&vtyp=new
                    [expires] => 1694700395
                    [path] => /
                    [domain] => paypal.com
                    [host_only] => 
                )

            [6] => WP_Http_Cookie Object
                (
                    [name] => ts_c
                    [value] => vr=8cf053a81740a4cc7a2e5810fdb22f1e&vt=8cf053a81740a4cc7a2e5810fdb22f1d
                    [expires] => 1694700395
                    [path] => /
                    [domain] => paypal.com
                    [host_only] => 
                )

            [7] => WP_Http_Cookie Object
                (
                    [name] => x-cdn
                    [value] => fastly:TYO
                    [expires] => 
                    [path] => /
                    [domain] => paypal.com
                    [host_only] => 
                )

        )

    [filename] => 
    [http_response] => WP_HTTP_Requests_Response Object
        (
            [response:protected] => Requests_Response Object
                (
                    [body] => VERIFIED
                    [raw] => HTTP/1.1 200 OK
Connection: close
Content-Length: 34
Server: nginx/1.14.0 (Ubuntu)
Content-Type: text/html; charset=UTF-8
Cache-Control: max-age=0, no-cache, no-store, must-revalidate
Content-Encoding: gzip
Paypal-Debug-Id: c57dd6547ae67
Set-Cookie: cwrClyrK4LoCV1fydGbAxiNL6iG=-q17MpAeNmxAvUbaeQMlm_dZBD_Ak7P81eTq6m8MqZyc3TXaI6BuYn5NUgpPUz3B_yfYCDkBy6d23-bxjBw5sWTe0wfliuzH6YtL-Dp63tN5cYy14UcFUg1My5DMxDYZnE4IRPsGjLw97brjzXN26kA0U7WWYilQOitUbqU_3BxaC-lPNP3_n3yHM7mpY5TemJ0WSJlEmXYialubj44gA7sH1NRJr-QqiXekHS8OL5SIf37DSBAo09G6Y5wRNyl3Qidd0wrh91q10TqGNVlEKc7jQTV_v66iKR4XYlucmcNdkHNJTuC_12_JFhLdN6-ulC8jLTCz7TAADI1EN2fTKqG50leRkb3BAc1JreOya80YCKw4pN7SmXddCTlPNWhDeQ_KDvjmoFGTZMy4k1zwmDVsz48NN_fqrNX9PWuapzDcCjazBhUeWIyh8UK; Path=/; Domain=paypal.com; HttpOnly; Secure
Set-Cookie: cookie_check=yes; Path=/; Domain=paypal.com; Expires=Thu, 12 Sep 2030 14:06:34 GMT; HttpOnly; Secure
Set-Cookie: navcmd=_notify-validate; Path=/; Domain=paypal.com; HttpOnly; Secure
Set-Cookie: navlns=0.0; Path=/; Domain=paypal.com; Expires=Wed, 14 Sep 2022 14:06:34 GMT; HttpOnly; Secure
Set-Cookie: X-PP-SILOVER=name%3DLIVE5.WEB.1%26silo_version%3D880%26app%3Dappdispatcher%26TIME%3D1600092395%26HTTP_X_PP_AZ_LOCATOR%3Ddcg14.slc; Path=/; Domain=paypal.com; Expires=Mon, 14 Sep 2020 14:36:35 GMT; HttpOnly; Secure
Set-Cookie: ts=vreXpYrS%3D1694700394%26vteXpYrS%3D1600094194%26vr%3D8cf053a81740a4cc7a2e5810fdb22f1e%26vt%3D8cf053a81740a4cc7a2e5810fdb22f1d%26vtyp%3Dnew; Path=/; Domain=paypal.com; Expires=Thu, 14 Sep 2023 14:06:35 GMT; HttpOnly; Secure
Set-Cookie: ts_c=vr%3D8cf053a81740a4cc7a2e5810fdb22f1e%26vt%3D8cf053a81740a4cc7a2e5810fdb22f1d; Path=/; Domain=paypal.com; Expires=Thu, 14 Sep 2023 14:06:35 GMT; Secure
X-Frame-Options: SAMEORIGIN
DC: ccg11-origin-www-2.paypal.com
Accept-Ranges: bytes
Via: 1.1 varnish
Accept-Ranges: bytes
Date: Mon, 14 Sep 2020 14:06:35 GMT
Via: 1.1 varnish
Strict-Transport-Security: max-age=63072000; includeSubDomains; preload
X-Served-By: cache-sin18041-SIN, cache-tyo19937-TYO
X-Cache: MISS, MISS
X-Cache-Hits: 0, 0
X-Timer: S1600092394.259389,VS0,VE1090
Vary: Accept-Encoding
Set-Cookie: x-cdn=fastly:TYO; Domain=paypal.com; Path=/; Secure

VERIFIED
                    [headers] => Requests_Response_Headers Object
                        (
                            [data:protected] => Array
                                (
                                    [content-length] => Array
                                        (
                                            [0] => 34
                                        )

                                    [server] => Array
                                        (
                                            [0] => nginx/1.14.0 (Ubuntu)
                                        )

                                    [content-type] => Array
                                        (
                                            [0] => text/html; charset=UTF-8
                                        )

                                    [cache-control] => Array
                                        (
                                            [0] => max-age=0, no-cache, no-store, must-revalidate
                                        )

                                    [content-encoding] => Array
                                        (
                                            [0] => gzip
                                        )

                                    [paypal-debug-id] => Array
                                        (
                                            [0] => c57dd6547ae67
                                        )

                                    [set-cookie] => Array
                                        (
                                            [0] => cwrClyrK4LoCV1fydGbAxiNL6iG=-q17MpAeNmxAvUbaeQMlm_dZBD_Ak7P81eTq6m8MqZyc3TXaI6BuYn5NUgpPUz3B_yfYCDkBy6d23-bxjBw5sWTe0wfliuzH6YtL-Dp63tN5cYy14UcFUg1My5DMxDYZnE4IRPsGjLw97brjzXN26kA0U7WWYilQOitUbqU_3BxaC-lPNP3_n3yHM7mpY5TemJ0WSJlEmXYialubj44gA7sH1NRJr-QqiXekHS8OL5SIf37DSBAo09G6Y5wRNyl3Qidd0wrh91q10TqGNVlEKc7jQTV_v66iKR4XYlucmcNdkHNJTuC_12_JFhLdN6-ulC8jLTCz7TAADI1EN2fTKqG50leRkb3BAc1JreOya80YCKw4pN7SmXddCTlPNWhDeQ_KDvjmoFGTZMy4k1zwmDVsz48NN_fqrNX9PWuapzDcCjazBhUeWIyh8UK; Path=/; Domain=paypal.com; HttpOnly; Secure
                                            [1] => cookie_check=yes; Path=/; Domain=paypal.com; Expires=Thu, 12 Sep 2030 14:06:34 GMT; HttpOnly; Secure
                                            [2] => navcmd=_notify-validate; Path=/; Domain=paypal.com; HttpOnly; Secure
                                            [3] => navlns=0.0; Path=/; Domain=paypal.com; Expires=Wed, 14 Sep 2022 14:06:34 GMT; HttpOnly; Secure
                                            [4] => X-PP-SILOVER=name%3DLIVE5.WEB.1%26silo_version%3D880%26app%3Dappdispatcher%26TIME%3D1600092395%26HTTP_X_PP_AZ_LOCATOR%3Ddcg14.slc; Path=/; Domain=paypal.com; Expires=Mon, 14 Sep 2020 14:36:35 GMT; HttpOnly; Secure
                                            [5] => ts=vreXpYrS%3D1694700394%26vteXpYrS%3D1600094194%26vr%3D8cf053a81740a4cc7a2e5810fdb22f1e%26vt%3D8cf053a81740a4cc7a2e5810fdb22f1d%26vtyp%3Dnew; Path=/; Domain=paypal.com; Expires=Thu, 14 Sep 2023 14:06:35 GMT; HttpOnly; Secure
                                            [6] => ts_c=vr%3D8cf053a81740a4cc7a2e5810fdb22f1e%26vt%3D8cf053a81740a4cc7a2e5810fdb22f1d; Path=/; Domain=paypal.com; Expires=Thu, 14 Sep 2023 14:06:35 GMT; Secure
                                            [7] => x-cdn=fastly:TYO; Domain=paypal.com; Path=/; Secure
                                        )

                                    [x-frame-options] => Array
                                        (
                                            [0] => SAMEORIGIN
                                        )

                                    [dc] => Array
                                        (
                                            [0] => ccg11-origin-www-2.paypal.com
                                        )

                                    [accept-ranges] => Array
                                        (
                                            [0] => bytes
                                            [1] => bytes
                                        )

                                    [via] => Array
                                        (
                                            [0] => 1.1 varnish
                                            [1] => 1.1 varnish
                                        )

                                    [date] => Array
                                        (
                                            [0] => Mon, 14 Sep 2020 14:06:35 GMT
                                        )

                                    [strict-transport-security] => Array
                                        (
                                            [0] => max-age=63072000; includeSubDomains; preload
                                        )

                                    [x-served-by] => Array
                                        (
                                            [0] => cache-sin18041-SIN, cache-tyo19937-TYO
                                        )

                                    [x-cache] => Array
                                        (
                                            [0] => MISS, MISS
                                        )

                                    [x-cache-hits] => Array
                                        (
                                            [0] => 0, 0
                                        )

                                    [x-timer] => Array
                                        (
                                            [0] => S1600092394.259389,VS0,VE1090
                                        )

                                    [vary] => Array
                                        (
                                            [0] => Accept-Encoding
                                        )

                                )

                        )

                    [status_code] => 200
                    [protocol_version] => 1.1
                    [success] => 1
                    [redirects] => 0
                    [url] => https://www.paypal.com/cgi-bin/webscr
                    [history] => Array
                        (
                        )

                    [cookies] => Requests_Cookie_Jar Object
                        (
                            [cookies:protected] => Array
                                (
                                    [cwrClyrK4LoCV1fydGbAxiNL6iG] => Requests_Cookie Object
                                        (
                                            [name] => cwrClyrK4LoCV1fydGbAxiNL6iG
                                            [value] => -q17MpAeNmxAvUbaeQMlm_dZBD_Ak7P81eTq6m8MqZyc3TXaI6BuYn5NUgpPUz3B_yfYCDkBy6d23-bxjBw5sWTe0wfliuzH6YtL-Dp63tN5cYy14UcFUg1My5DMxDYZnE4IRPsGjLw97brjzXN26kA0U7WWYilQOitUbqU_3BxaC-lPNP3_n3yHM7mpY5TemJ0WSJlEmXYialubj44gA7sH1NRJr-QqiXekHS8OL5SIf37DSBAo09G6Y5wRNyl3Qidd0wrh91q10TqGNVlEKc7jQTV_v66iKR4XYlucmcNdkHNJTuC_12_JFhLdN6-ulC8jLTCz7TAADI1EN2fTKqG50leRkb3BAc1JreOya80YCKw4pN7SmXddCTlPNWhDeQ_KDvjmoFGTZMy4k1zwmDVsz48NN_fqrNX9PWuapzDcCjazBhUeWIyh8UK
                                            [attributes] => Requests_Utility_CaseInsensitiveDictionary Object
                                                (
                                                    [data:protected] => Array
                                                        (
                                                            [path] => /
                                                            [domain] => paypal.com
                                                            [httponly] => 1
                                                            [secure] => 1
                                                        )

                                                )

                                            [flags] => Array
                                                (
                                                    [creation] => 1600092395
                                                    [last-access] => 1600092395
                                                    [persistent] => 
                                                    [host-only] => 
                                                )

                                            [reference_time] => 1600092395
                                        )

                                    [cookie_check] => Requests_Cookie Object
                                        (
                                            [name] => cookie_check
                                            [value] => yes
                                            [attributes] => Requests_Utility_CaseInsensitiveDictionary Object
                                                (
                                                    [data:protected] => Array
                                                        (
                                                            [path] => /
                                                            [domain] => paypal.com
                                                            [expires] => 1915452394
                                                            [httponly] => 1
                                                            [secure] => 1
                                                        )

                                                )

                                            [flags] => Array
                                                (
                                                    [creation] => 1600092395
                                                    [last-access] => 1600092395
                                                    [persistent] => 
                                                    [host-only] => 
                                                )

                                            [reference_time] => 1600092395
                                        )

                                    [navcmd] => Requests_Cookie Object
                                        (
                                            [name] => navcmd
                                            [value] => _notify-validate
                                            [attributes] => Requests_Utility_CaseInsensitiveDictionary Object
                                                (
                                                    [data:protected] => Array
                                                        (
                                                            [path] => /
                                                            [domain] => paypal.com
                                                            [httponly] => 1
                                                            [secure] => 1
                                                        )

                                                )

                                            [flags] => Array
                                                (
                                                    [creation] => 1600092395
                                                    [last-access] => 1600092395
                                                    [persistent] => 
                                                    [host-only] => 
                                                )

                                            [reference_time] => 1600092395
                                        )

                                    [navlns] => Requests_Cookie Object
                                        (
                                            [name] => navlns
                                            [value] => 0.0
                                            [attributes] => Requests_Utility_CaseInsensitiveDictionary Object
                                                (
                                                    [data:protected] => Array
                                                        (
                                                            [path] => /
                                                            [domain] => paypal.com
                                                            [expires] => 1663164394
                                                            [httponly] => 1
                                                            [secure] => 1
                                                        )

                                                )

                                            [flags] => Array
                                                (
                                                    [creation] => 1600092395
                                                    [last-access] => 1600092395
                                                    [persistent] => 
                                                    [host-only] => 
                                                )

                                            [reference_time] => 1600092395
                                        )

                                    [X-PP-SILOVER] => Requests_Cookie Object
                                        (
                                            [name] => X-PP-SILOVER
                                            [value] => name%3DLIVE5.WEB.1%26silo_version%3D880%26app%3Dappdispatcher%26TIME%3D1600092395%26HTTP_X_PP_AZ_LOCATOR%3Ddcg14.slc
                                            [attributes] => Requests_Utility_CaseInsensitiveDictionary Object
                                                (
                                                    [data:protected] => Array
                                                        (
                                                            [path] => /
                                                            [domain] => paypal.com
                                                            [expires] => 1600094195
                                                            [httponly] => 1
                                                            [secure] => 1
                                                        )

                                                )

                                            [flags] => Array
                                                (
                                                    [creation] => 1600092395
                                                    [last-access] => 1600092395
                                                    [persistent] => 
                                                    [host-only] => 
                                                )

                                            [reference_time] => 1600092395
                                        )

                                    [ts] => Requests_Cookie Object
                                        (
                                            [name] => ts
                                            [value] => vreXpYrS%3D1694700394%26vteXpYrS%3D1600094194%26vr%3D8cf053a81740a4cc7a2e5810fdb22f1e%26vt%3D8cf053a81740a4cc7a2e5810fdb22f1d%26vtyp%3Dnew
                                            [attributes] => Requests_Utility_CaseInsensitiveDictionary Object
                                                (
                                                    [data:protected] => Array
                                                        (
                                                            [path] => /
                                                            [domain] => paypal.com
                                                            [expires] => 1694700395
                                                            [httponly] => 1
                                                            [secure] => 1
                                                        )

                                                )

                                            [flags] => Array
                                                (
                                                    [creation] => 1600092395
                                                    [last-access] => 1600092395
                                                    [persistent] => 
                                                    [host-only] => 
                                                )

                                            [reference_time] => 1600092395
                                        )

                                    [ts_c] => Requests_Cookie Object
                                        (
                                            [name] => ts_c
                                            [value] => vr%3D8cf053a81740a4cc7a2e5810fdb22f1e%26vt%3D8cf053a81740a4cc7a2e5810fdb22f1d
                                            [attributes] => Requests_Utility_CaseInsensitiveDictionary Object
                                                (
                                                    [data:protected] => Array
                                                        (
                                                            [path] => /
                                                            [domain] => paypal.com
                                                            [expires] => 1694700395
                                                            [secure] => 1
                                                        )

                                                )

                                            [flags] => Array
                                                (
                                                    [creation] => 1600092395
                                                    [last-access] => 1600092395
                                                    [persistent] => 
                                                    [host-only] => 
                                                )

                                            [reference_time] => 1600092395
                                        )

                                    [x-cdn] => Requests_Cookie Object
                                        (
                                            [name] => x-cdn
                                            [value] => fastly:TYO
                                            [attributes] => Requests_Utility_CaseInsensitiveDictionary Object
                                                (
                                                    [data:protected] => Array
                                                        (
                                                            [domain] => paypal.com
                                                            [path] => /
                                                            [secure] => 1
                                                        )

                                                )

                                            [flags] => Array
                                                (
                                                    [creation] => 1600092395
                                                    [last-access] => 1600092395
                                                    [persistent] => 
                                                    [host-only] => 
                                                )

                                            [reference_time] => 1600092395
                                        )

                                )

                        )

                )

            [filename:protected] => 
            [data] => 
            [headers] => 
            [status] => 
        )

)

2020-09-14T14:06:35+00:00 INFO Received valid response from PayPal IPN
2020-09-14T14:06:35+00:00 INFO Found order #168750
2020-09-14T14:06:35+00:00 INFO Payment status: completed
2020-09-14T14:06:37+00:00 INFO Received invalid response from PayPal PDT
