2020-08-29T13:48:04+00:00 INFO Generating payment form for order 166254. Notify URL: http://www.seoulperlife.com/wc-api/WC_Gateway_Paypal/
2020-08-29T13:48:04+00:00 INFO PayPal Request Args for order 166254: Array
(
    [cmd] => _cart
    [business] => hedihedi@ddpac.co.kr
    [no_note] => 1
    [currency_code] => JPY
    [charset] => utf-8
    [rm] => 1
    [upload] => 1
    [return] => http://www.seoulperlife.com/checkout/order-received/166254/?key=wc_order_Er4Tgt7HgeT8h&utm_nooverride=1
    [cancel_return] => http://www.seoulperlife.com/cart/?cancel_order=true&order=wc_order_Er4Tgt7HgeT8h&order_id=166254&redirect&_wpnonce=85383059e1
    [page_style] => 
    [image_url] => 
    [paymentaction] => sale
    [invoice] => SL-166254
    [custom] => {"order_id":166254,"order_key":"wc_order_Er4Tgt7HgeT8h"}
    [notify_url] => http://www.seoulperlife.com/wc-api/WC_Gateway_Paypal/
    [first_name] => ***
    [last_name] => ***
    [address1] => ***
    [address2] => ***
    [city] => ***
    [state] => ***
    [zip] => ***
    [country] => ***
    [email] => ***@***
    [night_phone_a] => ***
    [night_phone_b] => ***
    [address_override] => 0
    [no_shipping] => 0
    [tax_cart] => 0
    [shipping_1] => 550
    [item_name_1] => 【ビューティーモリ】BEAUTYMORY リアルグロウ ホワイトトリュフマスク 1箱(10枚)
    [quantity_1] => 1
    [amount_1] => 2680
    [item_number_1] => 200825006
    [bn] => WooThemes_Cart
)

