2020-10-04T10:04:59+00:00 INFO Generating payment form for order 170984. Notify URL: https://www.seoulperlife.com/wc-api/WC_Gateway_Paypal/
2020-10-04T10:04:59+00:00 INFO PayPal Request Args for order 170984: Array
(
    [cmd] => _cart
    [business] => hedihedi@ddpac.co.kr
    [no_note] => 1
    [currency_code] => JPY
    [charset] => utf-8
    [rm] => 2
    [upload] => 1
    [return] => https://www.seoulperlife.com/checkout/order-received/170984/?key=wc_order_vPsCrT83RDBFg&utm_nooverride=1
    [cancel_return] => https://www.seoulperlife.com/cart/?cancel_order=true&order=wc_order_vPsCrT83RDBFg&order_id=170984&redirect&_wpnonce=88bc411672
    [page_style] => 
    [image_url] => 
    [paymentaction] => sale
    [invoice] => SL-170984
    [custom] => {"order_id":170984,"order_key":"wc_order_vPsCrT83RDBFg"}
    [notify_url] => https://www.seoulperlife.com/wc-api/WC_Gateway_Paypal/
    [first_name] => ***
    [last_name] => ***
    [address1] => ***
    [address2] => ***
    [city] => ***
    [state] => ***
    [zip] => ***
    [country] => ***
    [email] => ***@***
    [night_phone_a] => ***
    [night_phone_b] => ***
    [address_override] => 0
    [no_shipping] => 0
    [item_name_1] => 【ドクタージャルト】 Dr.Jart+ シカペアクリーム 2世代  50ml - シカペアクリーム-1個 (1) 選択: シカペアクリーム 1個) x 1, 【ドクタージャルト】 Dr.Jart+ シカペアリカバー55ml - シカペアリカバー-1...
    [quantity_1] => 1
    [amount_1] => 7576
    [item_number_1] => 170984
    [bn] => WooThemes_Cart
)

