2020-10-31T05:29:21+00:00 INFO Generating payment form for order 172787. Notify URL: https://www.seoulperlife.com/wc-api/WC_Gateway_Paypal/
2020-10-31T05:29:21+00:00 INFO PayPal Request Args for order 172787: Array
(
    [cmd] => _cart
    [business] => hedihedi@ddpac.co.kr
    [no_note] => 1
    [currency_code] => JPY
    [charset] => utf-8
    [rm] => 2
    [upload] => 1
    [return] => https://www.seoulperlife.com/checkout/order-received/172787/?key=wc_order_hPf9S6BOJqh6J&utm_nooverride=1
    [cancel_return] => https://www.seoulperlife.com/cart/?cancel_order=true&order=wc_order_hPf9S6BOJqh6J&order_id=172787&redirect&_wpnonce=76c07b31bb
    [page_style] => 
    [image_url] => 
    [paymentaction] => sale
    [invoice] => SL-172787
    [custom] => {"order_id":172787,"order_key":"wc_order_hPf9S6BOJqh6J"}
    [notify_url] => https://www.seoulperlife.com/wc-api/WC_Gateway_Paypal/
    [first_name] => ***
    [last_name] => ***
    [address1] => ***
    [address2] => ***
    [city] => ***
    [state] => ***
    [zip] => ***
    [country] => ***
    [email] => ***@***
    [night_phone_a] => ***
    [night_phone_b] => ***
    [address_override] => 0
    [no_shipping] => 0
    [tax_cart] => 0
    [shipping_1] => 550
    [item_name_1] => 【ジ オーディナリー】The Ordinary グリコール酸7％+トーニングソリューション 240ml
    [quantity_1] => 1
    [amount_1] => 1040
    [item_number_1] => UNI0584,1,
    [item_name_2] => 【ジ オーディナリー】The Ordinary ナイアシンアミド10％+亜鉛1％ 60ml
    [quantity_2] => 1
    [amount_2] => 1240
    [item_number_2] => UNI0589,1,
    [bn] => WooThemes_Cart
)

2020-10-31T05:38:12+00:00 INFO Generating payment form for order 172787. Notify URL: https://www.seoulperlife.com/wc-api/WC_Gateway_Paypal/
2020-10-31T05:38:12+00:00 INFO PayPal Request Args for order 172787: Array
(
    [cmd] => _cart
    [business] => hedihedi@ddpac.co.kr
    [no_note] => 1
    [currency_code] => JPY
    [charset] => utf-8
    [rm] => 2
    [upload] => 1
    [return] => https://www.seoulperlife.com/checkout/order-received/172787/?key=wc_order_hPf9S6BOJqh6J&utm_nooverride=1
    [cancel_return] => https://www.seoulperlife.com/cart/?cancel_order=true&order=wc_order_hPf9S6BOJqh6J&order_id=172787&redirect&_wpnonce=76c07b31bb
    [page_style] => 
    [image_url] => 
    [paymentaction] => sale
    [invoice] => SL-172787
    [custom] => {"order_id":172787,"order_key":"wc_order_hPf9S6BOJqh6J"}
    [notify_url] => https://www.seoulperlife.com/wc-api/WC_Gateway_Paypal/
    [first_name] => ***
    [last_name] => ***
    [address1] => ***
    [address2] => ***
    [city] => ***
    [state] => ***
    [zip] => ***
    [country] => ***
    [email] => ***@***
    [night_phone_a] => ***
    [night_phone_b] => ***
    [address_override] => 0
    [no_shipping] => 0
    [tax_cart] => 0
    [shipping_1] => 550
    [item_name_1] => 【ジ オーディナリー】The Ordinary グリコール酸7％+トーニングソリューション 240ml
    [quantity_1] => 1
    [amount_1] => 1040
    [item_number_1] => UNI0584,1,
    [item_name_2] => 【ジ オーディナリー】The Ordinary ナイアシンアミド10％+亜鉛1％ 60ml
    [quantity_2] => 1
    [amount_2] => 1240
    [item_number_2] => UNI0589,1,
    [bn] => WooThemes_Cart
)

2020-10-31T12:28:13+00:00 INFO Generating payment form for order 172790. Notify URL: https://www.seoulperlife.com/wc-api/WC_Gateway_Paypal/
2020-10-31T12:28:13+00:00 INFO PayPal Request Args for order 172790: Array
(
    [cmd] => _cart
    [business] => hedihedi@ddpac.co.kr
    [no_note] => 1
    [currency_code] => JPY
    [charset] => utf-8
    [rm] => 2
    [upload] => 1
    [return] => https://www.seoulperlife.com/checkout/order-received/172790/?key=wc_order_dQ7EY4Ema3Gzj&utm_nooverride=1
    [cancel_return] => https://www.seoulperlife.com/cart/?cancel_order=true&order=wc_order_dQ7EY4Ema3Gzj&order_id=172790&redirect&_wpnonce=cce36efe1e
    [page_style] => 
    [image_url] => 
    [paymentaction] => sale
    [invoice] => SL-172790
    [custom] => {"order_id":172790,"order_key":"wc_order_dQ7EY4Ema3Gzj"}
    [notify_url] => https://www.seoulperlife.com/wc-api/WC_Gateway_Paypal/
    [first_name] => ***
    [last_name] => ***
    [address1] => ***
    [address2] => ***
    [city] => ***
    [state] => ***
    [zip] => ***
    [country] => ***
    [email] => ***@***
    [night_phone_a] => ***
    [night_phone_b] => ***
    [address_override] => 0
    [no_shipping] => 0
    [item_name_1] => 【ジ オーディナリー】The Ordinary ナイアシンアミド10％+亜鉛1％ 60ml x 1, 【ジ オーディナリー】The Ordinary アルファアルブチン2％ 30ml x 2, 【ジ オーディナリー】The Ordinary カフェ...
    [quantity_1] => 1
    [amount_1] => 5304
    [item_number_1] => 172790
    [bn] => WooThemes_Cart
)

2020-10-31T12:28:42+00:00 INFO Checking IPN response is valid
2020-10-31T12:28:43+00:00 INFO IPN Response: Array
(
    [headers] => Requests_Utility_CaseInsensitiveDictionary Object
        (
            [data:protected] => Array
                (
                    [content-length] => 34
                    [cache-control] => max-age=0, no-cache, no-store, must-revalidate
                    [content-encoding] => gzip
                    [content-type] => text/html; charset=UTF-8
                    [paypal-debug-id] => 8a261c4ebec02
                    [set-cookie] => Array
                        (
                            [0] => cwrClyrK4LoCV1fydGbAxiNL6iG=Q7_Se-dgGhWcPbr5j1XB1jxucrxhNyR37-2j_iw5_0cXK6-ZlWsqBAjuvsQ50wHfJYjHYU9_-MsCKBdzuOnpTaLKcDekSeKzzK47SJtrTBGfi53jBsiuAnzgMYTHcx0OEqn4f8wo5Ms-8ejhnRIbBXnzC9EYUgol_QbhKgegyzx8CTf2YQI8DlA34SNnP7hUpdhoTmknt0J1Ahbx99rD6MjUi4esVpuduPbi-dNf7Jkf7_cphLzWuN0QVyydi7qxDrqYiXNFA-Jq7a5ZtG8d8vKQQYEDtkLnB-iXJ4AY1k2uFhY2L-N5Sm_jGXtNAr_CM9C9kwbL4SNwV2uyD1Zv4WphNyjNr_dJtWBoU4X7XEdM_BYpaKRtDv5Uo6-ibwByilkgJKqPkNECz3RtqTAUc8tODPvKWdrCD53kT7Sj3OA4gFN2F0208JO8w20; domain=.paypal.com; path=/; Secure; HttpOnly
                            [1] => cookie_check=yes; expires=Tue, 29-Oct-2030 12:28:43 GMT; domain=.paypal.com; path=/; Secure; HttpOnly
                            [2] => navcmd=_notify-validate; domain=.paypal.com; path=/; Secure; HttpOnly
                            [3] => navlns=0.0; expires=Mon, 31-Oct-2022 12:28:43 GMT; domain=.paypal.com; path=/; Secure; HttpOnly
                            [4] => l7_az=dcg14.slc; Path=/; Domain=paypal.com; Expires=Sat, 31 Oct 2020 12:58:43 GMT; HttpOnly; Secure
                            [5] => ts=vreXpYrS%3D1698755322%26vteXpYrS%3D1604149122%26vr%3D7ea19f7b1750ad045e49d699fd3302b7%26vt%3D7ea19f7b1750ad045e49d699fd3302b6%26vtyp%3Dnew; Path=/; Domain=paypal.com; Expires=Tue, 31 Oct 2023 12:28:43 GMT; HttpOnly; Secure
                            [6] => ts_c=vr%3D7ea19f7b1750ad045e49d699fd3302b7%26vt%3D7ea19f7b1750ad045e49d699fd3302b6; Path=/; Domain=paypal.com; Expires=Tue, 31 Oct 2023 12:28:43 GMT; Secure
                            [7] => x-cdn=fastly:HND; Domain=paypal.com; Path=/; Secure
                        )

                    [x-frame-options] => SAMEORIGIN
                    [dc] => ccg11-origin-www-1.paypal.com
                    [accept-ranges] => bytes
                    [via] => 1.1 varnish, 1.1 varnish
                    [date] => Sat, 31 Oct 2020 12:28:43 GMT
                    [strict-transport-security] => max-age=63072000; includeSubDomains; preload
                    [x-served-by] => cache-sin18051-SIN, cache-hnd18730-HND
                    [x-cache] => MISS, MISS
                    [x-cache-hits] => 0, 0
                    [x-timer] => S1604147323.603586,VS0,VE1077
                    [vary] => Accept-Encoding
                )

        )

    [body] => VERIFIED
    [response] => Array
        (
            [code] => 200
            [message] => OK
        )

    [cookies] => Array
        (
            [0] => WP_Http_Cookie Object
                (
                    [name] => cwrClyrK4LoCV1fydGbAxiNL6iG
                    [value] => Q7_Se-dgGhWcPbr5j1XB1jxucrxhNyR37-2j_iw5_0cXK6-ZlWsqBAjuvsQ50wHfJYjHYU9_-MsCKBdzuOnpTaLKcDekSeKzzK47SJtrTBGfi53jBsiuAnzgMYTHcx0OEqn4f8wo5Ms-8ejhnRIbBXnzC9EYUgol_QbhKgegyzx8CTf2YQI8DlA34SNnP7hUpdhoTmknt0J1Ahbx99rD6MjUi4esVpuduPbi-dNf7Jkf7_cphLzWuN0QVyydi7qxDrqYiXNFA-Jq7a5ZtG8d8vKQQYEDtkLnB-iXJ4AY1k2uFhY2L-N5Sm_jGXtNAr_CM9C9kwbL4SNwV2uyD1Zv4WphNyjNr_dJtWBoU4X7XEdM_BYpaKRtDv5Uo6-ibwByilkgJKqPkNECz3RtqTAUc8tODPvKWdrCD53kT7Sj3OA4gFN2F0208JO8w20
                    [expires] => 
                    [path] => /
                    [domain] => paypal.com
                    [host_only] => 
                )

            [1] => WP_Http_Cookie Object
                (
                    [name] => cookie_check
                    [value] => yes
                    [expires] => 1919507323
                    [path] => /
                    [domain] => paypal.com
                    [host_only] => 
                )

            [2] => WP_Http_Cookie Object
                (
                    [name] => navcmd
                    [value] => _notify-validate
                    [expires] => 
                    [path] => /
                    [domain] => paypal.com
                    [host_only] => 
                )

            [3] => WP_Http_Cookie Object
                (
                    [name] => navlns
                    [value] => 0.0
                    [expires] => 1667219323
                    [path] => /
                    [domain] => paypal.com
                    [host_only] => 
                )

            [4] => WP_Http_Cookie Object
                (
                    [name] => l7_az
                    [value] => dcg14.slc
                    [expires] => 1604149123
                    [path] => /
                    [domain] => paypal.com
                    [host_only] => 
                )

            [5] => WP_Http_Cookie Object
                (
                    [name] => ts
                    [value] => vreXpYrS=1698755322&vteXpYrS=1604149122&vr=7ea19f7b1750ad045e49d699fd3302b7&vt=7ea19f7b1750ad045e49d699fd3302b6&vtyp=new
                    [expires] => 1698755323
                    [path] => /
                    [domain] => paypal.com
                    [host_only] => 
                )

            [6] => WP_Http_Cookie Object
                (
                    [name] => ts_c
                    [value] => vr=7ea19f7b1750ad045e49d699fd3302b7&vt=7ea19f7b1750ad045e49d699fd3302b6
                    [expires] => 1698755323
                    [path] => /
                    [domain] => paypal.com
                    [host_only] => 
                )

            [7] => WP_Http_Cookie Object
                (
                    [name] => x-cdn
                    [value] => fastly:HND
                    [expires] => 
                    [path] => /
                    [domain] => paypal.com
                    [host_only] => 
                )

        )

    [filename] => 
    [http_response] => WP_HTTP_Requests_Response Object
        (
            [response:protected] => Requests_Response Object
                (
                    [body] => VERIFIED
                    [raw] => HTTP/1.1 200 OK
Connection: close
Content-Length: 34
Cache-Control: max-age=0, no-cache, no-store, must-revalidate
Content-Encoding: gzip
Content-Type: text/html; charset=UTF-8
Paypal-Debug-Id: 8a261c4ebec02
Set-Cookie: cwrClyrK4LoCV1fydGbAxiNL6iG=Q7_Se-dgGhWcPbr5j1XB1jxucrxhNyR37-2j_iw5_0cXK6-ZlWsqBAjuvsQ50wHfJYjHYU9_-MsCKBdzuOnpTaLKcDekSeKzzK47SJtrTBGfi53jBsiuAnzgMYTHcx0OEqn4f8wo5Ms-8ejhnRIbBXnzC9EYUgol_QbhKgegyzx8CTf2YQI8DlA34SNnP7hUpdhoTmknt0J1Ahbx99rD6MjUi4esVpuduPbi-dNf7Jkf7_cphLzWuN0QVyydi7qxDrqYiXNFA-Jq7a5ZtG8d8vKQQYEDtkLnB-iXJ4AY1k2uFhY2L-N5Sm_jGXtNAr_CM9C9kwbL4SNwV2uyD1Zv4WphNyjNr_dJtWBoU4X7XEdM_BYpaKRtDv5Uo6-ibwByilkgJKqPkNECz3RtqTAUc8tODPvKWdrCD53kT7Sj3OA4gFN2F0208JO8w20; domain=.paypal.com; path=/; Secure; HttpOnly
Set-Cookie: cookie_check=yes; expires=Tue, 29-Oct-2030 12:28:43 GMT; domain=.paypal.com; path=/; Secure; HttpOnly
Set-Cookie: navcmd=_notify-validate; domain=.paypal.com; path=/; Secure; HttpOnly
Set-Cookie: navlns=0.0; expires=Mon, 31-Oct-2022 12:28:43 GMT; domain=.paypal.com; path=/; Secure; HttpOnly
Set-Cookie: l7_az=dcg14.slc; Path=/; Domain=paypal.com; Expires=Sat, 31 Oct 2020 12:58:43 GMT; HttpOnly; Secure
Set-Cookie: ts=vreXpYrS%3D1698755322%26vteXpYrS%3D1604149122%26vr%3D7ea19f7b1750ad045e49d699fd3302b7%26vt%3D7ea19f7b1750ad045e49d699fd3302b6%26vtyp%3Dnew; Path=/; Domain=paypal.com; Expires=Tue, 31 Oct 2023 12:28:43 GMT; HttpOnly; Secure
Set-Cookie: ts_c=vr%3D7ea19f7b1750ad045e49d699fd3302b7%26vt%3D7ea19f7b1750ad045e49d699fd3302b6; Path=/; Domain=paypal.com; Expires=Tue, 31 Oct 2023 12:28:43 GMT; Secure
X-Frame-Options: SAMEORIGIN
DC: ccg11-origin-www-1.paypal.com
Accept-Ranges: bytes
Via: 1.1 varnish, 1.1 varnish
Date: Sat, 31 Oct 2020 12:28:43 GMT
Strict-Transport-Security: max-age=63072000; includeSubDomains; preload
X-Served-By: cache-sin18051-SIN, cache-hnd18730-HND
X-Cache: MISS, MISS
X-Cache-Hits: 0, 0
X-Timer: S1604147323.603586,VS0,VE1077
Vary: Accept-Encoding
Set-Cookie: x-cdn=fastly:HND; Domain=paypal.com; Path=/; Secure

VERIFIED
                    [headers] => Requests_Response_Headers Object
                        (
                            [data:protected] => Array
                                (
                                    [content-length] => Array
                                        (
                                            [0] => 34
                                        )

                                    [cache-control] => Array
                                        (
                                            [0] => max-age=0, no-cache, no-store, must-revalidate
                                        )

                                    [content-encoding] => Array
                                        (
                                            [0] => gzip
                                        )

                                    [content-type] => Array
                                        (
                                            [0] => text/html; charset=UTF-8
                                        )

                                    [paypal-debug-id] => Array
                                        (
                                            [0] => 8a261c4ebec02
                                        )

                                    [set-cookie] => Array
                                        (
                                            [0] => cwrClyrK4LoCV1fydGbAxiNL6iG=Q7_Se-dgGhWcPbr5j1XB1jxucrxhNyR37-2j_iw5_0cXK6-ZlWsqBAjuvsQ50wHfJYjHYU9_-MsCKBdzuOnpTaLKcDekSeKzzK47SJtrTBGfi53jBsiuAnzgMYTHcx0OEqn4f8wo5Ms-8ejhnRIbBXnzC9EYUgol_QbhKgegyzx8CTf2YQI8DlA34SNnP7hUpdhoTmknt0J1Ahbx99rD6MjUi4esVpuduPbi-dNf7Jkf7_cphLzWuN0QVyydi7qxDrqYiXNFA-Jq7a5ZtG8d8vKQQYEDtkLnB-iXJ4AY1k2uFhY2L-N5Sm_jGXtNAr_CM9C9kwbL4SNwV2uyD1Zv4WphNyjNr_dJtWBoU4X7XEdM_BYpaKRtDv5Uo6-ibwByilkgJKqPkNECz3RtqTAUc8tODPvKWdrCD53kT7Sj3OA4gFN2F0208JO8w20; domain=.paypal.com; path=/; Secure; HttpOnly
                                            [1] => cookie_check=yes; expires=Tue, 29-Oct-2030 12:28:43 GMT; domain=.paypal.com; path=/; Secure; HttpOnly
                                            [2] => navcmd=_notify-validate; domain=.paypal.com; path=/; Secure; HttpOnly
                                            [3] => navlns=0.0; expires=Mon, 31-Oct-2022 12:28:43 GMT; domain=.paypal.com; path=/; Secure; HttpOnly
                                            [4] => l7_az=dcg14.slc; Path=/; Domain=paypal.com; Expires=Sat, 31 Oct 2020 12:58:43 GMT; HttpOnly; Secure
                                            [5] => ts=vreXpYrS%3D1698755322%26vteXpYrS%3D1604149122%26vr%3D7ea19f7b1750ad045e49d699fd3302b7%26vt%3D7ea19f7b1750ad045e49d699fd3302b6%26vtyp%3Dnew; Path=/; Domain=paypal.com; Expires=Tue, 31 Oct 2023 12:28:43 GMT; HttpOnly; Secure
                                            [6] => ts_c=vr%3D7ea19f7b1750ad045e49d699fd3302b7%26vt%3D7ea19f7b1750ad045e49d699fd3302b6; Path=/; Domain=paypal.com; Expires=Tue, 31 Oct 2023 12:28:43 GMT; Secure
                                            [7] => x-cdn=fastly:HND; Domain=paypal.com; Path=/; Secure
                                        )

                                    [x-frame-options] => Array
                                        (
                                            [0] => SAMEORIGIN
                                        )

                                    [dc] => Array
                                        (
                                            [0] => ccg11-origin-www-1.paypal.com
                                        )

                                    [accept-ranges] => Array
                                        (
                                            [0] => bytes
                                        )

                                    [via] => Array
                                        (
                                            [0] => 1.1 varnish, 1.1 varnish
                                        )

                                    [date] => Array
                                        (
                                            [0] => Sat, 31 Oct 2020 12:28:43 GMT
                                        )

                                    [strict-transport-security] => Array
                                        (
                                            [0] => max-age=63072000; includeSubDomains; preload
                                        )

                                    [x-served-by] => Array
                                        (
                                            [0] => cache-sin18051-SIN, cache-hnd18730-HND
                                        )

                                    [x-cache] => Array
                                        (
                                            [0] => MISS, MISS
                                        )

                                    [x-cache-hits] => Array
                                        (
                                            [0] => 0, 0
                                        )

                                    [x-timer] => Array
                                        (
                                            [0] => S1604147323.603586,VS0,VE1077
                                        )

                                    [vary] => Array
                                        (
                                            [0] => Accept-Encoding
                                        )

                                )

                        )

                    [status_code] => 200
                    [protocol_version] => 1.1
                    [success] => 1
                    [redirects] => 0
                    [url] => https://www.paypal.com/cgi-bin/webscr
                    [history] => Array
                        (
                        )

                    [cookies] => Requests_Cookie_Jar Object
                        (
                            [cookies:protected] => Array
                                (
                                    [cwrClyrK4LoCV1fydGbAxiNL6iG] => Requests_Cookie Object
                                        (
                                            [name] => cwrClyrK4LoCV1fydGbAxiNL6iG
                                            [value] => Q7_Se-dgGhWcPbr5j1XB1jxucrxhNyR37-2j_iw5_0cXK6-ZlWsqBAjuvsQ50wHfJYjHYU9_-MsCKBdzuOnpTaLKcDekSeKzzK47SJtrTBGfi53jBsiuAnzgMYTHcx0OEqn4f8wo5Ms-8ejhnRIbBXnzC9EYUgol_QbhKgegyzx8CTf2YQI8DlA34SNnP7hUpdhoTmknt0J1Ahbx99rD6MjUi4esVpuduPbi-dNf7Jkf7_cphLzWuN0QVyydi7qxDrqYiXNFA-Jq7a5ZtG8d8vKQQYEDtkLnB-iXJ4AY1k2uFhY2L-N5Sm_jGXtNAr_CM9C9kwbL4SNwV2uyD1Zv4WphNyjNr_dJtWBoU4X7XEdM_BYpaKRtDv5Uo6-ibwByilkgJKqPkNECz3RtqTAUc8tODPvKWdrCD53kT7Sj3OA4gFN2F0208JO8w20
                                            [attributes] => Requests_Utility_CaseInsensitiveDictionary Object
                                                (
                                                    [data:protected] => Array
                                                        (
                                                            [domain] => paypal.com
                                                            [path] => /
                                                            [secure] => 1
                                                            [httponly] => 1
                                                        )

                                                )

                                            [flags] => Array
                                                (
                                                    [creation] => 1604147323
                                                    [last-access] => 1604147323
                                                    [persistent] => 
                                                    [host-only] => 
                                                )

                                            [reference_time] => 1604147323
                                        )

                                    [cookie_check] => Requests_Cookie Object
                                        (
                                            [name] => cookie_check
                                            [value] => yes
                                            [attributes] => Requests_Utility_CaseInsensitiveDictionary Object
                                                (
                                                    [data:protected] => Array
                                                        (
                                                            [expires] => 1919507323
                                                            [domain] => paypal.com
                                                            [path] => /
                                                            [secure] => 1
                                                            [httponly] => 1
                                                        )

                                                )

                                            [flags] => Array
                                                (
                                                    [creation] => 1604147323
                                                    [last-access] => 1604147323
                                                    [persistent] => 
                                                    [host-only] => 
                                                )

                                            [reference_time] => 1604147323
                                        )

                                    [navcmd] => Requests_Cookie Object
                                        (
                                            [name] => navcmd
                                            [value] => _notify-validate
                                            [attributes] => Requests_Utility_CaseInsensitiveDictionary Object
                                                (
                                                    [data:protected] => Array
                                                        (
                                                            [domain] => paypal.com
                                                            [path] => /
                                                            [secure] => 1
                                                            [httponly] => 1
                                                        )

                                                )

                                            [flags] => Array
                                                (
                                                    [creation] => 1604147323
                                                    [last-access] => 1604147323
                                                    [persistent] => 
                                                    [host-only] => 
                                                )

                                            [reference_time] => 1604147323
                                        )

                                    [navlns] => Requests_Cookie Object
                                        (
                                            [name] => navlns
                                            [value] => 0.0
                                            [attributes] => Requests_Utility_CaseInsensitiveDictionary Object
                                                (
                                                    [data:protected] => Array
                                                        (
                                                            [expires] => 1667219323
                                                            [domain] => paypal.com
                                                            [path] => /
                                                            [secure] => 1
                                                            [httponly] => 1
                                                        )

                                                )

                                            [flags] => Array
                                                (
                                                    [creation] => 1604147323
                                                    [last-access] => 1604147323
                                                    [persistent] => 
                                                    [host-only] => 
                                                )

                                            [reference_time] => 1604147323
                                        )

                                    [l7_az] => Requests_Cookie Object
                                        (
                                            [name] => l7_az
                                            [value] => dcg14.slc
                                            [attributes] => Requests_Utility_CaseInsensitiveDictionary Object
                                                (
                                                    [data:protected] => Array
                                                        (
                                                            [path] => /
                                                            [domain] => paypal.com
                                                            [expires] => 1604149123
                                                            [httponly] => 1
                                                            [secure] => 1
                                                        )

                                                )

                                            [flags] => Array
                                                (
                                                    [creation] => 1604147323
                                                    [last-access] => 1604147323
                                                    [persistent] => 
                                                    [host-only] => 
                                                )

                                            [reference_time] => 1604147323
                                        )

                                    [ts] => Requests_Cookie Object
                                        (
                                            [name] => ts
                                            [value] => vreXpYrS%3D1698755322%26vteXpYrS%3D1604149122%26vr%3D7ea19f7b1750ad045e49d699fd3302b7%26vt%3D7ea19f7b1750ad045e49d699fd3302b6%26vtyp%3Dnew
                                            [attributes] => Requests_Utility_CaseInsensitiveDictionary Object
                                                (
                                                    [data:protected] => Array
                                                        (
                                                            [path] => /
                                                            [domain] => paypal.com
                                                            [expires] => 1698755323
                                                            [httponly] => 1
                                                            [secure] => 1
                                                        )

                                                )

                                            [flags] => Array
                                                (
                                                    [creation] => 1604147323
                                                    [last-access] => 1604147323
                                                    [persistent] => 
                                                    [host-only] => 
                                                )

                                            [reference_time] => 1604147323
                                        )

                                    [ts_c] => Requests_Cookie Object
                                        (
                                            [name] => ts_c
                                            [value] => vr%3D7ea19f7b1750ad045e49d699fd3302b7%26vt%3D7ea19f7b1750ad045e49d699fd3302b6
                                            [attributes] => Requests_Utility_CaseInsensitiveDictionary Object
                                                (
                                                    [data:protected] => Array
                                                        (
                                                            [path] => /
                                                            [domain] => paypal.com
                                                            [expires] => 1698755323
                                                            [secure] => 1
                                                        )

                                                )

                                            [flags] => Array
                                                (
                                                    [creation] => 1604147323
                                                    [last-access] => 1604147323
                                                    [persistent] => 
                                                    [host-only] => 
                                                )

                                            [reference_time] => 1604147323
                                        )

                                    [x-cdn] => Requests_Cookie Object
                                        (
                                            [name] => x-cdn
                                            [value] => fastly:HND
                                            [attributes] => Requests_Utility_CaseInsensitiveDictionary Object
                                                (
                                                    [data:protected] => Array
                                                        (
                                                            [domain] => paypal.com
                                                            [path] => /
                                                            [secure] => 1
                                                        )

                                                )

                                            [flags] => Array
                                                (
                                                    [creation] => 1604147323
                                                    [last-access] => 1604147323
                                                    [persistent] => 
                                                    [host-only] => 
                                                )

                                            [reference_time] => 1604147323
                                        )

                                )

                        )

                )

            [filename:protected] => 
            [data] => 
            [headers] => 
            [status] => 
        )

)

2020-10-31T12:28:43+00:00 INFO Received valid response from PayPal IPN
2020-10-31T12:28:43+00:00 INFO Found order #172790
2020-10-31T12:28:43+00:00 INFO Payment status: completed
2020-10-31T12:28:44+00:00 INFO Received invalid response from PayPal PDT
