2020-11-06T21:08:46+00:00 INFO Generating payment form for order 173008. Notify URL: https://www.seoulperlife.com/wc-api/WC_Gateway_Paypal/
2020-11-06T21:08:46+00:00 INFO PayPal Request Args for order 173008: Array
(
    [cmd] => _cart
    [business] => hedihedi@ddpac.co.kr
    [no_note] => 1
    [currency_code] => JPY
    [charset] => utf-8
    [rm] => 2
    [upload] => 1
    [return] => https://www.seoulperlife.com/checkout/order-received/173008/?key=wc_order_kgsfTtJx1R33k&utm_nooverride=1
    [cancel_return] => https://www.seoulperlife.com/cart/?cancel_order=true&order=wc_order_kgsfTtJx1R33k&order_id=173008&redirect&_wpnonce=1aa5b56bb0
    [page_style] => 
    [image_url] => 
    [paymentaction] => sale
    [invoice] => SL-173008
    [custom] => {"order_id":173008,"order_key":"wc_order_kgsfTtJx1R33k"}
    [notify_url] => https://www.seoulperlife.com/wc-api/WC_Gateway_Paypal/
    [first_name] => ***
    [last_name] => ***
    [address1] => ***
    [address2] => ***
    [city] => ***
    [state] => ***
    [zip] => ***
    [country] => ***
    [email] => ***@***
    [night_phone_a] => ***
    [night_phone_b] => ***
    [address_override] => 0
    [no_shipping] => 0
    [tax_cart] => 0
    [shipping_1] => 550
    [item_name_1] => 【メディヒール】MEDIHEAL Teatree ティーツリーケアソリューション2ステップマスク REX 5枚
    [quantity_1] => 6
    [amount_1] => 200
    [item_number_1] => UNI0592,1,
    [bn] => WooThemes_Cart
)

2020-11-06T21:11:11+00:00 INFO Checking IPN response is valid
2020-11-06T21:11:12+00:00 INFO Received invalid response from PayPal PDT
2020-11-06T21:11:12+00:00 INFO IPN Response: Array
(
    [headers] => Requests_Utility_CaseInsensitiveDictionary Object
        (
            [data:protected] => Array
                (
                    [content-length] => 34
                    [cache-control] => max-age=0, no-cache, no-store, must-revalidate
                    [content-encoding] => gzip
                    [content-type] => text/html; charset=UTF-8
                    [paypal-debug-id] => c004e1987c19c
                    [set-cookie] => Array
                        (
                            [0] => cwrClyrK4LoCV1fydGbAxiNL6iG=E7TeDJUDu2UFrzr7W2Oi5jaNzpyRyrXBFWHtgDBGW2XpCc3Xv0M0MApxgi7-r0wi80BL1KJj0Sd-V8AK7ye_Gve3WCllag1PV9-77p2lMI4mJSnM2yvApMkTrpQVCAbiT002T4CQ1fLSflsi4bRw0tAXGs2gdiZMestEd7G_cxJUsAo1-YDuNNU4juW5uEuO5NX7j1op8TSrgZDGcoCB9FG9S-bgEo9B4wa0cLBmgyxiO0coMcqfBhVFqnJnXpOIzuPIGjsqpL5eN41scCt8SRIWNeFwnMBnKO9VM6SoJypU54JCJMN1wuPIh9oWeSv9q75rcHVKIvYoM7kmrBxtB3CkLPeCz5VEFekUxJd-mSWCb6XA1pURZsMq_6Blgh9JnvCOZXoGVlBJCjQ3ZSLznIjNBN-Wnde6HRYeHCeF_ktJiAFf3R7hU4X1As4; domain=.paypal.com; path=/; Secure; HttpOnly
                            [1] => cookie_check=yes; expires=Mon, 04-Nov-2030 21:11:12 GMT; domain=.paypal.com; path=/; Secure; HttpOnly
                            [2] => navcmd=_notify-validate; domain=.paypal.com; path=/; Secure; HttpOnly
                            [3] => navlns=0.0; expires=Sun, 06-Nov-2022 21:11:12 GMT; domain=.paypal.com; path=/; Secure; HttpOnly
                            [4] => l7_az=dcg15.slc; Path=/; Domain=paypal.com; Expires=Fri, 06 Nov 2020 21:41:12 GMT; HttpOnly; Secure
                            [5] => ts=vreXpYrS%3D1699305072%26vteXpYrS%3D1604698872%26vr%3D9f6621ff1750ad045ae448adfff4a201%26vt%3D9f6621ff1750ad045ae448adfff4a200%26vtyp%3Dnew; Path=/; Domain=paypal.com; Expires=Mon, 06 Nov 2023 21:11:12 GMT; HttpOnly; Secure
                            [6] => ts_c=vr%3D9f6621ff1750ad045ae448adfff4a201%26vt%3D9f6621ff1750ad045ae448adfff4a200; Path=/; Domain=paypal.com; Expires=Mon, 06 Nov 2023 21:11:12 GMT; Secure
                            [7] => x-cdn=fastly:TYO; Domain=paypal.com; Path=/; Secure
                        )

                    [x-frame-options] => SAMEORIGIN
                    [dc] => ccg11-origin-www-1.paypal.com
                    [accept-ranges] => bytes
                    [via] => 1.1 varnish, 1.1 varnish
                    [date] => Fri, 06 Nov 2020 21:11:12 GMT
                    [strict-transport-security] => max-age=63072000; includeSubDomains; preload
                    [x-served-by] => cache-sin18032-SIN, cache-tyo19930-TYO
                    [x-cache] => MISS, MISS
                    [x-cache-hits] => 0, 0
                    [x-timer] => S1604697072.978187,VS0,VE942
                    [vary] => Accept-Encoding
                )

        )

    [body] => VERIFIED
    [response] => Array
        (
            [code] => 200
            [message] => OK
        )

    [cookies] => Array
        (
            [0] => WP_Http_Cookie Object
                (
                    [name] => cwrClyrK4LoCV1fydGbAxiNL6iG
                    [value] => E7TeDJUDu2UFrzr7W2Oi5jaNzpyRyrXBFWHtgDBGW2XpCc3Xv0M0MApxgi7-r0wi80BL1KJj0Sd-V8AK7ye_Gve3WCllag1PV9-77p2lMI4mJSnM2yvApMkTrpQVCAbiT002T4CQ1fLSflsi4bRw0tAXGs2gdiZMestEd7G_cxJUsAo1-YDuNNU4juW5uEuO5NX7j1op8TSrgZDGcoCB9FG9S-bgEo9B4wa0cLBmgyxiO0coMcqfBhVFqnJnXpOIzuPIGjsqpL5eN41scCt8SRIWNeFwnMBnKO9VM6SoJypU54JCJMN1wuPIh9oWeSv9q75rcHVKIvYoM7kmrBxtB3CkLPeCz5VEFekUxJd-mSWCb6XA1pURZsMq_6Blgh9JnvCOZXoGVlBJCjQ3ZSLznIjNBN-Wnde6HRYeHCeF_ktJiAFf3R7hU4X1As4
                    [expires] => 
                    [path] => /
                    [domain] => paypal.com
                    [host_only] => 
                )

            [1] => WP_Http_Cookie Object
                (
                    [name] => cookie_check
                    [value] => yes
                    [expires] => 1920057072
                    [path] => /
                    [domain] => paypal.com
                    [host_only] => 
                )

            [2] => WP_Http_Cookie Object
                (
                    [name] => navcmd
                    [value] => _notify-validate
                    [expires] => 
                    [path] => /
                    [domain] => paypal.com
                    [host_only] => 
                )

            [3] => WP_Http_Cookie Object
                (
                    [name] => navlns
                    [value] => 0.0
                    [expires] => 1667769072
                    [path] => /
                    [domain] => paypal.com
                    [host_only] => 
                )

            [4] => WP_Http_Cookie Object
                (
                    [name] => l7_az
                    [value] => dcg15.slc
                    [expires] => 1604698872
                    [path] => /
                    [domain] => paypal.com
                    [host_only] => 
                )

            [5] => WP_Http_Cookie Object
                (
                    [name] => ts
                    [value] => vreXpYrS=1699305072&vteXpYrS=1604698872&vr=9f6621ff1750ad045ae448adfff4a201&vt=9f6621ff1750ad045ae448adfff4a200&vtyp=new
                    [expires] => 1699305072
                    [path] => /
                    [domain] => paypal.com
                    [host_only] => 
                )

            [6] => WP_Http_Cookie Object
                (
                    [name] => ts_c
                    [value] => vr=9f6621ff1750ad045ae448adfff4a201&vt=9f6621ff1750ad045ae448adfff4a200
                    [expires] => 1699305072
                    [path] => /
                    [domain] => paypal.com
                    [host_only] => 
                )

            [7] => WP_Http_Cookie Object
                (
                    [name] => x-cdn
                    [value] => fastly:TYO
                    [expires] => 
                    [path] => /
                    [domain] => paypal.com
                    [host_only] => 
                )

        )

    [filename] => 
    [http_response] => WP_HTTP_Requests_Response Object
        (
            [response:protected] => Requests_Response Object
                (
                    [body] => VERIFIED
                    [raw] => HTTP/1.1 200 OK
Connection: close
Content-Length: 34
Cache-Control: max-age=0, no-cache, no-store, must-revalidate
Content-Encoding: gzip
Content-Type: text/html; charset=UTF-8
Paypal-Debug-Id: c004e1987c19c
Set-Cookie: cwrClyrK4LoCV1fydGbAxiNL6iG=E7TeDJUDu2UFrzr7W2Oi5jaNzpyRyrXBFWHtgDBGW2XpCc3Xv0M0MApxgi7-r0wi80BL1KJj0Sd-V8AK7ye_Gve3WCllag1PV9-77p2lMI4mJSnM2yvApMkTrpQVCAbiT002T4CQ1fLSflsi4bRw0tAXGs2gdiZMestEd7G_cxJUsAo1-YDuNNU4juW5uEuO5NX7j1op8TSrgZDGcoCB9FG9S-bgEo9B4wa0cLBmgyxiO0coMcqfBhVFqnJnXpOIzuPIGjsqpL5eN41scCt8SRIWNeFwnMBnKO9VM6SoJypU54JCJMN1wuPIh9oWeSv9q75rcHVKIvYoM7kmrBxtB3CkLPeCz5VEFekUxJd-mSWCb6XA1pURZsMq_6Blgh9JnvCOZXoGVlBJCjQ3ZSLznIjNBN-Wnde6HRYeHCeF_ktJiAFf3R7hU4X1As4; domain=.paypal.com; path=/; Secure; HttpOnly
Set-Cookie: cookie_check=yes; expires=Mon, 04-Nov-2030 21:11:12 GMT; domain=.paypal.com; path=/; Secure; HttpOnly
Set-Cookie: navcmd=_notify-validate; domain=.paypal.com; path=/; Secure; HttpOnly
Set-Cookie: navlns=0.0; expires=Sun, 06-Nov-2022 21:11:12 GMT; domain=.paypal.com; path=/; Secure; HttpOnly
Set-Cookie: l7_az=dcg15.slc; Path=/; Domain=paypal.com; Expires=Fri, 06 Nov 2020 21:41:12 GMT; HttpOnly; Secure
Set-Cookie: ts=vreXpYrS%3D1699305072%26vteXpYrS%3D1604698872%26vr%3D9f6621ff1750ad045ae448adfff4a201%26vt%3D9f6621ff1750ad045ae448adfff4a200%26vtyp%3Dnew; Path=/; Domain=paypal.com; Expires=Mon, 06 Nov 2023 21:11:12 GMT; HttpOnly; Secure
Set-Cookie: ts_c=vr%3D9f6621ff1750ad045ae448adfff4a201%26vt%3D9f6621ff1750ad045ae448adfff4a200; Path=/; Domain=paypal.com; Expires=Mon, 06 Nov 2023 21:11:12 GMT; Secure
X-Frame-Options: SAMEORIGIN
DC: ccg11-origin-www-1.paypal.com
Accept-Ranges: bytes
Via: 1.1 varnish, 1.1 varnish
Date: Fri, 06 Nov 2020 21:11:12 GMT
Strict-Transport-Security: max-age=63072000; includeSubDomains; preload
X-Served-By: cache-sin18032-SIN, cache-tyo19930-TYO
X-Cache: MISS, MISS
X-Cache-Hits: 0, 0
X-Timer: S1604697072.978187,VS0,VE942
Vary: Accept-Encoding
Set-Cookie: x-cdn=fastly:TYO; Domain=paypal.com; Path=/; Secure

VERIFIED
                    [headers] => Requests_Response_Headers Object
                        (
                            [data:protected] => Array
                                (
                                    [content-length] => Array
                                        (
                                            [0] => 34
                                        )

                                    [cache-control] => Array
                                        (
                                            [0] => max-age=0, no-cache, no-store, must-revalidate
                                        )

                                    [content-encoding] => Array
                                        (
                                            [0] => gzip
                                        )

                                    [content-type] => Array
                                        (
                                            [0] => text/html; charset=UTF-8
                                        )

                                    [paypal-debug-id] => Array
                                        (
                                            [0] => c004e1987c19c
                                        )

                                    [set-cookie] => Array
                                        (
                                            [0] => cwrClyrK4LoCV1fydGbAxiNL6iG=E7TeDJUDu2UFrzr7W2Oi5jaNzpyRyrXBFWHtgDBGW2XpCc3Xv0M0MApxgi7-r0wi80BL1KJj0Sd-V8AK7ye_Gve3WCllag1PV9-77p2lMI4mJSnM2yvApMkTrpQVCAbiT002T4CQ1fLSflsi4bRw0tAXGs2gdiZMestEd7G_cxJUsAo1-YDuNNU4juW5uEuO5NX7j1op8TSrgZDGcoCB9FG9S-bgEo9B4wa0cLBmgyxiO0coMcqfBhVFqnJnXpOIzuPIGjsqpL5eN41scCt8SRIWNeFwnMBnKO9VM6SoJypU54JCJMN1wuPIh9oWeSv9q75rcHVKIvYoM7kmrBxtB3CkLPeCz5VEFekUxJd-mSWCb6XA1pURZsMq_6Blgh9JnvCOZXoGVlBJCjQ3ZSLznIjNBN-Wnde6HRYeHCeF_ktJiAFf3R7hU4X1As4; domain=.paypal.com; path=/; Secure; HttpOnly
                                            [1] => cookie_check=yes; expires=Mon, 04-Nov-2030 21:11:12 GMT; domain=.paypal.com; path=/; Secure; HttpOnly
                                            [2] => navcmd=_notify-validate; domain=.paypal.com; path=/; Secure; HttpOnly
                                            [3] => navlns=0.0; expires=Sun, 06-Nov-2022 21:11:12 GMT; domain=.paypal.com; path=/; Secure; HttpOnly
                                            [4] => l7_az=dcg15.slc; Path=/; Domain=paypal.com; Expires=Fri, 06 Nov 2020 21:41:12 GMT; HttpOnly; Secure
                                            [5] => ts=vreXpYrS%3D1699305072%26vteXpYrS%3D1604698872%26vr%3D9f6621ff1750ad045ae448adfff4a201%26vt%3D9f6621ff1750ad045ae448adfff4a200%26vtyp%3Dnew; Path=/; Domain=paypal.com; Expires=Mon, 06 Nov 2023 21:11:12 GMT; HttpOnly; Secure
                                            [6] => ts_c=vr%3D9f6621ff1750ad045ae448adfff4a201%26vt%3D9f6621ff1750ad045ae448adfff4a200; Path=/; Domain=paypal.com; Expires=Mon, 06 Nov 2023 21:11:12 GMT; Secure
                                            [7] => x-cdn=fastly:TYO; Domain=paypal.com; Path=/; Secure
                                        )

                                    [x-frame-options] => Array
                                        (
                                            [0] => SAMEORIGIN
                                        )

                                    [dc] => Array
                                        (
                                            [0] => ccg11-origin-www-1.paypal.com
                                        )

                                    [accept-ranges] => Array
                                        (
                                            [0] => bytes
                                        )

                                    [via] => Array
                                        (
                                            [0] => 1.1 varnish, 1.1 varnish
                                        )

                                    [date] => Array
                                        (
                                            [0] => Fri, 06 Nov 2020 21:11:12 GMT
                                        )

                                    [strict-transport-security] => Array
                                        (
                                            [0] => max-age=63072000; includeSubDomains; preload
                                        )

                                    [x-served-by] => Array
                                        (
                                            [0] => cache-sin18032-SIN, cache-tyo19930-TYO
                                        )

                                    [x-cache] => Array
                                        (
                                            [0] => MISS, MISS
                                        )

                                    [x-cache-hits] => Array
                                        (
                                            [0] => 0, 0
                                        )

                                    [x-timer] => Array
                                        (
                                            [0] => S1604697072.978187,VS0,VE942
                                        )

                                    [vary] => Array
                                        (
                                            [0] => Accept-Encoding
                                        )

                                )

                        )

                    [status_code] => 200
                    [protocol_version] => 1.1
                    [success] => 1
                    [redirects] => 0
                    [url] => https://www.paypal.com/cgi-bin/webscr
                    [history] => Array
                        (
                        )

                    [cookies] => Requests_Cookie_Jar Object
                        (
                            [cookies:protected] => Array
                                (
                                    [cwrClyrK4LoCV1fydGbAxiNL6iG] => Requests_Cookie Object
                                        (
                                            [name] => cwrClyrK4LoCV1fydGbAxiNL6iG
                                            [value] => E7TeDJUDu2UFrzr7W2Oi5jaNzpyRyrXBFWHtgDBGW2XpCc3Xv0M0MApxgi7-r0wi80BL1KJj0Sd-V8AK7ye_Gve3WCllag1PV9-77p2lMI4mJSnM2yvApMkTrpQVCAbiT002T4CQ1fLSflsi4bRw0tAXGs2gdiZMestEd7G_cxJUsAo1-YDuNNU4juW5uEuO5NX7j1op8TSrgZDGcoCB9FG9S-bgEo9B4wa0cLBmgyxiO0coMcqfBhVFqnJnXpOIzuPIGjsqpL5eN41scCt8SRIWNeFwnMBnKO9VM6SoJypU54JCJMN1wuPIh9oWeSv9q75rcHVKIvYoM7kmrBxtB3CkLPeCz5VEFekUxJd-mSWCb6XA1pURZsMq_6Blgh9JnvCOZXoGVlBJCjQ3ZSLznIjNBN-Wnde6HRYeHCeF_ktJiAFf3R7hU4X1As4
                                            [attributes] => Requests_Utility_CaseInsensitiveDictionary Object
                                                (
                                                    [data:protected] => Array
                                                        (
                                                            [domain] => paypal.com
                                                            [path] => /
                                                            [secure] => 1
                                                            [httponly] => 1
                                                        )

                                                )

                                            [flags] => Array
                                                (
                                                    [creation] => 1604697072
                                                    [last-access] => 1604697072
                                                    [persistent] => 
                                                    [host-only] => 
                                                )

                                            [reference_time] => 1604697072
                                        )

                                    [cookie_check] => Requests_Cookie Object
                                        (
                                            [name] => cookie_check
                                            [value] => yes
                                            [attributes] => Requests_Utility_CaseInsensitiveDictionary Object
                                                (
                                                    [data:protected] => Array
                                                        (
                                                            [expires] => 1920057072
                                                            [domain] => paypal.com
                                                            [path] => /
                                                            [secure] => 1
                                                            [httponly] => 1
                                                        )

                                                )

                                            [flags] => Array
                                                (
                                                    [creation] => 1604697072
                                                    [last-access] => 1604697072
                                                    [persistent] => 
                                                    [host-only] => 
                                                )

                                            [reference_time] => 1604697072
                                        )

                                    [navcmd] => Requests_Cookie Object
                                        (
                                            [name] => navcmd
                                            [value] => _notify-validate
                                            [attributes] => Requests_Utility_CaseInsensitiveDictionary Object
                                                (
                                                    [data:protected] => Array
                                                        (
                                                            [domain] => paypal.com
                                                            [path] => /
                                                            [secure] => 1
                                                            [httponly] => 1
                                                        )

                                                )

                                            [flags] => Array
                                                (
                                                    [creation] => 1604697072
                                                    [last-access] => 1604697072
                                                    [persistent] => 
                                                    [host-only] => 
                                                )

                                            [reference_time] => 1604697072
                                        )

                                    [navlns] => Requests_Cookie Object
                                        (
                                            [name] => navlns
                                            [value] => 0.0
                                            [attributes] => Requests_Utility_CaseInsensitiveDictionary Object
                                                (
                                                    [data:protected] => Array
                                                        (
                                                            [expires] => 1667769072
                                                            [domain] => paypal.com
                                                            [path] => /
                                                            [secure] => 1
                                                            [httponly] => 1
                                                        )

                                                )

                                            [flags] => Array
                                                (
                                                    [creation] => 1604697072
                                                    [last-access] => 1604697072
                                                    [persistent] => 
                                                    [host-only] => 
                                                )

                                            [reference_time] => 1604697072
                                        )

                                    [l7_az] => Requests_Cookie Object
                                        (
                                            [name] => l7_az
                                            [value] => dcg15.slc
                                            [attributes] => Requests_Utility_CaseInsensitiveDictionary Object
                                                (
                                                    [data:protected] => Array
                                                        (
                                                            [path] => /
                                                            [domain] => paypal.com
                                                            [expires] => 1604698872
                                                            [httponly] => 1
                                                            [secure] => 1
                                                        )

                                                )

                                            [flags] => Array
                                                (
                                                    [creation] => 1604697072
                                                    [last-access] => 1604697072
                                                    [persistent] => 
                                                    [host-only] => 
                                                )

                                            [reference_time] => 1604697072
                                        )

                                    [ts] => Requests_Cookie Object
                                        (
                                            [name] => ts
                                            [value] => vreXpYrS%3D1699305072%26vteXpYrS%3D1604698872%26vr%3D9f6621ff1750ad045ae448adfff4a201%26vt%3D9f6621ff1750ad045ae448adfff4a200%26vtyp%3Dnew
                                            [attributes] => Requests_Utility_CaseInsensitiveDictionary Object
                                                (
                                                    [data:protected] => Array
                                                        (
                                                            [path] => /
                                                            [domain] => paypal.com
                                                            [expires] => 1699305072
                                                            [httponly] => 1
                                                            [secure] => 1
                                                        )

                                                )

                                            [flags] => Array
                                                (
                                                    [creation] => 1604697072
                                                    [last-access] => 1604697072
                                                    [persistent] => 
                                                    [host-only] => 
                                                )

                                            [reference_time] => 1604697072
                                        )

                                    [ts_c] => Requests_Cookie Object
                                        (
                                            [name] => ts_c
                                            [value] => vr%3D9f6621ff1750ad045ae448adfff4a201%26vt%3D9f6621ff1750ad045ae448adfff4a200
                                            [attributes] => Requests_Utility_CaseInsensitiveDictionary Object
                                                (
                                                    [data:protected] => Array
                                                        (
                                                            [path] => /
                                                            [domain] => paypal.com
                                                            [expires] => 1699305072
                                                            [secure] => 1
                                                        )

                                                )

                                            [flags] => Array
                                                (
                                                    [creation] => 1604697072
                                                    [last-access] => 1604697072
                                                    [persistent] => 
                                                    [host-only] => 
                                                )

                                            [reference_time] => 1604697072
                                        )

                                    [x-cdn] => Requests_Cookie Object
                                        (
                                            [name] => x-cdn
                                            [value] => fastly:TYO
                                            [attributes] => Requests_Utility_CaseInsensitiveDictionary Object
                                                (
                                                    [data:protected] => Array
                                                        (
                                                            [domain] => paypal.com
                                                            [path] => /
                                                            [secure] => 1
                                                        )

                                                )

                                            [flags] => Array
                                                (
                                                    [creation] => 1604697072
                                                    [last-access] => 1604697072
                                                    [persistent] => 
                                                    [host-only] => 
                                                )

                                            [reference_time] => 1604697072
                                        )

                                )

                        )

                )

            [filename:protected] => 
            [data] => 
            [headers] => 
            [status] => 
        )

)

2020-11-06T21:11:12+00:00 INFO Received valid response from PayPal IPN
2020-11-06T21:11:12+00:00 INFO Found order #173008
2020-11-06T21:11:12+00:00 INFO Payment status: completed
