2020-11-02T09:33:10+00:00 INFO Generating payment form for order 172837. Notify URL: https://www.seoulperlife.com/wc-api/WC_Gateway_Paypal/
2020-11-02T09:33:10+00:00 INFO PayPal Request Args for order 172837: Array
(
    [cmd] => _cart
    [business] => hedihedi@ddpac.co.kr
    [no_note] => 1
    [currency_code] => JPY
    [charset] => utf-8
    [rm] => 2
    [upload] => 1
    [return] => https://www.seoulperlife.com/checkout/order-received/172837/?key=wc_order_JdmOlNcZtdZ6Y&utm_nooverride=1
    [cancel_return] => https://www.seoulperlife.com/cart/?cancel_order=true&order=wc_order_JdmOlNcZtdZ6Y&order_id=172837&redirect&_wpnonce=a4c9bc7d39
    [page_style] => 
    [image_url] => 
    [paymentaction] => sale
    [invoice] => SL-172837
    [custom] => {"order_id":172837,"order_key":"wc_order_JdmOlNcZtdZ6Y"}
    [notify_url] => https://www.seoulperlife.com/wc-api/WC_Gateway_Paypal/
    [first_name] => ***
    [last_name] => ***
    [address1] => ***
    [address2] => ***
    [city] => ***
    [state] => ***
    [zip] => ***
    [country] => ***
    [email] => ***@***
    [night_phone_a] => ***
    [night_phone_b] => ***
    [address_override] => 0
    [no_shipping] => 0
    [tax_cart] => 0
    [item_name_1] => 【ジ オーディナリー】The Ordinary グリコール酸7％+トーニングソリューション 240ml
    [quantity_1] => 1
    [amount_1] => 1300
    [item_number_1] => UNI0584,1,
    [item_name_2] => 【ジ オーディナリー】The Ordinary アルファアルブチン2％ 30ml
    [quantity_2] => 1
    [amount_2] => 1350
    [item_number_2] => UNI0587,1,
    [item_name_3] => 【ドクターペプチ】DR.PEPTI+ ペプチドボリュームエッセンス 100ml
    [quantity_3] => 1
    [amount_3] => 3300
    [item_number_3] => UNI0595,1
    [bn] => WooThemes_Cart
)

2020-11-02T09:33:56+00:00 INFO Checking IPN response is valid
2020-11-02T09:33:57+00:00 INFO IPN Response: Array
(
    [headers] => Requests_Utility_CaseInsensitiveDictionary Object
        (
            [data:protected] => Array
                (
                    [content-length] => 34
                    [cache-control] => max-age=0, no-cache, no-store, must-revalidate
                    [content-encoding] => gzip
                    [content-type] => text/html; charset=UTF-8
                    [paypal-debug-id] => 54e5f24a27173
                    [set-cookie] => Array
                        (
                            [0] => cwrClyrK4LoCV1fydGbAxiNL6iG=Dk-hLZP-QxOGa3a0aI9pEwQ5ahvtj2Cvfz9jOnHOVBGqB8hxBURB282GmXEZtfUKP7FPeC0G7YqLNbrlGek36-luw96K9v5ksIleJiKzYEzYe01Y6gm1zUzPxUrkI4kAJ0jiufbab6Cij_5Vglzk4mY0oaqNvuHrkhMjEUyXLyhoZWVuaNR1AgP3oixksSyMhTwsmIJ_Ns9DcIb9_aiKrLPIUhFXC33NEkU8JRpGvHh_o5IiWGomxz38QSXeNCtxLcDYE2ytqPrwInm_Lw24KQ5o6nIybN9yK1eKqc-Jbj6NQvA_bKzGVT2jxOTDr9z9Q_opsXQ8A6AZl_0dOIlJ8VE4o9T2hIBm5Wizhb9AyE7SeCqNTJGELDQjjWc0X-kfPl_iPoHGb3gbFRdC6Ra-VMLZPLDffiOjF-z2UJKvUy8YeSP0Fy73XR0cPX4; domain=.paypal.com; path=/; Secure; HttpOnly
                            [1] => cookie_check=yes; expires=Thu, 31-Oct-2030 09:33:57 GMT; domain=.paypal.com; path=/; Secure; HttpOnly
                            [2] => navcmd=_notify-validate; domain=.paypal.com; path=/; Secure; HttpOnly
                            [3] => navlns=0.0; expires=Wed, 02-Nov-2022 09:33:57 GMT; domain=.paypal.com; path=/; Secure; HttpOnly
                            [4] => l7_az=dcg15.slc; Path=/; Domain=paypal.com; Expires=Mon, 02 Nov 2020 10:03:57 GMT; HttpOnly; Secure
                            [5] => ts=vreXpYrS%3D1698914036%26vteXpYrS%3D1604311436%26vr%3D884e56b41750a27591f9992bfecf3295%26vt%3D884e56b41750a27591f9992bfecf3294%26vtyp%3Dnew; Path=/; Domain=paypal.com; Expires=Thu, 02 Nov 2023 09:33:57 GMT; HttpOnly; Secure
                            [6] => ts_c=vr%3D884e56b41750a27591f9992bfecf3295%26vt%3D884e56b41750a27591f9992bfecf3294; Path=/; Domain=paypal.com; Expires=Thu, 02 Nov 2023 09:33:57 GMT; Secure
                            [7] => x-cdn=fastly:HND; Domain=paypal.com; Path=/; Secure
                        )

                    [x-frame-options] => SAMEORIGIN
                    [dc] => phx-origin-www-1.paypal.com
                    [accept-ranges] => Array
                        (
                            [0] => bytes
                            [1] => bytes
                        )

                    [via] => Array
                        (
                            [0] => 1.1 varnish
                            [1] => 1.1 varnish
                        )

                    [date] => Mon, 02 Nov 2020 09:33:57 GMT
                    [strict-transport-security] => max-age=63072000; includeSubDomains; preload
                    [x-served-by] => cache-sin18023-SIN, cache-hnd18729-HND
                    [x-cache] => MISS, MISS
                    [x-cache-hits] => 0, 0
                    [x-timer] => S1604309637.927309,VS0,VE1006
                    [vary] => Accept-Encoding
                )

        )

    [body] => VERIFIED
    [response] => Array
        (
            [code] => 200
            [message] => OK
        )

    [cookies] => Array
        (
            [0] => WP_Http_Cookie Object
                (
                    [name] => cwrClyrK4LoCV1fydGbAxiNL6iG
                    [value] => Dk-hLZP-QxOGa3a0aI9pEwQ5ahvtj2Cvfz9jOnHOVBGqB8hxBURB282GmXEZtfUKP7FPeC0G7YqLNbrlGek36-luw96K9v5ksIleJiKzYEzYe01Y6gm1zUzPxUrkI4kAJ0jiufbab6Cij_5Vglzk4mY0oaqNvuHrkhMjEUyXLyhoZWVuaNR1AgP3oixksSyMhTwsmIJ_Ns9DcIb9_aiKrLPIUhFXC33NEkU8JRpGvHh_o5IiWGomxz38QSXeNCtxLcDYE2ytqPrwInm_Lw24KQ5o6nIybN9yK1eKqc-Jbj6NQvA_bKzGVT2jxOTDr9z9Q_opsXQ8A6AZl_0dOIlJ8VE4o9T2hIBm5Wizhb9AyE7SeCqNTJGELDQjjWc0X-kfPl_iPoHGb3gbFRdC6Ra-VMLZPLDffiOjF-z2UJKvUy8YeSP0Fy73XR0cPX4
                    [expires] => 
                    [path] => /
                    [domain] => paypal.com
                    [host_only] => 
                )

            [1] => WP_Http_Cookie Object
                (
                    [name] => cookie_check
                    [value] => yes
                    [expires] => 1919669637
                    [path] => /
                    [domain] => paypal.com
                    [host_only] => 
                )

            [2] => WP_Http_Cookie Object
                (
                    [name] => navcmd
                    [value] => _notify-validate
                    [expires] => 
                    [path] => /
                    [domain] => paypal.com
                    [host_only] => 
                )

            [3] => WP_Http_Cookie Object
                (
                    [name] => navlns
                    [value] => 0.0
                    [expires] => 1667381637
                    [path] => /
                    [domain] => paypal.com
                    [host_only] => 
                )

            [4] => WP_Http_Cookie Object
                (
                    [name] => l7_az
                    [value] => dcg15.slc
                    [expires] => 1604311437
                    [path] => /
                    [domain] => paypal.com
                    [host_only] => 
                )

            [5] => WP_Http_Cookie Object
                (
                    [name] => ts
                    [value] => vreXpYrS=1698914036&vteXpYrS=1604311436&vr=884e56b41750a27591f9992bfecf3295&vt=884e56b41750a27591f9992bfecf3294&vtyp=new
                    [expires] => 1698917637
                    [path] => /
                    [domain] => paypal.com
                    [host_only] => 
                )

            [6] => WP_Http_Cookie Object
                (
                    [name] => ts_c
                    [value] => vr=884e56b41750a27591f9992bfecf3295&vt=884e56b41750a27591f9992bfecf3294
                    [expires] => 1698917637
                    [path] => /
                    [domain] => paypal.com
                    [host_only] => 
                )

            [7] => WP_Http_Cookie Object
                (
                    [name] => x-cdn
                    [value] => fastly:HND
                    [expires] => 
                    [path] => /
                    [domain] => paypal.com
                    [host_only] => 
                )

        )

    [filename] => 
    [http_response] => WP_HTTP_Requests_Response Object
        (
            [response:protected] => Requests_Response Object
                (
                    [body] => VERIFIED
                    [raw] => HTTP/1.1 200 OK
Connection: close
Content-Length: 34
Cache-Control: max-age=0, no-cache, no-store, must-revalidate
Content-Encoding: gzip
Content-Type: text/html; charset=UTF-8
Paypal-Debug-Id: 54e5f24a27173
Set-Cookie: cwrClyrK4LoCV1fydGbAxiNL6iG=Dk-hLZP-QxOGa3a0aI9pEwQ5ahvtj2Cvfz9jOnHOVBGqB8hxBURB282GmXEZtfUKP7FPeC0G7YqLNbrlGek36-luw96K9v5ksIleJiKzYEzYe01Y6gm1zUzPxUrkI4kAJ0jiufbab6Cij_5Vglzk4mY0oaqNvuHrkhMjEUyXLyhoZWVuaNR1AgP3oixksSyMhTwsmIJ_Ns9DcIb9_aiKrLPIUhFXC33NEkU8JRpGvHh_o5IiWGomxz38QSXeNCtxLcDYE2ytqPrwInm_Lw24KQ5o6nIybN9yK1eKqc-Jbj6NQvA_bKzGVT2jxOTDr9z9Q_opsXQ8A6AZl_0dOIlJ8VE4o9T2hIBm5Wizhb9AyE7SeCqNTJGELDQjjWc0X-kfPl_iPoHGb3gbFRdC6Ra-VMLZPLDffiOjF-z2UJKvUy8YeSP0Fy73XR0cPX4; domain=.paypal.com; path=/; Secure; HttpOnly
Set-Cookie: cookie_check=yes; expires=Thu, 31-Oct-2030 09:33:57 GMT; domain=.paypal.com; path=/; Secure; HttpOnly
Set-Cookie: navcmd=_notify-validate; domain=.paypal.com; path=/; Secure; HttpOnly
Set-Cookie: navlns=0.0; expires=Wed, 02-Nov-2022 09:33:57 GMT; domain=.paypal.com; path=/; Secure; HttpOnly
Set-Cookie: l7_az=dcg15.slc; Path=/; Domain=paypal.com; Expires=Mon, 02 Nov 2020 10:03:57 GMT; HttpOnly; Secure
Set-Cookie: ts=vreXpYrS%3D1698914036%26vteXpYrS%3D1604311436%26vr%3D884e56b41750a27591f9992bfecf3295%26vt%3D884e56b41750a27591f9992bfecf3294%26vtyp%3Dnew; Path=/; Domain=paypal.com; Expires=Thu, 02 Nov 2023 09:33:57 GMT; HttpOnly; Secure
Set-Cookie: ts_c=vr%3D884e56b41750a27591f9992bfecf3295%26vt%3D884e56b41750a27591f9992bfecf3294; Path=/; Domain=paypal.com; Expires=Thu, 02 Nov 2023 09:33:57 GMT; Secure
X-Frame-Options: SAMEORIGIN
DC: phx-origin-www-1.paypal.com
Accept-Ranges: bytes
Via: 1.1 varnish
Accept-Ranges: bytes
Date: Mon, 02 Nov 2020 09:33:57 GMT
Via: 1.1 varnish
Strict-Transport-Security: max-age=63072000; includeSubDomains; preload
X-Served-By: cache-sin18023-SIN, cache-hnd18729-HND
X-Cache: MISS, MISS
X-Cache-Hits: 0, 0
X-Timer: S1604309637.927309,VS0,VE1006
Vary: Accept-Encoding
Set-Cookie: x-cdn=fastly:HND; Domain=paypal.com; Path=/; Secure

VERIFIED
                    [headers] => Requests_Response_Headers Object
                        (
                            [data:protected] => Array
                                (
                                    [content-length] => Array
                                        (
                                            [0] => 34
                                        )

                                    [cache-control] => Array
                                        (
                                            [0] => max-age=0, no-cache, no-store, must-revalidate
                                        )

                                    [content-encoding] => Array
                                        (
                                            [0] => gzip
                                        )

                                    [content-type] => Array
                                        (
                                            [0] => text/html; charset=UTF-8
                                        )

                                    [paypal-debug-id] => Array
                                        (
                                            [0] => 54e5f24a27173
                                        )

                                    [set-cookie] => Array
                                        (
                                            [0] => cwrClyrK4LoCV1fydGbAxiNL6iG=Dk-hLZP-QxOGa3a0aI9pEwQ5ahvtj2Cvfz9jOnHOVBGqB8hxBURB282GmXEZtfUKP7FPeC0G7YqLNbrlGek36-luw96K9v5ksIleJiKzYEzYe01Y6gm1zUzPxUrkI4kAJ0jiufbab6Cij_5Vglzk4mY0oaqNvuHrkhMjEUyXLyhoZWVuaNR1AgP3oixksSyMhTwsmIJ_Ns9DcIb9_aiKrLPIUhFXC33NEkU8JRpGvHh_o5IiWGomxz38QSXeNCtxLcDYE2ytqPrwInm_Lw24KQ5o6nIybN9yK1eKqc-Jbj6NQvA_bKzGVT2jxOTDr9z9Q_opsXQ8A6AZl_0dOIlJ8VE4o9T2hIBm5Wizhb9AyE7SeCqNTJGELDQjjWc0X-kfPl_iPoHGb3gbFRdC6Ra-VMLZPLDffiOjF-z2UJKvUy8YeSP0Fy73XR0cPX4; domain=.paypal.com; path=/; Secure; HttpOnly
                                            [1] => cookie_check=yes; expires=Thu, 31-Oct-2030 09:33:57 GMT; domain=.paypal.com; path=/; Secure; HttpOnly
                                            [2] => navcmd=_notify-validate; domain=.paypal.com; path=/; Secure; HttpOnly
                                            [3] => navlns=0.0; expires=Wed, 02-Nov-2022 09:33:57 GMT; domain=.paypal.com; path=/; Secure; HttpOnly
                                            [4] => l7_az=dcg15.slc; Path=/; Domain=paypal.com; Expires=Mon, 02 Nov 2020 10:03:57 GMT; HttpOnly; Secure
                                            [5] => ts=vreXpYrS%3D1698914036%26vteXpYrS%3D1604311436%26vr%3D884e56b41750a27591f9992bfecf3295%26vt%3D884e56b41750a27591f9992bfecf3294%26vtyp%3Dnew; Path=/; Domain=paypal.com; Expires=Thu, 02 Nov 2023 09:33:57 GMT; HttpOnly; Secure
                                            [6] => ts_c=vr%3D884e56b41750a27591f9992bfecf3295%26vt%3D884e56b41750a27591f9992bfecf3294; Path=/; Domain=paypal.com; Expires=Thu, 02 Nov 2023 09:33:57 GMT; Secure
                                            [7] => x-cdn=fastly:HND; Domain=paypal.com; Path=/; Secure
                                        )

                                    [x-frame-options] => Array
                                        (
                                            [0] => SAMEORIGIN
                                        )

                                    [dc] => Array
                                        (
                                            [0] => phx-origin-www-1.paypal.com
                                        )

                                    [accept-ranges] => Array
                                        (
                                            [0] => bytes
                                            [1] => bytes
                                        )

                                    [via] => Array
                                        (
                                            [0] => 1.1 varnish
                                            [1] => 1.1 varnish
                                        )

                                    [date] => Array
                                        (
                                            [0] => Mon, 02 Nov 2020 09:33:57 GMT
                                        )

                                    [strict-transport-security] => Array
                                        (
                                            [0] => max-age=63072000; includeSubDomains; preload
                                        )

                                    [x-served-by] => Array
                                        (
                                            [0] => cache-sin18023-SIN, cache-hnd18729-HND
                                        )

                                    [x-cache] => Array
                                        (
                                            [0] => MISS, MISS
                                        )

                                    [x-cache-hits] => Array
                                        (
                                            [0] => 0, 0
                                        )

                                    [x-timer] => Array
                                        (
                                            [0] => S1604309637.927309,VS0,VE1006
                                        )

                                    [vary] => Array
                                        (
                                            [0] => Accept-Encoding
                                        )

                                )

                        )

                    [status_code] => 200
                    [protocol_version] => 1.1
                    [success] => 1
                    [redirects] => 0
                    [url] => https://www.paypal.com/cgi-bin/webscr
                    [history] => Array
                        (
                        )

                    [cookies] => Requests_Cookie_Jar Object
                        (
                            [cookies:protected] => Array
                                (
                                    [cwrClyrK4LoCV1fydGbAxiNL6iG] => Requests_Cookie Object
                                        (
                                            [name] => cwrClyrK4LoCV1fydGbAxiNL6iG
                                            [value] => Dk-hLZP-QxOGa3a0aI9pEwQ5ahvtj2Cvfz9jOnHOVBGqB8hxBURB282GmXEZtfUKP7FPeC0G7YqLNbrlGek36-luw96K9v5ksIleJiKzYEzYe01Y6gm1zUzPxUrkI4kAJ0jiufbab6Cij_5Vglzk4mY0oaqNvuHrkhMjEUyXLyhoZWVuaNR1AgP3oixksSyMhTwsmIJ_Ns9DcIb9_aiKrLPIUhFXC33NEkU8JRpGvHh_o5IiWGomxz38QSXeNCtxLcDYE2ytqPrwInm_Lw24KQ5o6nIybN9yK1eKqc-Jbj6NQvA_bKzGVT2jxOTDr9z9Q_opsXQ8A6AZl_0dOIlJ8VE4o9T2hIBm5Wizhb9AyE7SeCqNTJGELDQjjWc0X-kfPl_iPoHGb3gbFRdC6Ra-VMLZPLDffiOjF-z2UJKvUy8YeSP0Fy73XR0cPX4
                                            [attributes] => Requests_Utility_CaseInsensitiveDictionary Object
                                                (
                                                    [data:protected] => Array
                                                        (
                                                            [domain] => paypal.com
                                                            [path] => /
                                                            [secure] => 1
                                                            [httponly] => 1
                                                        )

                                                )

                                            [flags] => Array
                                                (
                                                    [creation] => 1604309637
                                                    [last-access] => 1604309637
                                                    [persistent] => 
                                                    [host-only] => 
                                                )

                                            [reference_time] => 1604309637
                                        )

                                    [cookie_check] => Requests_Cookie Object
                                        (
                                            [name] => cookie_check
                                            [value] => yes
                                            [attributes] => Requests_Utility_CaseInsensitiveDictionary Object
                                                (
                                                    [data:protected] => Array
                                                        (
                                                            [expires] => 1919669637
                                                            [domain] => paypal.com
                                                            [path] => /
                                                            [secure] => 1
                                                            [httponly] => 1
                                                        )

                                                )

                                            [flags] => Array
                                                (
                                                    [creation] => 1604309637
                                                    [last-access] => 1604309637
                                                    [persistent] => 
                                                    [host-only] => 
                                                )

                                            [reference_time] => 1604309637
                                        )

                                    [navcmd] => Requests_Cookie Object
                                        (
                                            [name] => navcmd
                                            [value] => _notify-validate
                                            [attributes] => Requests_Utility_CaseInsensitiveDictionary Object
                                                (
                                                    [data:protected] => Array
                                                        (
                                                            [domain] => paypal.com
                                                            [path] => /
                                                            [secure] => 1
                                                            [httponly] => 1
                                                        )

                                                )

                                            [flags] => Array
                                                (
                                                    [creation] => 1604309637
                                                    [last-access] => 1604309637
                                                    [persistent] => 
                                                    [host-only] => 
                                                )

                                            [reference_time] => 1604309637
                                        )

                                    [navlns] => Requests_Cookie Object
                                        (
                                            [name] => navlns
                                            [value] => 0.0
                                            [attributes] => Requests_Utility_CaseInsensitiveDictionary Object
                                                (
                                                    [data:protected] => Array
                                                        (
                                                            [expires] => 1667381637
                                                            [domain] => paypal.com
                                                            [path] => /
                                                            [secure] => 1
                                                            [httponly] => 1
                                                        )

                                                )

                                            [flags] => Array
                                                (
                                                    [creation] => 1604309637
                                                    [last-access] => 1604309637
                                                    [persistent] => 
                                                    [host-only] => 
                                                )

                                            [reference_time] => 1604309637
                                        )

                                    [l7_az] => Requests_Cookie Object
                                        (
                                            [name] => l7_az
                                            [value] => dcg15.slc
                                            [attributes] => Requests_Utility_CaseInsensitiveDictionary Object
                                                (
                                                    [data:protected] => Array
                                                        (
                                                            [path] => /
                                                            [domain] => paypal.com
                                                            [expires] => 1604311437
                                                            [httponly] => 1
                                                            [secure] => 1
                                                        )

                                                )

                                            [flags] => Array
                                                (
                                                    [creation] => 1604309637
                                                    [last-access] => 1604309637
                                                    [persistent] => 
                                                    [host-only] => 
                                                )

                                            [reference_time] => 1604309637
                                        )

                                    [ts] => Requests_Cookie Object
                                        (
                                            [name] => ts
                                            [value] => vreXpYrS%3D1698914036%26vteXpYrS%3D1604311436%26vr%3D884e56b41750a27591f9992bfecf3295%26vt%3D884e56b41750a27591f9992bfecf3294%26vtyp%3Dnew
                                            [attributes] => Requests_Utility_CaseInsensitiveDictionary Object
                                                (
                                                    [data:protected] => Array
                                                        (
                                                            [path] => /
                                                            [domain] => paypal.com
                                                            [expires] => 1698917637
                                                            [httponly] => 1
                                                            [secure] => 1
                                                        )

                                                )

                                            [flags] => Array
                                                (
                                                    [creation] => 1604309637
                                                    [last-access] => 1604309637
                                                    [persistent] => 
                                                    [host-only] => 
                                                )

                                            [reference_time] => 1604309637
                                        )

                                    [ts_c] => Requests_Cookie Object
                                        (
                                            [name] => ts_c
                                            [value] => vr%3D884e56b41750a27591f9992bfecf3295%26vt%3D884e56b41750a27591f9992bfecf3294
                                            [attributes] => Requests_Utility_CaseInsensitiveDictionary Object
                                                (
                                                    [data:protected] => Array
                                                        (
                                                            [path] => /
                                                            [domain] => paypal.com
                                                            [expires] => 1698917637
                                                            [secure] => 1
                                                        )

                                                )

                                            [flags] => Array
                                                (
                                                    [creation] => 1604309637
                                                    [last-access] => 1604309637
                                                    [persistent] => 
                                                    [host-only] => 
                                                )

                                            [reference_time] => 1604309637
                                        )

                                    [x-cdn] => Requests_Cookie Object
                                        (
                                            [name] => x-cdn
                                            [value] => fastly:HND
                                            [attributes] => Requests_Utility_CaseInsensitiveDictionary Object
                                                (
                                                    [data:protected] => Array
                                                        (
                                                            [domain] => paypal.com
                                                            [path] => /
                                                            [secure] => 1
                                                        )

                                                )

                                            [flags] => Array
                                                (
                                                    [creation] => 1604309637
                                                    [last-access] => 1604309637
                                                    [persistent] => 
                                                    [host-only] => 
                                                )

                                            [reference_time] => 1604309637
                                        )

                                )

                        )

                )

            [filename:protected] => 
            [data] => 
            [headers] => 
            [status] => 
        )

)

2020-11-02T09:33:57+00:00 INFO Received valid response from PayPal IPN
2020-11-02T09:33:57+00:00 INFO Found order #172837
2020-11-02T09:33:57+00:00 INFO Payment status: completed
2020-11-02T09:33:58+00:00 INFO Received invalid response from PayPal PDT
