2020-09-08T02:58:26+00:00 INFO Checking IPN response is valid
2020-09-08T02:58:28+00:00 INFO IPN Response: Array
(
    [headers] => Requests_Utility_CaseInsensitiveDictionary Object
        (
            [data:protected] => Array
                (
                    [content-length] => 34
                    [server] => nginx/1.14.0 (Ubuntu)
                    [content-type] => text/html; charset=UTF-8
                    [cache-control] => max-age=0, no-cache, no-store, must-revalidate
                    [content-encoding] => gzip
                    [paypal-debug-id] => 85bc0072385b1
                    [set-cookie] => Array
                        (
                            [0] => cwrClyrK4LoCV1fydGbAxiNL6iG=aPu4VS1rh97U4DbzD31TKeF5i7uR9U73mmFxccsRjWALVrgOUXARvJX8yQY0cOqIWX564a-ENDYgAPWewzk1eHIvlO27X60CMb8v_noalQOuY9vlAG1Xm05XClsyeuoQQZxKjmhAXrpgEZmj6dxe4Fpu985X5QKrvcHwg-ji0qlIjsnLIYu_geqSG_BL6nUA1rOOPVcV-7vEkyyk67cJBZxo-C8MyG2rw2Roo_erSGSM9YsUz8shAsA3Zep-XsbQldod1CU5Z0ookH2lM5ruo0HV_EGSmO-peORnzQG5j2f1dLS-mcKozb-J2qvxf_yDhYWHfzX9U7XF1zlP0zHwfYRlGrrD6VQ8LOU4KkDMyqkxKoIQusQNzpCs9xy-eIciDwcHkHGLRLJj08UWOylfjUiAiYy9KIvXuIwXYKo06hm51dZ4XUAx5LUK9xi; Path=/; Domain=paypal.com; HttpOnly; Secure
                            [1] => cookie_check=yes; Path=/; Domain=paypal.com; Expires=Fri, 06 Sep 2030 02:58:27 GMT; HttpOnly; Secure
                            [2] => navcmd=_notify-validate; Path=/; Domain=paypal.com; HttpOnly; Secure
                            [3] => navlns=0.0; Path=/; Domain=paypal.com; Expires=Thu, 08 Sep 2022 02:58:27 GMT; HttpOnly; Secure
                            [4] => X-PP-SILOVER=name%3DLIVE3.WEB.1%26silo_version%3D880%26app%3Dappdispatcher%26TIME%3D1599533907%26HTTP_X_PP_AZ_LOCATOR%3Ddcg02.phx; Path=/; Domain=paypal.com; Expires=Tue, 08 Sep 2020 03:28:27 GMT; HttpOnly; Secure
                            [5] => ts=vreXpYrS%3D1694141906%26vteXpYrS%3D1599535706%26vr%3D6ba67b591740a760c4a0da70fe9217b9%26vt%3D6ba67b591740a760c4a0da70fe9217b8%26vtyp%3Dnew; Path=/; Domain=paypal.com; Expires=Fri, 08 Sep 2023 02:58:27 GMT; HttpOnly; Secure
                            [6] => ts_c=vr%3D6ba67b591740a760c4a0da70fe9217b9%26vt%3D6ba67b591740a760c4a0da70fe9217b8; Path=/; Domain=paypal.com; Expires=Fri, 08 Sep 2023 02:58:27 GMT; Secure
                            [7] => x-cdn=fastly:TYO; Domain=paypal.com; Path=/; Secure
                        )

                    [x-frame-options] => SAMEORIGIN
                    [dc] => phx-origin-www-1.paypal.com
                    [accept-ranges] => Array
                        (
                            [0] => bytes
                            [1] => bytes
                        )

                    [via] => Array
                        (
                            [0] => 1.1 varnish
                            [1] => 1.1 varnish
                        )

                    [date] => Tue, 08 Sep 2020 02:58:28 GMT
                    [strict-transport-security] => max-age=63072000; includeSubDomains; preload
                    [x-served-by] => cache-lax8645-LAX, cache-tyo19939-TYO
                    [x-cache] => MISS, MISS
                    [x-cache-hits] => 0, 0
                    [x-timer] => S1599533907.549717,VS0,VE1499
                    [vary] => Accept-Encoding
                )

        )

    [body] => VERIFIED
    [response] => Array
        (
            [code] => 200
            [message] => OK
        )

    [cookies] => Array
        (
            [0] => WP_Http_Cookie Object
                (
                    [name] => cwrClyrK4LoCV1fydGbAxiNL6iG
                    [value] => aPu4VS1rh97U4DbzD31TKeF5i7uR9U73mmFxccsRjWALVrgOUXARvJX8yQY0cOqIWX564a-ENDYgAPWewzk1eHIvlO27X60CMb8v_noalQOuY9vlAG1Xm05XClsyeuoQQZxKjmhAXrpgEZmj6dxe4Fpu985X5QKrvcHwg-ji0qlIjsnLIYu_geqSG_BL6nUA1rOOPVcV-7vEkyyk67cJBZxo-C8MyG2rw2Roo_erSGSM9YsUz8shAsA3Zep-XsbQldod1CU5Z0ookH2lM5ruo0HV_EGSmO-peORnzQG5j2f1dLS-mcKozb-J2qvxf_yDhYWHfzX9U7XF1zlP0zHwfYRlGrrD6VQ8LOU4KkDMyqkxKoIQusQNzpCs9xy-eIciDwcHkHGLRLJj08UWOylfjUiAiYy9KIvXuIwXYKo06hm51dZ4XUAx5LUK9xi
                    [expires] => 
                    [path] => /
                    [domain] => paypal.com
                    [host_only] => 
                )

            [1] => WP_Http_Cookie Object
                (
                    [name] => cookie_check
                    [value] => yes
                    [expires] => 1914893907
                    [path] => /
                    [domain] => paypal.com
                    [host_only] => 
                )

            [2] => WP_Http_Cookie Object
                (
                    [name] => navcmd
                    [value] => _notify-validate
                    [expires] => 
                    [path] => /
                    [domain] => paypal.com
                    [host_only] => 
                )

            [3] => WP_Http_Cookie Object
                (
                    [name] => navlns
                    [value] => 0.0
                    [expires] => 1662605907
                    [path] => /
                    [domain] => paypal.com
                    [host_only] => 
                )

            [4] => WP_Http_Cookie Object
                (
                    [name] => X-PP-SILOVER
                    [value] => name=LIVE3.WEB.1&silo_version=880&app=appdispatcher&TIME=1599533907&HTTP_X_PP_AZ_LOCATOR=dcg02.phx
                    [expires] => 1599535707
                    [path] => /
                    [domain] => paypal.com
                    [host_only] => 
                )

            [5] => WP_Http_Cookie Object
                (
                    [name] => ts
                    [value] => vreXpYrS=1694141906&vteXpYrS=1599535706&vr=6ba67b591740a760c4a0da70fe9217b9&vt=6ba67b591740a760c4a0da70fe9217b8&vtyp=new
                    [expires] => 1694141907
                    [path] => /
                    [domain] => paypal.com
                    [host_only] => 
                )

            [6] => WP_Http_Cookie Object
                (
                    [name] => ts_c
                    [value] => vr=6ba67b591740a760c4a0da70fe9217b9&vt=6ba67b591740a760c4a0da70fe9217b8
                    [expires] => 1694141907
                    [path] => /
                    [domain] => paypal.com
                    [host_only] => 
                )

            [7] => WP_Http_Cookie Object
                (
                    [name] => x-cdn
                    [value] => fastly:TYO
                    [expires] => 
                    [path] => /
                    [domain] => paypal.com
                    [host_only] => 
                )

        )

    [filename] => 
    [http_response] => WP_HTTP_Requests_Response Object
        (
            [response:protected] => Requests_Response Object
                (
                    [body] => VERIFIED
                    [raw] => HTTP/1.1 200 OK
Connection: close
Content-Length: 34
Server: nginx/1.14.0 (Ubuntu)
Content-Type: text/html; charset=UTF-8
Cache-Control: max-age=0, no-cache, no-store, must-revalidate
Content-Encoding: gzip
Paypal-Debug-Id: 85bc0072385b1
Set-Cookie: cwrClyrK4LoCV1fydGbAxiNL6iG=aPu4VS1rh97U4DbzD31TKeF5i7uR9U73mmFxccsRjWALVrgOUXARvJX8yQY0cOqIWX564a-ENDYgAPWewzk1eHIvlO27X60CMb8v_noalQOuY9vlAG1Xm05XClsyeuoQQZxKjmhAXrpgEZmj6dxe4Fpu985X5QKrvcHwg-ji0qlIjsnLIYu_geqSG_BL6nUA1rOOPVcV-7vEkyyk67cJBZxo-C8MyG2rw2Roo_erSGSM9YsUz8shAsA3Zep-XsbQldod1CU5Z0ookH2lM5ruo0HV_EGSmO-peORnzQG5j2f1dLS-mcKozb-J2qvxf_yDhYWHfzX9U7XF1zlP0zHwfYRlGrrD6VQ8LOU4KkDMyqkxKoIQusQNzpCs9xy-eIciDwcHkHGLRLJj08UWOylfjUiAiYy9KIvXuIwXYKo06hm51dZ4XUAx5LUK9xi; Path=/; Domain=paypal.com; HttpOnly; Secure
Set-Cookie: cookie_check=yes; Path=/; Domain=paypal.com; Expires=Fri, 06 Sep 2030 02:58:27 GMT; HttpOnly; Secure
Set-Cookie: navcmd=_notify-validate; Path=/; Domain=paypal.com; HttpOnly; Secure
Set-Cookie: navlns=0.0; Path=/; Domain=paypal.com; Expires=Thu, 08 Sep 2022 02:58:27 GMT; HttpOnly; Secure
Set-Cookie: X-PP-SILOVER=name%3DLIVE3.WEB.1%26silo_version%3D880%26app%3Dappdispatcher%26TIME%3D1599533907%26HTTP_X_PP_AZ_LOCATOR%3Ddcg02.phx; Path=/; Domain=paypal.com; Expires=Tue, 08 Sep 2020 03:28:27 GMT; HttpOnly; Secure
Set-Cookie: ts=vreXpYrS%3D1694141906%26vteXpYrS%3D1599535706%26vr%3D6ba67b591740a760c4a0da70fe9217b9%26vt%3D6ba67b591740a760c4a0da70fe9217b8%26vtyp%3Dnew; Path=/; Domain=paypal.com; Expires=Fri, 08 Sep 2023 02:58:27 GMT; HttpOnly; Secure
Set-Cookie: ts_c=vr%3D6ba67b591740a760c4a0da70fe9217b9%26vt%3D6ba67b591740a760c4a0da70fe9217b8; Path=/; Domain=paypal.com; Expires=Fri, 08 Sep 2023 02:58:27 GMT; Secure
X-Frame-Options: SAMEORIGIN
DC: phx-origin-www-1.paypal.com
Accept-Ranges: bytes
Via: 1.1 varnish
Accept-Ranges: bytes
Date: Tue, 08 Sep 2020 02:58:28 GMT
Via: 1.1 varnish
Strict-Transport-Security: max-age=63072000; includeSubDomains; preload
X-Served-By: cache-lax8645-LAX, cache-tyo19939-TYO
X-Cache: MISS, MISS
X-Cache-Hits: 0, 0
X-Timer: S1599533907.549717,VS0,VE1499
Vary: Accept-Encoding
Set-Cookie: x-cdn=fastly:TYO; Domain=paypal.com; Path=/; Secure

VERIFIED
                    [headers] => Requests_Response_Headers Object
                        (
                            [data:protected] => Array
                                (
                                    [content-length] => Array
                                        (
                                            [0] => 34
                                        )

                                    [server] => Array
                                        (
                                            [0] => nginx/1.14.0 (Ubuntu)
                                        )

                                    [content-type] => Array
                                        (
                                            [0] => text/html; charset=UTF-8
                                        )

                                    [cache-control] => Array
                                        (
                                            [0] => max-age=0, no-cache, no-store, must-revalidate
                                        )

                                    [content-encoding] => Array
                                        (
                                            [0] => gzip
                                        )

                                    [paypal-debug-id] => Array
                                        (
                                            [0] => 85bc0072385b1
                                        )

                                    [set-cookie] => Array
                                        (
                                            [0] => cwrClyrK4LoCV1fydGbAxiNL6iG=aPu4VS1rh97U4DbzD31TKeF5i7uR9U73mmFxccsRjWALVrgOUXARvJX8yQY0cOqIWX564a-ENDYgAPWewzk1eHIvlO27X60CMb8v_noalQOuY9vlAG1Xm05XClsyeuoQQZxKjmhAXrpgEZmj6dxe4Fpu985X5QKrvcHwg-ji0qlIjsnLIYu_geqSG_BL6nUA1rOOPVcV-7vEkyyk67cJBZxo-C8MyG2rw2Roo_erSGSM9YsUz8shAsA3Zep-XsbQldod1CU5Z0ookH2lM5ruo0HV_EGSmO-peORnzQG5j2f1dLS-mcKozb-J2qvxf_yDhYWHfzX9U7XF1zlP0zHwfYRlGrrD6VQ8LOU4KkDMyqkxKoIQusQNzpCs9xy-eIciDwcHkHGLRLJj08UWOylfjUiAiYy9KIvXuIwXYKo06hm51dZ4XUAx5LUK9xi; Path=/; Domain=paypal.com; HttpOnly; Secure
                                            [1] => cookie_check=yes; Path=/; Domain=paypal.com; Expires=Fri, 06 Sep 2030 02:58:27 GMT; HttpOnly; Secure
                                            [2] => navcmd=_notify-validate; Path=/; Domain=paypal.com; HttpOnly; Secure
                                            [3] => navlns=0.0; Path=/; Domain=paypal.com; Expires=Thu, 08 Sep 2022 02:58:27 GMT; HttpOnly; Secure
                                            [4] => X-PP-SILOVER=name%3DLIVE3.WEB.1%26silo_version%3D880%26app%3Dappdispatcher%26TIME%3D1599533907%26HTTP_X_PP_AZ_LOCATOR%3Ddcg02.phx; Path=/; Domain=paypal.com; Expires=Tue, 08 Sep 2020 03:28:27 GMT; HttpOnly; Secure
                                            [5] => ts=vreXpYrS%3D1694141906%26vteXpYrS%3D1599535706%26vr%3D6ba67b591740a760c4a0da70fe9217b9%26vt%3D6ba67b591740a760c4a0da70fe9217b8%26vtyp%3Dnew; Path=/; Domain=paypal.com; Expires=Fri, 08 Sep 2023 02:58:27 GMT; HttpOnly; Secure
                                            [6] => ts_c=vr%3D6ba67b591740a760c4a0da70fe9217b9%26vt%3D6ba67b591740a760c4a0da70fe9217b8; Path=/; Domain=paypal.com; Expires=Fri, 08 Sep 2023 02:58:27 GMT; Secure
                                            [7] => x-cdn=fastly:TYO; Domain=paypal.com; Path=/; Secure
                                        )

                                    [x-frame-options] => Array
                                        (
                                            [0] => SAMEORIGIN
                                        )

                                    [dc] => Array
                                        (
                                            [0] => phx-origin-www-1.paypal.com
                                        )

                                    [accept-ranges] => Array
                                        (
                                            [0] => bytes
                                            [1] => bytes
                                        )

                                    [via] => Array
                                        (
                                            [0] => 1.1 varnish
                                            [1] => 1.1 varnish
                                        )

                                    [date] => Array
                                        (
                                            [0] => Tue, 08 Sep 2020 02:58:28 GMT
                                        )

                                    [strict-transport-security] => Array
                                        (
                                            [0] => max-age=63072000; includeSubDomains; preload
                                        )

                                    [x-served-by] => Array
                                        (
                                            [0] => cache-lax8645-LAX, cache-tyo19939-TYO
                                        )

                                    [x-cache] => Array
                                        (
                                            [0] => MISS, MISS
                                        )

                                    [x-cache-hits] => Array
                                        (
                                            [0] => 0, 0
                                        )

                                    [x-timer] => Array
                                        (
                                            [0] => S1599533907.549717,VS0,VE1499
                                        )

                                    [vary] => Array
                                        (
                                            [0] => Accept-Encoding
                                        )

                                )

                        )

                    [status_code] => 200
                    [protocol_version] => 1.1
                    [success] => 1
                    [redirects] => 0
                    [url] => https://www.paypal.com/cgi-bin/webscr
                    [history] => Array
                        (
                        )

                    [cookies] => Requests_Cookie_Jar Object
                        (
                            [cookies:protected] => Array
                                (
                                    [cwrClyrK4LoCV1fydGbAxiNL6iG] => Requests_Cookie Object
                                        (
                                            [name] => cwrClyrK4LoCV1fydGbAxiNL6iG
                                            [value] => aPu4VS1rh97U4DbzD31TKeF5i7uR9U73mmFxccsRjWALVrgOUXARvJX8yQY0cOqIWX564a-ENDYgAPWewzk1eHIvlO27X60CMb8v_noalQOuY9vlAG1Xm05XClsyeuoQQZxKjmhAXrpgEZmj6dxe4Fpu985X5QKrvcHwg-ji0qlIjsnLIYu_geqSG_BL6nUA1rOOPVcV-7vEkyyk67cJBZxo-C8MyG2rw2Roo_erSGSM9YsUz8shAsA3Zep-XsbQldod1CU5Z0ookH2lM5ruo0HV_EGSmO-peORnzQG5j2f1dLS-mcKozb-J2qvxf_yDhYWHfzX9U7XF1zlP0zHwfYRlGrrD6VQ8LOU4KkDMyqkxKoIQusQNzpCs9xy-eIciDwcHkHGLRLJj08UWOylfjUiAiYy9KIvXuIwXYKo06hm51dZ4XUAx5LUK9xi
                                            [attributes] => Requests_Utility_CaseInsensitiveDictionary Object
                                                (
                                                    [data:protected] => Array
                                                        (
                                                            [path] => /
                                                            [domain] => paypal.com
                                                            [httponly] => 1
                                                            [secure] => 1
                                                        )

                                                )

                                            [flags] => Array
                                                (
                                                    [creation] => 1599533908
                                                    [last-access] => 1599533908
                                                    [persistent] => 
                                                    [host-only] => 
                                                )

                                            [reference_time] => 1599533908
                                        )

                                    [cookie_check] => Requests_Cookie Object
                                        (
                                            [name] => cookie_check
                                            [value] => yes
                                            [attributes] => Requests_Utility_CaseInsensitiveDictionary Object
                                                (
                                                    [data:protected] => Array
                                                        (
                                                            [path] => /
                                                            [domain] => paypal.com
                                                            [expires] => 1914893907
                                                            [httponly] => 1
                                                            [secure] => 1
                                                        )

                                                )

                                            [flags] => Array
                                                (
                                                    [creation] => 1599533908
                                                    [last-access] => 1599533908
                                                    [persistent] => 
                                                    [host-only] => 
                                                )

                                            [reference_time] => 1599533908
                                        )

                                    [navcmd] => Requests_Cookie Object
                                        (
                                            [name] => navcmd
                                            [value] => _notify-validate
                                            [attributes] => Requests_Utility_CaseInsensitiveDictionary Object
                                                (
                                                    [data:protected] => Array
                                                        (
                                                            [path] => /
                                                            [domain] => paypal.com
                                                            [httponly] => 1
                                                            [secure] => 1
                                                        )

                                                )

                                            [flags] => Array
                                                (
                                                    [creation] => 1599533908
                                                    [last-access] => 1599533908
                                                    [persistent] => 
                                                    [host-only] => 
                                                )

                                            [reference_time] => 1599533908
                                        )

                                    [navlns] => Requests_Cookie Object
                                        (
                                            [name] => navlns
                                            [value] => 0.0
                                            [attributes] => Requests_Utility_CaseInsensitiveDictionary Object
                                                (
                                                    [data:protected] => Array
                                                        (
                                                            [path] => /
                                                            [domain] => paypal.com
                                                            [expires] => 1662605907
                                                            [httponly] => 1
                                                            [secure] => 1
                                                        )

                                                )

                                            [flags] => Array
                                                (
                                                    [creation] => 1599533908
                                                    [last-access] => 1599533908
                                                    [persistent] => 
                                                    [host-only] => 
                                                )

                                            [reference_time] => 1599533908
                                        )

                                    [X-PP-SILOVER] => Requests_Cookie Object
                                        (
                                            [name] => X-PP-SILOVER
                                            [value] => name%3DLIVE3.WEB.1%26silo_version%3D880%26app%3Dappdispatcher%26TIME%3D1599533907%26HTTP_X_PP_AZ_LOCATOR%3Ddcg02.phx
                                            [attributes] => Requests_Utility_CaseInsensitiveDictionary Object
                                                (
                                                    [data:protected] => Array
                                                        (
                                                            [path] => /
                                                            [domain] => paypal.com
                                                            [expires] => 1599535707
                                                            [httponly] => 1
                                                            [secure] => 1
                                                        )

                                                )

                                            [flags] => Array
                                                (
                                                    [creation] => 1599533908
                                                    [last-access] => 1599533908
                                                    [persistent] => 
                                                    [host-only] => 
                                                )

                                            [reference_time] => 1599533908
                                        )

                                    [ts] => Requests_Cookie Object
                                        (
                                            [name] => ts
                                            [value] => vreXpYrS%3D1694141906%26vteXpYrS%3D1599535706%26vr%3D6ba67b591740a760c4a0da70fe9217b9%26vt%3D6ba67b591740a760c4a0da70fe9217b8%26vtyp%3Dnew
                                            [attributes] => Requests_Utility_CaseInsensitiveDictionary Object
                                                (
                                                    [data:protected] => Array
                                                        (
                                                            [path] => /
                                                            [domain] => paypal.com
                                                            [expires] => 1694141907
                                                            [httponly] => 1
                                                            [secure] => 1
                                                        )

                                                )

                                            [flags] => Array
                                                (
                                                    [creation] => 1599533908
                                                    [last-access] => 1599533908
                                                    [persistent] => 
                                                    [host-only] => 
                                                )

                                            [reference_time] => 1599533908
                                        )

                                    [ts_c] => Requests_Cookie Object
                                        (
                                            [name] => ts_c
                                            [value] => vr%3D6ba67b591740a760c4a0da70fe9217b9%26vt%3D6ba67b591740a760c4a0da70fe9217b8
                                            [attributes] => Requests_Utility_CaseInsensitiveDictionary Object
                                                (
                                                    [data:protected] => Array
                                                        (
                                                            [path] => /
                                                            [domain] => paypal.com
                                                            [expires] => 1694141907
                                                            [secure] => 1
                                                        )

                                                )

                                            [flags] => Array
                                                (
                                                    [creation] => 1599533908
                                                    [last-access] => 1599533908
                                                    [persistent] => 
                                                    [host-only] => 
                                                )

                                            [reference_time] => 1599533908
                                        )

                                    [x-cdn] => Requests_Cookie Object
                                        (
                                            [name] => x-cdn
                                            [value] => fastly:TYO
                                            [attributes] => Requests_Utility_CaseInsensitiveDictionary Object
                                                (
                                                    [data:protected] => Array
                                                        (
                                                            [domain] => paypal.com
                                                            [path] => /
                                                            [secure] => 1
                                                        )

                                                )

                                            [flags] => Array
                                                (
                                                    [creation] => 1599533908
                                                    [last-access] => 1599533908
                                                    [persistent] => 
                                                    [host-only] => 
                                                )

                                            [reference_time] => 1599533908
                                        )

                                )

                        )

                )

            [filename:protected] => 
            [data] => 
            [headers] => 
            [status] => 
        )

)

2020-09-08T02:58:28+00:00 INFO Received valid response from PayPal IPN
2020-09-08T02:58:28+00:00 INFO Found order #167234
2020-09-08T02:58:28+00:00 INFO Payment status: refunded
