2020-10-18T12:54:59+00:00 INFO Generating payment form for order 171967. Notify URL: https://www.seoulperlife.com/wc-api/WC_Gateway_Paypal/
2020-10-18T12:55:00+00:00 INFO PayPal Request Args for order 171967: Array
(
    [cmd] => _cart
    [business] => hedihedi@ddpac.co.kr
    [no_note] => 1
    [currency_code] => JPY
    [charset] => utf-8
    [rm] => 2
    [upload] => 1
    [return] => https://www.seoulperlife.com/checkout/order-received/171967/?key=wc_order_0vD0f9ea0IkqD&utm_nooverride=1
    [cancel_return] => https://www.seoulperlife.com/cart/?cancel_order=true&order=wc_order_0vD0f9ea0IkqD&order_id=171967&redirect&_wpnonce=1b079b167a
    [page_style] => 
    [image_url] => 
    [paymentaction] => sale
    [invoice] => SL-171967
    [custom] => {"order_id":171967,"order_key":"wc_order_0vD0f9ea0IkqD"}
    [notify_url] => https://www.seoulperlife.com/wc-api/WC_Gateway_Paypal/
    [first_name] => ***
    [last_name] => ***
    [address1] => ***
    [address2] => ***
    [city] => ***
    [state] => ***
    [zip] => ***
    [country] => ***
    [email] => ***@***
    [night_phone_a] => ***
    [night_phone_b] => ***
    [address_override] => 0
    [no_shipping] => 0
    [tax_cart] => 0
    [item_name_1] => 【CNP ラボラトリー 】CNP Laboratory インビジブルピーリングブースター 100ml
    [quantity_1] => 2
    [amount_1] => 1690
    [item_number_1] => CNP2194,1,
    [item_name_2] => 【グーダル】goodal グリーン タンジェリン ビタCトナーパッド 70枚
    [quantity_2] => 1
    [amount_2] => 1200
    [item_number_2] => GD1782,1,
    [item_name_3] => 【グーダル】goodal アップルAHAつるすべパッド 70枚
    [quantity_3] => 1
    [amount_3] => 1200
    [item_number_3] => UNI0348,1,
    [bn] => WooThemes_Cart
)

2020-10-18T12:55:30+00:00 INFO Received invalid response from PayPal PDT
2020-10-18T12:55:39+00:00 INFO Checking IPN response is valid
2020-10-18T12:55:40+00:00 INFO IPN Response: Array
(
    [headers] => Requests_Utility_CaseInsensitiveDictionary Object
        (
            [data:protected] => Array
                (
                    [content-length] => 34
                    [cache-control] => max-age=0, no-cache, no-store, must-revalidate
                    [content-encoding] => gzip
                    [content-type] => text/html; charset=UTF-8
                    [paypal-debug-id] => c6544d78c45c7
                    [set-cookie] => Array
                        (
                            [0] => cwrClyrK4LoCV1fydGbAxiNL6iG=sY6416AXoRwPgESl9yp_hla2Bo6G_CUUkvNEOLF4TQ7j3cbwdAkqTUcAsrJakQXYxNgYrI6S6FfT3n6LEhtC7fBcfhkB3F-oOFNJ09hU5neCm3yxWzIe58dVrlsA-pKtqN55gz_Efedh70yN2gAqQU_kkbO2jriDxBmNwRy8f2lVm1HAFERKU8sKgKsOrwbbdlglAe3Ac-phxo7k1r6w_t8fJtg1CQJ3-5k6yD_1qOJcQOOjkc1l2pBACt56JTxQ0xK_TB1bHSoL9ycXC0wGkp16ujHu9CqypP32dGgW__HRVFkE96q_w3GNakUnpT-D92B2AFbHW5tlIqU3oYJbj2EDqYa5v7Oz2RzJ4VKXVAjtiLw2NgcUez6iXdnN74QWs3npTXERvfs_d20iIinSZU1ZihlydGvQ0pAbD5gNpQ5dhzDVwWUyeuv0T_0; domain=.paypal.com; path=/; Secure; HttpOnly
                            [1] => cookie_check=yes; expires=Wed, 16-Oct-2030 12:55:40 GMT; domain=.paypal.com; path=/; Secure; HttpOnly
                            [2] => navcmd=_notify-validate; domain=.paypal.com; path=/; Secure; HttpOnly
                            [3] => navlns=0.0; expires=Tue, 18-Oct-2022 12:55:40 GMT; domain=.paypal.com; path=/; Secure; HttpOnly
                            [4] => l7_az=dcg14.slc; Path=/; Domain=paypal.com; Expires=Sun, 18 Oct 2020 13:25:40 GMT; HttpOnly; Secure
                            [5] => ts=vreXpYrS%3D1697633739%26vteXpYrS%3D1603027539%26vr%3D3bc7a0011750ad005c41d975ffac69ed%26vt%3D3bc7a0011750ad005c41d975ffac69ec%26vtyp%3Dnew; Path=/; Domain=paypal.com; Expires=Wed, 18 Oct 2023 12:55:40 GMT; HttpOnly; Secure
                            [6] => ts_c=vr%3D3bc7a0011750ad005c41d975ffac69ed%26vt%3D3bc7a0011750ad005c41d975ffac69ec; Path=/; Domain=paypal.com; Expires=Wed, 18 Oct 2023 12:55:40 GMT; Secure
                            [7] => x-cdn=fastly:ITM; Domain=paypal.com; Path=/; Secure
                        )

                    [x-frame-options] => SAMEORIGIN
                    [dc] => ccg11-origin-www-1.paypal.com
                    [accept-ranges] => Array
                        (
                            [0] => bytes
                            [1] => bytes
                        )

                    [via] => Array
                        (
                            [0] => 1.1 varnish
                            [1] => 1.1 varnish
                        )

                    [date] => Sun, 18 Oct 2020 12:55:40 GMT
                    [strict-transport-security] => max-age=63072000; includeSubDomains; preload
                    [x-served-by] => cache-sin18043-SIN, cache-itm18835-ITM
                    [x-cache] => MISS, MISS
                    [x-cache-hits] => 0, 0
                    [x-timer] => S1603025740.633261,VS0,VE1056
                    [vary] => Accept-Encoding
                )

        )

    [body] => VERIFIED
    [response] => Array
        (
            [code] => 200
            [message] => OK
        )

    [cookies] => Array
        (
            [0] => WP_Http_Cookie Object
                (
                    [name] => cwrClyrK4LoCV1fydGbAxiNL6iG
                    [value] => sY6416AXoRwPgESl9yp_hla2Bo6G_CUUkvNEOLF4TQ7j3cbwdAkqTUcAsrJakQXYxNgYrI6S6FfT3n6LEhtC7fBcfhkB3F-oOFNJ09hU5neCm3yxWzIe58dVrlsA-pKtqN55gz_Efedh70yN2gAqQU_kkbO2jriDxBmNwRy8f2lVm1HAFERKU8sKgKsOrwbbdlglAe3Ac-phxo7k1r6w_t8fJtg1CQJ3-5k6yD_1qOJcQOOjkc1l2pBACt56JTxQ0xK_TB1bHSoL9ycXC0wGkp16ujHu9CqypP32dGgW__HRVFkE96q_w3GNakUnpT-D92B2AFbHW5tlIqU3oYJbj2EDqYa5v7Oz2RzJ4VKXVAjtiLw2NgcUez6iXdnN74QWs3npTXERvfs_d20iIinSZU1ZihlydGvQ0pAbD5gNpQ5dhzDVwWUyeuv0T_0
                    [expires] => 
                    [path] => /
                    [domain] => paypal.com
                    [host_only] => 
                )

            [1] => WP_Http_Cookie Object
                (
                    [name] => cookie_check
                    [value] => yes
                    [expires] => 1918385740
                    [path] => /
                    [domain] => paypal.com
                    [host_only] => 
                )

            [2] => WP_Http_Cookie Object
                (
                    [name] => navcmd
                    [value] => _notify-validate
                    [expires] => 
                    [path] => /
                    [domain] => paypal.com
                    [host_only] => 
                )

            [3] => WP_Http_Cookie Object
                (
                    [name] => navlns
                    [value] => 0.0
                    [expires] => 1666097740
                    [path] => /
                    [domain] => paypal.com
                    [host_only] => 
                )

            [4] => WP_Http_Cookie Object
                (
                    [name] => l7_az
                    [value] => dcg14.slc
                    [expires] => 1603027540
                    [path] => /
                    [domain] => paypal.com
                    [host_only] => 
                )

            [5] => WP_Http_Cookie Object
                (
                    [name] => ts
                    [value] => vreXpYrS=1697633739&vteXpYrS=1603027539&vr=3bc7a0011750ad005c41d975ffac69ed&vt=3bc7a0011750ad005c41d975ffac69ec&vtyp=new
                    [expires] => 1697633740
                    [path] => /
                    [domain] => paypal.com
                    [host_only] => 
                )

            [6] => WP_Http_Cookie Object
                (
                    [name] => ts_c
                    [value] => vr=3bc7a0011750ad005c41d975ffac69ed&vt=3bc7a0011750ad005c41d975ffac69ec
                    [expires] => 1697633740
                    [path] => /
                    [domain] => paypal.com
                    [host_only] => 
                )

            [7] => WP_Http_Cookie Object
                (
                    [name] => x-cdn
                    [value] => fastly:ITM
                    [expires] => 
                    [path] => /
                    [domain] => paypal.com
                    [host_only] => 
                )

        )

    [filename] => 
    [http_response] => WP_HTTP_Requests_Response Object
        (
            [response:protected] => Requests_Response Object
                (
                    [body] => VERIFIED
                    [raw] => HTTP/1.1 200 OK
Connection: close
Content-Length: 34
Cache-Control: max-age=0, no-cache, no-store, must-revalidate
Content-Encoding: gzip
Content-Type: text/html; charset=UTF-8
Paypal-Debug-Id: c6544d78c45c7
Set-Cookie: cwrClyrK4LoCV1fydGbAxiNL6iG=sY6416AXoRwPgESl9yp_hla2Bo6G_CUUkvNEOLF4TQ7j3cbwdAkqTUcAsrJakQXYxNgYrI6S6FfT3n6LEhtC7fBcfhkB3F-oOFNJ09hU5neCm3yxWzIe58dVrlsA-pKtqN55gz_Efedh70yN2gAqQU_kkbO2jriDxBmNwRy8f2lVm1HAFERKU8sKgKsOrwbbdlglAe3Ac-phxo7k1r6w_t8fJtg1CQJ3-5k6yD_1qOJcQOOjkc1l2pBACt56JTxQ0xK_TB1bHSoL9ycXC0wGkp16ujHu9CqypP32dGgW__HRVFkE96q_w3GNakUnpT-D92B2AFbHW5tlIqU3oYJbj2EDqYa5v7Oz2RzJ4VKXVAjtiLw2NgcUez6iXdnN74QWs3npTXERvfs_d20iIinSZU1ZihlydGvQ0pAbD5gNpQ5dhzDVwWUyeuv0T_0; domain=.paypal.com; path=/; Secure; HttpOnly
Set-Cookie: cookie_check=yes; expires=Wed, 16-Oct-2030 12:55:40 GMT; domain=.paypal.com; path=/; Secure; HttpOnly
Set-Cookie: navcmd=_notify-validate; domain=.paypal.com; path=/; Secure; HttpOnly
Set-Cookie: navlns=0.0; expires=Tue, 18-Oct-2022 12:55:40 GMT; domain=.paypal.com; path=/; Secure; HttpOnly
Set-Cookie: l7_az=dcg14.slc; Path=/; Domain=paypal.com; Expires=Sun, 18 Oct 2020 13:25:40 GMT; HttpOnly; Secure
Set-Cookie: ts=vreXpYrS%3D1697633739%26vteXpYrS%3D1603027539%26vr%3D3bc7a0011750ad005c41d975ffac69ed%26vt%3D3bc7a0011750ad005c41d975ffac69ec%26vtyp%3Dnew; Path=/; Domain=paypal.com; Expires=Wed, 18 Oct 2023 12:55:40 GMT; HttpOnly; Secure
Set-Cookie: ts_c=vr%3D3bc7a0011750ad005c41d975ffac69ed%26vt%3D3bc7a0011750ad005c41d975ffac69ec; Path=/; Domain=paypal.com; Expires=Wed, 18 Oct 2023 12:55:40 GMT; Secure
X-Frame-Options: SAMEORIGIN
DC: ccg11-origin-www-1.paypal.com
Accept-Ranges: bytes
Via: 1.1 varnish
Accept-Ranges: bytes
Date: Sun, 18 Oct 2020 12:55:40 GMT
Via: 1.1 varnish
Strict-Transport-Security: max-age=63072000; includeSubDomains; preload
X-Served-By: cache-sin18043-SIN, cache-itm18835-ITM
X-Cache: MISS, MISS
X-Cache-Hits: 0, 0
X-Timer: S1603025740.633261,VS0,VE1056
Vary: Accept-Encoding
Set-Cookie: x-cdn=fastly:ITM; Domain=paypal.com; Path=/; Secure

VERIFIED
                    [headers] => Requests_Response_Headers Object
                        (
                            [data:protected] => Array
                                (
                                    [content-length] => Array
                                        (
                                            [0] => 34
                                        )

                                    [cache-control] => Array
                                        (
                                            [0] => max-age=0, no-cache, no-store, must-revalidate
                                        )

                                    [content-encoding] => Array
                                        (
                                            [0] => gzip
                                        )

                                    [content-type] => Array
                                        (
                                            [0] => text/html; charset=UTF-8
                                        )

                                    [paypal-debug-id] => Array
                                        (
                                            [0] => c6544d78c45c7
                                        )

                                    [set-cookie] => Array
                                        (
                                            [0] => cwrClyrK4LoCV1fydGbAxiNL6iG=sY6416AXoRwPgESl9yp_hla2Bo6G_CUUkvNEOLF4TQ7j3cbwdAkqTUcAsrJakQXYxNgYrI6S6FfT3n6LEhtC7fBcfhkB3F-oOFNJ09hU5neCm3yxWzIe58dVrlsA-pKtqN55gz_Efedh70yN2gAqQU_kkbO2jriDxBmNwRy8f2lVm1HAFERKU8sKgKsOrwbbdlglAe3Ac-phxo7k1r6w_t8fJtg1CQJ3-5k6yD_1qOJcQOOjkc1l2pBACt56JTxQ0xK_TB1bHSoL9ycXC0wGkp16ujHu9CqypP32dGgW__HRVFkE96q_w3GNakUnpT-D92B2AFbHW5tlIqU3oYJbj2EDqYa5v7Oz2RzJ4VKXVAjtiLw2NgcUez6iXdnN74QWs3npTXERvfs_d20iIinSZU1ZihlydGvQ0pAbD5gNpQ5dhzDVwWUyeuv0T_0; domain=.paypal.com; path=/; Secure; HttpOnly
                                            [1] => cookie_check=yes; expires=Wed, 16-Oct-2030 12:55:40 GMT; domain=.paypal.com; path=/; Secure; HttpOnly
                                            [2] => navcmd=_notify-validate; domain=.paypal.com; path=/; Secure; HttpOnly
                                            [3] => navlns=0.0; expires=Tue, 18-Oct-2022 12:55:40 GMT; domain=.paypal.com; path=/; Secure; HttpOnly
                                            [4] => l7_az=dcg14.slc; Path=/; Domain=paypal.com; Expires=Sun, 18 Oct 2020 13:25:40 GMT; HttpOnly; Secure
                                            [5] => ts=vreXpYrS%3D1697633739%26vteXpYrS%3D1603027539%26vr%3D3bc7a0011750ad005c41d975ffac69ed%26vt%3D3bc7a0011750ad005c41d975ffac69ec%26vtyp%3Dnew; Path=/; Domain=paypal.com; Expires=Wed, 18 Oct 2023 12:55:40 GMT; HttpOnly; Secure
                                            [6] => ts_c=vr%3D3bc7a0011750ad005c41d975ffac69ed%26vt%3D3bc7a0011750ad005c41d975ffac69ec; Path=/; Domain=paypal.com; Expires=Wed, 18 Oct 2023 12:55:40 GMT; Secure
                                            [7] => x-cdn=fastly:ITM; Domain=paypal.com; Path=/; Secure
                                        )

                                    [x-frame-options] => Array
                                        (
                                            [0] => SAMEORIGIN
                                        )

                                    [dc] => Array
                                        (
                                            [0] => ccg11-origin-www-1.paypal.com
                                        )

                                    [accept-ranges] => Array
                                        (
                                            [0] => bytes
                                            [1] => bytes
                                        )

                                    [via] => Array
                                        (
                                            [0] => 1.1 varnish
                                            [1] => 1.1 varnish
                                        )

                                    [date] => Array
                                        (
                                            [0] => Sun, 18 Oct 2020 12:55:40 GMT
                                        )

                                    [strict-transport-security] => Array
                                        (
                                            [0] => max-age=63072000; includeSubDomains; preload
                                        )

                                    [x-served-by] => Array
                                        (
                                            [0] => cache-sin18043-SIN, cache-itm18835-ITM
                                        )

                                    [x-cache] => Array
                                        (
                                            [0] => MISS, MISS
                                        )

                                    [x-cache-hits] => Array
                                        (
                                            [0] => 0, 0
                                        )

                                    [x-timer] => Array
                                        (
                                            [0] => S1603025740.633261,VS0,VE1056
                                        )

                                    [vary] => Array
                                        (
                                            [0] => Accept-Encoding
                                        )

                                )

                        )

                    [status_code] => 200
                    [protocol_version] => 1.1
                    [success] => 1
                    [redirects] => 0
                    [url] => https://www.paypal.com/cgi-bin/webscr
                    [history] => Array
                        (
                        )

                    [cookies] => Requests_Cookie_Jar Object
                        (
                            [cookies:protected] => Array
                                (
                                    [cwrClyrK4LoCV1fydGbAxiNL6iG] => Requests_Cookie Object
                                        (
                                            [name] => cwrClyrK4LoCV1fydGbAxiNL6iG
                                            [value] => sY6416AXoRwPgESl9yp_hla2Bo6G_CUUkvNEOLF4TQ7j3cbwdAkqTUcAsrJakQXYxNgYrI6S6FfT3n6LEhtC7fBcfhkB3F-oOFNJ09hU5neCm3yxWzIe58dVrlsA-pKtqN55gz_Efedh70yN2gAqQU_kkbO2jriDxBmNwRy8f2lVm1HAFERKU8sKgKsOrwbbdlglAe3Ac-phxo7k1r6w_t8fJtg1CQJ3-5k6yD_1qOJcQOOjkc1l2pBACt56JTxQ0xK_TB1bHSoL9ycXC0wGkp16ujHu9CqypP32dGgW__HRVFkE96q_w3GNakUnpT-D92B2AFbHW5tlIqU3oYJbj2EDqYa5v7Oz2RzJ4VKXVAjtiLw2NgcUez6iXdnN74QWs3npTXERvfs_d20iIinSZU1ZihlydGvQ0pAbD5gNpQ5dhzDVwWUyeuv0T_0
                                            [attributes] => Requests_Utility_CaseInsensitiveDictionary Object
                                                (
                                                    [data:protected] => Array
                                                        (
                                                            [domain] => paypal.com
                                                            [path] => /
                                                            [secure] => 1
                                                            [httponly] => 1
                                                        )

                                                )

                                            [flags] => Array
                                                (
                                                    [creation] => 1603025740
                                                    [last-access] => 1603025740
                                                    [persistent] => 
                                                    [host-only] => 
                                                )

                                            [reference_time] => 1603025740
                                        )

                                    [cookie_check] => Requests_Cookie Object
                                        (
                                            [name] => cookie_check
                                            [value] => yes
                                            [attributes] => Requests_Utility_CaseInsensitiveDictionary Object
                                                (
                                                    [data:protected] => Array
                                                        (
                                                            [expires] => 1918385740
                                                            [domain] => paypal.com
                                                            [path] => /
                                                            [secure] => 1
                                                            [httponly] => 1
                                                        )

                                                )

                                            [flags] => Array
                                                (
                                                    [creation] => 1603025740
                                                    [last-access] => 1603025740
                                                    [persistent] => 
                                                    [host-only] => 
                                                )

                                            [reference_time] => 1603025740
                                        )

                                    [navcmd] => Requests_Cookie Object
                                        (
                                            [name] => navcmd
                                            [value] => _notify-validate
                                            [attributes] => Requests_Utility_CaseInsensitiveDictionary Object
                                                (
                                                    [data:protected] => Array
                                                        (
                                                            [domain] => paypal.com
                                                            [path] => /
                                                            [secure] => 1
                                                            [httponly] => 1
                                                        )

                                                )

                                            [flags] => Array
                                                (
                                                    [creation] => 1603025740
                                                    [last-access] => 1603025740
                                                    [persistent] => 
                                                    [host-only] => 
                                                )

                                            [reference_time] => 1603025740
                                        )

                                    [navlns] => Requests_Cookie Object
                                        (
                                            [name] => navlns
                                            [value] => 0.0
                                            [attributes] => Requests_Utility_CaseInsensitiveDictionary Object
                                                (
                                                    [data:protected] => Array
                                                        (
                                                            [expires] => 1666097740
                                                            [domain] => paypal.com
                                                            [path] => /
                                                            [secure] => 1
                                                            [httponly] => 1
                                                        )

                                                )

                                            [flags] => Array
                                                (
                                                    [creation] => 1603025740
                                                    [last-access] => 1603025740
                                                    [persistent] => 
                                                    [host-only] => 
                                                )

                                            [reference_time] => 1603025740
                                        )

                                    [l7_az] => Requests_Cookie Object
                                        (
                                            [name] => l7_az
                                            [value] => dcg14.slc
                                            [attributes] => Requests_Utility_CaseInsensitiveDictionary Object
                                                (
                                                    [data:protected] => Array
                                                        (
                                                            [path] => /
                                                            [domain] => paypal.com
                                                            [expires] => 1603027540
                                                            [httponly] => 1
                                                            [secure] => 1
                                                        )

                                                )

                                            [flags] => Array
                                                (
                                                    [creation] => 1603025740
                                                    [last-access] => 1603025740
                                                    [persistent] => 
                                                    [host-only] => 
                                                )

                                            [reference_time] => 1603025740
                                        )

                                    [ts] => Requests_Cookie Object
                                        (
                                            [name] => ts
                                            [value] => vreXpYrS%3D1697633739%26vteXpYrS%3D1603027539%26vr%3D3bc7a0011750ad005c41d975ffac69ed%26vt%3D3bc7a0011750ad005c41d975ffac69ec%26vtyp%3Dnew
                                            [attributes] => Requests_Utility_CaseInsensitiveDictionary Object
                                                (
                                                    [data:protected] => Array
                                                        (
                                                            [path] => /
                                                            [domain] => paypal.com
                                                            [expires] => 1697633740
                                                            [httponly] => 1
                                                            [secure] => 1
                                                        )

                                                )

                                            [flags] => Array
                                                (
                                                    [creation] => 1603025740
                                                    [last-access] => 1603025740
                                                    [persistent] => 
                                                    [host-only] => 
                                                )

                                            [reference_time] => 1603025740
                                        )

                                    [ts_c] => Requests_Cookie Object
                                        (
                                            [name] => ts_c
                                            [value] => vr%3D3bc7a0011750ad005c41d975ffac69ed%26vt%3D3bc7a0011750ad005c41d975ffac69ec
                                            [attributes] => Requests_Utility_CaseInsensitiveDictionary Object
                                                (
                                                    [data:protected] => Array
                                                        (
                                                            [path] => /
                                                            [domain] => paypal.com
                                                            [expires] => 1697633740
                                                            [secure] => 1
                                                        )

                                                )

                                            [flags] => Array
                                                (
                                                    [creation] => 1603025740
                                                    [last-access] => 1603025740
                                                    [persistent] => 
                                                    [host-only] => 
                                                )

                                            [reference_time] => 1603025740
                                        )

                                    [x-cdn] => Requests_Cookie Object
                                        (
                                            [name] => x-cdn
                                            [value] => fastly:ITM
                                            [attributes] => Requests_Utility_CaseInsensitiveDictionary Object
                                                (
                                                    [data:protected] => Array
                                                        (
                                                            [domain] => paypal.com
                                                            [path] => /
                                                            [secure] => 1
                                                        )

                                                )

                                            [flags] => Array
                                                (
                                                    [creation] => 1603025740
                                                    [last-access] => 1603025740
                                                    [persistent] => 
                                                    [host-only] => 
                                                )

                                            [reference_time] => 1603025740
                                        )

                                )

                        )

                )

            [filename:protected] => 
            [data] => 
            [headers] => 
            [status] => 
        )

)

2020-10-18T12:55:40+00:00 INFO Received valid response from PayPal IPN
2020-10-18T12:55:40+00:00 INFO Found order #171967
2020-10-18T12:55:40+00:00 INFO Payment status: completed
