2020-09-06T15:44:07+00:00 INFO Checking IPN response is valid
2020-09-06T15:44:10+00:00 INFO IPN Response: Array
(
    [headers] => Requests_Utility_CaseInsensitiveDictionary Object
        (
            [data:protected] => Array
                (
                    [cache-control] => max-age=0, no-cache, no-store, must-revalidate
                    [content-encoding] => gzip
                    [content-type] => text/html; charset=UTF-8
                    [paypal-debug-id] => 95c4dc4ae5973
                    [x-frame-options] => SAMEORIGIN
                    [dc] => ccg11-origin-www-2.paypal.com
                    [x-akamai-transformed] => 9 34 0 pmb=mRUM,1
                    [date] => Sun, 06 Sep 2020 15:44:10 GMT
                    [content-length] => 28
                    [vary] => Accept-Encoding
                    [set-cookie] => Array
                        (
                            [0] => cwrClyrK4LoCV1fydGbAxiNL6iG=vZwErt9depwvcmPxDnZVRfOINEq4EwH9Su4uDa8F_B0MJmAw3VPFQZ21mvmoQ7wMnhTl6bcrV4PtJmigX-n865limjHBjceOKU9M3Fq5yZe4yyfZTeACaefXWMUXXevdEtQfSB581yn4NCn63wH0lTim80UQker4qiHToKPtMkJoCj-hpZnGXDvrftax3xOqre9HcmM9dtTTrLDlx9rHEdNxshbZyHtMebogBQd4tKqRuqlDp46smrT0bOBUoyg0qj4EJmk88FoTinYTadvhV5Kpe-WQPt64HTzrpwuWSbGdfdliZxdRR8L0Zq4Ht_RI3WSVYXND2cHhRjq6hJGAOcb3OPSVT556ZzV0WQAeiumABFUKDQVae9qzXztDLhv0fg888108NjwfshT4AmWuJfhnfdnRUFXpNc_1CKYyngR8aQTzkyxJNlt_wyW; Path=/; Domain=paypal.com; HttpOnly; Secure
                            [1] => cookie_check=yes; Path=/; Domain=paypal.com; Expires=Wed, 04 Sep 2030 15:44:09 GMT; HttpOnly; Secure
                            [2] => navcmd=_notify-validate; Path=/; Domain=paypal.com; HttpOnly; Secure
                            [3] => navlns=0.0; Path=/; Domain=paypal.com; Expires=Tue, 06 Sep 2022 15:44:09 GMT; HttpOnly; Secure
                            [4] => X-PP-SILOVER=name%3DLIVE5.WEB.1%26silo_version%3D880%26app%3Dappdispatcher%26TIME%3D1599407050%26HTTP_X_PP_AZ_LOCATOR%3Ddcg02.phx; Path=/; Domain=paypal.com; Expires=Sun, 06 Sep 2020 16:14:10 GMT; HttpOnly; Secure
                            [5] => ts=vreXpYrS%3D1694015049%26vteXpYrS%3D1599408849%26vr%3D6416c9c31740a4cc1eeb6b6efd8d1b7b%26vt%3D6416c9c31740a4cc1eeb6b6efd8d1b7a%26vtyp%3Dnew; Path=/; Domain=paypal.com; Expires=Wed, 06 Sep 2023 15:44:10 GMT; HttpOnly; Secure
                            [6] => ts_c=vr%3D6416c9c31740a4cc1eeb6b6efd8d1b7b%26vt%3D6416c9c31740a4cc1eeb6b6efd8d1b7a; Path=/; Domain=paypal.com; Expires=Wed, 06 Sep 2023 15:44:10 GMT; Secure
                            [7] => x-cdn=akamai; path=/; domain=.paypal.com; secure
                            [8] => akavpau_ppsd=1599407650~id=ae2fa3c9777673b750658d43e3904c48; Domain=www.paypal.com; Path=/; Secure; SameSite=None
                        )

                    [server-timing] => Array
                        (
                            [0] => edge; dur=1003
                            [1] => origin; dur=1592
                            [2] => cdn-cache; desc=MISS
                        )

                    [strict-transport-security] => max-age=63072000
                )

        )

    [body] => VERIFIED
    [response] => Array
        (
            [code] => 200
            [message] => OK
        )

    [cookies] => Array
        (
            [0] => WP_Http_Cookie Object
                (
                    [name] => cwrClyrK4LoCV1fydGbAxiNL6iG
                    [value] => vZwErt9depwvcmPxDnZVRfOINEq4EwH9Su4uDa8F_B0MJmAw3VPFQZ21mvmoQ7wMnhTl6bcrV4PtJmigX-n865limjHBjceOKU9M3Fq5yZe4yyfZTeACaefXWMUXXevdEtQfSB581yn4NCn63wH0lTim80UQker4qiHToKPtMkJoCj-hpZnGXDvrftax3xOqre9HcmM9dtTTrLDlx9rHEdNxshbZyHtMebogBQd4tKqRuqlDp46smrT0bOBUoyg0qj4EJmk88FoTinYTadvhV5Kpe-WQPt64HTzrpwuWSbGdfdliZxdRR8L0Zq4Ht_RI3WSVYXND2cHhRjq6hJGAOcb3OPSVT556ZzV0WQAeiumABFUKDQVae9qzXztDLhv0fg888108NjwfshT4AmWuJfhnfdnRUFXpNc_1CKYyngR8aQTzkyxJNlt_wyW
                    [expires] => 
                    [path] => /
                    [domain] => paypal.com
                    [host_only] => 
                )

            [1] => WP_Http_Cookie Object
                (
                    [name] => cookie_check
                    [value] => yes
                    [expires] => 1914767049
                    [path] => /
                    [domain] => paypal.com
                    [host_only] => 
                )

            [2] => WP_Http_Cookie Object
                (
                    [name] => navcmd
                    [value] => _notify-validate
                    [expires] => 
                    [path] => /
                    [domain] => paypal.com
                    [host_only] => 
                )

            [3] => WP_Http_Cookie Object
                (
                    [name] => navlns
                    [value] => 0.0
                    [expires] => 1662479049
                    [path] => /
                    [domain] => paypal.com
                    [host_only] => 
                )

            [4] => WP_Http_Cookie Object
                (
                    [name] => X-PP-SILOVER
                    [value] => name=LIVE5.WEB.1&silo_version=880&app=appdispatcher&TIME=1599407050&HTTP_X_PP_AZ_LOCATOR=dcg02.phx
                    [expires] => 1599408850
                    [path] => /
                    [domain] => paypal.com
                    [host_only] => 
                )

            [5] => WP_Http_Cookie Object
                (
                    [name] => ts
                    [value] => vreXpYrS=1694015049&vteXpYrS=1599408849&vr=6416c9c31740a4cc1eeb6b6efd8d1b7b&vt=6416c9c31740a4cc1eeb6b6efd8d1b7a&vtyp=new
                    [expires] => 1694015050
                    [path] => /
                    [domain] => paypal.com
                    [host_only] => 
                )

            [6] => WP_Http_Cookie Object
                (
                    [name] => ts_c
                    [value] => vr=6416c9c31740a4cc1eeb6b6efd8d1b7b&vt=6416c9c31740a4cc1eeb6b6efd8d1b7a
                    [expires] => 1694015050
                    [path] => /
                    [domain] => paypal.com
                    [host_only] => 
                )

            [7] => WP_Http_Cookie Object
                (
                    [name] => x-cdn
                    [value] => akamai
                    [expires] => 
                    [path] => /
                    [domain] => paypal.com
                    [host_only] => 
                )

            [8] => WP_Http_Cookie Object
                (
                    [name] => akavpau_ppsd
                    [value] => 1599407650~id=ae2fa3c9777673b750658d43e3904c48
                    [expires] => 
                    [path] => /
                    [domain] => www.paypal.com
                    [host_only] => 
                )

        )

    [filename] => 
    [http_response] => WP_HTTP_Requests_Response Object
        (
            [response:protected] => Requests_Response Object
                (
                    [body] => VERIFIED
                    [raw] => HTTP/1.1 200 OK
Cache-Control: max-age=0, no-cache, no-store, must-revalidate
Content-Encoding: gzip
Content-Type: text/html; charset=UTF-8
Paypal-Debug-Id: 95c4dc4ae5973
X-Frame-Options: SAMEORIGIN
DC: ccg11-origin-www-2.paypal.com
X-Akamai-Transformed: 9 34 0 pmb=mRUM,1
Date: Sun, 06 Sep 2020 15:44:10 GMT
Content-Length: 28
Connection: close
Vary: Accept-Encoding
Set-Cookie: cwrClyrK4LoCV1fydGbAxiNL6iG=vZwErt9depwvcmPxDnZVRfOINEq4EwH9Su4uDa8F_B0MJmAw3VPFQZ21mvmoQ7wMnhTl6bcrV4PtJmigX-n865limjHBjceOKU9M3Fq5yZe4yyfZTeACaefXWMUXXevdEtQfSB581yn4NCn63wH0lTim80UQker4qiHToKPtMkJoCj-hpZnGXDvrftax3xOqre9HcmM9dtTTrLDlx9rHEdNxshbZyHtMebogBQd4tKqRuqlDp46smrT0bOBUoyg0qj4EJmk88FoTinYTadvhV5Kpe-WQPt64HTzrpwuWSbGdfdliZxdRR8L0Zq4Ht_RI3WSVYXND2cHhRjq6hJGAOcb3OPSVT556ZzV0WQAeiumABFUKDQVae9qzXztDLhv0fg888108NjwfshT4AmWuJfhnfdnRUFXpNc_1CKYyngR8aQTzkyxJNlt_wyW; Path=/; Domain=paypal.com; HttpOnly; Secure
Set-Cookie: cookie_check=yes; Path=/; Domain=paypal.com; Expires=Wed, 04 Sep 2030 15:44:09 GMT; HttpOnly; Secure
Set-Cookie: navcmd=_notify-validate; Path=/; Domain=paypal.com; HttpOnly; Secure
Set-Cookie: navlns=0.0; Path=/; Domain=paypal.com; Expires=Tue, 06 Sep 2022 15:44:09 GMT; HttpOnly; Secure
Set-Cookie: X-PP-SILOVER=name%3DLIVE5.WEB.1%26silo_version%3D880%26app%3Dappdispatcher%26TIME%3D1599407050%26HTTP_X_PP_AZ_LOCATOR%3Ddcg02.phx; Path=/; Domain=paypal.com; Expires=Sun, 06 Sep 2020 16:14:10 GMT; HttpOnly; Secure
Set-Cookie: ts=vreXpYrS%3D1694015049%26vteXpYrS%3D1599408849%26vr%3D6416c9c31740a4cc1eeb6b6efd8d1b7b%26vt%3D6416c9c31740a4cc1eeb6b6efd8d1b7a%26vtyp%3Dnew; Path=/; Domain=paypal.com; Expires=Wed, 06 Sep 2023 15:44:10 GMT; HttpOnly; Secure
Set-Cookie: ts_c=vr%3D6416c9c31740a4cc1eeb6b6efd8d1b7b%26vt%3D6416c9c31740a4cc1eeb6b6efd8d1b7a; Path=/; Domain=paypal.com; Expires=Wed, 06 Sep 2023 15:44:10 GMT; Secure
Set-Cookie: x-cdn=akamai; path=/; domain=.paypal.com; secure
Server-Timing: edge; dur=1003
Server-Timing: origin; dur=1592
Server-Timing: cdn-cache; desc=MISS
Set-Cookie: akavpau_ppsd=1599407650~id=ae2fa3c9777673b750658d43e3904c48; Domain=www.paypal.com; Path=/; Secure; SameSite=None
Strict-Transport-Security: max-age=63072000

VERIFIED
                    [headers] => Requests_Response_Headers Object
                        (
                            [data:protected] => Array
                                (
                                    [cache-control] => Array
                                        (
                                            [0] => max-age=0, no-cache, no-store, must-revalidate
                                        )

                                    [content-encoding] => Array
                                        (
                                            [0] => gzip
                                        )

                                    [content-type] => Array
                                        (
                                            [0] => text/html; charset=UTF-8
                                        )

                                    [paypal-debug-id] => Array
                                        (
                                            [0] => 95c4dc4ae5973
                                        )

                                    [x-frame-options] => Array
                                        (
                                            [0] => SAMEORIGIN
                                        )

                                    [dc] => Array
                                        (
                                            [0] => ccg11-origin-www-2.paypal.com
                                        )

                                    [x-akamai-transformed] => Array
                                        (
                                            [0] => 9 34 0 pmb=mRUM,1
                                        )

                                    [date] => Array
                                        (
                                            [0] => Sun, 06 Sep 2020 15:44:10 GMT
                                        )

                                    [content-length] => Array
                                        (
                                            [0] => 28
                                        )

                                    [vary] => Array
                                        (
                                            [0] => Accept-Encoding
                                        )

                                    [set-cookie] => Array
                                        (
                                            [0] => cwrClyrK4LoCV1fydGbAxiNL6iG=vZwErt9depwvcmPxDnZVRfOINEq4EwH9Su4uDa8F_B0MJmAw3VPFQZ21mvmoQ7wMnhTl6bcrV4PtJmigX-n865limjHBjceOKU9M3Fq5yZe4yyfZTeACaefXWMUXXevdEtQfSB581yn4NCn63wH0lTim80UQker4qiHToKPtMkJoCj-hpZnGXDvrftax3xOqre9HcmM9dtTTrLDlx9rHEdNxshbZyHtMebogBQd4tKqRuqlDp46smrT0bOBUoyg0qj4EJmk88FoTinYTadvhV5Kpe-WQPt64HTzrpwuWSbGdfdliZxdRR8L0Zq4Ht_RI3WSVYXND2cHhRjq6hJGAOcb3OPSVT556ZzV0WQAeiumABFUKDQVae9qzXztDLhv0fg888108NjwfshT4AmWuJfhnfdnRUFXpNc_1CKYyngR8aQTzkyxJNlt_wyW; Path=/; Domain=paypal.com; HttpOnly; Secure
                                            [1] => cookie_check=yes; Path=/; Domain=paypal.com; Expires=Wed, 04 Sep 2030 15:44:09 GMT; HttpOnly; Secure
                                            [2] => navcmd=_notify-validate; Path=/; Domain=paypal.com; HttpOnly; Secure
                                            [3] => navlns=0.0; Path=/; Domain=paypal.com; Expires=Tue, 06 Sep 2022 15:44:09 GMT; HttpOnly; Secure
                                            [4] => X-PP-SILOVER=name%3DLIVE5.WEB.1%26silo_version%3D880%26app%3Dappdispatcher%26TIME%3D1599407050%26HTTP_X_PP_AZ_LOCATOR%3Ddcg02.phx; Path=/; Domain=paypal.com; Expires=Sun, 06 Sep 2020 16:14:10 GMT; HttpOnly; Secure
                                            [5] => ts=vreXpYrS%3D1694015049%26vteXpYrS%3D1599408849%26vr%3D6416c9c31740a4cc1eeb6b6efd8d1b7b%26vt%3D6416c9c31740a4cc1eeb6b6efd8d1b7a%26vtyp%3Dnew; Path=/; Domain=paypal.com; Expires=Wed, 06 Sep 2023 15:44:10 GMT; HttpOnly; Secure
                                            [6] => ts_c=vr%3D6416c9c31740a4cc1eeb6b6efd8d1b7b%26vt%3D6416c9c31740a4cc1eeb6b6efd8d1b7a; Path=/; Domain=paypal.com; Expires=Wed, 06 Sep 2023 15:44:10 GMT; Secure
                                            [7] => x-cdn=akamai; path=/; domain=.paypal.com; secure
                                            [8] => akavpau_ppsd=1599407650~id=ae2fa3c9777673b750658d43e3904c48; Domain=www.paypal.com; Path=/; Secure; SameSite=None
                                        )

                                    [server-timing] => Array
                                        (
                                            [0] => edge; dur=1003
                                            [1] => origin; dur=1592
                                            [2] => cdn-cache; desc=MISS
                                        )

                                    [strict-transport-security] => Array
                                        (
                                            [0] => max-age=63072000
                                        )

                                )

                        )

                    [status_code] => 200
                    [protocol_version] => 1.1
                    [success] => 1
                    [redirects] => 0
                    [url] => https://www.paypal.com/cgi-bin/webscr
                    [history] => Array
                        (
                        )

                    [cookies] => Requests_Cookie_Jar Object
                        (
                            [cookies:protected] => Array
                                (
                                    [cwrClyrK4LoCV1fydGbAxiNL6iG] => Requests_Cookie Object
                                        (
                                            [name] => cwrClyrK4LoCV1fydGbAxiNL6iG
                                            [value] => vZwErt9depwvcmPxDnZVRfOINEq4EwH9Su4uDa8F_B0MJmAw3VPFQZ21mvmoQ7wMnhTl6bcrV4PtJmigX-n865limjHBjceOKU9M3Fq5yZe4yyfZTeACaefXWMUXXevdEtQfSB581yn4NCn63wH0lTim80UQker4qiHToKPtMkJoCj-hpZnGXDvrftax3xOqre9HcmM9dtTTrLDlx9rHEdNxshbZyHtMebogBQd4tKqRuqlDp46smrT0bOBUoyg0qj4EJmk88FoTinYTadvhV5Kpe-WQPt64HTzrpwuWSbGdfdliZxdRR8L0Zq4Ht_RI3WSVYXND2cHhRjq6hJGAOcb3OPSVT556ZzV0WQAeiumABFUKDQVae9qzXztDLhv0fg888108NjwfshT4AmWuJfhnfdnRUFXpNc_1CKYyngR8aQTzkyxJNlt_wyW
                                            [attributes] => Requests_Utility_CaseInsensitiveDictionary Object
                                                (
                                                    [data:protected] => Array
                                                        (
                                                            [path] => /
                                                            [domain] => paypal.com
                                                            [httponly] => 1
                                                            [secure] => 1
                                                        )

                                                )

                                            [flags] => Array
                                                (
                                                    [creation] => 1599407050
                                                    [last-access] => 1599407050
                                                    [persistent] => 
                                                    [host-only] => 
                                                )

                                            [reference_time] => 1599407050
                                        )

                                    [cookie_check] => Requests_Cookie Object
                                        (
                                            [name] => cookie_check
                                            [value] => yes
                                            [attributes] => Requests_Utility_CaseInsensitiveDictionary Object
                                                (
                                                    [data:protected] => Array
                                                        (
                                                            [path] => /
                                                            [domain] => paypal.com
                                                            [expires] => 1914767049
                                                            [httponly] => 1
                                                            [secure] => 1
                                                        )

                                                )

                                            [flags] => Array
                                                (
                                                    [creation] => 1599407050
                                                    [last-access] => 1599407050
                                                    [persistent] => 
                                                    [host-only] => 
                                                )

                                            [reference_time] => 1599407050
                                        )

                                    [navcmd] => Requests_Cookie Object
                                        (
                                            [name] => navcmd
                                            [value] => _notify-validate
                                            [attributes] => Requests_Utility_CaseInsensitiveDictionary Object
                                                (
                                                    [data:protected] => Array
                                                        (
                                                            [path] => /
                                                            [domain] => paypal.com
                                                            [httponly] => 1
                                                            [secure] => 1
                                                        )

                                                )

                                            [flags] => Array
                                                (
                                                    [creation] => 1599407050
                                                    [last-access] => 1599407050
                                                    [persistent] => 
                                                    [host-only] => 
                                                )

                                            [reference_time] => 1599407050
                                        )

                                    [navlns] => Requests_Cookie Object
                                        (
                                            [name] => navlns
                                            [value] => 0.0
                                            [attributes] => Requests_Utility_CaseInsensitiveDictionary Object
                                                (
                                                    [data:protected] => Array
                                                        (
                                                            [path] => /
                                                            [domain] => paypal.com
                                                            [expires] => 1662479049
                                                            [httponly] => 1
                                                            [secure] => 1
                                                        )

                                                )

                                            [flags] => Array
                                                (
                                                    [creation] => 1599407050
                                                    [last-access] => 1599407050
                                                    [persistent] => 
                                                    [host-only] => 
                                                )

                                            [reference_time] => 1599407050
                                        )

                                    [X-PP-SILOVER] => Requests_Cookie Object
                                        (
                                            [name] => X-PP-SILOVER
                                            [value] => name%3DLIVE5.WEB.1%26silo_version%3D880%26app%3Dappdispatcher%26TIME%3D1599407050%26HTTP_X_PP_AZ_LOCATOR%3Ddcg02.phx
                                            [attributes] => Requests_Utility_CaseInsensitiveDictionary Object
                                                (
                                                    [data:protected] => Array
                                                        (
                                                            [path] => /
                                                            [domain] => paypal.com
                                                            [expires] => 1599408850
                                                            [httponly] => 1
                                                            [secure] => 1
                                                        )

                                                )

                                            [flags] => Array
                                                (
                                                    [creation] => 1599407050
                                                    [last-access] => 1599407050
                                                    [persistent] => 
                                                    [host-only] => 
                                                )

                                            [reference_time] => 1599407050
                                        )

                                    [ts] => Requests_Cookie Object
                                        (
                                            [name] => ts
                                            [value] => vreXpYrS%3D1694015049%26vteXpYrS%3D1599408849%26vr%3D6416c9c31740a4cc1eeb6b6efd8d1b7b%26vt%3D6416c9c31740a4cc1eeb6b6efd8d1b7a%26vtyp%3Dnew
                                            [attributes] => Requests_Utility_CaseInsensitiveDictionary Object
                                                (
                                                    [data:protected] => Array
                                                        (
                                                            [path] => /
                                                            [domain] => paypal.com
                                                            [expires] => 1694015050
                                                            [httponly] => 1
                                                            [secure] => 1
                                                        )

                                                )

                                            [flags] => Array
                                                (
                                                    [creation] => 1599407050
                                                    [last-access] => 1599407050
                                                    [persistent] => 
                                                    [host-only] => 
                                                )

                                            [reference_time] => 1599407050
                                        )

                                    [ts_c] => Requests_Cookie Object
                                        (
                                            [name] => ts_c
                                            [value] => vr%3D6416c9c31740a4cc1eeb6b6efd8d1b7b%26vt%3D6416c9c31740a4cc1eeb6b6efd8d1b7a
                                            [attributes] => Requests_Utility_CaseInsensitiveDictionary Object
                                                (
                                                    [data:protected] => Array
                                                        (
                                                            [path] => /
                                                            [domain] => paypal.com
                                                            [expires] => 1694015050
                                                            [secure] => 1
                                                        )

                                                )

                                            [flags] => Array
                                                (
                                                    [creation] => 1599407050
                                                    [last-access] => 1599407050
                                                    [persistent] => 
                                                    [host-only] => 
                                                )

                                            [reference_time] => 1599407050
                                        )

                                    [x-cdn] => Requests_Cookie Object
                                        (
                                            [name] => x-cdn
                                            [value] => akamai
                                            [attributes] => Requests_Utility_CaseInsensitiveDictionary Object
                                                (
                                                    [data:protected] => Array
                                                        (
                                                            [path] => /
                                                            [domain] => paypal.com
                                                            [secure] => 1
                                                        )

                                                )

                                            [flags] => Array
                                                (
                                                    [creation] => 1599407050
                                                    [last-access] => 1599407050
                                                    [persistent] => 
                                                    [host-only] => 
                                                )

                                            [reference_time] => 1599407050
                                        )

                                    [akavpau_ppsd] => Requests_Cookie Object
                                        (
                                            [name] => akavpau_ppsd
                                            [value] => 1599407650~id=ae2fa3c9777673b750658d43e3904c48
                                            [attributes] => Requests_Utility_CaseInsensitiveDictionary Object
                                                (
                                                    [data:protected] => Array
                                                        (
                                                            [domain] => www.paypal.com
                                                            [path] => /
                                                            [secure] => 1
                                                            [samesite] => None
                                                        )

                                                )

                                            [flags] => Array
                                                (
                                                    [creation] => 1599407050
                                                    [last-access] => 1599407050
                                                    [persistent] => 
                                                    [host-only] => 
                                                )

                                            [reference_time] => 1599407050
                                        )

                                )

                        )

                )

            [filename:protected] => 
            [data] => 
            [headers] => 
            [status] => 
        )

)

2020-09-06T15:44:10+00:00 INFO Received valid response from PayPal IPN
2020-09-06T15:44:10+00:00 ERROR Order Keys do not match.
