2020-11-03T13:49:20+00:00 INFO Generating payment form for order 172892. Notify URL: https://www.seoulperlife.com/wc-api/WC_Gateway_Paypal/
2020-11-03T13:49:20+00:00 INFO PayPal Request Args for order 172892: Array
(
    [cmd] => _cart
    [business] => hedihedi@ddpac.co.kr
    [no_note] => 1
    [currency_code] => JPY
    [charset] => utf-8
    [rm] => 2
    [upload] => 1
    [return] => https://www.seoulperlife.com/checkout/order-received/172892/?key=wc_order_UaXaTFqm2GchU&utm_nooverride=1
    [cancel_return] => https://www.seoulperlife.com/cart/?cancel_order=true&order=wc_order_UaXaTFqm2GchU&order_id=172892&redirect&_wpnonce=96dadfa837
    [page_style] => 
    [image_url] => 
    [paymentaction] => sale
    [invoice] => SL-172892
    [custom] => {"order_id":172892,"order_key":"wc_order_UaXaTFqm2GchU"}
    [notify_url] => https://www.seoulperlife.com/wc-api/WC_Gateway_Paypal/
    [first_name] => ***
    [last_name] => ***
    [address1] => ***
    [address2] => ***
    [city] => ***
    [state] => ***
    [zip] => ***
    [country] => ***
    [email] => ***@***
    [night_phone_a] => ***
    [night_phone_b] => ***
    [address_override] => 0
    [no_shipping] => 0
    [item_name_1] => 【ドクタージャルト】 Dr.Jart+ シェイクショットラバーマスク PURPLEカップクールSootingShot 50g x 2, 【ドクタージャルト】 Dr.Jart+ シェイクショットラバーマスク GREENカップブライトニング Lumin...
    [quantity_1] => 1
    [amount_1] => 4560
    [item_number_1] => 172892
    [bn] => WooThemes_Cart
)

2020-11-03T13:49:52+00:00 INFO Checking IPN response is valid
2020-11-03T13:49:54+00:00 INFO IPN Response: Array
(
    [headers] => Requests_Utility_CaseInsensitiveDictionary Object
        (
            [data:protected] => Array
                (
                    [content-length] => 34
                    [cache-control] => max-age=0, no-cache, no-store, must-revalidate
                    [content-encoding] => gzip
                    [content-type] => text/html; charset=UTF-8
                    [paypal-debug-id] => 808df199c3a72
                    [set-cookie] => Array
                        (
                            [0] => cwrClyrK4LoCV1fydGbAxiNL6iG=Iya3EpJNOpZ7X7NLYJNZXKRd16l3-qE5pZpw8n21GM_SZrwtYqeUq_Ii6ZTtvi-D4LN3yd5v-fcKrQ86IItgYbvWby3V_QbhI-ZB6u1KNzrFPrU4x_JWOu5PIMgwQZQTEC2MLSjRiCwnzaYOcdBdnpkDu9YH69JWZc5g2wlmgKd8VcUkbi7VM79RHGrLsDe7afjdwKSVjXmcuvBrYqZRd3Y4wfWVwAWzpsSu0O7Q9OgkZvtb-2fdK7bQ_Xzm2wcOlqtbMvgt6fSUwZfTC0dtYvxuNw2xfZ5e8iqEQzLN_13lGqMi1PsokGCaXNLrZrAgS0EO32FVdb8mqWNMD8XpwGzf1wduyoa8E3rrTYZGbzlHykTrwfJbXtifRDMCzZbCYwT4Stbbf-uGhInUtleZvfcBqgSjWIgBkFWtNBTJNjBOGEq7zeovnPrtFoG; domain=.paypal.com; path=/; Secure; HttpOnly
                            [1] => cookie_check=yes; expires=Fri, 01-Nov-2030 13:49:53 GMT; domain=.paypal.com; path=/; Secure; HttpOnly
                            [2] => navcmd=_notify-validate; domain=.paypal.com; path=/; Secure; HttpOnly
                            [3] => navlns=0.0; expires=Thu, 03-Nov-2022 13:49:53 GMT; domain=.paypal.com; path=/; Secure; HttpOnly
                            [4] => l7_az=dcg02.phx; Path=/; Domain=paypal.com; Expires=Tue, 03 Nov 2020 14:19:54 GMT; HttpOnly; Secure
                            [5] => ts=vreXpYrS%3D1699015792%26vteXpYrS%3D1604413192%26vr%3D8e5f03901750ad0057c25e1aff279e16%26vt%3D8e5f03901750ad0057c25e1aff279e15%26vtyp%3Dnew; Path=/; Domain=paypal.com; Expires=Fri, 03 Nov 2023 13:49:54 GMT; HttpOnly; Secure
                            [6] => ts_c=vr%3D8e5f03901750ad0057c25e1aff279e16%26vt%3D8e5f03901750ad0057c25e1aff279e15; Path=/; Domain=paypal.com; Expires=Fri, 03 Nov 2023 13:49:54 GMT; Secure
                            [7] => x-cdn=fastly:ITM; Domain=paypal.com; Path=/; Secure
                        )

                    [x-frame-options] => SAMEORIGIN
                    [dc] => ccg11-origin-www-1.paypal.com
                    [accept-ranges] => bytes
                    [via] => 1.1 varnish, 1.1 varnish
                    [date] => Tue, 03 Nov 2020 13:49:54 GMT
                    [strict-transport-security] => max-age=63072000; includeSubDomains; preload
                    [x-served-by] => cache-sin18022-SIN, cache-itm18840-ITM
                    [x-cache] => MISS, MISS
                    [x-cache-hits] => 0, 0
                    [x-timer] => S1604411393.565028,VS0,VE1653
                    [vary] => Accept-Encoding
                )

        )

    [body] => VERIFIED
    [response] => Array
        (
            [code] => 200
            [message] => OK
        )

    [cookies] => Array
        (
            [0] => WP_Http_Cookie Object
                (
                    [name] => cwrClyrK4LoCV1fydGbAxiNL6iG
                    [value] => Iya3EpJNOpZ7X7NLYJNZXKRd16l3-qE5pZpw8n21GM_SZrwtYqeUq_Ii6ZTtvi-D4LN3yd5v-fcKrQ86IItgYbvWby3V_QbhI-ZB6u1KNzrFPrU4x_JWOu5PIMgwQZQTEC2MLSjRiCwnzaYOcdBdnpkDu9YH69JWZc5g2wlmgKd8VcUkbi7VM79RHGrLsDe7afjdwKSVjXmcuvBrYqZRd3Y4wfWVwAWzpsSu0O7Q9OgkZvtb-2fdK7bQ_Xzm2wcOlqtbMvgt6fSUwZfTC0dtYvxuNw2xfZ5e8iqEQzLN_13lGqMi1PsokGCaXNLrZrAgS0EO32FVdb8mqWNMD8XpwGzf1wduyoa8E3rrTYZGbzlHykTrwfJbXtifRDMCzZbCYwT4Stbbf-uGhInUtleZvfcBqgSjWIgBkFWtNBTJNjBOGEq7zeovnPrtFoG
                    [expires] => 
                    [path] => /
                    [domain] => paypal.com
                    [host_only] => 
                )

            [1] => WP_Http_Cookie Object
                (
                    [name] => cookie_check
                    [value] => yes
                    [expires] => 1919771393
                    [path] => /
                    [domain] => paypal.com
                    [host_only] => 
                )

            [2] => WP_Http_Cookie Object
                (
                    [name] => navcmd
                    [value] => _notify-validate
                    [expires] => 
                    [path] => /
                    [domain] => paypal.com
                    [host_only] => 
                )

            [3] => WP_Http_Cookie Object
                (
                    [name] => navlns
                    [value] => 0.0
                    [expires] => 1667483393
                    [path] => /
                    [domain] => paypal.com
                    [host_only] => 
                )

            [4] => WP_Http_Cookie Object
                (
                    [name] => l7_az
                    [value] => dcg02.phx
                    [expires] => 1604413194
                    [path] => /
                    [domain] => paypal.com
                    [host_only] => 
                )

            [5] => WP_Http_Cookie Object
                (
                    [name] => ts
                    [value] => vreXpYrS=1699015792&vteXpYrS=1604413192&vr=8e5f03901750ad0057c25e1aff279e16&vt=8e5f03901750ad0057c25e1aff279e15&vtyp=new
                    [expires] => 1699019394
                    [path] => /
                    [domain] => paypal.com
                    [host_only] => 
                )

            [6] => WP_Http_Cookie Object
                (
                    [name] => ts_c
                    [value] => vr=8e5f03901750ad0057c25e1aff279e16&vt=8e5f03901750ad0057c25e1aff279e15
                    [expires] => 1699019394
                    [path] => /
                    [domain] => paypal.com
                    [host_only] => 
                )

            [7] => WP_Http_Cookie Object
                (
                    [name] => x-cdn
                    [value] => fastly:ITM
                    [expires] => 
                    [path] => /
                    [domain] => paypal.com
                    [host_only] => 
                )

        )

    [filename] => 
    [http_response] => WP_HTTP_Requests_Response Object
        (
            [response:protected] => Requests_Response Object
                (
                    [body] => VERIFIED
                    [raw] => HTTP/1.1 200 OK
Connection: close
Content-Length: 34
Cache-Control: max-age=0, no-cache, no-store, must-revalidate
Content-Encoding: gzip
Content-Type: text/html; charset=UTF-8
Paypal-Debug-Id: 808df199c3a72
Set-Cookie: cwrClyrK4LoCV1fydGbAxiNL6iG=Iya3EpJNOpZ7X7NLYJNZXKRd16l3-qE5pZpw8n21GM_SZrwtYqeUq_Ii6ZTtvi-D4LN3yd5v-fcKrQ86IItgYbvWby3V_QbhI-ZB6u1KNzrFPrU4x_JWOu5PIMgwQZQTEC2MLSjRiCwnzaYOcdBdnpkDu9YH69JWZc5g2wlmgKd8VcUkbi7VM79RHGrLsDe7afjdwKSVjXmcuvBrYqZRd3Y4wfWVwAWzpsSu0O7Q9OgkZvtb-2fdK7bQ_Xzm2wcOlqtbMvgt6fSUwZfTC0dtYvxuNw2xfZ5e8iqEQzLN_13lGqMi1PsokGCaXNLrZrAgS0EO32FVdb8mqWNMD8XpwGzf1wduyoa8E3rrTYZGbzlHykTrwfJbXtifRDMCzZbCYwT4Stbbf-uGhInUtleZvfcBqgSjWIgBkFWtNBTJNjBOGEq7zeovnPrtFoG; domain=.paypal.com; path=/; Secure; HttpOnly
Set-Cookie: cookie_check=yes; expires=Fri, 01-Nov-2030 13:49:53 GMT; domain=.paypal.com; path=/; Secure; HttpOnly
Set-Cookie: navcmd=_notify-validate; domain=.paypal.com; path=/; Secure; HttpOnly
Set-Cookie: navlns=0.0; expires=Thu, 03-Nov-2022 13:49:53 GMT; domain=.paypal.com; path=/; Secure; HttpOnly
Set-Cookie: l7_az=dcg02.phx; Path=/; Domain=paypal.com; Expires=Tue, 03 Nov 2020 14:19:54 GMT; HttpOnly; Secure
Set-Cookie: ts=vreXpYrS%3D1699015792%26vteXpYrS%3D1604413192%26vr%3D8e5f03901750ad0057c25e1aff279e16%26vt%3D8e5f03901750ad0057c25e1aff279e15%26vtyp%3Dnew; Path=/; Domain=paypal.com; Expires=Fri, 03 Nov 2023 13:49:54 GMT; HttpOnly; Secure
Set-Cookie: ts_c=vr%3D8e5f03901750ad0057c25e1aff279e16%26vt%3D8e5f03901750ad0057c25e1aff279e15; Path=/; Domain=paypal.com; Expires=Fri, 03 Nov 2023 13:49:54 GMT; Secure
X-Frame-Options: SAMEORIGIN
DC: ccg11-origin-www-1.paypal.com
Accept-Ranges: bytes
Via: 1.1 varnish, 1.1 varnish
Date: Tue, 03 Nov 2020 13:49:54 GMT
Strict-Transport-Security: max-age=63072000; includeSubDomains; preload
X-Served-By: cache-sin18022-SIN, cache-itm18840-ITM
X-Cache: MISS, MISS
X-Cache-Hits: 0, 0
X-Timer: S1604411393.565028,VS0,VE1653
Vary: Accept-Encoding
Set-Cookie: x-cdn=fastly:ITM; Domain=paypal.com; Path=/; Secure

VERIFIED
                    [headers] => Requests_Response_Headers Object
                        (
                            [data:protected] => Array
                                (
                                    [content-length] => Array
                                        (
                                            [0] => 34
                                        )

                                    [cache-control] => Array
                                        (
                                            [0] => max-age=0, no-cache, no-store, must-revalidate
                                        )

                                    [content-encoding] => Array
                                        (
                                            [0] => gzip
                                        )

                                    [content-type] => Array
                                        (
                                            [0] => text/html; charset=UTF-8
                                        )

                                    [paypal-debug-id] => Array
                                        (
                                            [0] => 808df199c3a72
                                        )

                                    [set-cookie] => Array
                                        (
                                            [0] => cwrClyrK4LoCV1fydGbAxiNL6iG=Iya3EpJNOpZ7X7NLYJNZXKRd16l3-qE5pZpw8n21GM_SZrwtYqeUq_Ii6ZTtvi-D4LN3yd5v-fcKrQ86IItgYbvWby3V_QbhI-ZB6u1KNzrFPrU4x_JWOu5PIMgwQZQTEC2MLSjRiCwnzaYOcdBdnpkDu9YH69JWZc5g2wlmgKd8VcUkbi7VM79RHGrLsDe7afjdwKSVjXmcuvBrYqZRd3Y4wfWVwAWzpsSu0O7Q9OgkZvtb-2fdK7bQ_Xzm2wcOlqtbMvgt6fSUwZfTC0dtYvxuNw2xfZ5e8iqEQzLN_13lGqMi1PsokGCaXNLrZrAgS0EO32FVdb8mqWNMD8XpwGzf1wduyoa8E3rrTYZGbzlHykTrwfJbXtifRDMCzZbCYwT4Stbbf-uGhInUtleZvfcBqgSjWIgBkFWtNBTJNjBOGEq7zeovnPrtFoG; domain=.paypal.com; path=/; Secure; HttpOnly
                                            [1] => cookie_check=yes; expires=Fri, 01-Nov-2030 13:49:53 GMT; domain=.paypal.com; path=/; Secure; HttpOnly
                                            [2] => navcmd=_notify-validate; domain=.paypal.com; path=/; Secure; HttpOnly
                                            [3] => navlns=0.0; expires=Thu, 03-Nov-2022 13:49:53 GMT; domain=.paypal.com; path=/; Secure; HttpOnly
                                            [4] => l7_az=dcg02.phx; Path=/; Domain=paypal.com; Expires=Tue, 03 Nov 2020 14:19:54 GMT; HttpOnly; Secure
                                            [5] => ts=vreXpYrS%3D1699015792%26vteXpYrS%3D1604413192%26vr%3D8e5f03901750ad0057c25e1aff279e16%26vt%3D8e5f03901750ad0057c25e1aff279e15%26vtyp%3Dnew; Path=/; Domain=paypal.com; Expires=Fri, 03 Nov 2023 13:49:54 GMT; HttpOnly; Secure
                                            [6] => ts_c=vr%3D8e5f03901750ad0057c25e1aff279e16%26vt%3D8e5f03901750ad0057c25e1aff279e15; Path=/; Domain=paypal.com; Expires=Fri, 03 Nov 2023 13:49:54 GMT; Secure
                                            [7] => x-cdn=fastly:ITM; Domain=paypal.com; Path=/; Secure
                                        )

                                    [x-frame-options] => Array
                                        (
                                            [0] => SAMEORIGIN
                                        )

                                    [dc] => Array
                                        (
                                            [0] => ccg11-origin-www-1.paypal.com
                                        )

                                    [accept-ranges] => Array
                                        (
                                            [0] => bytes
                                        )

                                    [via] => Array
                                        (
                                            [0] => 1.1 varnish, 1.1 varnish
                                        )

                                    [date] => Array
                                        (
                                            [0] => Tue, 03 Nov 2020 13:49:54 GMT
                                        )

                                    [strict-transport-security] => Array
                                        (
                                            [0] => max-age=63072000; includeSubDomains; preload
                                        )

                                    [x-served-by] => Array
                                        (
                                            [0] => cache-sin18022-SIN, cache-itm18840-ITM
                                        )

                                    [x-cache] => Array
                                        (
                                            [0] => MISS, MISS
                                        )

                                    [x-cache-hits] => Array
                                        (
                                            [0] => 0, 0
                                        )

                                    [x-timer] => Array
                                        (
                                            [0] => S1604411393.565028,VS0,VE1653
                                        )

                                    [vary] => Array
                                        (
                                            [0] => Accept-Encoding
                                        )

                                )

                        )

                    [status_code] => 200
                    [protocol_version] => 1.1
                    [success] => 1
                    [redirects] => 0
                    [url] => https://www.paypal.com/cgi-bin/webscr
                    [history] => Array
                        (
                        )

                    [cookies] => Requests_Cookie_Jar Object
                        (
                            [cookies:protected] => Array
                                (
                                    [cwrClyrK4LoCV1fydGbAxiNL6iG] => Requests_Cookie Object
                                        (
                                            [name] => cwrClyrK4LoCV1fydGbAxiNL6iG
                                            [value] => Iya3EpJNOpZ7X7NLYJNZXKRd16l3-qE5pZpw8n21GM_SZrwtYqeUq_Ii6ZTtvi-D4LN3yd5v-fcKrQ86IItgYbvWby3V_QbhI-ZB6u1KNzrFPrU4x_JWOu5PIMgwQZQTEC2MLSjRiCwnzaYOcdBdnpkDu9YH69JWZc5g2wlmgKd8VcUkbi7VM79RHGrLsDe7afjdwKSVjXmcuvBrYqZRd3Y4wfWVwAWzpsSu0O7Q9OgkZvtb-2fdK7bQ_Xzm2wcOlqtbMvgt6fSUwZfTC0dtYvxuNw2xfZ5e8iqEQzLN_13lGqMi1PsokGCaXNLrZrAgS0EO32FVdb8mqWNMD8XpwGzf1wduyoa8E3rrTYZGbzlHykTrwfJbXtifRDMCzZbCYwT4Stbbf-uGhInUtleZvfcBqgSjWIgBkFWtNBTJNjBOGEq7zeovnPrtFoG
                                            [attributes] => Requests_Utility_CaseInsensitiveDictionary Object
                                                (
                                                    [data:protected] => Array
                                                        (
                                                            [domain] => paypal.com
                                                            [path] => /
                                                            [secure] => 1
                                                            [httponly] => 1
                                                        )

                                                )

                                            [flags] => Array
                                                (
                                                    [creation] => 1604411394
                                                    [last-access] => 1604411394
                                                    [persistent] => 
                                                    [host-only] => 
                                                )

                                            [reference_time] => 1604411394
                                        )

                                    [cookie_check] => Requests_Cookie Object
                                        (
                                            [name] => cookie_check
                                            [value] => yes
                                            [attributes] => Requests_Utility_CaseInsensitiveDictionary Object
                                                (
                                                    [data:protected] => Array
                                                        (
                                                            [expires] => 1919771393
                                                            [domain] => paypal.com
                                                            [path] => /
                                                            [secure] => 1
                                                            [httponly] => 1
                                                        )

                                                )

                                            [flags] => Array
                                                (
                                                    [creation] => 1604411394
                                                    [last-access] => 1604411394
                                                    [persistent] => 
                                                    [host-only] => 
                                                )

                                            [reference_time] => 1604411394
                                        )

                                    [navcmd] => Requests_Cookie Object
                                        (
                                            [name] => navcmd
                                            [value] => _notify-validate
                                            [attributes] => Requests_Utility_CaseInsensitiveDictionary Object
                                                (
                                                    [data:protected] => Array
                                                        (
                                                            [domain] => paypal.com
                                                            [path] => /
                                                            [secure] => 1
                                                            [httponly] => 1
                                                        )

                                                )

                                            [flags] => Array
                                                (
                                                    [creation] => 1604411394
                                                    [last-access] => 1604411394
                                                    [persistent] => 
                                                    [host-only] => 
                                                )

                                            [reference_time] => 1604411394
                                        )

                                    [navlns] => Requests_Cookie Object
                                        (
                                            [name] => navlns
                                            [value] => 0.0
                                            [attributes] => Requests_Utility_CaseInsensitiveDictionary Object
                                                (
                                                    [data:protected] => Array
                                                        (
                                                            [expires] => 1667483393
                                                            [domain] => paypal.com
                                                            [path] => /
                                                            [secure] => 1
                                                            [httponly] => 1
                                                        )

                                                )

                                            [flags] => Array
                                                (
                                                    [creation] => 1604411394
                                                    [last-access] => 1604411394
                                                    [persistent] => 
                                                    [host-only] => 
                                                )

                                            [reference_time] => 1604411394
                                        )

                                    [l7_az] => Requests_Cookie Object
                                        (
                                            [name] => l7_az
                                            [value] => dcg02.phx
                                            [attributes] => Requests_Utility_CaseInsensitiveDictionary Object
                                                (
                                                    [data:protected] => Array
                                                        (
                                                            [path] => /
                                                            [domain] => paypal.com
                                                            [expires] => 1604413194
                                                            [httponly] => 1
                                                            [secure] => 1
                                                        )

                                                )

                                            [flags] => Array
                                                (
                                                    [creation] => 1604411394
                                                    [last-access] => 1604411394
                                                    [persistent] => 
                                                    [host-only] => 
                                                )

                                            [reference_time] => 1604411394
                                        )

                                    [ts] => Requests_Cookie Object
                                        (
                                            [name] => ts
                                            [value] => vreXpYrS%3D1699015792%26vteXpYrS%3D1604413192%26vr%3D8e5f03901750ad0057c25e1aff279e16%26vt%3D8e5f03901750ad0057c25e1aff279e15%26vtyp%3Dnew
                                            [attributes] => Requests_Utility_CaseInsensitiveDictionary Object
                                                (
                                                    [data:protected] => Array
                                                        (
                                                            [path] => /
                                                            [domain] => paypal.com
                                                            [expires] => 1699019394
                                                            [httponly] => 1
                                                            [secure] => 1
                                                        )

                                                )

                                            [flags] => Array
                                                (
                                                    [creation] => 1604411394
                                                    [last-access] => 1604411394
                                                    [persistent] => 
                                                    [host-only] => 
                                                )

                                            [reference_time] => 1604411394
                                        )

                                    [ts_c] => Requests_Cookie Object
                                        (
                                            [name] => ts_c
                                            [value] => vr%3D8e5f03901750ad0057c25e1aff279e16%26vt%3D8e5f03901750ad0057c25e1aff279e15
                                            [attributes] => Requests_Utility_CaseInsensitiveDictionary Object
                                                (
                                                    [data:protected] => Array
                                                        (
                                                            [path] => /
                                                            [domain] => paypal.com
                                                            [expires] => 1699019394
                                                            [secure] => 1
                                                        )

                                                )

                                            [flags] => Array
                                                (
                                                    [creation] => 1604411394
                                                    [last-access] => 1604411394
                                                    [persistent] => 
                                                    [host-only] => 
                                                )

                                            [reference_time] => 1604411394
                                        )

                                    [x-cdn] => Requests_Cookie Object
                                        (
                                            [name] => x-cdn
                                            [value] => fastly:ITM
                                            [attributes] => Requests_Utility_CaseInsensitiveDictionary Object
                                                (
                                                    [data:protected] => Array
                                                        (
                                                            [domain] => paypal.com
                                                            [path] => /
                                                            [secure] => 1
                                                        )

                                                )

                                            [flags] => Array
                                                (
                                                    [creation] => 1604411394
                                                    [last-access] => 1604411394
                                                    [persistent] => 
                                                    [host-only] => 
                                                )

                                            [reference_time] => 1604411394
                                        )

                                )

                        )

                )

            [filename:protected] => 
            [data] => 
            [headers] => 
            [status] => 
        )

)

2020-11-03T13:49:54+00:00 INFO Received valid response from PayPal IPN
2020-11-03T13:49:54+00:00 INFO Found order #172892
2020-11-03T13:49:54+00:00 INFO Payment status: completed
2020-11-03T13:49:55+00:00 INFO Received invalid response from PayPal PDT
2020-11-03T14:44:43+00:00 INFO Generating payment form for order 172894. Notify URL: https://www.seoulperlife.com/wc-api/WC_Gateway_Paypal/
2020-11-03T14:44:43+00:00 INFO PayPal Request Args for order 172894: Array
(
    [cmd] => _cart
    [business] => hedihedi@ddpac.co.kr
    [no_note] => 1
    [currency_code] => JPY
    [charset] => utf-8
    [rm] => 2
    [upload] => 1
    [return] => https://www.seoulperlife.com/checkout/order-received/172894/?key=wc_order_K9Mv9VgrnVOoQ&utm_nooverride=1
    [cancel_return] => https://www.seoulperlife.com/cart/?cancel_order=true&order=wc_order_K9Mv9VgrnVOoQ&order_id=172894&redirect&_wpnonce=94b81e491f
    [page_style] => 
    [image_url] => 
    [paymentaction] => sale
    [invoice] => SL-172894
    [custom] => {"order_id":172894,"order_key":"wc_order_K9Mv9VgrnVOoQ"}
    [notify_url] => https://www.seoulperlife.com/wc-api/WC_Gateway_Paypal/
    [first_name] => ***
    [last_name] => ***
    [address1] => ***
    [address2] => ***
    [city] => ***
    [state] => ***
    [zip] => ***
    [country] => ***
    [email] => ***@***
    [night_phone_a] => ***
    [night_phone_b] => ***
    [address_override] => 0
    [no_shipping] => 0
    [item_name_1] => 【ドクタージャルト】 Dr.Jart+ シカペアクリーム 2世代  50ml - シカペアクリーム-1個 (1) 選択: シカペアクリーム 1個) x 1, 【CNP ラボラトリー 】CNP Laboratory プロポリス エネルギー アンプル3...
    [quantity_1] => 1
    [amount_1] => 11770
    [item_number_1] => 172894
    [bn] => WooThemes_Cart
)

2020-11-03T14:45:23+00:00 INFO Checking IPN response is valid
2020-11-03T14:45:25+00:00 INFO IPN Response: Array
(
    [headers] => Requests_Utility_CaseInsensitiveDictionary Object
        (
            [data:protected] => Array
                (
                    [content-length] => 34
                    [cache-control] => max-age=0, no-cache, no-store, must-revalidate
                    [content-encoding] => gzip
                    [content-type] => text/html; charset=UTF-8
                    [paypal-debug-id] => f1405e47d1231
                    [set-cookie] => Array
                        (
                            [0] => cwrClyrK4LoCV1fydGbAxiNL6iG=fxfO-ZwS2YZrQttuXenH9GjwfcuEtDdp-duL-i_Rt9LmzDlpkR_eh-AL30xHodrKYkO3J6O9gBXKipr_T-tX7TjGteGcBr2SKQh5szG-gEj03gKG4-04P0hMTJ3eYWASZAPHcWG92gE3RmcYtHVjUt_C2iZhErl1WY2IA0rqcgJQZcnElzQq6TW7JTSqMS60AZTMvNBEpII0TTD31jzm8Bm3g6IejYNoF0Z7rxuGNb5hiZkki0iASFKGFdu3WB2rqIWazg1Gy_51oTR27fQOpyI6pCn2J9TlyhLUolT-TDygABF0d3sCNAqajUXCMqACKV_eHzJIj-JHj7Sx1I88elTGTma4YhjATB1aa_xVkBGjrtM0rtoFy8961KoZ8pYyn_KKvMA4I3OetuUEPqJXM67SA0lcLTn-l_HBOC5o1cazS3jZgQTZqQKD1yO; domain=.paypal.com; path=/; Secure; HttpOnly
                            [1] => cookie_check=yes; expires=Fri, 01-Nov-2030 14:45:24 GMT; domain=.paypal.com; path=/; Secure; HttpOnly
                            [2] => navcmd=_notify-validate; domain=.paypal.com; path=/; Secure; HttpOnly
                            [3] => navlns=0.0; expires=Thu, 03-Nov-2022 14:45:24 GMT; domain=.paypal.com; path=/; Secure; HttpOnly
                            [4] => l7_az=dcg01.phx; Path=/; Domain=paypal.com; Expires=Tue, 03 Nov 2020 15:15:24 GMT; HttpOnly; Secure
                            [5] => ts=vreXpYrS%3D1699019123%26vteXpYrS%3D1604416523%26vr%3D8e91d6ff1750a495bacf9a1ff9db7413%26vt%3D8e91d6ff1750a495bacf9a1ff9db7412%26vtyp%3Dnew; Path=/; Domain=paypal.com; Expires=Fri, 03 Nov 2023 14:45:24 GMT; HttpOnly; Secure
                            [6] => ts_c=vr%3D8e91d6ff1750a495bacf9a1ff9db7413%26vt%3D8e91d6ff1750a495bacf9a1ff9db7412; Path=/; Domain=paypal.com; Expires=Fri, 03 Nov 2023 14:45:24 GMT; Secure
                            [7] => x-cdn=fastly:TYO; Domain=paypal.com; Path=/; Secure
                        )

                    [x-frame-options] => SAMEORIGIN
                    [dc] => phx-origin-www-3.paypal.com
                    [accept-ranges] => bytes
                    [via] => 1.1 varnish, 1.1 varnish
                    [date] => Tue, 03 Nov 2020 14:45:25 GMT
                    [strict-transport-security] => max-age=63072000; includeSubDomains; preload
                    [x-served-by] => cache-sin18021-SIN, cache-tyo19926-TYO
                    [x-cache] => MISS, MISS
                    [x-cache-hits] => 0, 0
                    [x-timer] => S1604414724.628993,VS0,VE1476
                    [vary] => Accept-Encoding
                )

        )

    [body] => VERIFIED
    [response] => Array
        (
            [code] => 200
            [message] => OK
        )

    [cookies] => Array
        (
            [0] => WP_Http_Cookie Object
                (
                    [name] => cwrClyrK4LoCV1fydGbAxiNL6iG
                    [value] => fxfO-ZwS2YZrQttuXenH9GjwfcuEtDdp-duL-i_Rt9LmzDlpkR_eh-AL30xHodrKYkO3J6O9gBXKipr_T-tX7TjGteGcBr2SKQh5szG-gEj03gKG4-04P0hMTJ3eYWASZAPHcWG92gE3RmcYtHVjUt_C2iZhErl1WY2IA0rqcgJQZcnElzQq6TW7JTSqMS60AZTMvNBEpII0TTD31jzm8Bm3g6IejYNoF0Z7rxuGNb5hiZkki0iASFKGFdu3WB2rqIWazg1Gy_51oTR27fQOpyI6pCn2J9TlyhLUolT-TDygABF0d3sCNAqajUXCMqACKV_eHzJIj-JHj7Sx1I88elTGTma4YhjATB1aa_xVkBGjrtM0rtoFy8961KoZ8pYyn_KKvMA4I3OetuUEPqJXM67SA0lcLTn-l_HBOC5o1cazS3jZgQTZqQKD1yO
                    [expires] => 
                    [path] => /
                    [domain] => paypal.com
                    [host_only] => 
                )

            [1] => WP_Http_Cookie Object
                (
                    [name] => cookie_check
                    [value] => yes
                    [expires] => 1919774724
                    [path] => /
                    [domain] => paypal.com
                    [host_only] => 
                )

            [2] => WP_Http_Cookie Object
                (
                    [name] => navcmd
                    [value] => _notify-validate
                    [expires] => 
                    [path] => /
                    [domain] => paypal.com
                    [host_only] => 
                )

            [3] => WP_Http_Cookie Object
                (
                    [name] => navlns
                    [value] => 0.0
                    [expires] => 1667486724
                    [path] => /
                    [domain] => paypal.com
                    [host_only] => 
                )

            [4] => WP_Http_Cookie Object
                (
                    [name] => l7_az
                    [value] => dcg01.phx
                    [expires] => 1604416524
                    [path] => /
                    [domain] => paypal.com
                    [host_only] => 
                )

            [5] => WP_Http_Cookie Object
                (
                    [name] => ts
                    [value] => vreXpYrS=1699019123&vteXpYrS=1604416523&vr=8e91d6ff1750a495bacf9a1ff9db7413&vt=8e91d6ff1750a495bacf9a1ff9db7412&vtyp=new
                    [expires] => 1699022724
                    [path] => /
                    [domain] => paypal.com
                    [host_only] => 
                )

            [6] => WP_Http_Cookie Object
                (
                    [name] => ts_c
                    [value] => vr=8e91d6ff1750a495bacf9a1ff9db7413&vt=8e91d6ff1750a495bacf9a1ff9db7412
                    [expires] => 1699022724
                    [path] => /
                    [domain] => paypal.com
                    [host_only] => 
                )

            [7] => WP_Http_Cookie Object
                (
                    [name] => x-cdn
                    [value] => fastly:TYO
                    [expires] => 
                    [path] => /
                    [domain] => paypal.com
                    [host_only] => 
                )

        )

    [filename] => 
    [http_response] => WP_HTTP_Requests_Response Object
        (
            [response:protected] => Requests_Response Object
                (
                    [body] => VERIFIED
                    [raw] => HTTP/1.1 200 OK
Connection: close
Content-Length: 34
Cache-Control: max-age=0, no-cache, no-store, must-revalidate
Content-Encoding: gzip
Content-Type: text/html; charset=UTF-8
Paypal-Debug-Id: f1405e47d1231
Set-Cookie: cwrClyrK4LoCV1fydGbAxiNL6iG=fxfO-ZwS2YZrQttuXenH9GjwfcuEtDdp-duL-i_Rt9LmzDlpkR_eh-AL30xHodrKYkO3J6O9gBXKipr_T-tX7TjGteGcBr2SKQh5szG-gEj03gKG4-04P0hMTJ3eYWASZAPHcWG92gE3RmcYtHVjUt_C2iZhErl1WY2IA0rqcgJQZcnElzQq6TW7JTSqMS60AZTMvNBEpII0TTD31jzm8Bm3g6IejYNoF0Z7rxuGNb5hiZkki0iASFKGFdu3WB2rqIWazg1Gy_51oTR27fQOpyI6pCn2J9TlyhLUolT-TDygABF0d3sCNAqajUXCMqACKV_eHzJIj-JHj7Sx1I88elTGTma4YhjATB1aa_xVkBGjrtM0rtoFy8961KoZ8pYyn_KKvMA4I3OetuUEPqJXM67SA0lcLTn-l_HBOC5o1cazS3jZgQTZqQKD1yO; domain=.paypal.com; path=/; Secure; HttpOnly
Set-Cookie: cookie_check=yes; expires=Fri, 01-Nov-2030 14:45:24 GMT; domain=.paypal.com; path=/; Secure; HttpOnly
Set-Cookie: navcmd=_notify-validate; domain=.paypal.com; path=/; Secure; HttpOnly
Set-Cookie: navlns=0.0; expires=Thu, 03-Nov-2022 14:45:24 GMT; domain=.paypal.com; path=/; Secure; HttpOnly
Set-Cookie: l7_az=dcg01.phx; Path=/; Domain=paypal.com; Expires=Tue, 03 Nov 2020 15:15:24 GMT; HttpOnly; Secure
Set-Cookie: ts=vreXpYrS%3D1699019123%26vteXpYrS%3D1604416523%26vr%3D8e91d6ff1750a495bacf9a1ff9db7413%26vt%3D8e91d6ff1750a495bacf9a1ff9db7412%26vtyp%3Dnew; Path=/; Domain=paypal.com; Expires=Fri, 03 Nov 2023 14:45:24 GMT; HttpOnly; Secure
Set-Cookie: ts_c=vr%3D8e91d6ff1750a495bacf9a1ff9db7413%26vt%3D8e91d6ff1750a495bacf9a1ff9db7412; Path=/; Domain=paypal.com; Expires=Fri, 03 Nov 2023 14:45:24 GMT; Secure
X-Frame-Options: SAMEORIGIN
DC: phx-origin-www-3.paypal.com
Accept-Ranges: bytes
Via: 1.1 varnish, 1.1 varnish
Date: Tue, 03 Nov 2020 14:45:25 GMT
Strict-Transport-Security: max-age=63072000; includeSubDomains; preload
X-Served-By: cache-sin18021-SIN, cache-tyo19926-TYO
X-Cache: MISS, MISS
X-Cache-Hits: 0, 0
X-Timer: S1604414724.628993,VS0,VE1476
Vary: Accept-Encoding
Set-Cookie: x-cdn=fastly:TYO; Domain=paypal.com; Path=/; Secure

VERIFIED
                    [headers] => Requests_Response_Headers Object
                        (
                            [data:protected] => Array
                                (
                                    [content-length] => Array
                                        (
                                            [0] => 34
                                        )

                                    [cache-control] => Array
                                        (
                                            [0] => max-age=0, no-cache, no-store, must-revalidate
                                        )

                                    [content-encoding] => Array
                                        (
                                            [0] => gzip
                                        )

                                    [content-type] => Array
                                        (
                                            [0] => text/html; charset=UTF-8
                                        )

                                    [paypal-debug-id] => Array
                                        (
                                            [0] => f1405e47d1231
                                        )

                                    [set-cookie] => Array
                                        (
                                            [0] => cwrClyrK4LoCV1fydGbAxiNL6iG=fxfO-ZwS2YZrQttuXenH9GjwfcuEtDdp-duL-i_Rt9LmzDlpkR_eh-AL30xHodrKYkO3J6O9gBXKipr_T-tX7TjGteGcBr2SKQh5szG-gEj03gKG4-04P0hMTJ3eYWASZAPHcWG92gE3RmcYtHVjUt_C2iZhErl1WY2IA0rqcgJQZcnElzQq6TW7JTSqMS60AZTMvNBEpII0TTD31jzm8Bm3g6IejYNoF0Z7rxuGNb5hiZkki0iASFKGFdu3WB2rqIWazg1Gy_51oTR27fQOpyI6pCn2J9TlyhLUolT-TDygABF0d3sCNAqajUXCMqACKV_eHzJIj-JHj7Sx1I88elTGTma4YhjATB1aa_xVkBGjrtM0rtoFy8961KoZ8pYyn_KKvMA4I3OetuUEPqJXM67SA0lcLTn-l_HBOC5o1cazS3jZgQTZqQKD1yO; domain=.paypal.com; path=/; Secure; HttpOnly
                                            [1] => cookie_check=yes; expires=Fri, 01-Nov-2030 14:45:24 GMT; domain=.paypal.com; path=/; Secure; HttpOnly
                                            [2] => navcmd=_notify-validate; domain=.paypal.com; path=/; Secure; HttpOnly
                                            [3] => navlns=0.0; expires=Thu, 03-Nov-2022 14:45:24 GMT; domain=.paypal.com; path=/; Secure; HttpOnly
                                            [4] => l7_az=dcg01.phx; Path=/; Domain=paypal.com; Expires=Tue, 03 Nov 2020 15:15:24 GMT; HttpOnly; Secure
                                            [5] => ts=vreXpYrS%3D1699019123%26vteXpYrS%3D1604416523%26vr%3D8e91d6ff1750a495bacf9a1ff9db7413%26vt%3D8e91d6ff1750a495bacf9a1ff9db7412%26vtyp%3Dnew; Path=/; Domain=paypal.com; Expires=Fri, 03 Nov 2023 14:45:24 GMT; HttpOnly; Secure
                                            [6] => ts_c=vr%3D8e91d6ff1750a495bacf9a1ff9db7413%26vt%3D8e91d6ff1750a495bacf9a1ff9db7412; Path=/; Domain=paypal.com; Expires=Fri, 03 Nov 2023 14:45:24 GMT; Secure
                                            [7] => x-cdn=fastly:TYO; Domain=paypal.com; Path=/; Secure
                                        )

                                    [x-frame-options] => Array
                                        (
                                            [0] => SAMEORIGIN
                                        )

                                    [dc] => Array
                                        (
                                            [0] => phx-origin-www-3.paypal.com
                                        )

                                    [accept-ranges] => Array
                                        (
                                            [0] => bytes
                                        )

                                    [via] => Array
                                        (
                                            [0] => 1.1 varnish, 1.1 varnish
                                        )

                                    [date] => Array
                                        (
                                            [0] => Tue, 03 Nov 2020 14:45:25 GMT
                                        )

                                    [strict-transport-security] => Array
                                        (
                                            [0] => max-age=63072000; includeSubDomains; preload
                                        )

                                    [x-served-by] => Array
                                        (
                                            [0] => cache-sin18021-SIN, cache-tyo19926-TYO
                                        )

                                    [x-cache] => Array
                                        (
                                            [0] => MISS, MISS
                                        )

                                    [x-cache-hits] => Array
                                        (
                                            [0] => 0, 0
                                        )

                                    [x-timer] => Array
                                        (
                                            [0] => S1604414724.628993,VS0,VE1476
                                        )

                                    [vary] => Array
                                        (
                                            [0] => Accept-Encoding
                                        )

                                )

                        )

                    [status_code] => 200
                    [protocol_version] => 1.1
                    [success] => 1
                    [redirects] => 0
                    [url] => https://www.paypal.com/cgi-bin/webscr
                    [history] => Array
                        (
                        )

                    [cookies] => Requests_Cookie_Jar Object
                        (
                            [cookies:protected] => Array
                                (
                                    [cwrClyrK4LoCV1fydGbAxiNL6iG] => Requests_Cookie Object
                                        (
                                            [name] => cwrClyrK4LoCV1fydGbAxiNL6iG
                                            [value] => fxfO-ZwS2YZrQttuXenH9GjwfcuEtDdp-duL-i_Rt9LmzDlpkR_eh-AL30xHodrKYkO3J6O9gBXKipr_T-tX7TjGteGcBr2SKQh5szG-gEj03gKG4-04P0hMTJ3eYWASZAPHcWG92gE3RmcYtHVjUt_C2iZhErl1WY2IA0rqcgJQZcnElzQq6TW7JTSqMS60AZTMvNBEpII0TTD31jzm8Bm3g6IejYNoF0Z7rxuGNb5hiZkki0iASFKGFdu3WB2rqIWazg1Gy_51oTR27fQOpyI6pCn2J9TlyhLUolT-TDygABF0d3sCNAqajUXCMqACKV_eHzJIj-JHj7Sx1I88elTGTma4YhjATB1aa_xVkBGjrtM0rtoFy8961KoZ8pYyn_KKvMA4I3OetuUEPqJXM67SA0lcLTn-l_HBOC5o1cazS3jZgQTZqQKD1yO
                                            [attributes] => Requests_Utility_CaseInsensitiveDictionary Object
                                                (
                                                    [data:protected] => Array
                                                        (
                                                            [domain] => paypal.com
                                                            [path] => /
                                                            [secure] => 1
                                                            [httponly] => 1
                                                        )

                                                )

                                            [flags] => Array
                                                (
                                                    [creation] => 1604414725
                                                    [last-access] => 1604414725
                                                    [persistent] => 
                                                    [host-only] => 
                                                )

                                            [reference_time] => 1604414725
                                        )

                                    [cookie_check] => Requests_Cookie Object
                                        (
                                            [name] => cookie_check
                                            [value] => yes
                                            [attributes] => Requests_Utility_CaseInsensitiveDictionary Object
                                                (
                                                    [data:protected] => Array
                                                        (
                                                            [expires] => 1919774724
                                                            [domain] => paypal.com
                                                            [path] => /
                                                            [secure] => 1
                                                            [httponly] => 1
                                                        )

                                                )

                                            [flags] => Array
                                                (
                                                    [creation] => 1604414725
                                                    [last-access] => 1604414725
                                                    [persistent] => 
                                                    [host-only] => 
                                                )

                                            [reference_time] => 1604414725
                                        )

                                    [navcmd] => Requests_Cookie Object
                                        (
                                            [name] => navcmd
                                            [value] => _notify-validate
                                            [attributes] => Requests_Utility_CaseInsensitiveDictionary Object
                                                (
                                                    [data:protected] => Array
                                                        (
                                                            [domain] => paypal.com
                                                            [path] => /
                                                            [secure] => 1
                                                            [httponly] => 1
                                                        )

                                                )

                                            [flags] => Array
                                                (
                                                    [creation] => 1604414725
                                                    [last-access] => 1604414725
                                                    [persistent] => 
                                                    [host-only] => 
                                                )

                                            [reference_time] => 1604414725
                                        )

                                    [navlns] => Requests_Cookie Object
                                        (
                                            [name] => navlns
                                            [value] => 0.0
                                            [attributes] => Requests_Utility_CaseInsensitiveDictionary Object
                                                (
                                                    [data:protected] => Array
                                                        (
                                                            [expires] => 1667486724
                                                            [domain] => paypal.com
                                                            [path] => /
                                                            [secure] => 1
                                                            [httponly] => 1
                                                        )

                                                )

                                            [flags] => Array
                                                (
                                                    [creation] => 1604414725
                                                    [last-access] => 1604414725
                                                    [persistent] => 
                                                    [host-only] => 
                                                )

                                            [reference_time] => 1604414725
                                        )

                                    [l7_az] => Requests_Cookie Object
                                        (
                                            [name] => l7_az
                                            [value] => dcg01.phx
                                            [attributes] => Requests_Utility_CaseInsensitiveDictionary Object
                                                (
                                                    [data:protected] => Array
                                                        (
                                                            [path] => /
                                                            [domain] => paypal.com
                                                            [expires] => 1604416524
                                                            [httponly] => 1
                                                            [secure] => 1
                                                        )

                                                )

                                            [flags] => Array
                                                (
                                                    [creation] => 1604414725
                                                    [last-access] => 1604414725
                                                    [persistent] => 
                                                    [host-only] => 
                                                )

                                            [reference_time] => 1604414725
                                        )

                                    [ts] => Requests_Cookie Object
                                        (
                                            [name] => ts
                                            [value] => vreXpYrS%3D1699019123%26vteXpYrS%3D1604416523%26vr%3D8e91d6ff1750a495bacf9a1ff9db7413%26vt%3D8e91d6ff1750a495bacf9a1ff9db7412%26vtyp%3Dnew
                                            [attributes] => Requests_Utility_CaseInsensitiveDictionary Object
                                                (
                                                    [data:protected] => Array
                                                        (
                                                            [path] => /
                                                            [domain] => paypal.com
                                                            [expires] => 1699022724
                                                            [httponly] => 1
                                                            [secure] => 1
                                                        )

                                                )

                                            [flags] => Array
                                                (
                                                    [creation] => 1604414725
                                                    [last-access] => 1604414725
                                                    [persistent] => 
                                                    [host-only] => 
                                                )

                                            [reference_time] => 1604414725
                                        )

                                    [ts_c] => Requests_Cookie Object
                                        (
                                            [name] => ts_c
                                            [value] => vr%3D8e91d6ff1750a495bacf9a1ff9db7413%26vt%3D8e91d6ff1750a495bacf9a1ff9db7412
                                            [attributes] => Requests_Utility_CaseInsensitiveDictionary Object
                                                (
                                                    [data:protected] => Array
                                                        (
                                                            [path] => /
                                                            [domain] => paypal.com
                                                            [expires] => 1699022724
                                                            [secure] => 1
                                                        )

                                                )

                                            [flags] => Array
                                                (
                                                    [creation] => 1604414725
                                                    [last-access] => 1604414725
                                                    [persistent] => 
                                                    [host-only] => 
                                                )

                                            [reference_time] => 1604414725
                                        )

                                    [x-cdn] => Requests_Cookie Object
                                        (
                                            [name] => x-cdn
                                            [value] => fastly:TYO
                                            [attributes] => Requests_Utility_CaseInsensitiveDictionary Object
                                                (
                                                    [data:protected] => Array
                                                        (
                                                            [domain] => paypal.com
                                                            [path] => /
                                                            [secure] => 1
                                                        )

                                                )

                                            [flags] => Array
                                                (
                                                    [creation] => 1604414725
                                                    [last-access] => 1604414725
                                                    [persistent] => 
                                                    [host-only] => 
                                                )

                                            [reference_time] => 1604414725
                                        )

                                )

                        )

                )

            [filename:protected] => 
            [data] => 
            [headers] => 
            [status] => 
        )

)

2020-11-03T14:45:25+00:00 INFO Received valid response from PayPal IPN
2020-11-03T14:45:25+00:00 INFO Found order #172894
2020-11-03T14:45:25+00:00 INFO Payment status: completed
2020-11-03T14:45:27+00:00 INFO Received invalid response from PayPal PDT
2020-11-03T15:30:33+00:00 INFO Generating payment form for order 172895. Notify URL: https://www.seoulperlife.com/wc-api/WC_Gateway_Paypal/
2020-11-03T15:30:33+00:00 INFO PayPal Request Args for order 172895: Array
(
    [cmd] => _cart
    [business] => hedihedi@ddpac.co.kr
    [no_note] => 1
    [currency_code] => JPY
    [charset] => utf-8
    [rm] => 2
    [upload] => 1
    [return] => https://www.seoulperlife.com/checkout/order-received/172895/?key=wc_order_89WgApAUMjfb2&utm_nooverride=1
    [cancel_return] => https://www.seoulperlife.com/cart/?cancel_order=true&order=wc_order_89WgApAUMjfb2&order_id=172895&redirect&_wpnonce=681c8890b0
    [page_style] => 
    [image_url] => 
    [paymentaction] => sale
    [invoice] => SL-172895
    [custom] => {"order_id":172895,"order_key":"wc_order_89WgApAUMjfb2"}
    [notify_url] => https://www.seoulperlife.com/wc-api/WC_Gateway_Paypal/
    [first_name] => ***
    [last_name] => ***
    [address1] => ***
    [address2] => ***
    [city] => ***
    [state] => ***
    [zip] => ***
    [country] => ***
    [email] => ***@***
    [night_phone_a] => ***
    [night_phone_b] => ***
    [address_override] => 0
    [no_shipping] => 0
    [item_name_1] => 【ラ ロッシュ ポゼ】LA ROCHE POSAY UVイデアXL トーンアップ ライト30ml x 1, 【ドクタージャルト】 Dr.Jart+ シカペアクリーム 2世代  50ml - シカペアクリーム-1個 (1) 選択: シカペアクリーム ...
    [quantity_1] => 1
    [amount_1] => 6662
    [item_number_1] => 172895
    [bn] => WooThemes_Cart
)

