08-29-2020 @ 13:28:00 - WC_Gateway_PPEC_IPS_Handler::maybe_received_credentials: returned back from IPS flow with parameters: Array
(
    [page] => wc-settings
    [tab] => checkout
    [section] => ppec_paypal
    [env] => live
    [wc_ppec_ips_admin_nonce] => 3c4d4d47b2
    [merchantId] => 358a4688d344bbd1c1eca79a7e631fbb
    [merchantPayerId] => XAMCABWTDPDSS
    [error] => true
    [error_message] => Response from PayPal does not contain an api_credentials property
)

08-29-2020 @ 13:28:00 - WC_Gateway_PPEC_IPS_Handler::maybe_received_credentials: returned back from IPS flow with error: Response from PayPal does not contain an api_credentials property
08-29-2020 @ 13:29:35 - WC_Gateway_PPEC_Client::_request: remote request to https://api-3t.paypal.com/nvp with params: Array
(
    [METHOD] => GetPalDetails
    [VERSION] => 120.0
    [USER] => hedihedi_api1.ddpac.co.kr
    [PWD] => US95Z4MBWB6BU78Y
    [SIGNATURE] => C44D9270C86BFE55525E5B936350C2BC
)

08-29-2020 @ 13:29:35 - WC_Gateway_PPEC_Client::_process_response: acknowleged response body: Array
(
    [TIMESTAMP] => 2020-08-29T13:29:35Z
    [CORRELATIONID] => a793aab0e77f9
    [ACK] => Failure
    [VERSION] => 120.0
    [BUILD] => 54686869
    [L_ERRORCODE0] => 10002
    [L_SHORTMESSAGE0] => Security error
    [L_LONGMESSAGE0] => Security header is not valid
    [L_SEVERITYCODE0] => Error
)

08-29-2020 @ 13:31:00 - WC_Gateway_PPEC_Client::_request: remote request to https://api.paypal.com/nvp with params: Array
(
    [METHOD] => GetPalDetails
    [VERSION] => 120.0
    [USER] => hedihedi_api1.ddpac.co.kr
    [PWD] => US95Z4MBWB6BU78Y
)

08-29-2020 @ 13:31:00 - WC_Gateway_PPEC_Client::_process_response: acknowleged response body: Array
(
    [PAL] => XAMCABWTDPDSS
    [LOCALE] => ko_KR
    [TIMESTAMP] => 2020-08-29T13:31:00Z
    [CORRELATIONID] => 705418417a686
    [ACK] => Success
    [VERSION] => 120.0
    [BUILD] => 54686869
)

08-29-2020 @ 13:31:28 - WC_Gateway_PPEC_Client::_request: remote request to https://api.paypal.com/nvp with params: Array
(
    [METHOD] => GetPalDetails
    [VERSION] => 120.0
    [USER] => hedihedi_api1.ddpac.co.kr
    [PWD] => US95Z4MBWB6BU78Y
)

08-29-2020 @ 13:31:29 - WC_Gateway_PPEC_Client::_process_response: acknowleged response body: Array
(
    [PAL] => XAMCABWTDPDSS
    [LOCALE] => ko_KR
    [TIMESTAMP] => 2020-08-29T13:31:28Z
    [CORRELATIONID] => 1c19c0cbe204d
    [ACK] => Success
    [VERSION] => 120.0
    [BUILD] => 54686869
)

